[0.034s] Invoking command in '/home/nvidia/ros2_usb2can_motor_controller/build/motor_interfaces': CMAKE_PREFIX_PATH=${CMAKE_PREFIX_PATH}:/opt/ros/foxy /usr/bin/cmake --build /home/nvidia/ros2_usb2can_motor_controller/build/motor_interfaces -- -j12 -l12
[0.105s] [  2%] Built target motor_interfaces__cpp
[0.105s] [ 12%] Built target motor_interfaces__rosidl_generator_c
[0.138s] [ 55%] Built target motor_interfaces__rosidl_typesupport_introspection_cpp
[0.138s] [ 55%] Built target motor_interfaces__rosidl_typesupport_introspection_c
[0.138s] [ 55%] Built target motor_interfaces__rosidl_typesupport_cpp
[0.138s] [ 55%] Built target motor_interfaces__rosidl_typesupport_c
[0.141s] [ 65%] Built target motor_interfaces__rosidl_typesupport_fastrtps_cpp
[0.180s] [ 76%] Built target motor_interfaces__rosidl_typesupport_fastrtps_c
[0.213s] [ 76%] Built target motor_interfaces
[0.247s] [ 78%] Built target motor_interfaces__py
[0.292s] [ 87%] Built target motor_interfaces__python
[0.334s] [ 95%] Built target motor_interfaces__rosidl_typesupport_introspection_c__pyext
[0.334s] [ 95%] Built target motor_interfaces__rosidl_typesupport_c__pyext
[0.335s] [100%] Built target motor_interfaces__rosidl_typesupport_fastrtps_c__pyext
[0.355s] Invoked command in '/home/nvidia/ros2_usb2can_motor_controller/build/motor_interfaces' returned '0': CMAKE_PREFIX_PATH=${CMAKE_PREFIX_PATH}:/opt/ros/foxy /usr/bin/cmake --build /home/nvidia/ros2_usb2can_motor_controller/build/motor_interfaces -- -j12 -l12
[0.360s] Invoking command in '/home/nvidia/ros2_usb2can_motor_controller/build/motor_interfaces': CMAKE_PREFIX_PATH=${CMAKE_PREFIX_PATH}:/opt/ros/foxy /usr/bin/cmake --install /home/nvidia/ros2_usb2can_motor_controller/build/motor_interfaces
[0.378s] -- Install configuration: ""
[0.378s] -- Up-to-date: /home/nvidia/ros2_usb2can_motor_controller/install/motor_interfaces/share/ament_index/resource_index/rosidl_interfaces/motor_interfaces
[0.379s] -- Up-to-date: /home/nvidia/ros2_usb2can_motor_controller/install/motor_interfaces/include/motor_interfaces
[0.379s] -- Up-to-date: /home/nvidia/ros2_usb2can_motor_controller/install/motor_interfaces/include/motor_interfaces/msg
[0.379s] -- Up-to-date: /home/nvidia/ros2_usb2can_motor_controller/install/motor_interfaces/include/motor_interfaces/msg/rosidl_generator_c__visibility_control.h
[0.379s] -- Up-to-date: /home/nvidia/ros2_usb2can_motor_controller/install/motor_interfaces/include/motor_interfaces/msg/motor_control.h
[0.379s] -- Up-to-date: /home/nvidia/ros2_usb2can_motor_controller/install/motor_interfaces/include/motor_interfaces/msg/detail
[0.380s] -- Up-to-date: /home/nvidia/ros2_usb2can_motor_controller/install/motor_interfaces/include/motor_interfaces/msg/detail/motor_command__struct.h
[0.380s] -- Up-to-date: /home/nvidia/ros2_usb2can_motor_controller/install/motor_interfaces/include/motor_interfaces/msg/detail/motor_control__functions.c
[0.380s] -- Up-to-date: /home/nvidia/ros2_usb2can_motor_controller/install/motor_interfaces/include/motor_interfaces/msg/detail/motor_control__functions.h
[0.380s] -- Up-to-date: /home/nvidia/ros2_usb2can_motor_controller/install/motor_interfaces/include/motor_interfaces/msg/detail/motor_command__type_support.h
[0.380s] -- Up-to-date: /home/nvidia/ros2_usb2can_motor_controller/install/motor_interfaces/include/motor_interfaces/msg/detail/motor_status__functions.c
[0.380s] -- Up-to-date: /home/nvidia/ros2_usb2can_motor_controller/install/motor_interfaces/include/motor_interfaces/msg/detail/motor_command__functions.c
[0.380s] -- Up-to-date: /home/nvidia/ros2_usb2can_motor_controller/install/motor_interfaces/include/motor_interfaces/msg/detail/motor_control__type_support.h
[0.380s] -- Up-to-date: /home/nvidia/ros2_usb2can_motor_controller/install/motor_interfaces/include/motor_interfaces/msg/detail/motor_status__functions.h
[0.380s] -- Up-to-date: /home/nvidia/ros2_usb2can_motor_controller/install/motor_interfaces/include/motor_interfaces/msg/detail/motor_command__functions.h
[0.381s] -- Up-to-date: /home/nvidia/ros2_usb2can_motor_controller/install/motor_interfaces/include/motor_interfaces/msg/detail/motor_status__struct.h
[0.381s] -- Up-to-date: /home/nvidia/ros2_usb2can_motor_controller/install/motor_interfaces/include/motor_interfaces/msg/detail/motor_control__struct.h
[0.381s] -- Up-to-date: /home/nvidia/ros2_usb2can_motor_controller/install/motor_interfaces/include/motor_interfaces/msg/detail/motor_status__type_support.h
[0.381s] -- Up-to-date: /home/nvidia/ros2_usb2can_motor_controller/install/motor_interfaces/include/motor_interfaces/msg/motor_status.h
[0.381s] -- Up-to-date: /home/nvidia/ros2_usb2can_motor_controller/install/motor_interfaces/include/motor_interfaces/msg/motor_command.h
[0.381s] -- Up-to-date: /home/nvidia/ros2_usb2can_motor_controller/install/motor_interfaces/share/motor_interfaces/environment/library_path.sh
[0.381s] -- Up-to-date: /home/nvidia/ros2_usb2can_motor_controller/install/motor_interfaces/share/motor_interfaces/environment/library_path.dsv
[0.381s] -- Up-to-date: /home/nvidia/ros2_usb2can_motor_controller/install/motor_interfaces/lib/libmotor_interfaces__rosidl_generator_c.so
[0.381s] -- Up-to-date: /home/nvidia/ros2_usb2can_motor_controller/install/motor_interfaces/include/motor_interfaces
[0.382s] -- Up-to-date: /home/nvidia/ros2_usb2can_motor_controller/install/motor_interfaces/include/motor_interfaces/msg
[0.382s] -- Up-to-date: /home/nvidia/ros2_usb2can_motor_controller/install/motor_interfaces/include/motor_interfaces/msg/detail
[0.382s] -- Up-to-date: /home/nvidia/ros2_usb2can_motor_controller/install/motor_interfaces/include/motor_interfaces/msg/detail/motor_control__rosidl_typesupport_fastrtps_c.h
[0.382s] -- Up-to-date: /home/nvidia/ros2_usb2can_motor_controller/install/motor_interfaces/include/motor_interfaces/msg/detail/motor_command__rosidl_typesupport_fastrtps_c.h
[0.382s] -- Up-to-date: /home/nvidia/ros2_usb2can_motor_controller/install/motor_interfaces/include/motor_interfaces/msg/detail/motor_status__rosidl_typesupport_fastrtps_c.h
[0.382s] -- Up-to-date: /home/nvidia/ros2_usb2can_motor_controller/install/motor_interfaces/include/motor_interfaces/msg/rosidl_typesupport_fastrtps_c__visibility_control.h
[0.383s] -- Up-to-date: /home/nvidia/ros2_usb2can_motor_controller/install/motor_interfaces/lib/libmotor_interfaces__rosidl_typesupport_fastrtps_c.so
[0.383s] -- Up-to-date: /home/nvidia/ros2_usb2can_motor_controller/install/motor_interfaces/include/motor_interfaces
[0.383s] -- Up-to-date: /home/nvidia/ros2_usb2can_motor_controller/install/motor_interfaces/include/motor_interfaces/msg
[0.383s] -- Up-to-date: /home/nvidia/ros2_usb2can_motor_controller/install/motor_interfaces/include/motor_interfaces/msg/detail
[0.383s] -- Up-to-date: /home/nvidia/ros2_usb2can_motor_controller/install/motor_interfaces/include/motor_interfaces/msg/detail/motor_command__rosidl_typesupport_fastrtps_cpp.hpp
[0.383s] -- Up-to-date: /home/nvidia/ros2_usb2can_motor_controller/install/motor_interfaces/include/motor_interfaces/msg/detail/motor_control__rosidl_typesupport_fastrtps_cpp.hpp
[0.383s] -- Up-to-date: /home/nvidia/ros2_usb2can_motor_controller/install/motor_interfaces/include/motor_interfaces/msg/detail/dds_fastrtps
[0.383s] -- Up-to-date: /home/nvidia/ros2_usb2can_motor_controller/install/motor_interfaces/include/motor_interfaces/msg/detail/motor_status__rosidl_typesupport_fastrtps_cpp.hpp
[0.384s] -- Up-to-date: /home/nvidia/ros2_usb2can_motor_controller/install/motor_interfaces/include/motor_interfaces/msg/rosidl_typesupport_fastrtps_cpp__visibility_control.h
[0.384s] -- Up-to-date: /home/nvidia/ros2_usb2can_motor_controller/install/motor_interfaces/lib/libmotor_interfaces__rosidl_typesupport_fastrtps_cpp.so
[0.384s] -- Up-to-date: /home/nvidia/ros2_usb2can_motor_controller/install/motor_interfaces/include/motor_interfaces
[0.384s] -- Up-to-date: /home/nvidia/ros2_usb2can_motor_controller/install/motor_interfaces/include/motor_interfaces/msg
[0.384s] -- Up-to-date: /home/nvidia/ros2_usb2can_motor_controller/install/motor_interfaces/include/motor_interfaces/msg/detail
[0.384s] -- Up-to-date: /home/nvidia/ros2_usb2can_motor_controller/install/motor_interfaces/include/motor_interfaces/msg/detail/motor_control__type_support.c
[0.384s] -- Up-to-date: /home/nvidia/ros2_usb2can_motor_controller/install/motor_interfaces/include/motor_interfaces/msg/detail/motor_status__rosidl_typesupport_introspection_c.h
[0.384s] -- Up-to-date: /home/nvidia/ros2_usb2can_motor_controller/install/motor_interfaces/include/motor_interfaces/msg/detail/motor_status__type_support.c
[0.384s] -- Up-to-date: /home/nvidia/ros2_usb2can_motor_controller/install/motor_interfaces/include/motor_interfaces/msg/detail/motor_control__rosidl_typesupport_introspection_c.h
[0.385s] -- Up-to-date: /home/nvidia/ros2_usb2can_motor_controller/install/motor_interfaces/include/motor_interfaces/msg/detail/motor_command__rosidl_typesupport_introspection_c.h
[0.385s] -- Up-to-date: /home/nvidia/ros2_usb2can_motor_controller/install/motor_interfaces/include/motor_interfaces/msg/detail/motor_command__type_support.c
[0.385s] -- Up-to-date: /home/nvidia/ros2_usb2can_motor_controller/install/motor_interfaces/include/motor_interfaces/msg/rosidl_typesupport_introspection_c__visibility_control.h
[0.385s] -- Up-to-date: /home/nvidia/ros2_usb2can_motor_controller/install/motor_interfaces/lib/libmotor_interfaces__rosidl_typesupport_introspection_c.so
[0.385s] -- Up-to-date: /home/nvidia/ros2_usb2can_motor_controller/install/motor_interfaces/lib/libmotor_interfaces__rosidl_typesupport_c.so
[0.385s] -- Up-to-date: /home/nvidia/ros2_usb2can_motor_controller/install/motor_interfaces/include/motor_interfaces
[0.385s] -- Up-to-date: /home/nvidia/ros2_usb2can_motor_controller/install/motor_interfaces/include/motor_interfaces/msg
[0.386s] -- Up-to-date: /home/nvidia/ros2_usb2can_motor_controller/install/motor_interfaces/include/motor_interfaces/msg/motor_control.hpp
[0.386s] -- Up-to-date: /home/nvidia/ros2_usb2can_motor_controller/install/motor_interfaces/include/motor_interfaces/msg/motor_command.hpp
[0.386s] -- Up-to-date: /home/nvidia/ros2_usb2can_motor_controller/install/motor_interfaces/include/motor_interfaces/msg/rosidl_generator_cpp__visibility_control.hpp
[0.386s] -- Up-to-date: /home/nvidia/ros2_usb2can_motor_controller/install/motor_interfaces/include/motor_interfaces/msg/detail
[0.386s] -- Up-to-date: /home/nvidia/ros2_usb2can_motor_controller/install/motor_interfaces/include/motor_interfaces/msg/detail/motor_command__builder.hpp
[0.386s] -- Up-to-date: /home/nvidia/ros2_usb2can_motor_controller/install/motor_interfaces/include/motor_interfaces/msg/detail/motor_command__type_support.hpp
[0.386s] -- Up-to-date: /home/nvidia/ros2_usb2can_motor_controller/install/motor_interfaces/include/motor_interfaces/msg/detail/motor_status__builder.hpp
[0.386s] -- Up-to-date: /home/nvidia/ros2_usb2can_motor_controller/install/motor_interfaces/include/motor_interfaces/msg/detail/motor_control__builder.hpp
[0.386s] -- Up-to-date: /home/nvidia/ros2_usb2can_motor_controller/install/motor_interfaces/include/motor_interfaces/msg/detail/motor_command__struct.hpp
[0.386s] -- Up-to-date: /home/nvidia/ros2_usb2can_motor_controller/install/motor_interfaces/include/motor_interfaces/msg/detail/motor_control__type_support.hpp
[0.387s] -- Up-to-date: /home/nvidia/ros2_usb2can_motor_controller/install/motor_interfaces/include/motor_interfaces/msg/detail/motor_status__traits.hpp
[0.387s] -- Up-to-date: /home/nvidia/ros2_usb2can_motor_controller/install/motor_interfaces/include/motor_interfaces/msg/detail/motor_status__type_support.hpp
[0.387s] -- Up-to-date: /home/nvidia/ros2_usb2can_motor_controller/install/motor_interfaces/include/motor_interfaces/msg/detail/motor_command__traits.hpp
[0.387s] -- Up-to-date: /home/nvidia/ros2_usb2can_motor_controller/install/motor_interfaces/include/motor_interfaces/msg/detail/motor_control__struct.hpp
[0.387s] -- Up-to-date: /home/nvidia/ros2_usb2can_motor_controller/install/motor_interfaces/include/motor_interfaces/msg/detail/motor_control__traits.hpp
[0.387s] -- Up-to-date: /home/nvidia/ros2_usb2can_motor_controller/install/motor_interfaces/include/motor_interfaces/msg/detail/motor_status__struct.hpp
[0.387s] -- Up-to-date: /home/nvidia/ros2_usb2can_motor_controller/install/motor_interfaces/include/motor_interfaces/msg/motor_status.hpp
[0.387s] -- Up-to-date: /home/nvidia/ros2_usb2can_motor_controller/install/motor_interfaces/include/motor_interfaces
[0.387s] -- Up-to-date: /home/nvidia/ros2_usb2can_motor_controller/install/motor_interfaces/include/motor_interfaces/msg
[0.387s] -- Up-to-date: /home/nvidia/ros2_usb2can_motor_controller/install/motor_interfaces/include/motor_interfaces/msg/detail
[0.387s] -- Up-to-date: /home/nvidia/ros2_usb2can_motor_controller/install/motor_interfaces/include/motor_interfaces/msg/detail/motor_command__rosidl_typesupport_introspection_cpp.hpp
[0.387s] -- Up-to-date: /home/nvidia/ros2_usb2can_motor_controller/install/motor_interfaces/include/motor_interfaces/msg/detail/motor_status__type_support.cpp
[0.388s] -- Up-to-date: /home/nvidia/ros2_usb2can_motor_controller/install/motor_interfaces/include/motor_interfaces/msg/detail/motor_control__type_support.cpp
[0.388s] -- Up-to-date: /home/nvidia/ros2_usb2can_motor_controller/install/motor_interfaces/include/motor_interfaces/msg/detail/motor_status__rosidl_typesupport_introspection_cpp.hpp
[0.388s] -- Up-to-date: /home/nvidia/ros2_usb2can_motor_controller/install/motor_interfaces/include/motor_interfaces/msg/detail/motor_command__type_support.cpp
[0.388s] -- Up-to-date: /home/nvidia/ros2_usb2can_motor_controller/install/motor_interfaces/include/motor_interfaces/msg/detail/motor_control__rosidl_typesupport_introspection_cpp.hpp
[0.388s] -- Up-to-date: /home/nvidia/ros2_usb2can_motor_controller/install/motor_interfaces/lib/libmotor_interfaces__rosidl_typesupport_introspection_cpp.so
[0.388s] -- Up-to-date: /home/nvidia/ros2_usb2can_motor_controller/install/motor_interfaces/lib/libmotor_interfaces__rosidl_typesupport_cpp.so
[0.388s] -- Up-to-date: /home/nvidia/ros2_usb2can_motor_controller/install/motor_interfaces/share/motor_interfaces/environment/pythonpath.sh
[0.388s] -- Up-to-date: /home/nvidia/ros2_usb2can_motor_controller/install/motor_interfaces/share/motor_interfaces/environment/pythonpath.dsv
[0.388s] -- Up-to-date: /home/nvidia/ros2_usb2can_motor_controller/install/motor_interfaces/lib/python3.8/site-packages/motor_interfaces/__init__.py
[0.436s] -- Up-to-date: /home/nvidia/ros2_usb2can_motor_controller/install/motor_interfaces/lib/python3.8/site-packages/motor_interfaces/msg
[0.436s] -- Up-to-date: /home/nvidia/ros2_usb2can_motor_controller/install/motor_interfaces/lib/python3.8/site-packages/motor_interfaces/msg/_motor_command_s.c
[0.436s] -- Up-to-date: /home/nvidia/ros2_usb2can_motor_controller/install/motor_interfaces/lib/python3.8/site-packages/motor_interfaces/msg/__init__.py
[0.437s] -- Up-to-date: /home/nvidia/ros2_usb2can_motor_controller/install/motor_interfaces/lib/python3.8/site-packages/motor_interfaces/msg/_motor_control_s.c
[0.437s] -- Up-to-date: /home/nvidia/ros2_usb2can_motor_controller/install/motor_interfaces/lib/python3.8/site-packages/motor_interfaces/msg/_motor_status.py
[0.437s] -- Up-to-date: /home/nvidia/ros2_usb2can_motor_controller/install/motor_interfaces/lib/python3.8/site-packages/motor_interfaces/msg/_motor_status_s.c
[0.437s] -- Up-to-date: /home/nvidia/ros2_usb2can_motor_controller/install/motor_interfaces/lib/python3.8/site-packages/motor_interfaces/msg/_motor_command.py
[0.437s] -- Up-to-date: /home/nvidia/ros2_usb2can_motor_controller/install/motor_interfaces/lib/python3.8/site-packages/motor_interfaces/msg/_motor_control.py
[0.437s] -- Up-to-date: /home/nvidia/ros2_usb2can_motor_controller/install/motor_interfaces/lib/python3.8/site-packages/motor_interfaces/motor_interfaces_s__rosidl_typesupport_fastrtps_c.cpython-38-aarch64-linux-gnu.so
[0.438s] -- Up-to-date: /home/nvidia/ros2_usb2can_motor_controller/install/motor_interfaces/lib/python3.8/site-packages/motor_interfaces/motor_interfaces_s__rosidl_typesupport_introspection_c.cpython-38-aarch64-linux-gnu.so
[0.439s] -- Up-to-date: /home/nvidia/ros2_usb2can_motor_controller/install/motor_interfaces/lib/python3.8/site-packages/motor_interfaces/motor_interfaces_s__rosidl_typesupport_c.cpython-38-aarch64-linux-gnu.so
[0.439s] -- Up-to-date: /home/nvidia/ros2_usb2can_motor_controller/install/motor_interfaces/lib/libmotor_interfaces__python.so
[0.439s] -- Up-to-date: /home/nvidia/ros2_usb2can_motor_controller/install/motor_interfaces/share/motor_interfaces/msg/MotorCommand.idl
[0.440s] -- Up-to-date: /home/nvidia/ros2_usb2can_motor_controller/install/motor_interfaces/share/motor_interfaces/msg/MotorControl.idl
[0.440s] -- Up-to-date: /home/nvidia/ros2_usb2can_motor_controller/install/motor_interfaces/share/motor_interfaces/msg/MotorStatus.idl
[0.440s] -- Up-to-date: /home/nvidia/ros2_usb2can_motor_controller/install/motor_interfaces/share/motor_interfaces/msg/MotorCommand.msg
[0.440s] -- Up-to-date: /home/nvidia/ros2_usb2can_motor_controller/install/motor_interfaces/share/motor_interfaces/msg/MotorControl.msg
[0.440s] -- Up-to-date: /home/nvidia/ros2_usb2can_motor_controller/install/motor_interfaces/share/motor_interfaces/msg/MotorStatus.msg
[0.440s] -- Up-to-date: /home/nvidia/ros2_usb2can_motor_controller/install/motor_interfaces/share/ament_index/resource_index/package_run_dependencies/motor_interfaces
[0.440s] -- Up-to-date: /home/nvidia/ros2_usb2can_motor_controller/install/motor_interfaces/share/ament_index/resource_index/parent_prefix_path/motor_interfaces
[0.440s] -- Up-to-date: /home/nvidia/ros2_usb2can_motor_controller/install/motor_interfaces/share/motor_interfaces/environment/ament_prefix_path.sh
[0.441s] -- Up-to-date: /home/nvidia/ros2_usb2can_motor_controller/install/motor_interfaces/share/motor_interfaces/environment/ament_prefix_path.dsv
[0.441s] -- Up-to-date: /home/nvidia/ros2_usb2can_motor_controller/install/motor_interfaces/share/motor_interfaces/environment/path.sh
[0.441s] -- Up-to-date: /home/nvidia/ros2_usb2can_motor_controller/install/motor_interfaces/share/motor_interfaces/environment/path.dsv
[0.441s] -- Up-to-date: /home/nvidia/ros2_usb2can_motor_controller/install/motor_interfaces/share/motor_interfaces/local_setup.bash
[0.441s] -- Up-to-date: /home/nvidia/ros2_usb2can_motor_controller/install/motor_interfaces/share/motor_interfaces/local_setup.sh
[0.441s] -- Up-to-date: /home/nvidia/ros2_usb2can_motor_controller/install/motor_interfaces/share/motor_interfaces/local_setup.zsh
[0.441s] -- Up-to-date: /home/nvidia/ros2_usb2can_motor_controller/install/motor_interfaces/share/motor_interfaces/local_setup.dsv
[0.441s] -- Installing: /home/nvidia/ros2_usb2can_motor_controller/install/motor_interfaces/share/motor_interfaces/package.dsv
[0.441s] -- Up-to-date: /home/nvidia/ros2_usb2can_motor_controller/install/motor_interfaces/share/ament_index/resource_index/packages/motor_interfaces
[0.441s] -- Up-to-date: /home/nvidia/ros2_usb2can_motor_controller/install/motor_interfaces/share/motor_interfaces/cmake/motor_interfaces__rosidl_generator_cExport.cmake
[0.442s] -- Up-to-date: /home/nvidia/ros2_usb2can_motor_controller/install/motor_interfaces/share/motor_interfaces/cmake/motor_interfaces__rosidl_generator_cExport-noconfig.cmake
[0.442s] -- Up-to-date: /home/nvidia/ros2_usb2can_motor_controller/install/motor_interfaces/share/motor_interfaces/cmake/motor_interfaces__rosidl_typesupport_introspection_cExport.cmake
[0.442s] -- Up-to-date: /home/nvidia/ros2_usb2can_motor_controller/install/motor_interfaces/share/motor_interfaces/cmake/motor_interfaces__rosidl_typesupport_introspection_cExport-noconfig.cmake
[0.442s] -- Up-to-date: /home/nvidia/ros2_usb2can_motor_controller/install/motor_interfaces/share/motor_interfaces/cmake/motor_interfaces__rosidl_typesupport_cExport.cmake
[0.442s] -- Up-to-date: /home/nvidia/ros2_usb2can_motor_controller/install/motor_interfaces/share/motor_interfaces/cmake/motor_interfaces__rosidl_typesupport_cExport-noconfig.cmake
[0.443s] -- Up-to-date: /home/nvidia/ros2_usb2can_motor_controller/install/motor_interfaces/share/motor_interfaces/cmake/motor_interfaces__rosidl_generator_cppExport.cmake
[0.443s] -- Up-to-date: /home/nvidia/ros2_usb2can_motor_controller/install/motor_interfaces/share/motor_interfaces/cmake/motor_interfaces__rosidl_typesupport_introspection_cppExport.cmake
[0.443s] -- Up-to-date: /home/nvidia/ros2_usb2can_motor_controller/install/motor_interfaces/share/motor_interfaces/cmake/motor_interfaces__rosidl_typesupport_introspection_cppExport-noconfig.cmake
[0.443s] -- Up-to-date: /home/nvidia/ros2_usb2can_motor_controller/install/motor_interfaces/share/motor_interfaces/cmake/motor_interfaces__rosidl_typesupport_cppExport.cmake
[0.443s] -- Up-to-date: /home/nvidia/ros2_usb2can_motor_controller/install/motor_interfaces/share/motor_interfaces/cmake/motor_interfaces__rosidl_typesupport_cppExport-noconfig.cmake
[0.444s] -- Up-to-date: /home/nvidia/ros2_usb2can_motor_controller/install/motor_interfaces/share/motor_interfaces/cmake/rosidl_cmake-extras.cmake
[0.444s] -- Up-to-date: /home/nvidia/ros2_usb2can_motor_controller/install/motor_interfaces/share/motor_interfaces/cmake/ament_cmake_export_dependencies-extras.cmake
[0.444s] -- Up-to-date: /home/nvidia/ros2_usb2can_motor_controller/install/motor_interfaces/share/motor_interfaces/cmake/ament_cmake_export_libraries-extras.cmake
[0.444s] -- Up-to-date: /home/nvidia/ros2_usb2can_motor_controller/install/motor_interfaces/share/motor_interfaces/cmake/ament_cmake_export_targets-extras.cmake
[0.444s] -- Up-to-date: /home/nvidia/ros2_usb2can_motor_controller/install/motor_interfaces/share/motor_interfaces/cmake/ament_cmake_export_include_directories-extras.cmake
[0.444s] -- Up-to-date: /home/nvidia/ros2_usb2can_motor_controller/install/motor_interfaces/share/motor_interfaces/cmake/rosidl_cmake_export_typesupport_libraries-extras.cmake
[0.444s] -- Up-to-date: /home/nvidia/ros2_usb2can_motor_controller/install/motor_interfaces/share/motor_interfaces/cmake/rosidl_cmake_export_typesupport_targets-extras.cmake
[0.444s] -- Up-to-date: /home/nvidia/ros2_usb2can_motor_controller/install/motor_interfaces/share/motor_interfaces/cmake/motor_interfacesConfig.cmake
[0.444s] -- Up-to-date: /home/nvidia/ros2_usb2can_motor_controller/install/motor_interfaces/share/motor_interfaces/cmake/motor_interfacesConfig-version.cmake
[0.445s] -- Up-to-date: /home/nvidia/ros2_usb2can_motor_controller/install/motor_interfaces/share/motor_interfaces/package.xml
[0.450s] Invoked command in '/home/nvidia/ros2_usb2can_motor_controller/build/motor_interfaces' returned '0': CMAKE_PREFIX_PATH=${CMAKE_PREFIX_PATH}:/opt/ros/foxy /usr/bin/cmake --install /home/nvidia/ros2_usb2can_motor_controller/build/motor_interfaces
