In file included from [01m[K/opt/ros/foxy/include/rclcpp/service.hpp:34[m[K,
                 from [01m[K/opt/ros/foxy/include/rclcpp/callback_group.hpp:25[m[K,
                 from [01m[K/opt/ros/foxy/include/rclcpp/any_executable.hpp:20[m[K,
                 from [01m[K/opt/ros/foxy/include/rclcpp/memory_strategy.hpp:24[m[K,
                 from [01m[K/opt/ros/foxy/include/rclcpp/memory_strategies.hpp:18[m[K,
                 from [01m[K/opt/ros/foxy/include/rclcpp/executor_options.hpp:20[m[K,
                 from [01m[K/opt/ros/foxy/include/rclcpp/executor.hpp:33[m[K,
                 from [01m[K/opt/ros/foxy/include/rclcpp/executors/multi_threaded_executor.hpp:26[m[K,
                 from [01m[K/opt/ros/foxy/include/rclcpp/executors.hpp:21[m[K,
                 from [01m[K/opt/ros/foxy/include/rclcpp/rclcpp.hpp:146[m[K,
                 from [01m[K/home/nvidia/ros2_usb2can_motor_controller/src/can_usb_driver/src/can_usb_device.cpp:12[m[K:
[01m[K/home/nvidia/ros2_usb2can_motor_controller/src/can_usb_driver/src/can_usb_device.cpp:[m[K In member function ‘[01m[Kbool can_usb_driver::CanUsbDevice::open()[m[K’:
[01m[K/home/nvidia/ros2_usb2can_motor_controller/src/can_usb_driver/src/can_usb_device.cpp:54:30:[m[K [01;31m[Kerror: [m[K‘[01m[Kgetlogger[m[K’ is not a member of ‘[01m[Krclcpp[m[K’; did you mean ‘[01m[Kget_logger[m[K’?
   54 |         RCLCPP_ERROR(rclcpp::[01;31m[Kgetlogger[m[K("can_usb_device"), "Failed to open %s: %s", devicePath_.c_str(), strerror(errno));
      |                              [01;31m[K^~~~~~~~~[m[K
[01m[K/home/nvidia/ros2_usb2can_motor_controller/src/can_usb_driver/src/can_usb_device.cpp:54:30:[m[K [01;31m[Kerror: [m[K‘[01m[Kgetlogger[m[K’ is not a member of ‘[01m[Krclcpp[m[K’; did you mean ‘[01m[Kget_logger[m[K’?
[01m[K/home/nvidia/ros2_usb2can_motor_controller/src/can_usb_driver/src/can_usb_device.cpp:54:9:[m[K [01;31m[Kerror: [m[Ktemplate argument 1 is invalid
   54 |         [01;31m[KRCLCPP_ERROR[m[K(rclcpp::getlogger("can_usb_device"), "Failed to open %s: %s", devicePath_.c_str(), strerror(errno));
      |         [01;31m[K^~~~~~~~~~~~[m[K
[01m[K/home/nvidia/ros2_usb2can_motor_controller/src/can_usb_driver/src/can_usb_device.cpp:54:9:[m[K [01;31m[Kerror: [m[Ktemplate argument 1 is invalid
   54 |         [01;31m[KRCLCPP_ERROR[m[K(rclcpp::getlogger("can_usb_device"), "Failed to open %s: %s", devicePath_.c_str(), strerror(errno));
      |         [01;31m[K^~~~~~~~~~~~[m[K
[01m[K/home/nvidia/ros2_usb2can_motor_controller/src/can_usb_driver/src/can_usb_device.cpp:54:9:[m[K [01;31m[Kerror: [m[Ktemplate argument 1 is invalid
   54 |         [01;31m[KRCLCPP_ERROR[m[K(rclcpp::getlogger("can_usb_device"), "Failed to open %s: %s", devicePath_.c_str(), strerror(errno));
      |         [01;31m[K^~~~~~~~~~~~[m[K
In file included from [01m[K/opt/ros/foxy/include/rclcpp/client.hpp:40[m[K,
                 from [01m[K/opt/ros/foxy/include/rclcpp/callback_group.hpp:23[m[K,
                 from [01m[K/opt/ros/foxy/include/rclcpp/any_executable.hpp:20[m[K,
                 from [01m[K/opt/ros/foxy/include/rclcpp/memory_strategy.hpp:24[m[K,
                 from [01m[K/opt/ros/foxy/include/rclcpp/memory_strategies.hpp:18[m[K,
                 from [01m[K/opt/ros/foxy/include/rclcpp/executor_options.hpp:20[m[K,
                 from [01m[K/opt/ros/foxy/include/rclcpp/executor.hpp:33[m[K,
                 from [01m[K/opt/ros/foxy/include/rclcpp/executors/multi_threaded_executor.hpp:26[m[K,
                 from [01m[K/opt/ros/foxy/include/rclcpp/executors.hpp:21[m[K,
                 from [01m[K/opt/ros/foxy/include/rclcpp/rclcpp.hpp:146[m[K,
                 from [01m[K/home/nvidia/ros2_usb2can_motor_controller/src/can_usb_driver/src/can_usb_device.cpp:12[m[K:
[01m[K/home/nvidia/ros2_usb2can_motor_controller/src/can_usb_driver/src/can_usb_device.cpp:54:30:[m[K [01;31m[Kerror: [m[K‘[01m[Kgetlogger[m[K’ is not a member of ‘[01m[Krclcpp[m[K’; did you mean ‘[01m[Kget_logger[m[K’?
   54 |         RCLCPP_ERROR(rclcpp::[01;31m[Kgetlogger[m[K("can_usb_device"), "Failed to open %s: %s", devicePath_.c_str(), strerror(errno));
      |                              [01;31m[K^~~~~~~~~[m[K
[01m[K/home/nvidia/ros2_usb2can_motor_controller/src/can_usb_driver/src/can_usb_device.cpp:54:30:[m[K [01;31m[Kerror: [m[K‘[01m[Kgetlogger[m[K’ is not a member of ‘[01m[Krclcpp[m[K’; did you mean ‘[01m[Kget_logger[m[K’?
   54 |         RCLCPP_ERROR(rclcpp::[01;31m[Kgetlogger[m[K("can_usb_device"), "Failed to open %s: %s", devicePath_.c_str(), strerror(errno));
      |                              [01;31m[K^~~~~~~~~[m[K
In file included from [01m[K/opt/ros/foxy/include/rclcpp/service.hpp:34[m[K,
                 from [01m[K/opt/ros/foxy/include/rclcpp/callback_group.hpp:25[m[K,
                 from [01m[K/opt/ros/foxy/include/rclcpp/any_executable.hpp:20[m[K,
                 from [01m[K/opt/ros/foxy/include/rclcpp/memory_strategy.hpp:24[m[K,
                 from [01m[K/opt/ros/foxy/include/rclcpp/memory_strategies.hpp:18[m[K,
                 from [01m[K/opt/ros/foxy/include/rclcpp/executor_options.hpp:20[m[K,
                 from [01m[K/opt/ros/foxy/include/rclcpp/executor.hpp:33[m[K,
                 from [01m[K/opt/ros/foxy/include/rclcpp/executors/multi_threaded_executor.hpp:26[m[K,
                 from [01m[K/opt/ros/foxy/include/rclcpp/executors.hpp:21[m[K,
                 from [01m[K/opt/ros/foxy/include/rclcpp/rclcpp.hpp:146[m[K,
                 from [01m[K/home/nvidia/ros2_usb2can_motor_controller/src/can_usb_driver/src/can_usb_device.cpp:12[m[K:
[01m[K/home/nvidia/ros2_usb2can_motor_controller/src/can_usb_driver/src/can_usb_device.cpp:58:29:[m[K [01;31m[Kerror: [m[K‘[01m[Kgetlogger[m[K’ is not a member of ‘[01m[Krclcpp[m[K’; did you mean ‘[01m[Kget_logger[m[K’?
   58 |         RCLCPP_INFO(rclcpp::[01;31m[Kgetlogger[m[K("can_usb_device"), "Successfully opened %s (fd=%d)", devicePath_.c_str(), fd_);
      |                             [01;31m[K^~~~~~~~~[m[K
[01m[K/home/nvidia/ros2_usb2can_motor_controller/src/can_usb_driver/src/can_usb_device.cpp:58:29:[m[K [01;31m[Kerror: [m[K‘[01m[Kgetlogger[m[K’ is not a member of ‘[01m[Krclcpp[m[K’; did you mean ‘[01m[Kget_logger[m[K’?
[01m[K/home/nvidia/ros2_usb2can_motor_controller/src/can_usb_driver/src/can_usb_device.cpp:58:9:[m[K [01;31m[Kerror: [m[Ktemplate argument 1 is invalid
   58 |         [01;31m[KRCLCPP_INFO[m[K(rclcpp::getlogger("can_usb_device"), "Successfully opened %s (fd=%d)", devicePath_.c_str(), fd_);
      |         [01;31m[K^~~~~~~~~~~[m[K
[01m[K/home/nvidia/ros2_usb2can_motor_controller/src/can_usb_driver/src/can_usb_device.cpp:58:9:[m[K [01;31m[Kerror: [m[Ktemplate argument 1 is invalid
   58 |         [01;31m[KRCLCPP_INFO[m[K(rclcpp::getlogger("can_usb_device"), "Successfully opened %s (fd=%d)", devicePath_.c_str(), fd_);
      |         [01;31m[K^~~~~~~~~~~[m[K
[01m[K/home/nvidia/ros2_usb2can_motor_controller/src/can_usb_driver/src/can_usb_device.cpp:58:9:[m[K [01;31m[Kerror: [m[Ktemplate argument 1 is invalid
   58 |         [01;31m[KRCLCPP_INFO[m[K(rclcpp::getlogger("can_usb_device"), "Successfully opened %s (fd=%d)", devicePath_.c_str(), fd_);
      |         [01;31m[K^~~~~~~~~~~[m[K
In file included from [01m[K/opt/ros/foxy/include/rclcpp/client.hpp:40[m[K,
                 from [01m[K/opt/ros/foxy/include/rclcpp/callback_group.hpp:23[m[K,
                 from [01m[K/opt/ros/foxy/include/rclcpp/any_executable.hpp:20[m[K,
                 from [01m[K/opt/ros/foxy/include/rclcpp/memory_strategy.hpp:24[m[K,
                 from [01m[K/opt/ros/foxy/include/rclcpp/memory_strategies.hpp:18[m[K,
                 from [01m[K/opt/ros/foxy/include/rclcpp/executor_options.hpp:20[m[K,
                 from [01m[K/opt/ros/foxy/include/rclcpp/executor.hpp:33[m[K,
                 from [01m[K/opt/ros/foxy/include/rclcpp/executors/multi_threaded_executor.hpp:26[m[K,
                 from [01m[K/opt/ros/foxy/include/rclcpp/executors.hpp:21[m[K,
                 from [01m[K/opt/ros/foxy/include/rclcpp/rclcpp.hpp:146[m[K,
                 from [01m[K/home/nvidia/ros2_usb2can_motor_controller/src/can_usb_driver/src/can_usb_device.cpp:12[m[K:
[01m[K/home/nvidia/ros2_usb2can_motor_controller/src/can_usb_driver/src/can_usb_device.cpp:58:29:[m[K [01;31m[Kerror: [m[K‘[01m[Kgetlogger[m[K’ is not a member of ‘[01m[Krclcpp[m[K’; did you mean ‘[01m[Kget_logger[m[K’?
   58 |         RCLCPP_INFO(rclcpp::[01;31m[Kgetlogger[m[K("can_usb_device"), "Successfully opened %s (fd=%d)", devicePath_.c_str(), fd_);
      |                             [01;31m[K^~~~~~~~~[m[K
[01m[K/home/nvidia/ros2_usb2can_motor_controller/src/can_usb_driver/src/can_usb_device.cpp:58:29:[m[K [01;31m[Kerror: [m[K‘[01m[Kgetlogger[m[K’ is not a member of ‘[01m[Krclcpp[m[K’; did you mean ‘[01m[Kget_logger[m[K’?
   58 |         RCLCPP_INFO(rclcpp::[01;31m[Kgetlogger[m[K("can_usb_device"), "Successfully opened %s (fd=%d)", devicePath_.c_str(), fd_);
      |                             [01;31m[K^~~~~~~~~[m[K
In file included from [01m[K/opt/ros/foxy/include/rclcpp/service.hpp:34[m[K,
                 from [01m[K/opt/ros/foxy/include/rclcpp/callback_group.hpp:25[m[K,
                 from [01m[K/opt/ros/foxy/include/rclcpp/any_executable.hpp:20[m[K,
                 from [01m[K/opt/ros/foxy/include/rclcpp/memory_strategy.hpp:24[m[K,
                 from [01m[K/opt/ros/foxy/include/rclcpp/memory_strategies.hpp:18[m[K,
                 from [01m[K/opt/ros/foxy/include/rclcpp/executor_options.hpp:20[m[K,
                 from [01m[K/opt/ros/foxy/include/rclcpp/executor.hpp:33[m[K,
                 from [01m[K/opt/ros/foxy/include/rclcpp/executors/multi_threaded_executor.hpp:26[m[K,
                 from [01m[K/opt/ros/foxy/include/rclcpp/executors.hpp:21[m[K,
                 from [01m[K/opt/ros/foxy/include/rclcpp/rclcpp.hpp:146[m[K,
                 from [01m[K/home/nvidia/ros2_usb2can_motor_controller/src/can_usb_driver/src/can_usb_device.cpp:12[m[K:
[01m[K/home/nvidia/ros2_usb2can_motor_controller/src/can_usb_driver/src/can_usb_device.cpp:64:29:[m[K [01;31m[Kerror: [m[K‘[01m[Kgetlogger[m[K’ is not a member of ‘[01m[Krclcpp[m[K’; did you mean ‘[01m[Kget_logger[m[K’?
   64 |         RCLCPP_INFO(rclcpp::[01;31m[Kgetlogger[m[K("can_usb_device"), "Failed to get termios\n");
      |                             [01;31m[K^~~~~~~~~[m[K
[01m[K/home/nvidia/ros2_usb2can_motor_controller/src/can_usb_driver/src/can_usb_device.cpp:64:29:[m[K [01;31m[Kerror: [m[K‘[01m[Kgetlogger[m[K’ is not a member of ‘[01m[Krclcpp[m[K’; did you mean ‘[01m[Kget_logger[m[K’?
[01m[K/home/nvidia/ros2_usb2can_motor_controller/src/can_usb_driver/src/can_usb_device.cpp:64:9:[m[K [01;31m[Kerror: [m[Ktemplate argument 1 is invalid
   64 |         [01;31m[KRCLCPP_INFO[m[K(rclcpp::getlogger("can_usb_device"), "Failed to get termios\n");
      |         [01;31m[K^~~~~~~~~~~[m[K
[01m[K/home/nvidia/ros2_usb2can_motor_controller/src/can_usb_driver/src/can_usb_device.cpp:64:9:[m[K [01;31m[Kerror: [m[Ktemplate argument 1 is invalid
   64 |         [01;31m[KRCLCPP_INFO[m[K(rclcpp::getlogger("can_usb_device"), "Failed to get termios\n");
      |         [01;31m[K^~~~~~~~~~~[m[K
[01m[K/home/nvidia/ros2_usb2can_motor_controller/src/can_usb_driver/src/can_usb_device.cpp:64:9:[m[K [01;31m[Kerror: [m[Ktemplate argument 1 is invalid
   64 |         [01;31m[KRCLCPP_INFO[m[K(rclcpp::getlogger("can_usb_device"), "Failed to get termios\n");
      |         [01;31m[K^~~~~~~~~~~[m[K
In file included from [01m[K/opt/ros/foxy/include/rclcpp/client.hpp:40[m[K,
                 from [01m[K/opt/ros/foxy/include/rclcpp/callback_group.hpp:23[m[K,
                 from [01m[K/opt/ros/foxy/include/rclcpp/any_executable.hpp:20[m[K,
                 from [01m[K/opt/ros/foxy/include/rclcpp/memory_strategy.hpp:24[m[K,
                 from [01m[K/opt/ros/foxy/include/rclcpp/memory_strategies.hpp:18[m[K,
                 from [01m[K/opt/ros/foxy/include/rclcpp/executor_options.hpp:20[m[K,
                 from [01m[K/opt/ros/foxy/include/rclcpp/executor.hpp:33[m[K,
                 from [01m[K/opt/ros/foxy/include/rclcpp/executors/multi_threaded_executor.hpp:26[m[K,
                 from [01m[K/opt/ros/foxy/include/rclcpp/executors.hpp:21[m[K,
                 from [01m[K/opt/ros/foxy/include/rclcpp/rclcpp.hpp:146[m[K,
                 from [01m[K/home/nvidia/ros2_usb2can_motor_controller/src/can_usb_driver/src/can_usb_device.cpp:12[m[K:
[01m[K/home/nvidia/ros2_usb2can_motor_controller/src/can_usb_driver/src/can_usb_device.cpp:64:29:[m[K [01;31m[Kerror: [m[K‘[01m[Kgetlogger[m[K’ is not a member of ‘[01m[Krclcpp[m[K’; did you mean ‘[01m[Kget_logger[m[K’?
   64 |         RCLCPP_INFO(rclcpp::[01;31m[Kgetlogger[m[K("can_usb_device"), "Failed to get termios\n");
      |                             [01;31m[K^~~~~~~~~[m[K
[01m[K/home/nvidia/ros2_usb2can_motor_controller/src/can_usb_driver/src/can_usb_device.cpp:64:29:[m[K [01;31m[Kerror: [m[K‘[01m[Kgetlogger[m[K’ is not a member of ‘[01m[Krclcpp[m[K’; did you mean ‘[01m[Kget_logger[m[K’?
   64 |         RCLCPP_INFO(rclcpp::[01;31m[Kgetlogger[m[K("can_usb_device"), "Failed to get termios\n");
      |                             [01;31m[K^~~~~~~~~[m[K
In file included from [01m[K/opt/ros/foxy/include/rclcpp/service.hpp:34[m[K,
                 from [01m[K/opt/ros/foxy/include/rclcpp/callback_group.hpp:25[m[K,
                 from [01m[K/opt/ros/foxy/include/rclcpp/any_executable.hpp:20[m[K,
                 from [01m[K/opt/ros/foxy/include/rclcpp/memory_strategy.hpp:24[m[K,
                 from [01m[K/opt/ros/foxy/include/rclcpp/memory_strategies.hpp:18[m[K,
                 from [01m[K/opt/ros/foxy/include/rclcpp/executor_options.hpp:20[m[K,
                 from [01m[K/opt/ros/foxy/include/rclcpp/executor.hpp:33[m[K,
                 from [01m[K/opt/ros/foxy/include/rclcpp/executors/multi_threaded_executor.hpp:26[m[K,
                 from [01m[K/opt/ros/foxy/include/rclcpp/executors.hpp:21[m[K,
                 from [01m[K/opt/ros/foxy/include/rclcpp/rclcpp.hpp:146[m[K,
                 from [01m[K/home/nvidia/ros2_usb2can_motor_controller/src/can_usb_driver/src/can_usb_device.cpp:12[m[K:
[01m[K/home/nvidia/ros2_usb2can_motor_controller/src/can_usb_driver/src/can_usb_device.cpp:[m[K In member function ‘[01m[Kbool can_usb_driver::CanUsbDevice::sendCanMessage(const can_usb_driver::CanMessage&)[m[K’:
[01m[K/home/nvidia/ros2_usb2can_motor_controller/src/can_usb_driver/src/can_usb_device.cpp:110:22:[m[K [01;31m[Kerror: [m[K‘[01m[Klogger_[m[K’ was not declared in this scope
  110 |         RCLCPP_ERROR([01;31m[Klogger_[m[K, "CAN device not open!");
      |                      [01;31m[K^~~~~~~[m[K
[01m[K/home/nvidia/ros2_usb2can_motor_controller/src/can_usb_driver/src/can_usb_device.cpp:110:9:[m[K [01;31m[Kerror: [m[Ktemplate argument 1 is invalid
  110 |         [01;31m[KRCLCPP_ERROR[m[K(logger_, "CAN device not open!");
      |         [01;31m[K^~~~~~~~~~~~[m[K
[01m[K/home/nvidia/ros2_usb2can_motor_controller/src/can_usb_driver/src/can_usb_device.cpp:110:9:[m[K [01;31m[Kerror: [m[Ktemplate argument 1 is invalid
  110 |         [01;31m[KRCLCPP_ERROR[m[K(logger_, "CAN device not open!");
      |         [01;31m[K^~~~~~~~~~~~[m[K
[01m[K/home/nvidia/ros2_usb2can_motor_controller/src/can_usb_driver/src/can_usb_device.cpp:110:9:[m[K [01;31m[Kerror: [m[Ktemplate argument 1 is invalid
  110 |         [01;31m[KRCLCPP_ERROR[m[K(logger_, "CAN device not open!");
      |         [01;31m[K^~~~~~~~~~~~[m[K
[01m[K/home/nvidia/ros2_usb2can_motor_controller/src/can_usb_driver/src/can_usb_device.cpp:[m[K In member function ‘[01m[Kvoid can_usb_driver::CanUsbDevice::receiveLoop()[m[K’:
[01m[K/home/nvidia/ros2_usb2can_motor_controller/src/can_usb_driver/src/can_usb_device.cpp:165:30:[m[K [01;31m[Kerror: [m[K‘[01m[Klogger_[m[K’ was not declared in this scope
  165 |                 RCLCPP_DEBUG([01;31m[Klogger_[m[K, "Received raw data");
      |                              [01;31m[K^~~~~~~[m[K
[01m[K/home/nvidia/ros2_usb2can_motor_controller/src/can_usb_driver/src/can_usb_device.cpp:165:17:[m[K [01;31m[Kerror: [m[Ktemplate argument 1 is invalid
  165 |                 [01;31m[KRCLCPP_DEBUG[m[K(logger_, "Received raw data");
      |                 [01;31m[K^~~~~~~~~~~~[m[K
[01m[K/home/nvidia/ros2_usb2can_motor_controller/src/can_usb_driver/src/can_usb_device.cpp:165:17:[m[K [01;31m[Kerror: [m[Ktemplate argument 1 is invalid
  165 |                 [01;31m[KRCLCPP_DEBUG[m[K(logger_, "Received raw data");
      |                 [01;31m[K^~~~~~~~~~~~[m[K
[01m[K/home/nvidia/ros2_usb2can_motor_controller/src/can_usb_driver/src/can_usb_device.cpp:165:17:[m[K [01;31m[Kerror: [m[Ktemplate argument 1 is invalid
  165 |                 [01;31m[KRCLCPP_DEBUG[m[K(logger_, "Received raw data");
      |                 [01;31m[K^~~~~~~~~~~~[m[K
make[2]: *** [CMakeFiles/can_usb_driver.dir/build.make:63：CMakeFiles/can_usb_driver.dir/src/can_usb_device.cpp.o] 错误 1
make[1]: *** [CMakeFiles/Makefile2:78：CMakeFiles/can_usb_driver.dir/all] 错误 2
make: *** [Makefile:141：all] 错误 2
