[0.032s] Invoking command in '/home/nvidia/ros2_usb2can_motor_controller/build/can_usb_driver': CMAKE_PREFIX_PATH=${CMAKE_PREFIX_PATH}:/opt/ros/foxy /usr/bin/cmake --build /home/nvidia/ros2_usb2can_motor_controller/build/can_usb_driver -- -j12 -l12
[0.094s] [35m[1mScanning dependencies of target can_usb_driver[0m
[0.132s] [ 50%] [32mBuilding CXX object CMakeFiles/can_usb_driver.dir/src/can_usb_device.cpp.o[0m
[2.298s] In file included from [01m[K/opt/ros/foxy/include/rclcpp/service.hpp:34[m[K,
[2.299s]                  from [01m[K/opt/ros/foxy/include/rclcpp/callback_group.hpp:25[m[K,
[2.300s]                  from [01m[K/opt/ros/foxy/include/rclcpp/any_executable.hpp:20[m[K,
[2.300s]                  from [01m[K/opt/ros/foxy/include/rclcpp/memory_strategy.hpp:24[m[K,
[2.300s]                  from [01m[K/opt/ros/foxy/include/rclcpp/memory_strategies.hpp:18[m[K,
[2.301s]                  from [01m[K/opt/ros/foxy/include/rclcpp/executor_options.hpp:20[m[K,
[2.301s]                  from [01m[K/opt/ros/foxy/include/rclcpp/executor.hpp:33[m[K,
[2.301s]                  from [01m[K/opt/ros/foxy/include/rclcpp/executors/multi_threaded_executor.hpp:26[m[K,
[2.301s]                  from [01m[K/opt/ros/foxy/include/rclcpp/executors.hpp:21[m[K,
[2.302s]                  from [01m[K/opt/ros/foxy/include/rclcpp/rclcpp.hpp:146[m[K,
[2.302s]                  from [01m[K/home/nvidia/ros2_usb2can_motor_controller/src/can_usb_driver/src/can_usb_device.cpp:12[m[K:
[2.302s] [01m[K/home/nvidia/ros2_usb2can_motor_controller/src/can_usb_driver/src/can_usb_device.cpp:[m[K In member function ‘[01m[Kbool can_usb_driver::CanUsbDevice::open()[m[K’:
[2.302s] [01m[K/home/nvidia/ros2_usb2can_motor_controller/src/can_usb_driver/src/can_usb_device.cpp:54:30:[m[K [01;31m[Kerror: [m[K‘[01m[Kgetlogger[m[K’ is not a member of ‘[01m[Krclcpp[m[K’; did you mean ‘[01m[Kget_logger[m[K’?
[2.303s]    54 |         RCLCPP_ERROR(rclcpp::[01;31m[Kgetlogger[m[K("can_usb_device"), "Failed to open %s: %s", devicePath_.c_str(), strerror(errno));
[2.303s]       |                              [01;31m[K^~~~~~~~~[m[K
[2.303s] [01m[K/home/nvidia/ros2_usb2can_motor_controller/src/can_usb_driver/src/can_usb_device.cpp:54:30:[m[K [01;31m[Kerror: [m[K‘[01m[Kgetlogger[m[K’ is not a member of ‘[01m[Krclcpp[m[K’; did you mean ‘[01m[Kget_logger[m[K’?
[2.303s] [01m[K/home/nvidia/ros2_usb2can_motor_controller/src/can_usb_driver/src/can_usb_device.cpp:54:9:[m[K [01;31m[Kerror: [m[Ktemplate argument 1 is invalid
[2.304s]    54 |         [01;31m[KRCLCPP_ERROR[m[K(rclcpp::getlogger("can_usb_device"), "Failed to open %s: %s", devicePath_.c_str(), strerror(errno));
[2.304s]       |         [01;31m[K^~~~~~~~~~~~[m[K
[2.304s] [01m[K/home/nvidia/ros2_usb2can_motor_controller/src/can_usb_driver/src/can_usb_device.cpp:54:9:[m[K [01;31m[Kerror: [m[Ktemplate argument 1 is invalid
[2.304s]    54 |         [01;31m[KRCLCPP_ERROR[m[K(rclcpp::getlogger("can_usb_device"), "Failed to open %s: %s", devicePath_.c_str(), strerror(errno));
[2.304s]       |         [01;31m[K^~~~~~~~~~~~[m[K
[2.305s] [01m[K/home/nvidia/ros2_usb2can_motor_controller/src/can_usb_driver/src/can_usb_device.cpp:54:9:[m[K [01;31m[Kerror: [m[Ktemplate argument 1 is invalid
[2.305s]    54 |         [01;31m[KRCLCPP_ERROR[m[K(rclcpp::getlogger("can_usb_device"), "Failed to open %s: %s", devicePath_.c_str(), strerror(errno));
[2.305s]       |         [01;31m[K^~~~~~~~~~~~[m[K
[2.306s] In file included from [01m[K/opt/ros/foxy/include/rclcpp/client.hpp:40[m[K,
[2.306s]                  from [01m[K/opt/ros/foxy/include/rclcpp/callback_group.hpp:23[m[K,
[2.306s]                  from [01m[K/opt/ros/foxy/include/rclcpp/any_executable.hpp:20[m[K,
[2.307s]                  from [01m[K/opt/ros/foxy/include/rclcpp/memory_strategy.hpp:24[m[K,
[2.307s]                  from [01m[K/opt/ros/foxy/include/rclcpp/memory_strategies.hpp:18[m[K,
[2.307s]                  from [01m[K/opt/ros/foxy/include/rclcpp/executor_options.hpp:20[m[K,
[2.307s]                  from [01m[K/opt/ros/foxy/include/rclcpp/executor.hpp:33[m[K,
[2.308s]                  from [01m[K/opt/ros/foxy/include/rclcpp/executors/multi_threaded_executor.hpp:26[m[K,
[2.308s]                  from [01m[K/opt/ros/foxy/include/rclcpp/executors.hpp:21[m[K,
[2.308s]                  from [01m[K/opt/ros/foxy/include/rclcpp/rclcpp.hpp:146[m[K,
[2.308s]                  from [01m[K/home/nvidia/ros2_usb2can_motor_controller/src/can_usb_driver/src/can_usb_device.cpp:12[m[K:
[2.308s] [01m[K/home/nvidia/ros2_usb2can_motor_controller/src/can_usb_driver/src/can_usb_device.cpp:54:30:[m[K [01;31m[Kerror: [m[K‘[01m[Kgetlogger[m[K’ is not a member of ‘[01m[Krclcpp[m[K’; did you mean ‘[01m[Kget_logger[m[K’?
[2.309s]    54 |         RCLCPP_ERROR(rclcpp::[01;31m[Kgetlogger[m[K("can_usb_device"), "Failed to open %s: %s", devicePath_.c_str(), strerror(errno));
[2.309s]       |                              [01;31m[K^~~~~~~~~[m[K
[2.309s] [01m[K/home/nvidia/ros2_usb2can_motor_controller/src/can_usb_driver/src/can_usb_device.cpp:54:30:[m[K [01;31m[Kerror: [m[K‘[01m[Kgetlogger[m[K’ is not a member of ‘[01m[Krclcpp[m[K’; did you mean ‘[01m[Kget_logger[m[K’?
[2.309s]    54 |         RCLCPP_ERROR(rclcpp::[01;31m[Kgetlogger[m[K("can_usb_device"), "Failed to open %s: %s", devicePath_.c_str(), strerror(errno));
[2.310s]       |                              [01;31m[K^~~~~~~~~[m[K
[2.310s] In file included from [01m[K/opt/ros/foxy/include/rclcpp/service.hpp:34[m[K,
[2.310s]                  from [01m[K/opt/ros/foxy/include/rclcpp/callback_group.hpp:25[m[K,
[2.310s]                  from [01m[K/opt/ros/foxy/include/rclcpp/any_executable.hpp:20[m[K,
[2.311s]                  from [01m[K/opt/ros/foxy/include/rclcpp/memory_strategy.hpp:24[m[K,
[2.311s]                  from [01m[K/opt/ros/foxy/include/rclcpp/memory_strategies.hpp:18[m[K,
[2.311s]                  from [01m[K/opt/ros/foxy/include/rclcpp/executor_options.hpp:20[m[K,
[2.311s]                  from [01m[K/opt/ros/foxy/include/rclcpp/executor.hpp:33[m[K,
[2.312s]                  from [01m[K/opt/ros/foxy/include/rclcpp/executors/multi_threaded_executor.hpp:26[m[K,
[2.312s]                  from [01m[K/opt/ros/foxy/include/rclcpp/executors.hpp:21[m[K,
[2.312s]                  from [01m[K/opt/ros/foxy/include/rclcpp/rclcpp.hpp:146[m[K,
[2.312s]                  from [01m[K/home/nvidia/ros2_usb2can_motor_controller/src/can_usb_driver/src/can_usb_device.cpp:12[m[K:
[2.312s] [01m[K/home/nvidia/ros2_usb2can_motor_controller/src/can_usb_driver/src/can_usb_device.cpp:58:29:[m[K [01;31m[Kerror: [m[K‘[01m[Kgetlogger[m[K’ is not a member of ‘[01m[Krclcpp[m[K’; did you mean ‘[01m[Kget_logger[m[K’?
[2.313s]    58 |         RCLCPP_INFO(rclcpp::[01;31m[Kgetlogger[m[K("can_usb_device"), "Successfully opened %s (fd=%d)", devicePath_.c_str(), fd_);
[2.313s]       |                             [01;31m[K^~~~~~~~~[m[K
[2.313s] [01m[K/home/nvidia/ros2_usb2can_motor_controller/src/can_usb_driver/src/can_usb_device.cpp:58:29:[m[K [01;31m[Kerror: [m[K‘[01m[Kgetlogger[m[K’ is not a member of ‘[01m[Krclcpp[m[K’; did you mean ‘[01m[Kget_logger[m[K’?
[2.313s] [01m[K/home/nvidia/ros2_usb2can_motor_controller/src/can_usb_driver/src/can_usb_device.cpp:58:9:[m[K [01;31m[Kerror: [m[Ktemplate argument 1 is invalid
[2.314s]    58 |         [01;31m[KRCLCPP_INFO[m[K(rclcpp::getlogger("can_usb_device"), "Successfully opened %s (fd=%d)", devicePath_.c_str(), fd_);
[2.315s]       |         [01;31m[K^~~~~~~~~~~[m[K
[2.315s] [01m[K/home/nvidia/ros2_usb2can_motor_controller/src/can_usb_driver/src/can_usb_device.cpp:58:9:[m[K [01;31m[Kerror: [m[Ktemplate argument 1 is invalid
[2.315s]    58 |         [01;31m[KRCLCPP_INFO[m[K(rclcpp::getlogger("can_usb_device"), "Successfully opened %s (fd=%d)", devicePath_.c_str(), fd_);
[2.315s]       |         [01;31m[K^~~~~~~~~~~[m[K
[2.316s] [01m[K/home/nvidia/ros2_usb2can_motor_controller/src/can_usb_driver/src/can_usb_device.cpp:58:9:[m[K [01;31m[Kerror: [m[Ktemplate argument 1 is invalid
[2.316s]    58 |         [01;31m[KRCLCPP_INFO[m[K(rclcpp::getlogger("can_usb_device"), "Successfully opened %s (fd=%d)", devicePath_.c_str(), fd_);
[2.316s]       |         [01;31m[K^~~~~~~~~~~[m[K
[2.316s] In file included from [01m[K/opt/ros/foxy/include/rclcpp/client.hpp:40[m[K,
[2.317s]                  from [01m[K/opt/ros/foxy/include/rclcpp/callback_group.hpp:23[m[K,
[2.317s]                  from [01m[K/opt/ros/foxy/include/rclcpp/any_executable.hpp:20[m[K,
[2.317s]                  from [01m[K/opt/ros/foxy/include/rclcpp/memory_strategy.hpp:24[m[K,
[2.317s]                  from [01m[K/opt/ros/foxy/include/rclcpp/memory_strategies.hpp:18[m[K,
[2.318s]                  from [01m[K/opt/ros/foxy/include/rclcpp/executor_options.hpp:20[m[K,
[2.318s]                  from [01m[K/opt/ros/foxy/include/rclcpp/executor.hpp:33[m[K,
[2.318s]                  from [01m[K/opt/ros/foxy/include/rclcpp/executors/multi_threaded_executor.hpp:26[m[K,
[2.318s]                  from [01m[K/opt/ros/foxy/include/rclcpp/executors.hpp:21[m[K,
[2.318s]                  from [01m[K/opt/ros/foxy/include/rclcpp/rclcpp.hpp:146[m[K,
[2.319s]                  from [01m[K/home/nvidia/ros2_usb2can_motor_controller/src/can_usb_driver/src/can_usb_device.cpp:12[m[K:
[2.319s] [01m[K/home/nvidia/ros2_usb2can_motor_controller/src/can_usb_driver/src/can_usb_device.cpp:58:29:[m[K [01;31m[Kerror: [m[K‘[01m[Kgetlogger[m[K’ is not a member of ‘[01m[Krclcpp[m[K’; did you mean ‘[01m[Kget_logger[m[K’?
[2.319s]    58 |         RCLCPP_INFO(rclcpp::[01;31m[Kgetlogger[m[K("can_usb_device"), "Successfully opened %s (fd=%d)", devicePath_.c_str(), fd_);
[2.319s]       |                             [01;31m[K^~~~~~~~~[m[K
[2.320s] [01m[K/home/nvidia/ros2_usb2can_motor_controller/src/can_usb_driver/src/can_usb_device.cpp:58:29:[m[K [01;31m[Kerror: [m[K‘[01m[Kgetlogger[m[K’ is not a member of ‘[01m[Krclcpp[m[K’; did you mean ‘[01m[Kget_logger[m[K’?
[2.320s]    58 |         RCLCPP_INFO(rclcpp::[01;31m[Kgetlogger[m[K("can_usb_device"), "Successfully opened %s (fd=%d)", devicePath_.c_str(), fd_);
[2.320s]       |                             [01;31m[K^~~~~~~~~[m[K
[2.320s] In file included from [01m[K/opt/ros/foxy/include/rclcpp/service.hpp:34[m[K,
[2.321s]                  from [01m[K/opt/ros/foxy/include/rclcpp/callback_group.hpp:25[m[K,
[2.321s]                  from [01m[K/opt/ros/foxy/include/rclcpp/any_executable.hpp:20[m[K,
[2.321s]                  from [01m[K/opt/ros/foxy/include/rclcpp/memory_strategy.hpp:24[m[K,
[2.321s]                  from [01m[K/opt/ros/foxy/include/rclcpp/memory_strategies.hpp:18[m[K,
[2.322s]                  from [01m[K/opt/ros/foxy/include/rclcpp/executor_options.hpp:20[m[K,
[2.322s]                  from [01m[K/opt/ros/foxy/include/rclcpp/executor.hpp:33[m[K,
[2.322s]                  from [01m[K/opt/ros/foxy/include/rclcpp/executors/multi_threaded_executor.hpp:26[m[K,
[2.322s]                  from [01m[K/opt/ros/foxy/include/rclcpp/executors.hpp:21[m[K,
[2.322s]                  from [01m[K/opt/ros/foxy/include/rclcpp/rclcpp.hpp:146[m[K,
[2.323s]                  from [01m[K/home/nvidia/ros2_usb2can_motor_controller/src/can_usb_driver/src/can_usb_device.cpp:12[m[K:
[2.323s] [01m[K/home/nvidia/ros2_usb2can_motor_controller/src/can_usb_driver/src/can_usb_device.cpp:64:29:[m[K [01;31m[Kerror: [m[K‘[01m[Kgetlogger[m[K’ is not a member of ‘[01m[Krclcpp[m[K’; did you mean ‘[01m[Kget_logger[m[K’?
[2.323s]    64 |         RCLCPP_INFO(rclcpp::[01;31m[Kgetlogger[m[K("can_usb_device"), "Failed to get termios\n");
[2.323s]       |                             [01;31m[K^~~~~~~~~[m[K
[2.324s] [01m[K/home/nvidia/ros2_usb2can_motor_controller/src/can_usb_driver/src/can_usb_device.cpp:64:29:[m[K [01;31m[Kerror: [m[K‘[01m[Kgetlogger[m[K’ is not a member of ‘[01m[Krclcpp[m[K’; did you mean ‘[01m[Kget_logger[m[K’?
[2.324s] [01m[K/home/nvidia/ros2_usb2can_motor_controller/src/can_usb_driver/src/can_usb_device.cpp:64:9:[m[K [01;31m[Kerror: [m[Ktemplate argument 1 is invalid
[2.324s]    64 |         [01;31m[KRCLCPP_INFO[m[K(rclcpp::getlogger("can_usb_device"), "Failed to get termios\n");
[2.324s]       |         [01;31m[K^~~~~~~~~~~[m[K
[2.325s] [01m[K/home/nvidia/ros2_usb2can_motor_controller/src/can_usb_driver/src/can_usb_device.cpp:64:9:[m[K [01;31m[Kerror: [m[Ktemplate argument 1 is invalid
[2.325s]    64 |         [01;31m[KRCLCPP_INFO[m[K(rclcpp::getlogger("can_usb_device"), "Failed to get termios\n");
[2.325s]       |         [01;31m[K^~~~~~~~~~~[m[K
[2.325s] [01m[K/home/nvidia/ros2_usb2can_motor_controller/src/can_usb_driver/src/can_usb_device.cpp:64:9:[m[K [01;31m[Kerror: [m[Ktemplate argument 1 is invalid
[2.326s]    64 |         [01;31m[KRCLCPP_INFO[m[K(rclcpp::getlogger("can_usb_device"), "Failed to get termios\n");
[2.326s]       |         [01;31m[K^~~~~~~~~~~[m[K
[2.326s] In file included from [01m[K/opt/ros/foxy/include/rclcpp/client.hpp:40[m[K,
[2.326s]                  from [01m[K/opt/ros/foxy/include/rclcpp/callback_group.hpp:23[m[K,
[2.326s]                  from [01m[K/opt/ros/foxy/include/rclcpp/any_executable.hpp:20[m[K,
[2.327s]                  from [01m[K/opt/ros/foxy/include/rclcpp/memory_strategy.hpp:24[m[K,
[2.327s]                  from [01m[K/opt/ros/foxy/include/rclcpp/memory_strategies.hpp:18[m[K,
[2.327s]                  from [01m[K/opt/ros/foxy/include/rclcpp/executor_options.hpp:20[m[K,
[2.327s]                  from [01m[K/opt/ros/foxy/include/rclcpp/executor.hpp:33[m[K,
[2.327s]                  from [01m[K/opt/ros/foxy/include/rclcpp/executors/multi_threaded_executor.hpp:26[m[K,
[2.328s]                  from [01m[K/opt/ros/foxy/include/rclcpp/executors.hpp:21[m[K,
[2.328s]                  from [01m[K/opt/ros/foxy/include/rclcpp/rclcpp.hpp:146[m[K,
[2.328s]                  from [01m[K/home/nvidia/ros2_usb2can_motor_controller/src/can_usb_driver/src/can_usb_device.cpp:12[m[K:
[2.328s] [01m[K/home/nvidia/ros2_usb2can_motor_controller/src/can_usb_driver/src/can_usb_device.cpp:64:29:[m[K [01;31m[Kerror: [m[K‘[01m[Kgetlogger[m[K’ is not a member of ‘[01m[Krclcpp[m[K’; did you mean ‘[01m[Kget_logger[m[K’?
[2.329s]    64 |         RCLCPP_INFO(rclcpp::[01;31m[Kgetlogger[m[K("can_usb_device"), "Failed to get termios\n");
[2.329s]       |                             [01;31m[K^~~~~~~~~[m[K
[2.329s] [01m[K/home/nvidia/ros2_usb2can_motor_controller/src/can_usb_driver/src/can_usb_device.cpp:64:29:[m[K [01;31m[Kerror: [m[K‘[01m[Kgetlogger[m[K’ is not a member of ‘[01m[Krclcpp[m[K’; did you mean ‘[01m[Kget_logger[m[K’?
[2.329s]    64 |         RCLCPP_INFO(rclcpp::[01;31m[Kgetlogger[m[K("can_usb_device"), "Failed to get termios\n");
[2.329s]       |                             [01;31m[K^~~~~~~~~[m[K
[2.330s] In file included from [01m[K/opt/ros/foxy/include/rclcpp/service.hpp:34[m[K,
[2.330s]                  from [01m[K/opt/ros/foxy/include/rclcpp/callback_group.hpp:25[m[K,
[2.330s]                  from [01m[K/opt/ros/foxy/include/rclcpp/any_executable.hpp:20[m[K,
[2.330s]                  from [01m[K/opt/ros/foxy/include/rclcpp/memory_strategy.hpp:24[m[K,
[2.330s]                  from [01m[K/opt/ros/foxy/include/rclcpp/memory_strategies.hpp:18[m[K,
[2.331s]                  from [01m[K/opt/ros/foxy/include/rclcpp/executor_options.hpp:20[m[K,
[2.331s]                  from [01m[K/opt/ros/foxy/include/rclcpp/executor.hpp:33[m[K,
[2.331s]                  from [01m[K/opt/ros/foxy/include/rclcpp/executors/multi_threaded_executor.hpp:26[m[K,
[2.331s]                  from [01m[K/opt/ros/foxy/include/rclcpp/executors.hpp:21[m[K,
[2.331s]                  from [01m[K/opt/ros/foxy/include/rclcpp/rclcpp.hpp:146[m[K,
[2.332s]                  from [01m[K/home/nvidia/ros2_usb2can_motor_controller/src/can_usb_driver/src/can_usb_device.cpp:12[m[K:
[2.332s] [01m[K/home/nvidia/ros2_usb2can_motor_controller/src/can_usb_driver/src/can_usb_device.cpp:[m[K In member function ‘[01m[Kbool can_usb_driver::CanUsbDevice::sendCanMessage(const can_usb_driver::CanMessage&)[m[K’:
[2.332s] [01m[K/home/nvidia/ros2_usb2can_motor_controller/src/can_usb_driver/src/can_usb_device.cpp:110:22:[m[K [01;31m[Kerror: [m[K‘[01m[Klogger_[m[K’ was not declared in this scope
[2.332s]   110 |         RCLCPP_ERROR([01;31m[Klogger_[m[K, "CAN device not open!");
[2.332s]       |                      [01;31m[K^~~~~~~[m[K
[2.332s] [01m[K/home/nvidia/ros2_usb2can_motor_controller/src/can_usb_driver/src/can_usb_device.cpp:110:9:[m[K [01;31m[Kerror: [m[Ktemplate argument 1 is invalid
[2.333s]   110 |         [01;31m[KRCLCPP_ERROR[m[K(logger_, "CAN device not open!");
[2.333s]       |         [01;31m[K^~~~~~~~~~~~[m[K
[2.333s] [01m[K/home/nvidia/ros2_usb2can_motor_controller/src/can_usb_driver/src/can_usb_device.cpp:110:9:[m[K [01;31m[Kerror: [m[Ktemplate argument 1 is invalid
[2.333s]   110 |         [01;31m[KRCLCPP_ERROR[m[K(logger_, "CAN device not open!");
[2.333s]       |         [01;31m[K^~~~~~~~~~~~[m[K
[2.334s] [01m[K/home/nvidia/ros2_usb2can_motor_controller/src/can_usb_driver/src/can_usb_device.cpp:110:9:[m[K [01;31m[Kerror: [m[Ktemplate argument 1 is invalid
[2.334s]   110 |         [01;31m[KRCLCPP_ERROR[m[K(logger_, "CAN device not open!");
[2.334s]       |         [01;31m[K^~~~~~~~~~~~[m[K
[2.334s] [01m[K/home/nvidia/ros2_usb2can_motor_controller/src/can_usb_driver/src/can_usb_device.cpp:[m[K In member function ‘[01m[Kvoid can_usb_driver::CanUsbDevice::receiveLoop()[m[K’:
[2.334s] [01m[K/home/nvidia/ros2_usb2can_motor_controller/src/can_usb_driver/src/can_usb_device.cpp:165:30:[m[K [01;31m[Kerror: [m[K‘[01m[Klogger_[m[K’ was not declared in this scope
[2.335s]   165 |                 RCLCPP_DEBUG([01;31m[Klogger_[m[K, "Received raw data");
[2.335s]       |                              [01;31m[K^~~~~~~[m[K
[2.335s] [01m[K/home/nvidia/ros2_usb2can_motor_controller/src/can_usb_driver/src/can_usb_device.cpp:165:17:[m[K [01;31m[Kerror: [m[Ktemplate argument 1 is invalid
[2.335s]   165 |                 [01;31m[KRCLCPP_DEBUG[m[K(logger_, "Received raw data");
[2.335s]       |                 [01;31m[K^~~~~~~~~~~~[m[K
[2.335s] [01m[K/home/nvidia/ros2_usb2can_motor_controller/src/can_usb_driver/src/can_usb_device.cpp:165:17:[m[K [01;31m[Kerror: [m[Ktemplate argument 1 is invalid
[2.336s]   165 |                 [01;31m[KRCLCPP_DEBUG[m[K(logger_, "Received raw data");
[2.336s]       |                 [01;31m[K^~~~~~~~~~~~[m[K
[2.336s] [01m[K/home/nvidia/ros2_usb2can_motor_controller/src/can_usb_driver/src/can_usb_device.cpp:165:17:[m[K [01;31m[Kerror: [m[Ktemplate argument 1 is invalid
[2.336s]   165 |                 [01;31m[KRCLCPP_DEBUG[m[K(logger_, "Received raw data");
[2.336s]       |                 [01;31m[K^~~~~~~~~~~~[m[K
[3.024s] make[2]: *** [CMakeFiles/can_usb_driver.dir/build.make:63：CMakeFiles/can_usb_driver.dir/src/can_usb_device.cpp.o] 错误 1
[3.024s] make[1]: *** [CMakeFiles/Makefile2:78：CMakeFiles/can_usb_driver.dir/all] 错误 2
[3.025s] make: *** [Makefile:141：all] 错误 2
[3.031s] Invoked command in '/home/nvidia/ros2_usb2can_motor_controller/build/can_usb_driver' returned '2': CMAKE_PREFIX_PATH=${CMAKE_PREFIX_PATH}:/opt/ros/foxy /usr/bin/cmake --build /home/nvidia/ros2_usb2can_motor_controller/build/can_usb_driver -- -j12 -l12
