[0.029s] Invoking command in '/home/nvidia/ros2_usb2can_motor_controller/build/can_usb_driver': CMAKE_PREFIX_PATH=${CMAKE_PREFIX_PATH}:/opt/ros/foxy /usr/bin/cmake /home/nvidia/ros2_usb2can_motor_controller/src/can_usb_driver -DCMAKE_INSTALL_PREFIX=/home/nvidia/ros2_usb2can_motor_controller/install/can_usb_driver
[0.141s] -- The C compiler identification is GNU 9.4.0
[0.220s] -- The CXX compiler identification is GNU 9.4.0
[0.228s] -- Check for working C compiler: /usr/bin/cc
[0.336s] -- Check for working C compiler: /usr/bin/cc -- works
[0.338s] -- Detecting C compiler ABI info
[0.447s] -- Detecting C compiler ABI info - done
[0.476s] -- Detecting C compile features
[0.476s] -- Detecting C compile features - done
[0.482s] -- Check for working CXX compiler: /usr/bin/c++
[0.598s] -- Check for working CXX compiler: /usr/bin/c++ -- works
[0.600s] -- Detecting CXX compiler ABI info
[0.724s] -- Detecting CXX compiler ABI info - done
[0.752s] -- Detecting CXX compile features
[0.753s] -- Detecting CXX compile features - done
[0.756s] -- Looking for pthread.h
[0.873s] -- Looking for pthread.h - found
[0.873s] -- Performing Test CMAKE_HAVE_LIBC_PTHREAD
[0.984s] -- Performing Test CMAKE_HAVE_LIBC_PTHREAD - Failed
[0.984s] -- Looking for pthread_create in pthreads
[1.084s] -- Looking for pthread_create in pthreads - not found
[1.085s] -- Looking for pthread_create in pthread
[1.191s] -- Looking for pthread_create in pthread - found
[1.192s] -- Found Threads: TRUE  
[1.195s] -- Found ament_cmake: 0.9.12 (/opt/ros/foxy/share/ament_cmake/cmake)
[1.243s] -- Found PythonInterp: /usr/bin/python3 (found suitable version "3.8.10", minimum required is "3") 
[1.243s] -- Using PYTHON_EXECUTABLE: /usr/bin/python3
[1.526s] -- Found rclcpp: 2.4.3 (/opt/ros/foxy/share/rclcpp/cmake)
[1.579s] -- Using all available rosidl_typesupport_c: rosidl_typesupport_fastrtps_c;rosidl_typesupport_introspection_c
[1.586s] -- Found rosidl_adapter: 1.3.1 (/opt/ros/foxy/share/rosidl_adapter/cmake)
[1.709s] -- Found OpenSSL: /usr/lib/aarch64-linux-gnu/libcrypto.so (found version "1.1.1f")  
[1.747s] -- Found FastRTPS: /opt/ros/foxy/include  
[1.854s] -- Using all available rosidl_typesupport_cpp: rosidl_typesupport_fastrtps_cpp;rosidl_typesupport_introspection_cpp
[1.925s] -- Found rmw_implementation_cmake: 1.0.4 (/opt/ros/foxy/share/rmw_implementation_cmake/cmake)
[1.927s] -- Using RMW implementation 'rmw_fastrtps_cpp' as default
[2.118s] CMake Error at CMakeLists.txt:21 (target_link_libraries):
[2.118s]   The plain signature for target_link_libraries has already been used with
[2.118s]   the target "can_usb_driver".  All uses of target_link_libraries with a
[2.118s]   target must be either all-keyword or all-plain.
[2.119s] 
[2.119s]   The uses of the plain signature are here:
[2.119s] 
[2.119s]    * /opt/ros/foxy/share/ament_cmake_target_dependencies/cmake/ament_target_dependencies.cmake:145 (target_link_libraries)
[2.119s] 
[2.119s] 
[2.119s] 
[2.213s] -- Configuring incomplete, errors occurred!
[2.214s] See also "/home/nvidia/ros2_usb2can_motor_controller/build/can_usb_driver/CMakeFiles/CMakeOutput.log".
[2.214s] See also "/home/nvidia/ros2_usb2can_motor_controller/build/can_usb_driver/CMakeFiles/CMakeError.log".
[2.242s] Invoked command in '/home/nvidia/ros2_usb2can_motor_controller/build/can_usb_driver' returned '1': CMAKE_PREFIX_PATH=${CMAKE_PREFIX_PATH}:/opt/ros/foxy /usr/bin/cmake /home/nvidia/ros2_usb2can_motor_controller/src/can_usb_driver -DCMAKE_INSTALL_PREFIX=/home/nvidia/ros2_usb2can_motor_controller/install/can_usb_driver
