[0.036s] Invoking command in '/home/nvidia/ros2_usb2can_motor_controller/build/motor_interfaces': CMAKE_PREFIX_PATH=${CMAKE_PREFIX_PATH}:/opt/ros/foxy /usr/bin/cmake --build /home/nvidia/ros2_usb2can_motor_controller/build/motor_interfaces -- -j12 -l12
[0.110s] [  2%] Built target motor_interfaces__cpp
[0.110s] [ 12%] Built target motor_interfaces__rosidl_generator_c
[0.143s] [ 51%] Built target motor_interfaces__rosidl_typesupport_introspection_cpp
[0.143s] [ 55%] Built target motor_interfaces__rosidl_typesupport_introspection_c
[0.143s] [ 55%] Built target motor_interfaces__rosidl_typesupport_c
[0.143s] [ 55%] Built target motor_interfaces__rosidl_typesupport_cpp
[0.147s] [ 65%] Built target motor_interfaces__rosidl_typesupport_fastrtps_cpp
[0.187s] [ 76%] Built target motor_interfaces__rosidl_typesupport_fastrtps_c
[0.222s] [ 76%] Built target motor_interfaces
[0.258s] [ 78%] Built target motor_interfaces__py
[0.303s] [ 87%] Built target motor_interfaces__python
[0.345s] [100%] Built target motor_interfaces__rosidl_typesupport_c__pyext
[0.345s] [100%] Built target motor_interfaces__rosidl_typesupport_introspection_c__pyext
[0.345s] [100%] Built target motor_interfaces__rosidl_typesupport_fastrtps_c__pyext
[0.368s] Invoked command in '/home/nvidia/ros2_usb2can_motor_controller/build/motor_interfaces' returned '0': CMAKE_PREFIX_PATH=${CMAKE_PREFIX_PATH}:/opt/ros/foxy /usr/bin/cmake --build /home/nvidia/ros2_usb2can_motor_controller/build/motor_interfaces -- -j12 -l12
[0.373s] Invoking command in '/home/nvidia/ros2_usb2can_motor_controller/build/motor_interfaces': CMAKE_PREFIX_PATH=${CMAKE_PREFIX_PATH}:/opt/ros/foxy /usr/bin/cmake --install /home/nvidia/ros2_usb2can_motor_controller/build/motor_interfaces
[0.390s] -- Install configuration: ""
[0.390s] -- Execute custom install script
[0.391s] -- Up-to-date symlink: /home/nvidia/ros2_usb2can_motor_controller/install/motor_interfaces/share/ament_index/resource_index/rosidl_interfaces/motor_interfaces
[0.392s] -- Up-to-date symlink: /home/nvidia/ros2_usb2can_motor_controller/install/motor_interfaces/include/motor_interfaces/msg/detail/motor_command__functions.h
[0.392s] -- Up-to-date symlink: /home/nvidia/ros2_usb2can_motor_controller/install/motor_interfaces/include/motor_interfaces/msg/detail/motor_command__struct.h
[0.392s] -- Up-to-date symlink: /home/nvidia/ros2_usb2can_motor_controller/install/motor_interfaces/include/motor_interfaces/msg/detail/motor_command__type_support.h
[0.392s] -- Up-to-date symlink: /home/nvidia/ros2_usb2can_motor_controller/install/motor_interfaces/include/motor_interfaces/msg/detail/motor_control__functions.h
[0.393s] -- Up-to-date symlink: /home/nvidia/ros2_usb2can_motor_controller/install/motor_interfaces/include/motor_interfaces/msg/detail/motor_control__struct.h
[0.393s] -- Up-to-date symlink: /home/nvidia/ros2_usb2can_motor_controller/install/motor_interfaces/include/motor_interfaces/msg/detail/motor_control__type_support.h
[0.393s] -- Up-to-date symlink: /home/nvidia/ros2_usb2can_motor_controller/install/motor_interfaces/include/motor_interfaces/msg/detail/motor_status__functions.h
[0.393s] -- Up-to-date symlink: /home/nvidia/ros2_usb2can_motor_controller/install/motor_interfaces/include/motor_interfaces/msg/detail/motor_status__struct.h
[0.394s] -- Up-to-date symlink: /home/nvidia/ros2_usb2can_motor_controller/install/motor_interfaces/include/motor_interfaces/msg/detail/motor_status__type_support.h
[0.394s] -- Up-to-date symlink: /home/nvidia/ros2_usb2can_motor_controller/install/motor_interfaces/include/motor_interfaces/msg/motor_command.h
[0.394s] -- Up-to-date symlink: /home/nvidia/ros2_usb2can_motor_controller/install/motor_interfaces/include/motor_interfaces/msg/motor_control.h
[0.394s] -- Up-to-date symlink: /home/nvidia/ros2_usb2can_motor_controller/install/motor_interfaces/include/motor_interfaces/msg/motor_status.h
[0.394s] -- Up-to-date symlink: /home/nvidia/ros2_usb2can_motor_controller/install/motor_interfaces/include/motor_interfaces/msg/rosidl_generator_c__visibility_control.h
[0.395s] -- Up-to-date symlink: /home/nvidia/ros2_usb2can_motor_controller/install/motor_interfaces/share/motor_interfaces/environment/library_path.sh
[0.395s] -- Up-to-date symlink: /home/nvidia/ros2_usb2can_motor_controller/install/motor_interfaces/share/motor_interfaces/environment/library_path.dsv
[0.396s] -- Up-to-date symlink: /home/nvidia/ros2_usb2can_motor_controller/install/motor_interfaces/include/motor_interfaces/msg/detail/motor_command__rosidl_typesupport_fastrtps_c.h
[0.396s] -- Up-to-date symlink: /home/nvidia/ros2_usb2can_motor_controller/install/motor_interfaces/include/motor_interfaces/msg/detail/motor_control__rosidl_typesupport_fastrtps_c.h
[0.396s] -- Up-to-date symlink: /home/nvidia/ros2_usb2can_motor_controller/install/motor_interfaces/include/motor_interfaces/msg/detail/motor_status__rosidl_typesupport_fastrtps_c.h
[0.397s] -- Up-to-date symlink: /home/nvidia/ros2_usb2can_motor_controller/install/motor_interfaces/include/motor_interfaces/msg/rosidl_typesupport_fastrtps_c__visibility_control.h
[0.397s] -- Up-to-date symlink: /home/nvidia/ros2_usb2can_motor_controller/install/motor_interfaces/lib/libmotor_interfaces__rosidl_typesupport_fastrtps_c.so
[0.398s] -- Up-to-date symlink: /home/nvidia/ros2_usb2can_motor_controller/install/motor_interfaces/include/motor_interfaces/msg/detail/motor_command__rosidl_typesupport_fastrtps_cpp.hpp
[0.398s] -- Up-to-date symlink: /home/nvidia/ros2_usb2can_motor_controller/install/motor_interfaces/include/motor_interfaces/msg/detail/motor_control__rosidl_typesupport_fastrtps_cpp.hpp
[0.398s] -- Up-to-date symlink: /home/nvidia/ros2_usb2can_motor_controller/install/motor_interfaces/include/motor_interfaces/msg/detail/motor_status__rosidl_typesupport_fastrtps_cpp.hpp
[0.399s] -- Up-to-date symlink: /home/nvidia/ros2_usb2can_motor_controller/install/motor_interfaces/include/motor_interfaces/msg/rosidl_typesupport_fastrtps_cpp__visibility_control.h
[0.399s] -- Up-to-date symlink: /home/nvidia/ros2_usb2can_motor_controller/install/motor_interfaces/lib/libmotor_interfaces__rosidl_typesupport_fastrtps_cpp.so
[0.400s] -- Up-to-date symlink: /home/nvidia/ros2_usb2can_motor_controller/install/motor_interfaces/include/motor_interfaces/msg/detail/motor_command__rosidl_typesupport_introspection_c.h
[0.400s] -- Up-to-date symlink: /home/nvidia/ros2_usb2can_motor_controller/install/motor_interfaces/include/motor_interfaces/msg/detail/motor_control__rosidl_typesupport_introspection_c.h
[0.400s] -- Up-to-date symlink: /home/nvidia/ros2_usb2can_motor_controller/install/motor_interfaces/include/motor_interfaces/msg/detail/motor_status__rosidl_typesupport_introspection_c.h
[0.400s] -- Up-to-date symlink: /home/nvidia/ros2_usb2can_motor_controller/install/motor_interfaces/include/motor_interfaces/msg/rosidl_typesupport_introspection_c__visibility_control.h
[0.401s] -- Up-to-date symlink: /home/nvidia/ros2_usb2can_motor_controller/install/motor_interfaces/include/motor_interfaces/msg/detail/motor_command__builder.hpp
[0.402s] -- Up-to-date symlink: /home/nvidia/ros2_usb2can_motor_controller/install/motor_interfaces/include/motor_interfaces/msg/detail/motor_command__struct.hpp
[0.402s] -- Up-to-date symlink: /home/nvidia/ros2_usb2can_motor_controller/install/motor_interfaces/include/motor_interfaces/msg/detail/motor_command__traits.hpp
[0.402s] -- Up-to-date symlink: /home/nvidia/ros2_usb2can_motor_controller/install/motor_interfaces/include/motor_interfaces/msg/detail/motor_command__type_support.hpp
[0.402s] -- Up-to-date symlink: /home/nvidia/ros2_usb2can_motor_controller/install/motor_interfaces/include/motor_interfaces/msg/detail/motor_control__builder.hpp
[0.402s] -- Up-to-date symlink: /home/nvidia/ros2_usb2can_motor_controller/install/motor_interfaces/include/motor_interfaces/msg/detail/motor_control__struct.hpp
[0.403s] -- Up-to-date symlink: /home/nvidia/ros2_usb2can_motor_controller/install/motor_interfaces/include/motor_interfaces/msg/detail/motor_control__traits.hpp
[0.403s] -- Up-to-date symlink: /home/nvidia/ros2_usb2can_motor_controller/install/motor_interfaces/include/motor_interfaces/msg/detail/motor_control__type_support.hpp
[0.403s] -- Up-to-date symlink: /home/nvidia/ros2_usb2can_motor_controller/install/motor_interfaces/include/motor_interfaces/msg/detail/motor_status__builder.hpp
[0.403s] -- Up-to-date symlink: /home/nvidia/ros2_usb2can_motor_controller/install/motor_interfaces/include/motor_interfaces/msg/detail/motor_status__struct.hpp
[0.404s] -- Up-to-date symlink: /home/nvidia/ros2_usb2can_motor_controller/install/motor_interfaces/include/motor_interfaces/msg/detail/motor_status__traits.hpp
[0.404s] -- Up-to-date symlink: /home/nvidia/ros2_usb2can_motor_controller/install/motor_interfaces/include/motor_interfaces/msg/detail/motor_status__type_support.hpp
[0.404s] -- Up-to-date symlink: /home/nvidia/ros2_usb2can_motor_controller/install/motor_interfaces/include/motor_interfaces/msg/motor_command.hpp
[0.404s] -- Up-to-date symlink: /home/nvidia/ros2_usb2can_motor_controller/install/motor_interfaces/include/motor_interfaces/msg/motor_control.hpp
[0.405s] -- Up-to-date symlink: /home/nvidia/ros2_usb2can_motor_controller/install/motor_interfaces/include/motor_interfaces/msg/motor_status.hpp
[0.405s] -- Up-to-date symlink: /home/nvidia/ros2_usb2can_motor_controller/install/motor_interfaces/include/motor_interfaces/msg/rosidl_generator_cpp__visibility_control.hpp
[0.406s] -- Up-to-date symlink: /home/nvidia/ros2_usb2can_motor_controller/install/motor_interfaces/include/motor_interfaces/msg/detail/motor_command__rosidl_typesupport_introspection_cpp.hpp
[0.406s] -- Up-to-date symlink: /home/nvidia/ros2_usb2can_motor_controller/install/motor_interfaces/include/motor_interfaces/msg/detail/motor_control__rosidl_typesupport_introspection_cpp.hpp
[0.406s] -- Up-to-date symlink: /home/nvidia/ros2_usb2can_motor_controller/install/motor_interfaces/include/motor_interfaces/msg/detail/motor_status__rosidl_typesupport_introspection_cpp.hpp
[0.406s] -- Up-to-date symlink: /home/nvidia/ros2_usb2can_motor_controller/install/motor_interfaces/share/motor_interfaces/environment/pythonpath.sh
[0.407s] -- Up-to-date symlink: /home/nvidia/ros2_usb2can_motor_controller/install/motor_interfaces/share/motor_interfaces/environment/pythonpath.dsv
[0.407s] -- Up-to-date symlink: /home/nvidia/ros2_usb2can_motor_controller/install/motor_interfaces/lib/python3.8/site-packages/motor_interfaces/__init__.py
[0.408s] -- Up-to-date symlink: /home/nvidia/ros2_usb2can_motor_controller/install/motor_interfaces/lib/python3.8/site-packages/motor_interfaces/msg/__init__.py
[0.408s] -- Up-to-date symlink: /home/nvidia/ros2_usb2can_motor_controller/install/motor_interfaces/lib/python3.8/site-packages/motor_interfaces/msg/_motor_command.py
[0.408s] -- Up-to-date symlink: /home/nvidia/ros2_usb2can_motor_controller/install/motor_interfaces/lib/python3.8/site-packages/motor_interfaces/msg/_motor_control.py
[0.408s] -- Up-to-date symlink: /home/nvidia/ros2_usb2can_motor_controller/install/motor_interfaces/lib/python3.8/site-packages/motor_interfaces/msg/_motor_status.py
[0.409s] -- Up-to-date symlink: /home/nvidia/ros2_usb2can_motor_controller/install/motor_interfaces/lib/python3.8/site-packages/motor_interfaces/motor_interfaces_s__rosidl_typesupport_fastrtps_c.cpython-38-aarch64-linux-gnu.so
[0.409s] -- Up-to-date symlink: /home/nvidia/ros2_usb2can_motor_controller/install/motor_interfaces/lib/python3.8/site-packages/motor_interfaces/motor_interfaces_s__rosidl_typesupport_introspection_c.cpython-38-aarch64-linux-gnu.so
[0.410s] -- Up-to-date symlink: /home/nvidia/ros2_usb2can_motor_controller/install/motor_interfaces/lib/python3.8/site-packages/motor_interfaces/motor_interfaces_s__rosidl_typesupport_c.cpython-38-aarch64-linux-gnu.so
[0.411s] -- Up-to-date symlink: /home/nvidia/ros2_usb2can_motor_controller/install/motor_interfaces/lib/libmotor_interfaces__python.so
[0.411s] -- Up-to-date symlink: /home/nvidia/ros2_usb2can_motor_controller/install/motor_interfaces/share/motor_interfaces/msg/MotorCommand.idl
[0.411s] -- Up-to-date symlink: /home/nvidia/ros2_usb2can_motor_controller/install/motor_interfaces/share/motor_interfaces/msg/MotorControl.idl
[0.412s] -- Up-to-date symlink: /home/nvidia/ros2_usb2can_motor_controller/install/motor_interfaces/share/motor_interfaces/msg/MotorStatus.idl
[0.412s] -- Up-to-date symlink: /home/nvidia/ros2_usb2can_motor_controller/install/motor_interfaces/share/motor_interfaces/msg/MotorCommand.msg
[0.412s] -- Up-to-date symlink: /home/nvidia/ros2_usb2can_motor_controller/install/motor_interfaces/share/motor_interfaces/msg/MotorControl.msg
[0.413s] -- Up-to-date symlink: /home/nvidia/ros2_usb2can_motor_controller/install/motor_interfaces/share/motor_interfaces/msg/MotorStatus.msg
[0.413s] -- Up-to-date symlink: /home/nvidia/ros2_usb2can_motor_controller/install/motor_interfaces/share/ament_index/resource_index/package_run_dependencies/motor_interfaces
[0.413s] -- Up-to-date symlink: /home/nvidia/ros2_usb2can_motor_controller/install/motor_interfaces/share/ament_index/resource_index/parent_prefix_path/motor_interfaces
[0.414s] -- Up-to-date symlink: /home/nvidia/ros2_usb2can_motor_controller/install/motor_interfaces/share/motor_interfaces/environment/ament_prefix_path.sh
[0.414s] -- Up-to-date symlink: /home/nvidia/ros2_usb2can_motor_controller/install/motor_interfaces/share/motor_interfaces/environment/ament_prefix_path.dsv
[0.414s] -- Up-to-date symlink: /home/nvidia/ros2_usb2can_motor_controller/install/motor_interfaces/share/motor_interfaces/environment/path.sh
[0.415s] -- Up-to-date symlink: /home/nvidia/ros2_usb2can_motor_controller/install/motor_interfaces/share/motor_interfaces/environment/path.dsv
[0.415s] -- Up-to-date symlink: /home/nvidia/ros2_usb2can_motor_controller/install/motor_interfaces/share/motor_interfaces/local_setup.bash
[0.415s] -- Up-to-date symlink: /home/nvidia/ros2_usb2can_motor_controller/install/motor_interfaces/share/motor_interfaces/local_setup.sh
[0.416s] -- Up-to-date symlink: /home/nvidia/ros2_usb2can_motor_controller/install/motor_interfaces/share/motor_interfaces/local_setup.zsh
[0.416s] -- Up-to-date symlink: /home/nvidia/ros2_usb2can_motor_controller/install/motor_interfaces/share/motor_interfaces/local_setup.dsv
[0.416s] -- Symlinking: /home/nvidia/ros2_usb2can_motor_controller/install/motor_interfaces/share/motor_interfaces/package.dsv
[0.433s] -- Up-to-date symlink: /home/nvidia/ros2_usb2can_motor_controller/install/motor_interfaces/share/ament_index/resource_index/packages/motor_interfaces
[0.433s] -- Up-to-date symlink: /home/nvidia/ros2_usb2can_motor_controller/install/motor_interfaces/share/motor_interfaces/cmake/rosidl_cmake-extras.cmake
[0.434s] -- Up-to-date symlink: /home/nvidia/ros2_usb2can_motor_controller/install/motor_interfaces/share/motor_interfaces/cmake/ament_cmake_export_dependencies-extras.cmake
[0.434s] -- Up-to-date symlink: /home/nvidia/ros2_usb2can_motor_controller/install/motor_interfaces/share/motor_interfaces/cmake/ament_cmake_export_libraries-extras.cmake
[0.434s] -- Up-to-date symlink: /home/nvidia/ros2_usb2can_motor_controller/install/motor_interfaces/share/motor_interfaces/cmake/ament_cmake_export_targets-extras.cmake
[0.434s] -- Up-to-date symlink: /home/nvidia/ros2_usb2can_motor_controller/install/motor_interfaces/share/motor_interfaces/cmake/ament_cmake_export_include_directories-extras.cmake
[0.435s] -- Up-to-date symlink: /home/nvidia/ros2_usb2can_motor_controller/install/motor_interfaces/share/motor_interfaces/cmake/rosidl_cmake_export_typesupport_libraries-extras.cmake
[0.435s] -- Up-to-date symlink: /home/nvidia/ros2_usb2can_motor_controller/install/motor_interfaces/share/motor_interfaces/cmake/rosidl_cmake_export_typesupport_targets-extras.cmake
[0.436s] -- Up-to-date symlink: /home/nvidia/ros2_usb2can_motor_controller/install/motor_interfaces/share/motor_interfaces/cmake/motor_interfacesConfig.cmake
[0.436s] -- Up-to-date symlink: /home/nvidia/ros2_usb2can_motor_controller/install/motor_interfaces/share/motor_interfaces/cmake/motor_interfacesConfig-version.cmake
[0.436s] -- Up-to-date symlink: /home/nvidia/ros2_usb2can_motor_controller/install/motor_interfaces/share/motor_interfaces/package.xml
[0.437s] -- Up-to-date: /home/nvidia/ros2_usb2can_motor_controller/install/motor_interfaces/lib/libmotor_interfaces__rosidl_generator_c.so
[0.437s] -- Up-to-date: /home/nvidia/ros2_usb2can_motor_controller/install/motor_interfaces/lib/libmotor_interfaces__rosidl_typesupport_introspection_c.so
[0.437s] -- Up-to-date: /home/nvidia/ros2_usb2can_motor_controller/install/motor_interfaces/lib/libmotor_interfaces__rosidl_typesupport_c.so
[0.438s] -- Up-to-date: /home/nvidia/ros2_usb2can_motor_controller/install/motor_interfaces/lib/libmotor_interfaces__rosidl_typesupport_introspection_cpp.so
[0.438s] -- Up-to-date: /home/nvidia/ros2_usb2can_motor_controller/install/motor_interfaces/lib/libmotor_interfaces__rosidl_typesupport_cpp.so
[0.486s] -- Up-to-date: /home/nvidia/ros2_usb2can_motor_controller/install/motor_interfaces/share/motor_interfaces/cmake/motor_interfaces__rosidl_generator_cExport.cmake
[0.486s] -- Up-to-date: /home/nvidia/ros2_usb2can_motor_controller/install/motor_interfaces/share/motor_interfaces/cmake/motor_interfaces__rosidl_generator_cExport-noconfig.cmake
[0.486s] -- Up-to-date: /home/nvidia/ros2_usb2can_motor_controller/install/motor_interfaces/share/motor_interfaces/cmake/motor_interfaces__rosidl_typesupport_introspection_cExport.cmake
[0.487s] -- Up-to-date: /home/nvidia/ros2_usb2can_motor_controller/install/motor_interfaces/share/motor_interfaces/cmake/motor_interfaces__rosidl_typesupport_introspection_cExport-noconfig.cmake
[0.487s] -- Up-to-date: /home/nvidia/ros2_usb2can_motor_controller/install/motor_interfaces/share/motor_interfaces/cmake/motor_interfaces__rosidl_typesupport_cExport.cmake
[0.487s] -- Up-to-date: /home/nvidia/ros2_usb2can_motor_controller/install/motor_interfaces/share/motor_interfaces/cmake/motor_interfaces__rosidl_typesupport_cExport-noconfig.cmake
[0.487s] -- Up-to-date: /home/nvidia/ros2_usb2can_motor_controller/install/motor_interfaces/share/motor_interfaces/cmake/motor_interfaces__rosidl_generator_cppExport.cmake
[0.487s] -- Up-to-date: /home/nvidia/ros2_usb2can_motor_controller/install/motor_interfaces/share/motor_interfaces/cmake/motor_interfaces__rosidl_typesupport_introspection_cppExport.cmake
[0.487s] -- Up-to-date: /home/nvidia/ros2_usb2can_motor_controller/install/motor_interfaces/share/motor_interfaces/cmake/motor_interfaces__rosidl_typesupport_introspection_cppExport-noconfig.cmake
[0.488s] -- Up-to-date: /home/nvidia/ros2_usb2can_motor_controller/install/motor_interfaces/share/motor_interfaces/cmake/motor_interfaces__rosidl_typesupport_cppExport.cmake
[0.488s] -- Up-to-date: /home/nvidia/ros2_usb2can_motor_controller/install/motor_interfaces/share/motor_interfaces/cmake/motor_interfaces__rosidl_typesupport_cppExport-noconfig.cmake
[0.494s] Invoked command in '/home/nvidia/ros2_usb2can_motor_controller/build/motor_interfaces' returned '0': CMAKE_PREFIX_PATH=${CMAKE_PREFIX_PATH}:/opt/ros/foxy /usr/bin/cmake --install /home/nvidia/ros2_usb2can_motor_controller/build/motor_interfaces
