[35m[1mConsolidate compiler generated dependencies of target motor_node[0m
[ 25%] [32mBuilding CXX object CMakeFiles/motor_node.dir/src/motor_node.cpp.o[0m
[ 50%] [32m[1mLinking CXX executable motor_node[0m
[100%] Built target motor_node
-- Install configuration: ""
-- Installing: /home/nvidia/ros2_usb2can_motor_controller/install/motor_controller/lib/motor_controller/motor_node
-- Set runtime path of "/home/nvidia/ros2_usb2can_motor_controller/install/motor_controller/lib/motor_controller/motor_node" to ""
-- Up-to-date: /home/nvidia/ros2_usb2can_motor_controller/install/motor_controller/include
-- Up-to-date: /home/nvidia/ros2_usb2can_motor_controller/install/motor_controller/include/motor_controller
-- Up-to-date: /home/nvidia/ros2_usb2can_motor_controller/install/motor_controller/include/motor_controller/se_motor_parser.hpp
-- Up-to-date: /home/nvidia/ros2_usb2can_motor_controller/install/motor_controller/include/motor_controller/rs03_motor_parser.hpp
-- Up-to-date: /home/nvidia/ros2_usb2can_motor_controller/install/motor_controller/include/motor_controller/math_ops.hpp
-- Up-to-date: /home/nvidia/ros2_usb2can_motor_controller/install/motor_controller/include/motor_controller/motor_parser_base.hpp
-- Up-to-date: /home/nvidia/ros2_usb2can_motor_controller/install/motor_controller/share/motor_controller/config
-- Up-to-date: /home/nvidia/ros2_usb2can_motor_controller/install/motor_controller/share/motor_controller/config/motors.yaml
-- Up-to-date: /home/nvidia/ros2_usb2can_motor_controller/install/motor_controller/share/motor_controller/config/devices.yaml
-- Up-to-date: /home/nvidia/ros2_usb2can_motor_controller/install/motor_controller/share/motor_controller//launch
-- Up-to-date: /home/nvidia/ros2_usb2can_motor_controller/install/motor_controller/share/motor_controller//launch/motor_node.launch.py
-- Up-to-date: /home/nvidia/ros2_usb2can_motor_controller/install/motor_controller/share/ament_index/resource_index/package_run_dependencies/motor_controller
-- Up-to-date: /home/nvidia/ros2_usb2can_motor_controller/install/motor_controller/share/ament_index/resource_index/parent_prefix_path/motor_controller
-- Up-to-date: /home/nvidia/ros2_usb2can_motor_controller/install/motor_controller/share/motor_controller/environment/ament_prefix_path.sh
-- Up-to-date: /home/nvidia/ros2_usb2can_motor_controller/install/motor_controller/share/motor_controller/environment/ament_prefix_path.dsv
-- Up-to-date: /home/nvidia/ros2_usb2can_motor_controller/install/motor_controller/share/motor_controller/environment/path.sh
-- Up-to-date: /home/nvidia/ros2_usb2can_motor_controller/install/motor_controller/share/motor_controller/environment/path.dsv
-- Up-to-date: /home/nvidia/ros2_usb2can_motor_controller/install/motor_controller/share/motor_controller/local_setup.bash
-- Up-to-date: /home/nvidia/ros2_usb2can_motor_controller/install/motor_controller/share/motor_controller/local_setup.sh
-- Up-to-date: /home/nvidia/ros2_usb2can_motor_controller/install/motor_controller/share/motor_controller/local_setup.zsh
-- Up-to-date: /home/nvidia/ros2_usb2can_motor_controller/install/motor_controller/share/motor_controller/local_setup.dsv
-- Installing: /home/nvidia/ros2_usb2can_motor_controller/install/motor_controller/share/motor_controller/package.dsv
-- Up-to-date: /home/nvidia/ros2_usb2can_motor_controller/install/motor_controller/share/ament_index/resource_index/packages/motor_controller
-- Up-to-date: /home/nvidia/ros2_usb2can_motor_controller/install/motor_controller/share/motor_controller/cmake/motor_controllerConfig.cmake
-- Up-to-date: /home/nvidia/ros2_usb2can_motor_controller/install/motor_controller/share/motor_controller/cmake/motor_controllerConfig-version.cmake
-- Up-to-date: /home/nvidia/ros2_usb2can_motor_controller/install/motor_controller/share/motor_controller/package.xml
