[0.037s] Invoking command in '/home/nvidia/ros2_usb2can_motor_controller/build/motor_interfaces': CMAKE_PREFIX_PATH=${CMAKE_PREFIX_PATH}:/opt/ros/foxy /usr/bin/cmake --build /home/nvidia/ros2_usb2can_motor_controller/build/motor_interfaces -- -j12 -l12
[0.079s] -- Found rosidl_default_generators: 1.0.1 (/opt/ros/foxy/share/rosidl_default_generators/cmake)
[0.079s] -- Found ament_cmake_core: 0.9.12 (/opt/ros/foxy/share/ament_cmake_core/cmake)
[0.112s] -- Found PythonInterp: /usr/bin/python3 (found suitable version "3.8.10", minimum required is "3") 
[0.112s] -- Using PYTHON_EXECUTABLE: /usr/bin/python3
[0.376s] -- Override CMake install command with custom implementation using symlinks instead of copying resources
[0.380s] -- Using all available rosidl_typesupport_c: rosidl_typesupport_fastrtps_c;rosidl_typesupport_introspection_c
[0.384s] -- Found rosidl_adapter: 1.3.1 (/opt/ros/foxy/share/rosidl_adapter/cmake)
[0.577s] -- Using all available rosidl_typesupport_cpp: rosidl_typesupport_fastrtps_cpp;rosidl_typesupport_introspection_cpp
[0.637s] -- Found PythonInterp: /usr/bin/python3 (found version "3.8.10") 
[0.830s] -- Found ament_cmake_ros: 0.9.2 (/opt/ros/foxy/share/ament_cmake_ros/cmake)
[0.970s] -- Using all available rosidl_typesupport_c: rosidl_typesupport_fastrtps_c;rosidl_typesupport_introspection_c
[0.981s] -- Using all available rosidl_typesupport_cpp: rosidl_typesupport_fastrtps_cpp;rosidl_typesupport_introspection_cpp
[1.016s] -- Found PythonInterp: /usr/bin/python3 (found suitable version "3.8.10", minimum required is "3.5") 
[1.017s] -- Found python_cmake_module: 0.8.1 (/opt/ros/foxy/share/python_cmake_module/cmake)
[1.050s] -- Using PYTHON_EXECUTABLE: /usr/bin/python3
[1.050s] -- Using PYTHON_INCLUDE_DIRS: /usr/include/python3.8
[1.051s] -- Using PYTHON_LIBRARIES: /usr/lib/aarch64-linux-gnu/libpython3.8.so
[1.086s] -- Configuring done
[1.132s] -- Generating done
[1.147s] -- Build files have been written to: /home/nvidia/ros2_usb2can_motor_controller/build/motor_interfaces
[1.195s] [  2%] [34m[1mGenerating C code for ROS interfaces[0m
[1.211s] [  4%] [34m[1mGenerating C++ code for ROS interfaces[0m
[1.680s] [  4%] Built target motor_interfaces__cpp
[1.695s] [35m[1mScanning dependencies of target motor_interfaces__rosidl_generator_c[0m
[1.695s] [  8%] [34m[1mGenerating C++ type support for eProsima Fast-RTPS[0m
[1.696s] [  8%] [34m[1mGenerating C++ introspection for ROS interfaces[0m
[1.696s] [ 10%] [34m[1mGenerating C++ type support dispatch for ROS interfaces[0m
[1.716s] [ 17%] [32mBuilding C object CMakeFiles/motor_interfaces__rosidl_generator_c.dir/rosidl_generator_c/motor_interfaces/msg/detail/motor_command__functions.c.o[0m
[1.716s] [ 17%] [32mBuilding C object CMakeFiles/motor_interfaces__rosidl_generator_c.dir/rosidl_generator_c/motor_interfaces/msg/detail/motor_control__functions.c.o[0m
[1.716s] [ 17%] [32mBuilding C object CMakeFiles/motor_interfaces__rosidl_generator_c.dir/rosidl_generator_c/motor_interfaces/msg/detail/motor_status__functions.c.o[0m
[1.798s] [ 19%] [32m[1mLinking C shared library libmotor_interfaces__rosidl_generator_c.so[0m
[1.851s] [ 19%] Built target motor_interfaces__rosidl_generator_c
[1.869s] [ 23%] [34m[1mGenerating C type support dispatch for ROS interfaces[0m
[1.869s] [ 23%] [34m[1mGenerating C introspection for ROS interfaces[0m
[2.087s] [35m[1mScanning dependencies of target motor_interfaces__rosidl_typesupport_cpp[0m
[2.107s] [ 27%] [32mBuilding CXX object CMakeFiles/motor_interfaces__rosidl_typesupport_cpp.dir/rosidl_typesupport_cpp/motor_interfaces/msg/motor_control__type_support.cpp.o[0m
[2.108s] [ 27%] [32mBuilding CXX object CMakeFiles/motor_interfaces__rosidl_typesupport_cpp.dir/rosidl_typesupport_cpp/motor_interfaces/msg/motor_command__type_support.cpp.o[0m
[2.108s] [ 29%] [32mBuilding CXX object CMakeFiles/motor_interfaces__rosidl_typesupport_cpp.dir/rosidl_typesupport_cpp/motor_interfaces/msg/motor_status__type_support.cpp.o[0m
[2.127s] [35m[1mScanning dependencies of target motor_interfaces__rosidl_typesupport_introspection_cpp[0m
[2.149s] [ 34%] [32mBuilding CXX object CMakeFiles/motor_interfaces__rosidl_typesupport_introspection_cpp.dir/rosidl_typesupport_introspection_cpp/motor_interfaces/msg/detail/motor_status__type_support.cpp.o[0m
[2.149s] [ 34%] [32mBuilding CXX object CMakeFiles/motor_interfaces__rosidl_typesupport_introspection_cpp.dir/rosidl_typesupport_introspection_cpp/motor_interfaces/msg/detail/motor_control__type_support.cpp.o[0m
[2.151s] [ 36%] [32mBuilding CXX object CMakeFiles/motor_interfaces__rosidl_typesupport_introspection_cpp.dir/rosidl_typesupport_introspection_cpp/motor_interfaces/msg/detail/motor_command__type_support.cpp.o[0m
[2.180s] [35m[1mScanning dependencies of target motor_interfaces__rosidl_typesupport_fastrtps_cpp[0m
[2.222s] [ 38%] [32mBuilding CXX object CMakeFiles/motor_interfaces__rosidl_typesupport_fastrtps_cpp.dir/rosidl_typesupport_fastrtps_cpp/motor_interfaces/msg/detail/dds_fastrtps/motor_command__type_support.cpp.o[0m
[2.227s] [ 40%] [32mBuilding CXX object CMakeFiles/motor_interfaces__rosidl_typesupport_fastrtps_cpp.dir/rosidl_typesupport_fastrtps_cpp/motor_interfaces/msg/detail/dds_fastrtps/motor_control__type_support.cpp.o[0m
[2.229s] [ 42%] [32mBuilding CXX object CMakeFiles/motor_interfaces__rosidl_typesupport_fastrtps_cpp.dir/rosidl_typesupport_fastrtps_cpp/motor_interfaces/msg/detail/dds_fastrtps/motor_status__type_support.cpp.o[0m
[2.283s] [35m[1mScanning dependencies of target motor_interfaces__rosidl_typesupport_c[0m
[2.311s] [ 44%] [32mBuilding CXX object CMakeFiles/motor_interfaces__rosidl_typesupport_c.dir/rosidl_typesupport_c/motor_interfaces/msg/motor_control__type_support.cpp.o[0m
[2.320s] [ 46%] [32mBuilding CXX object CMakeFiles/motor_interfaces__rosidl_typesupport_c.dir/rosidl_typesupport_c/motor_interfaces/msg/motor_command__type_support.cpp.o[0m
[2.381s] [ 48%] [32mBuilding CXX object CMakeFiles/motor_interfaces__rosidl_typesupport_c.dir/rosidl_typesupport_c/motor_interfaces/msg/motor_status__type_support.cpp.o[0m
[2.417s] [35m[1mScanning dependencies of target motor_interfaces__rosidl_typesupport_introspection_c[0m
[2.444s] [ 51%] [32m[1mLinking CXX shared library libmotor_interfaces__rosidl_typesupport_c.so[0m
[2.455s] [ 55%] [32mBuilding C object CMakeFiles/motor_interfaces__rosidl_typesupport_introspection_c.dir/rosidl_typesupport_introspection_c/motor_interfaces/msg/detail/motor_control__type_support.c.o[0m
[2.455s] [ 55%] [32mBuilding C object CMakeFiles/motor_interfaces__rosidl_typesupport_introspection_c.dir/rosidl_typesupport_introspection_c/motor_interfaces/msg/detail/motor_command__type_support.c.o[0m
[2.525s] [ 55%] Built target motor_interfaces__rosidl_typesupport_c
[2.531s] [ 57%] [32mBuilding C object CMakeFiles/motor_interfaces__rosidl_typesupport_introspection_c.dir/rosidl_typesupport_introspection_c/motor_interfaces/msg/detail/motor_status__type_support.c.o[0m
[2.593s] [ 61%] [32m[1mLinking C shared library libmotor_interfaces__rosidl_typesupport_introspection_c.so[0m
[2.593s] [ 61%] [32m[1mLinking CXX shared library libmotor_interfaces__rosidl_typesupport_cpp.so[0m
[2.645s] [ 61%] Built target motor_interfaces__rosidl_typesupport_introspection_c
[2.645s] [ 63%] [32m[1mLinking CXX shared library libmotor_interfaces__rosidl_typesupport_introspection_cpp.so[0m
[2.656s] [ 63%] Built target motor_interfaces__rosidl_typesupport_cpp
[2.741s] [ 63%] Built target motor_interfaces__rosidl_typesupport_introspection_cpp
[2.963s] [ 65%] [32m[1mLinking CXX shared library libmotor_interfaces__rosidl_typesupport_fastrtps_cpp.so[0m
[3.086s] [ 65%] Built target motor_interfaces__rosidl_typesupport_fastrtps_cpp
[3.103s] [ 68%] [34m[1mGenerating C type support for eProsima Fast-RTPS[0m
[3.552s] [35m[1mScanning dependencies of target motor_interfaces__rosidl_typesupport_fastrtps_c[0m
[3.575s] [ 74%] [32mBuilding CXX object CMakeFiles/motor_interfaces__rosidl_typesupport_fastrtps_c.dir/rosidl_typesupport_fastrtps_c/motor_interfaces/msg/detail/motor_control__type_support_c.cpp.o[0m
[3.575s] [ 74%] [32mBuilding CXX object CMakeFiles/motor_interfaces__rosidl_typesupport_fastrtps_c.dir/rosidl_typesupport_fastrtps_c/motor_interfaces/msg/detail/motor_command__type_support_c.cpp.o[0m
[3.575s] [ 74%] [32mBuilding CXX object CMakeFiles/motor_interfaces__rosidl_typesupport_fastrtps_c.dir/rosidl_typesupport_fastrtps_c/motor_interfaces/msg/detail/motor_status__type_support_c.cpp.o[0m
[4.160s] [ 76%] [32m[1mLinking CXX shared library libmotor_interfaces__rosidl_typesupport_fastrtps_c.so[0m
[4.284s] [ 76%] Built target motor_interfaces__rosidl_typesupport_fastrtps_c
[4.319s] [ 76%] Built target motor_interfaces
[4.355s] [ 78%] [34m[1mGenerating Python code for ROS interfaces[0m
[5.240s] [ 78%] Built target motor_interfaces__py
[5.260s] [35m[1mScanning dependencies of target motor_interfaces__python[0m
[5.289s] [ 85%] [32mBuilding C object CMakeFiles/motor_interfaces__python.dir/rosidl_generator_py/motor_interfaces/msg/_motor_control_s.c.o[0m
[5.289s] [ 85%] [32mBuilding C object CMakeFiles/motor_interfaces__python.dir/rosidl_generator_py/motor_interfaces/msg/_motor_status_s.c.o[0m
[5.290s] [ 85%] [32mBuilding C object CMakeFiles/motor_interfaces__python.dir/rosidl_generator_py/motor_interfaces/msg/_motor_command_s.c.o[0m
[5.442s] [ 87%] [32m[1mLinking C shared library rosidl_generator_py/motor_interfaces/libmotor_interfaces__python.so[0m
[5.502s] [ 87%] Built target motor_interfaces__python
[5.520s] [35m[1mScanning dependencies of target motor_interfaces__rosidl_typesupport_introspection_c__pyext[0m
[5.521s] [35m[1mScanning dependencies of target motor_interfaces__rosidl_typesupport_fastrtps_c__pyext[0m
[5.521s] [35m[1mScanning dependencies of target motor_interfaces__rosidl_typesupport_c__pyext[0m
[5.547s] [ 93%] [32mBuilding C object CMakeFiles/motor_interfaces__rosidl_typesupport_fastrtps_c__pyext.dir/rosidl_generator_py/motor_interfaces/_motor_interfaces_s.ep.rosidl_typesupport_fastrtps_c.c.o[0m
[5.548s] [ 93%] [32mBuilding C object CMakeFiles/motor_interfaces__rosidl_typesupport_c__pyext.dir/rosidl_generator_py/motor_interfaces/_motor_interfaces_s.ep.rosidl_typesupport_c.c.o[0m
[5.548s] [ 93%] [32mBuilding C object CMakeFiles/motor_interfaces__rosidl_typesupport_introspection_c__pyext.dir/rosidl_generator_py/motor_interfaces/_motor_interfaces_s.ep.rosidl_typesupport_introspection_c.c.o[0m
[5.673s] [ 95%] [32m[1mLinking C shared library rosidl_generator_py/motor_interfaces/motor_interfaces_s__rosidl_typesupport_introspection_c.cpython-38-aarch64-linux-gnu.so[0m
[5.674s] [100%] [32m[1mLinking CXX shared library rosidl_generator_py/motor_interfaces/motor_interfaces_s__rosidl_typesupport_fastrtps_c.cpython-38-aarch64-linux-gnu.so[0m
[5.674s] [100%] [32m[1mLinking C shared library rosidl_generator_py/motor_interfaces/motor_interfaces_s__rosidl_typesupport_c.cpython-38-aarch64-linux-gnu.so[0m
[5.725s] [100%] Built target motor_interfaces__rosidl_typesupport_introspection_c__pyext
[5.725s] [100%] Built target motor_interfaces__rosidl_typesupport_c__pyext
[5.759s] [100%] Built target motor_interfaces__rosidl_typesupport_fastrtps_c__pyext
[5.781s] Invoked command in '/home/nvidia/ros2_usb2can_motor_controller/build/motor_interfaces' returned '0': CMAKE_PREFIX_PATH=${CMAKE_PREFIX_PATH}:/opt/ros/foxy /usr/bin/cmake --build /home/nvidia/ros2_usb2can_motor_controller/build/motor_interfaces -- -j12 -l12
[5.784s] Invoking command in '/home/nvidia/ros2_usb2can_motor_controller/build/motor_interfaces': CMAKE_PREFIX_PATH=${CMAKE_PREFIX_PATH}:/opt/ros/foxy /usr/bin/cmake --install /home/nvidia/ros2_usb2can_motor_controller/build/motor_interfaces
[5.802s] -- Install configuration: ""
[5.803s] -- Execute custom install script
[5.803s] -- Up-to-date symlink: /home/nvidia/ros2_usb2can_motor_controller/install/motor_interfaces/share/ament_index/resource_index/rosidl_interfaces/motor_interfaces
[5.804s] -- Up-to-date symlink: /home/nvidia/ros2_usb2can_motor_controller/install/motor_interfaces/include/motor_interfaces/msg/detail/motor_command__functions.h
[5.804s] -- Up-to-date symlink: /home/nvidia/ros2_usb2can_motor_controller/install/motor_interfaces/include/motor_interfaces/msg/detail/motor_command__struct.h
[5.805s] -- Up-to-date symlink: /home/nvidia/ros2_usb2can_motor_controller/install/motor_interfaces/include/motor_interfaces/msg/detail/motor_command__type_support.h
[5.805s] -- Up-to-date symlink: /home/nvidia/ros2_usb2can_motor_controller/install/motor_interfaces/include/motor_interfaces/msg/detail/motor_control__functions.h
[5.805s] -- Up-to-date symlink: /home/nvidia/ros2_usb2can_motor_controller/install/motor_interfaces/include/motor_interfaces/msg/detail/motor_control__struct.h
[5.805s] -- Up-to-date symlink: /home/nvidia/ros2_usb2can_motor_controller/install/motor_interfaces/include/motor_interfaces/msg/detail/motor_control__type_support.h
[5.806s] -- Up-to-date symlink: /home/nvidia/ros2_usb2can_motor_controller/install/motor_interfaces/include/motor_interfaces/msg/detail/motor_status__functions.h
[5.806s] -- Up-to-date symlink: /home/nvidia/ros2_usb2can_motor_controller/install/motor_interfaces/include/motor_interfaces/msg/detail/motor_status__struct.h
[5.806s] -- Up-to-date symlink: /home/nvidia/ros2_usb2can_motor_controller/install/motor_interfaces/include/motor_interfaces/msg/detail/motor_status__type_support.h
[5.806s] -- Up-to-date symlink: /home/nvidia/ros2_usb2can_motor_controller/install/motor_interfaces/include/motor_interfaces/msg/motor_command.h
[5.806s] -- Up-to-date symlink: /home/nvidia/ros2_usb2can_motor_controller/install/motor_interfaces/include/motor_interfaces/msg/motor_control.h
[5.807s] -- Up-to-date symlink: /home/nvidia/ros2_usb2can_motor_controller/install/motor_interfaces/include/motor_interfaces/msg/motor_status.h
[5.807s] -- Up-to-date symlink: /home/nvidia/ros2_usb2can_motor_controller/install/motor_interfaces/include/motor_interfaces/msg/rosidl_generator_c__visibility_control.h
[5.807s] -- Up-to-date symlink: /home/nvidia/ros2_usb2can_motor_controller/install/motor_interfaces/share/motor_interfaces/environment/library_path.sh
[5.808s] -- Up-to-date symlink: /home/nvidia/ros2_usb2can_motor_controller/install/motor_interfaces/share/motor_interfaces/environment/library_path.dsv
[5.808s] -- Up-to-date symlink: /home/nvidia/ros2_usb2can_motor_controller/install/motor_interfaces/include/motor_interfaces/msg/detail/motor_command__rosidl_typesupport_fastrtps_c.h
[5.809s] -- Up-to-date symlink: /home/nvidia/ros2_usb2can_motor_controller/install/motor_interfaces/include/motor_interfaces/msg/detail/motor_control__rosidl_typesupport_fastrtps_c.h
[5.809s] -- Up-to-date symlink: /home/nvidia/ros2_usb2can_motor_controller/install/motor_interfaces/include/motor_interfaces/msg/detail/motor_status__rosidl_typesupport_fastrtps_c.h
[5.809s] -- Up-to-date symlink: /home/nvidia/ros2_usb2can_motor_controller/install/motor_interfaces/include/motor_interfaces/msg/rosidl_typesupport_fastrtps_c__visibility_control.h
[5.810s] -- Up-to-date symlink: /home/nvidia/ros2_usb2can_motor_controller/install/motor_interfaces/lib/libmotor_interfaces__rosidl_typesupport_fastrtps_c.so
[5.811s] -- Up-to-date symlink: /home/nvidia/ros2_usb2can_motor_controller/install/motor_interfaces/include/motor_interfaces/msg/detail/motor_command__rosidl_typesupport_fastrtps_cpp.hpp
[5.811s] -- Up-to-date symlink: /home/nvidia/ros2_usb2can_motor_controller/install/motor_interfaces/include/motor_interfaces/msg/detail/motor_control__rosidl_typesupport_fastrtps_cpp.hpp
[5.811s] -- Up-to-date symlink: /home/nvidia/ros2_usb2can_motor_controller/install/motor_interfaces/include/motor_interfaces/msg/detail/motor_status__rosidl_typesupport_fastrtps_cpp.hpp
[5.811s] -- Up-to-date symlink: /home/nvidia/ros2_usb2can_motor_controller/install/motor_interfaces/include/motor_interfaces/msg/rosidl_typesupport_fastrtps_cpp__visibility_control.h
[5.812s] -- Up-to-date symlink: /home/nvidia/ros2_usb2can_motor_controller/install/motor_interfaces/lib/libmotor_interfaces__rosidl_typesupport_fastrtps_cpp.so
[5.813s] -- Up-to-date symlink: /home/nvidia/ros2_usb2can_motor_controller/install/motor_interfaces/include/motor_interfaces/msg/detail/motor_command__rosidl_typesupport_introspection_c.h
[5.813s] -- Up-to-date symlink: /home/nvidia/ros2_usb2can_motor_controller/install/motor_interfaces/include/motor_interfaces/msg/detail/motor_control__rosidl_typesupport_introspection_c.h
[5.813s] -- Up-to-date symlink: /home/nvidia/ros2_usb2can_motor_controller/install/motor_interfaces/include/motor_interfaces/msg/detail/motor_status__rosidl_typesupport_introspection_c.h
[5.813s] -- Up-to-date symlink: /home/nvidia/ros2_usb2can_motor_controller/install/motor_interfaces/include/motor_interfaces/msg/rosidl_typesupport_introspection_c__visibility_control.h
[5.814s] -- Up-to-date symlink: /home/nvidia/ros2_usb2can_motor_controller/install/motor_interfaces/include/motor_interfaces/msg/detail/motor_command__builder.hpp
[5.814s] -- Up-to-date symlink: /home/nvidia/ros2_usb2can_motor_controller/install/motor_interfaces/include/motor_interfaces/msg/detail/motor_command__struct.hpp
[5.814s] -- Up-to-date symlink: /home/nvidia/ros2_usb2can_motor_controller/install/motor_interfaces/include/motor_interfaces/msg/detail/motor_command__traits.hpp
[5.815s] -- Up-to-date symlink: /home/nvidia/ros2_usb2can_motor_controller/install/motor_interfaces/include/motor_interfaces/msg/detail/motor_command__type_support.hpp
[5.815s] -- Up-to-date symlink: /home/nvidia/ros2_usb2can_motor_controller/install/motor_interfaces/include/motor_interfaces/msg/detail/motor_control__builder.hpp
[5.815s] -- Up-to-date symlink: /home/nvidia/ros2_usb2can_motor_controller/install/motor_interfaces/include/motor_interfaces/msg/detail/motor_control__struct.hpp
[5.815s] -- Up-to-date symlink: /home/nvidia/ros2_usb2can_motor_controller/install/motor_interfaces/include/motor_interfaces/msg/detail/motor_control__traits.hpp
[5.816s] -- Up-to-date symlink: /home/nvidia/ros2_usb2can_motor_controller/install/motor_interfaces/include/motor_interfaces/msg/detail/motor_control__type_support.hpp
[5.816s] -- Up-to-date symlink: /home/nvidia/ros2_usb2can_motor_controller/install/motor_interfaces/include/motor_interfaces/msg/detail/motor_status__builder.hpp
[5.816s] -- Up-to-date symlink: /home/nvidia/ros2_usb2can_motor_controller/install/motor_interfaces/include/motor_interfaces/msg/detail/motor_status__struct.hpp
[5.816s] -- Up-to-date symlink: /home/nvidia/ros2_usb2can_motor_controller/install/motor_interfaces/include/motor_interfaces/msg/detail/motor_status__traits.hpp
[5.817s] -- Up-to-date symlink: /home/nvidia/ros2_usb2can_motor_controller/install/motor_interfaces/include/motor_interfaces/msg/detail/motor_status__type_support.hpp
[5.817s] -- Up-to-date symlink: /home/nvidia/ros2_usb2can_motor_controller/install/motor_interfaces/include/motor_interfaces/msg/motor_command.hpp
[5.817s] -- Up-to-date symlink: /home/nvidia/ros2_usb2can_motor_controller/install/motor_interfaces/include/motor_interfaces/msg/motor_control.hpp
[5.817s] -- Up-to-date symlink: /home/nvidia/ros2_usb2can_motor_controller/install/motor_interfaces/include/motor_interfaces/msg/motor_status.hpp
[5.817s] -- Up-to-date symlink: /home/nvidia/ros2_usb2can_motor_controller/install/motor_interfaces/include/motor_interfaces/msg/rosidl_generator_cpp__visibility_control.hpp
[5.818s] -- Up-to-date symlink: /home/nvidia/ros2_usb2can_motor_controller/install/motor_interfaces/include/motor_interfaces/msg/detail/motor_command__rosidl_typesupport_introspection_cpp.hpp
[5.818s] -- Up-to-date symlink: /home/nvidia/ros2_usb2can_motor_controller/install/motor_interfaces/include/motor_interfaces/msg/detail/motor_control__rosidl_typesupport_introspection_cpp.hpp
[5.818s] -- Up-to-date symlink: /home/nvidia/ros2_usb2can_motor_controller/install/motor_interfaces/include/motor_interfaces/msg/detail/motor_status__rosidl_typesupport_introspection_cpp.hpp
[5.819s] -- Up-to-date symlink: /home/nvidia/ros2_usb2can_motor_controller/install/motor_interfaces/share/motor_interfaces/environment/pythonpath.sh
[5.819s] -- Up-to-date symlink: /home/nvidia/ros2_usb2can_motor_controller/install/motor_interfaces/share/motor_interfaces/environment/pythonpath.dsv
[5.820s] -- Up-to-date symlink: /home/nvidia/ros2_usb2can_motor_controller/install/motor_interfaces/lib/python3.8/site-packages/motor_interfaces/__init__.py
[5.820s] -- Up-to-date symlink: /home/nvidia/ros2_usb2can_motor_controller/install/motor_interfaces/lib/python3.8/site-packages/motor_interfaces/msg/__init__.py
[5.820s] -- Up-to-date symlink: /home/nvidia/ros2_usb2can_motor_controller/install/motor_interfaces/lib/python3.8/site-packages/motor_interfaces/msg/_motor_command.py
[5.821s] -- Up-to-date symlink: /home/nvidia/ros2_usb2can_motor_controller/install/motor_interfaces/lib/python3.8/site-packages/motor_interfaces/msg/_motor_control.py
[5.821s] -- Up-to-date symlink: /home/nvidia/ros2_usb2can_motor_controller/install/motor_interfaces/lib/python3.8/site-packages/motor_interfaces/msg/_motor_status.py
[5.821s] -- Up-to-date symlink: /home/nvidia/ros2_usb2can_motor_controller/install/motor_interfaces/lib/python3.8/site-packages/motor_interfaces/motor_interfaces_s__rosidl_typesupport_fastrtps_c.cpython-38-aarch64-linux-gnu.so
[5.822s] -- Up-to-date symlink: /home/nvidia/ros2_usb2can_motor_controller/install/motor_interfaces/lib/python3.8/site-packages/motor_interfaces/motor_interfaces_s__rosidl_typesupport_introspection_c.cpython-38-aarch64-linux-gnu.so
[5.822s] -- Up-to-date symlink: /home/nvidia/ros2_usb2can_motor_controller/install/motor_interfaces/lib/python3.8/site-packages/motor_interfaces/motor_interfaces_s__rosidl_typesupport_c.cpython-38-aarch64-linux-gnu.so
[5.823s] -- Up-to-date symlink: /home/nvidia/ros2_usb2can_motor_controller/install/motor_interfaces/lib/libmotor_interfaces__python.so
[5.823s] -- Up-to-date symlink: /home/nvidia/ros2_usb2can_motor_controller/install/motor_interfaces/share/motor_interfaces/msg/MotorCommand.idl
[5.824s] -- Up-to-date symlink: /home/nvidia/ros2_usb2can_motor_controller/install/motor_interfaces/share/motor_interfaces/msg/MotorControl.idl
[5.824s] -- Up-to-date symlink: /home/nvidia/ros2_usb2can_motor_controller/install/motor_interfaces/share/motor_interfaces/msg/MotorStatus.idl
[5.824s] -- Up-to-date symlink: /home/nvidia/ros2_usb2can_motor_controller/install/motor_interfaces/share/motor_interfaces/msg/MotorCommand.msg
[5.825s] -- Up-to-date symlink: /home/nvidia/ros2_usb2can_motor_controller/install/motor_interfaces/share/motor_interfaces/msg/MotorControl.msg
[5.825s] -- Up-to-date symlink: /home/nvidia/ros2_usb2can_motor_controller/install/motor_interfaces/share/motor_interfaces/msg/MotorStatus.msg
[5.826s] -- Up-to-date symlink: /home/nvidia/ros2_usb2can_motor_controller/install/motor_interfaces/share/ament_index/resource_index/package_run_dependencies/motor_interfaces
[5.826s] -- Up-to-date symlink: /home/nvidia/ros2_usb2can_motor_controller/install/motor_interfaces/share/ament_index/resource_index/parent_prefix_path/motor_interfaces
[5.826s] -- Up-to-date symlink: /home/nvidia/ros2_usb2can_motor_controller/install/motor_interfaces/share/motor_interfaces/environment/ament_prefix_path.sh
[5.827s] -- Up-to-date symlink: /home/nvidia/ros2_usb2can_motor_controller/install/motor_interfaces/share/motor_interfaces/environment/ament_prefix_path.dsv
[5.827s] -- Up-to-date symlink: /home/nvidia/ros2_usb2can_motor_controller/install/motor_interfaces/share/motor_interfaces/environment/path.sh
[5.827s] -- Up-to-date symlink: /home/nvidia/ros2_usb2can_motor_controller/install/motor_interfaces/share/motor_interfaces/environment/path.dsv
[5.828s] -- Up-to-date symlink: /home/nvidia/ros2_usb2can_motor_controller/install/motor_interfaces/share/motor_interfaces/local_setup.bash
[5.828s] -- Up-to-date symlink: /home/nvidia/ros2_usb2can_motor_controller/install/motor_interfaces/share/motor_interfaces/local_setup.sh
[5.828s] -- Up-to-date symlink: /home/nvidia/ros2_usb2can_motor_controller/install/motor_interfaces/share/motor_interfaces/local_setup.zsh
[5.829s] -- Up-to-date symlink: /home/nvidia/ros2_usb2can_motor_controller/install/motor_interfaces/share/motor_interfaces/local_setup.dsv
[5.829s] -- Symlinking: /home/nvidia/ros2_usb2can_motor_controller/install/motor_interfaces/share/motor_interfaces/package.dsv
[5.845s] -- Up-to-date symlink: /home/nvidia/ros2_usb2can_motor_controller/install/motor_interfaces/share/ament_index/resource_index/packages/motor_interfaces
[5.845s] -- Up-to-date symlink: /home/nvidia/ros2_usb2can_motor_controller/install/motor_interfaces/share/motor_interfaces/cmake/rosidl_cmake-extras.cmake
[5.845s] -- Up-to-date symlink: /home/nvidia/ros2_usb2can_motor_controller/install/motor_interfaces/share/motor_interfaces/cmake/ament_cmake_export_dependencies-extras.cmake
[5.846s] -- Up-to-date symlink: /home/nvidia/ros2_usb2can_motor_controller/install/motor_interfaces/share/motor_interfaces/cmake/ament_cmake_export_libraries-extras.cmake
[5.846s] -- Up-to-date symlink: /home/nvidia/ros2_usb2can_motor_controller/install/motor_interfaces/share/motor_interfaces/cmake/ament_cmake_export_targets-extras.cmake
[5.846s] -- Up-to-date symlink: /home/nvidia/ros2_usb2can_motor_controller/install/motor_interfaces/share/motor_interfaces/cmake/ament_cmake_export_include_directories-extras.cmake
[5.847s] -- Up-to-date symlink: /home/nvidia/ros2_usb2can_motor_controller/install/motor_interfaces/share/motor_interfaces/cmake/rosidl_cmake_export_typesupport_libraries-extras.cmake
[5.847s] -- Up-to-date symlink: /home/nvidia/ros2_usb2can_motor_controller/install/motor_interfaces/share/motor_interfaces/cmake/rosidl_cmake_export_typesupport_targets-extras.cmake
[5.847s] -- Up-to-date symlink: /home/nvidia/ros2_usb2can_motor_controller/install/motor_interfaces/share/motor_interfaces/cmake/motor_interfacesConfig.cmake
[5.848s] -- Up-to-date symlink: /home/nvidia/ros2_usb2can_motor_controller/install/motor_interfaces/share/motor_interfaces/cmake/motor_interfacesConfig-version.cmake
[5.848s] -- Up-to-date symlink: /home/nvidia/ros2_usb2can_motor_controller/install/motor_interfaces/share/motor_interfaces/package.xml
[5.848s] -- Installing: /home/nvidia/ros2_usb2can_motor_controller/install/motor_interfaces/lib/libmotor_interfaces__rosidl_generator_c.so
[5.849s] -- Set runtime path of "/home/nvidia/ros2_usb2can_motor_controller/install/motor_interfaces/lib/libmotor_interfaces__rosidl_generator_c.so" to ""
[5.849s] -- Installing: /home/nvidia/ros2_usb2can_motor_controller/install/motor_interfaces/lib/libmotor_interfaces__rosidl_typesupport_introspection_c.so
[5.850s] -- Set runtime path of "/home/nvidia/ros2_usb2can_motor_controller/install/motor_interfaces/lib/libmotor_interfaces__rosidl_typesupport_introspection_c.so" to ""
[5.850s] -- Installing: /home/nvidia/ros2_usb2can_motor_controller/install/motor_interfaces/lib/libmotor_interfaces__rosidl_typesupport_c.so
[5.850s] -- Set runtime path of "/home/nvidia/ros2_usb2can_motor_controller/install/motor_interfaces/lib/libmotor_interfaces__rosidl_typesupport_c.so" to ""
[5.851s] -- Installing: /home/nvidia/ros2_usb2can_motor_controller/install/motor_interfaces/lib/libmotor_interfaces__rosidl_typesupport_introspection_cpp.so
[5.851s] -- Set runtime path of "/home/nvidia/ros2_usb2can_motor_controller/install/motor_interfaces/lib/libmotor_interfaces__rosidl_typesupport_introspection_cpp.so" to ""
[5.852s] -- Installing: /home/nvidia/ros2_usb2can_motor_controller/install/motor_interfaces/lib/libmotor_interfaces__rosidl_typesupport_cpp.so
[5.852s] -- Set runtime path of "/home/nvidia/ros2_usb2can_motor_controller/install/motor_interfaces/lib/libmotor_interfaces__rosidl_typesupport_cpp.so" to ""
[5.895s] Compiling '/home/nvidia/ros2_usb2can_motor_controller/install/motor_interfaces/lib/python3.8/site-packages/motor_interfaces/__init__.py'...
[5.904s] -- Up-to-date: /home/nvidia/ros2_usb2can_motor_controller/install/motor_interfaces/share/motor_interfaces/cmake/motor_interfaces__rosidl_generator_cExport.cmake
[5.904s] -- Installing: /home/nvidia/ros2_usb2can_motor_controller/install/motor_interfaces/share/motor_interfaces/cmake/motor_interfaces__rosidl_generator_cExport-noconfig.cmake
[5.904s] -- Up-to-date: /home/nvidia/ros2_usb2can_motor_controller/install/motor_interfaces/share/motor_interfaces/cmake/motor_interfaces__rosidl_typesupport_introspection_cExport.cmake
[5.904s] -- Installing: /home/nvidia/ros2_usb2can_motor_controller/install/motor_interfaces/share/motor_interfaces/cmake/motor_interfaces__rosidl_typesupport_introspection_cExport-noconfig.cmake
[5.905s] -- Up-to-date: /home/nvidia/ros2_usb2can_motor_controller/install/motor_interfaces/share/motor_interfaces/cmake/motor_interfaces__rosidl_typesupport_cExport.cmake
[5.905s] -- Installing: /home/nvidia/ros2_usb2can_motor_controller/install/motor_interfaces/share/motor_interfaces/cmake/motor_interfaces__rosidl_typesupport_cExport-noconfig.cmake
[5.905s] -- Up-to-date: /home/nvidia/ros2_usb2can_motor_controller/install/motor_interfaces/share/motor_interfaces/cmake/motor_interfaces__rosidl_generator_cppExport.cmake
[5.906s] -- Up-to-date: /home/nvidia/ros2_usb2can_motor_controller/install/motor_interfaces/share/motor_interfaces/cmake/motor_interfaces__rosidl_typesupport_introspection_cppExport.cmake
[5.906s] -- Installing: /home/nvidia/ros2_usb2can_motor_controller/install/motor_interfaces/share/motor_interfaces/cmake/motor_interfaces__rosidl_typesupport_introspection_cppExport-noconfig.cmake
[5.906s] -- Up-to-date: /home/nvidia/ros2_usb2can_motor_controller/install/motor_interfaces/share/motor_interfaces/cmake/motor_interfaces__rosidl_typesupport_cppExport.cmake
[5.906s] -- Installing: /home/nvidia/ros2_usb2can_motor_controller/install/motor_interfaces/share/motor_interfaces/cmake/motor_interfaces__rosidl_typesupport_cppExport-noconfig.cmake
[5.912s] Invoked command in '/home/nvidia/ros2_usb2can_motor_controller/build/motor_interfaces' returned '0': CMAKE_PREFIX_PATH=${CMAKE_PREFIX_PATH}:/opt/ros/foxy /usr/bin/cmake --install /home/nvidia/ros2_usb2can_motor_controller/build/motor_interfaces
