[0.031s] Invoking command in '/home/nvidia/ros2_usb2can_motor_controller/build/can_usb_driver': CMAKE_PREFIX_PATH=/opt/ros/foxy /usr/bin/cmake --build /home/nvidia/ros2_usb2can_motor_controller/build/can_usb_driver -- -j12 -l12
[0.101s] [100%] Built target can_usb_driver
[0.121s] Invoked command in '/home/nvidia/ros2_usb2can_motor_controller/build/can_usb_driver' returned '0': CMAKE_PREFIX_PATH=/opt/ros/foxy /usr/bin/cmake --build /home/nvidia/ros2_usb2can_motor_controller/build/can_usb_driver -- -j12 -l12
[0.142s] Invoking command in '/home/nvidia/ros2_usb2can_motor_controller/build/can_usb_driver': CMAKE_PREFIX_PATH=/opt/ros/foxy /usr/bin/cmake --install /home/nvidia/ros2_usb2can_motor_controller/build/can_usb_driver
[0.156s] -- Install configuration: ""
[0.156s] -- Up-to-date: /home/nvidia/ros2_usb2can_motor_controller/install/can_usb_driver/lib/libcan_usb_driver.a
[0.157s] -- Up-to-date: /home/nvidia/ros2_usb2can_motor_controller/install/can_usb_driver/include
[0.157s] -- Up-to-date: /home/nvidia/ros2_usb2can_motor_controller/install/can_usb_driver/include/can_usb_driver
[0.157s] -- Up-to-date: /home/nvidia/ros2_usb2can_motor_controller/install/can_usb_driver/include/can_usb_driver/can_usb_device.hpp
[0.157s] -- Up-to-date: /home/nvidia/ros2_usb2can_motor_controller/install/can_usb_driver/share/ament_index/resource_index/package_run_dependencies/can_usb_driver
[0.157s] -- Up-to-date: /home/nvidia/ros2_usb2can_motor_controller/install/can_usb_driver/share/ament_index/resource_index/parent_prefix_path/can_usb_driver
[0.158s] -- Up-to-date: /home/nvidia/ros2_usb2can_motor_controller/install/can_usb_driver/share/can_usb_driver/environment/ament_prefix_path.sh
[0.158s] -- Up-to-date: /home/nvidia/ros2_usb2can_motor_controller/install/can_usb_driver/share/can_usb_driver/environment/ament_prefix_path.dsv
[0.158s] -- Up-to-date: /home/nvidia/ros2_usb2can_motor_controller/install/can_usb_driver/share/can_usb_driver/environment/path.sh
[0.158s] -- Up-to-date: /home/nvidia/ros2_usb2can_motor_controller/install/can_usb_driver/share/can_usb_driver/environment/path.dsv
[0.158s] -- Up-to-date: /home/nvidia/ros2_usb2can_motor_controller/install/can_usb_driver/share/can_usb_driver/local_setup.bash
[0.158s] -- Up-to-date: /home/nvidia/ros2_usb2can_motor_controller/install/can_usb_driver/share/can_usb_driver/local_setup.sh
[0.158s] -- Up-to-date: /home/nvidia/ros2_usb2can_motor_controller/install/can_usb_driver/share/can_usb_driver/local_setup.zsh
[0.158s] -- Up-to-date: /home/nvidia/ros2_usb2can_motor_controller/install/can_usb_driver/share/can_usb_driver/local_setup.dsv
[0.158s] -- Installing: /home/nvidia/ros2_usb2can_motor_controller/install/can_usb_driver/share/can_usb_driver/package.dsv
[0.159s] -- Up-to-date: /home/nvidia/ros2_usb2can_motor_controller/install/can_usb_driver/share/ament_index/resource_index/packages/can_usb_driver
[0.159s] -- Up-to-date: /home/nvidia/ros2_usb2can_motor_controller/install/can_usb_driver/share/can_usb_driver/cmake/export_can_usb_driverExport.cmake
[0.159s] -- Up-to-date: /home/nvidia/ros2_usb2can_motor_controller/install/can_usb_driver/share/can_usb_driver/cmake/export_can_usb_driverExport-noconfig.cmake
[0.159s] -- Up-to-date: /home/nvidia/ros2_usb2can_motor_controller/install/can_usb_driver/share/can_usb_driver/cmake/ament_cmake_export_include_directories-extras.cmake
[0.159s] -- Up-to-date: /home/nvidia/ros2_usb2can_motor_controller/install/can_usb_driver/share/can_usb_driver/cmake/ament_cmake_export_targets-extras.cmake
[0.159s] -- Up-to-date: /home/nvidia/ros2_usb2can_motor_controller/install/can_usb_driver/share/can_usb_driver/cmake/can_usb_driverConfig.cmake
[0.159s] -- Up-to-date: /home/nvidia/ros2_usb2can_motor_controller/install/can_usb_driver/share/can_usb_driver/cmake/can_usb_driverConfig-version.cmake
[0.159s] -- Up-to-date: /home/nvidia/ros2_usb2can_motor_controller/install/can_usb_driver/share/can_usb_driver/package.xml
[0.162s] Invoked command in '/home/nvidia/ros2_usb2can_motor_controller/build/can_usb_driver' returned '0': CMAKE_PREFIX_PATH=/opt/ros/foxy /usr/bin/cmake --install /home/nvidia/ros2_usb2can_motor_controller/build/can_usb_driver
