/usr/bin/ld: CMakeFiles/motor_node.dir/src/motor_node.cpp.o: in function `YAML::Exception::Exception(YAML::Mark const&, std::__cxx11::basic_string<char, std::char_traits<char>, std::allocator<char> > const&)':
motor_node.cpp:(.text._ZN4YAML9ExceptionC2ERKNS_4MarkERKNSt7__cxx1112basic_stringIcSt11char_traitsIcESaIcEEE[_ZN4YAML9ExceptionC5ERKNS_4MarkERKNSt7__cxx1112basic_stringIcSt11char_traitsIcESaIcEEE]+0x5c): undefined reference to `vtable for YAML::Exception'
/usr/bin/ld: motor_node.cpp:(.text._ZN4YAML9ExceptionC2ERKNS_4MarkERKNSt7__cxx1112basic_stringIcSt11char_traitsIcESaIcEEE[_ZN4YAML9ExceptionC5ERKNS_4MarkERKNSt7__cxx1112basic_stringIcSt11char_traitsIcESaIcEEE]+0x60): undefined reference to `vtable for YAML::Exception'
/usr/bin/ld: CMakeFiles/motor_node.dir/src/motor_node.cpp.o: in function `YAML::RepresentationException::RepresentationException(YAML::Mark const&, std::__cxx11::basic_string<char, std::char_traits<char>, std::allocator<char> > const&)':
motor_node.cpp:(.text._ZN4YAML23RepresentationExceptionC2ERKNS_4MarkERKNSt7__cxx1112basic_stringIcSt11char_traitsIcESaIcEEE[_ZN4YAML23RepresentationExceptionC5ERKNS_4MarkERKNSt7__cxx1112basic_stringIcSt11char_traitsIcESaIcEEE]+0x24): undefined reference to `vtable for YAML::RepresentationException'
/usr/bin/ld: motor_node.cpp:(.text._ZN4YAML23RepresentationExceptionC2ERKNS_4MarkERKNSt7__cxx1112basic_stringIcSt11char_traitsIcESaIcEEE[_ZN4YAML23RepresentationExceptionC5ERKNS_4MarkERKNSt7__cxx1112basic_stringIcSt11char_traitsIcESaIcEEE]+0x28): undefined reference to `vtable for YAML::RepresentationException'
/usr/bin/ld: CMakeFiles/motor_node.dir/src/motor_node.cpp.o: in function `YAML::InvalidNode::InvalidNode()':
motor_node.cpp:(.text._ZN4YAML11InvalidNodeC2Ev[_ZN4YAML11InvalidNodeC5Ev]+0x90): undefined reference to `vtable for YAML::InvalidNode'
/usr/bin/ld: motor_node.cpp:(.text._ZN4YAML11InvalidNodeC2Ev[_ZN4YAML11InvalidNodeC5Ev]+0x94): undefined reference to `vtable for YAML::InvalidNode'
/usr/bin/ld: CMakeFiles/motor_node.dir/src/motor_node.cpp.o: in function `YAML::BadConversion::BadConversion(YAML::Mark const&)':
motor_node.cpp:(.text._ZN4YAML13BadConversionC2ERKNS_4MarkE[_ZN4YAML13BadConversionC5ERKNS_4MarkE]+0x74): undefined reference to `vtable for YAML::BadConversion'
/usr/bin/ld: motor_node.cpp:(.text._ZN4YAML13BadConversionC2ERKNS_4MarkE[_ZN4YAML13BadConversionC5ERKNS_4MarkE]+0x78): undefined reference to `vtable for YAML::BadConversion'
/usr/bin/ld: CMakeFiles/motor_node.dir/src/motor_node.cpp.o: in function `YAML::BadSubscript::BadSubscript()':
motor_node.cpp:(.text._ZN4YAML12BadSubscriptC2Ev[_ZN4YAML12BadSubscriptC5Ev]+0x90): undefined reference to `vtable for YAML::BadSubscript'
/usr/bin/ld: motor_node.cpp:(.text._ZN4YAML12BadSubscriptC2Ev[_ZN4YAML12BadSubscriptC5Ev]+0x94): undefined reference to `vtable for YAML::BadSubscript'
/usr/bin/ld: CMakeFiles/motor_node.dir/src/motor_node.cpp.o: in function `YAML::detail::memory_holder::create_node()':
motor_node.cpp:(.text._ZN4YAML6detail13memory_holder11create_nodeEv[_ZN4YAML6detail13memory_holder11create_nodeEv]+0x14): undefined reference to `YAML::detail::memory::create_node()'
/usr/bin/ld: CMakeFiles/motor_node.dir/src/motor_node.cpp.o: in function `YAML::detail::node_ref::mark_defined()':
motor_node.cpp:(.text._ZN4YAML6detail8node_ref12mark_definedEv[_ZN4YAML6detail8node_ref12mark_definedEv]+0x14): undefined reference to `YAML::detail::node_data::mark_defined()'
/usr/bin/ld: CMakeFiles/motor_node.dir/src/motor_node.cpp.o: in function `YAML::detail::node_ref::set_null()':
motor_node.cpp:(.text._ZN4YAML6detail8node_ref8set_nullEv[_ZN4YAML6detail8node_ref8set_nullEv]+0x14): undefined reference to `YAML::detail::node_data::set_null()'
/usr/bin/ld: CMakeFiles/motor_node.dir/src/motor_node.cpp.o: in function `YAML::detail::node_ref::set_scalar(std::__cxx11::basic_string<char, std::char_traits<char>, std::allocator<char> > const&)':
motor_node.cpp:(.text._ZN4YAML6detail8node_ref10set_scalarERKNSt7__cxx1112basic_stringIcSt11char_traitsIcESaIcEEE[_ZN4YAML6detail8node_ref10set_scalarERKNSt7__cxx1112basic_stringIcSt11char_traitsIcESaIcEEE]+0x1c): undefined reference to `YAML::detail::node_data::set_scalar(std::__cxx11::basic_string<char, std::char_traits<char>, std::allocator<char> > const&)'
/usr/bin/ld: CMakeFiles/motor_node.dir/src/motor_node.cpp.o: in function `YAML::detail::node_ref::begin()':
motor_node.cpp:(.text._ZN4YAML6detail8node_ref5beginEv[_ZN4YAML6detail8node_ref5beginEv]+0x34): undefined reference to `YAML::detail::node_data::begin()'
/usr/bin/ld: CMakeFiles/motor_node.dir/src/motor_node.cpp.o: in function `YAML::detail::node_ref::end()':
motor_node.cpp:(.text._ZN4YAML6detail8node_ref3endEv[_ZN4YAML6detail8node_ref3endEv]+0x34): undefined reference to `YAML::detail::node_data::end()'
/usr/bin/ld: CMakeFiles/motor_node.dir/src/motor_node.cpp.o: in function `YAML::Node::EnsureNodeExists() const':
motor_node.cpp:(.text._ZNK4YAML4Node16EnsureNodeExistsEv[_ZNK4YAML4Node16EnsureNodeExistsEv]+0x3c): undefined reference to `YAML::InvalidNode::~InvalidNode()'
/usr/bin/ld: motor_node.cpp:(.text._ZNK4YAML4Node16EnsureNodeExistsEv[_ZNK4YAML4Node16EnsureNodeExistsEv]+0x40): undefined reference to `YAML::InvalidNode::~InvalidNode()'
/usr/bin/ld: motor_node.cpp:(.text._ZNK4YAML4Node16EnsureNodeExistsEv[_ZNK4YAML4Node16EnsureNodeExistsEv]+0x44): undefined reference to `typeinfo for YAML::InvalidNode'
/usr/bin/ld: motor_node.cpp:(.text._ZNK4YAML4Node16EnsureNodeExistsEv[_ZNK4YAML4Node16EnsureNodeExistsEv]+0x48): undefined reference to `typeinfo for YAML::InvalidNode'
/usr/bin/ld: CMakeFiles/motor_node.dir/src/motor_node.cpp.o: in function `YAML::Node::Mark() const':
motor_node.cpp:(.text._ZNK4YAML4Node4MarkEv[_ZNK4YAML4Node4MarkEv]+0x40): undefined reference to `YAML::InvalidNode::~InvalidNode()'
/usr/bin/ld: motor_node.cpp:(.text._ZNK4YAML4Node4MarkEv[_ZNK4YAML4Node4MarkEv]+0x44): undefined reference to `YAML::InvalidNode::~InvalidNode()'
/usr/bin/ld: motor_node.cpp:(.text._ZNK4YAML4Node4MarkEv[_ZNK4YAML4Node4MarkEv]+0x48): undefined reference to `typeinfo for YAML::InvalidNode'
/usr/bin/ld: motor_node.cpp:(.text._ZNK4YAML4Node4MarkEv[_ZNK4YAML4Node4MarkEv]+0x4c): undefined reference to `typeinfo for YAML::InvalidNode'
/usr/bin/ld: CMakeFiles/motor_node.dir/src/motor_node.cpp.o: in function `YAML::Node::Type() const':
motor_node.cpp:(.text._ZNK4YAML4Node4TypeEv[_ZNK4YAML4Node4TypeEv]+0x3c): undefined reference to `YAML::InvalidNode::~InvalidNode()'
/usr/bin/ld: motor_node.cpp:(.text._ZNK4YAML4Node4TypeEv[_ZNK4YAML4Node4TypeEv]+0x40): undefined reference to `YAML::InvalidNode::~InvalidNode()'
/usr/bin/ld: motor_node.cpp:(.text._ZNK4YAML4Node4TypeEv[_ZNK4YAML4Node4TypeEv]+0x44): undefined reference to `typeinfo for YAML::InvalidNode'
/usr/bin/ld: motor_node.cpp:(.text._ZNK4YAML4Node4TypeEv[_ZNK4YAML4Node4TypeEv]+0x48): undefined reference to `typeinfo for YAML::InvalidNode'
/usr/bin/ld: CMakeFiles/motor_node.dir/src/motor_node.cpp.o: in function `YAML::Node::Scalar[abi:cxx11]() const':
motor_node.cpp:(.text._ZNK4YAML4Node6ScalarB5cxx11Ev[_ZNK4YAML4Node6ScalarB5cxx11Ev]+0x3c): undefined reference to `YAML::InvalidNode::~InvalidNode()'
/usr/bin/ld: motor_node.cpp:(.text._ZNK4YAML4Node6ScalarB5cxx11Ev[_ZNK4YAML4Node6ScalarB5cxx11Ev]+0x40): undefined reference to `YAML::InvalidNode::~InvalidNode()'
/usr/bin/ld: motor_node.cpp:(.text._ZNK4YAML4Node6ScalarB5cxx11Ev[_ZNK4YAML4Node6ScalarB5cxx11Ev]+0x44): undefined reference to `typeinfo for YAML::InvalidNode'
/usr/bin/ld: motor_node.cpp:(.text._ZNK4YAML4Node6ScalarB5cxx11Ev[_ZNK4YAML4Node6ScalarB5cxx11Ev]+0x48): undefined reference to `typeinfo for YAML::InvalidNode'
/usr/bin/ld: motor_node.cpp:(.text._ZNK4YAML4Node6ScalarB5cxx11Ev[_ZNK4YAML4Node6ScalarB5cxx11Ev]+0x74): undefined reference to `YAML::detail::node_data::empty_scalar[abi:cxx11]'
/usr/bin/ld: motor_node.cpp:(.text._ZNK4YAML4Node6ScalarB5cxx11Ev[_ZNK4YAML4Node6ScalarB5cxx11Ev]+0x78): undefined reference to `YAML::detail::node_data::empty_scalar[abi:cxx11]'
/usr/bin/ld: CMakeFiles/motor_node.dir/src/motor_node.cpp.o: in function `void YAML::Node::Assign<std::__cxx11::basic_string<char, std::char_traits<char>, std::allocator<char> > >(std::__cxx11::basic_string<char, std::char_traits<char>, std::allocator<char> > const&)':
motor_node.cpp:(.text._ZN4YAML4Node6AssignINSt7__cxx1112basic_stringIcSt11char_traitsIcESaIcEEEEEvRKT_[_ZN4YAML4Node6AssignINSt7__cxx1112basic_stringIcSt11char_traitsIcESaIcEEEEEvRKT_]+0x40): undefined reference to `YAML::InvalidNode::~InvalidNode()'
/usr/bin/ld: motor_node.cpp:(.text._ZN4YAML4Node6AssignINSt7__cxx1112basic_stringIcSt11char_traitsIcESaIcEEEEEvRKT_[_ZN4YAML4Node6AssignINSt7__cxx1112basic_stringIcSt11char_traitsIcESaIcEEEEEvRKT_]+0x44): undefined reference to `YAML::InvalidNode::~InvalidNode()'
/usr/bin/ld: motor_node.cpp:(.text._ZN4YAML4Node6AssignINSt7__cxx1112basic_stringIcSt11char_traitsIcESaIcEEEEEvRKT_[_ZN4YAML4Node6AssignINSt7__cxx1112basic_stringIcSt11char_traitsIcESaIcEEEEEvRKT_]+0x48): undefined reference to `typeinfo for YAML::InvalidNode'
/usr/bin/ld: motor_node.cpp:(.text._ZN4YAML4Node6AssignINSt7__cxx1112basic_stringIcSt11char_traitsIcESaIcEEEEEvRKT_[_ZN4YAML4Node6AssignINSt7__cxx1112basic_stringIcSt11char_traitsIcESaIcEEEEEvRKT_]+0x4c): undefined reference to `typeinfo for YAML::InvalidNode'
/usr/bin/ld: CMakeFiles/motor_node.dir/src/motor_node.cpp.o: in function `MotorNode::load_devices(std::__cxx11::basic_string<char, std::char_traits<char>, std::allocator<char> > const&)':
motor_node.cpp:(.text._ZN9MotorNode12load_devicesERKNSt7__cxx1112basic_stringIcSt11char_traitsIcESaIcEEE[_ZN9MotorNode12load_devicesERKNSt7__cxx1112basic_stringIcSt11char_traitsIcESaIcEEE]+0x3c): undefined reference to `YAML::LoadFile(std::__cxx11::basic_string<char, std::char_traits<char>, std::allocator<char> > const&)'
/usr/bin/ld: CMakeFiles/motor_node.dir/src/motor_node.cpp.o: in function `MotorNode::load_motors(std::__cxx11::basic_string<char, std::char_traits<char>, std::allocator<char> > const&)':
motor_node.cpp:(.text._ZN9MotorNode11load_motorsERKNSt7__cxx1112basic_stringIcSt11char_traitsIcESaIcEEE[_ZN9MotorNode11load_motorsERKNSt7__cxx1112basic_stringIcSt11char_traitsIcESaIcEEE]+0x3c): undefined reference to `YAML::LoadFile(std::__cxx11::basic_string<char, std::char_traits<char>, std::allocator<char> > const&)'
/usr/bin/ld: CMakeFiles/motor_node.dir/src/motor_node.cpp.o: in function `YAML::Node YAML::Node::operator[]<char [8]>(char const (&) [8])':
motor_node.cpp:(.text._ZN4YAML4NodeixIA8_cEES0_RKT_[_ZN4YAML4NodeixIA8_cEES0_RKT_]+0x58): undefined reference to `YAML::InvalidNode::~InvalidNode()'
/usr/bin/ld: motor_node.cpp:(.text._ZN4YAML4NodeixIA8_cEES0_RKT_[_ZN4YAML4NodeixIA8_cEES0_RKT_]+0x5c): undefined reference to `YAML::InvalidNode::~InvalidNode()'
/usr/bin/ld: motor_node.cpp:(.text._ZN4YAML4NodeixIA8_cEES0_RKT_[_ZN4YAML4NodeixIA8_cEES0_RKT_]+0x60): undefined reference to `typeinfo for YAML::InvalidNode'
/usr/bin/ld: motor_node.cpp:(.text._ZN4YAML4NodeixIA8_cEES0_RKT_[_ZN4YAML4NodeixIA8_cEES0_RKT_]+0x64): undefined reference to `typeinfo for YAML::InvalidNode'
/usr/bin/ld: CMakeFiles/motor_node.dir/src/motor_node.cpp.o: in function `YAML::Node const YAML::Node::operator[]<char [5]>(char const (&) [5]) const':
motor_node.cpp:(.text._ZNK4YAML4NodeixIA5_cEEKS0_RKT_[_ZNK4YAML4NodeixIA5_cEEKS0_RKT_]+0x58): undefined reference to `YAML::InvalidNode::~InvalidNode()'
/usr/bin/ld: motor_node.cpp:(.text._ZNK4YAML4NodeixIA5_cEEKS0_RKT_[_ZNK4YAML4NodeixIA5_cEEKS0_RKT_]+0x5c): undefined reference to `YAML::InvalidNode::~InvalidNode()'
/usr/bin/ld: motor_node.cpp:(.text._ZNK4YAML4NodeixIA5_cEEKS0_RKT_[_ZNK4YAML4NodeixIA5_cEEKS0_RKT_]+0x60): undefined reference to `typeinfo for YAML::InvalidNode'
/usr/bin/ld: motor_node.cpp:(.text._ZNK4YAML4NodeixIA5_cEEKS0_RKT_[_ZNK4YAML4NodeixIA5_cEEKS0_RKT_]+0x64): undefined reference to `typeinfo for YAML::InvalidNode'
/usr/bin/ld: CMakeFiles/motor_node.dir/src/motor_node.cpp.o: in function `std::__cxx11::basic_string<char, std::char_traits<char>, std::allocator<char> > YAML::Node::as<std::__cxx11::basic_string<char, std::char_traits<char>, std::allocator<char> > >() const':
motor_node.cpp:(.text._ZNK4YAML4Node2asINSt7__cxx1112basic_stringIcSt11char_traitsIcESaIcEEEEET_v[_ZNK4YAML4Node2asINSt7__cxx1112basic_stringIcSt11char_traitsIcESaIcEEEEET_v]+0x54): undefined reference to `YAML::InvalidNode::~InvalidNode()'
/usr/bin/ld: motor_node.cpp:(.text._ZNK4YAML4Node2asINSt7__cxx1112basic_stringIcSt11char_traitsIcESaIcEEEEET_v[_ZNK4YAML4Node2asINSt7__cxx1112basic_stringIcSt11char_traitsIcESaIcEEEEET_v]+0x58): undefined reference to `YAML::InvalidNode::~InvalidNode()'
/usr/bin/ld: motor_node.cpp:(.text._ZNK4YAML4Node2asINSt7__cxx1112basic_stringIcSt11char_traitsIcESaIcEEEEET_v[_ZNK4YAML4Node2asINSt7__cxx1112basic_stringIcSt11char_traitsIcESaIcEEEEET_v]+0x5c): undefined reference to `typeinfo for YAML::InvalidNode'
/usr/bin/ld: motor_node.cpp:(.text._ZNK4YAML4Node2asINSt7__cxx1112basic_stringIcSt11char_traitsIcESaIcEEEEET_v[_ZNK4YAML4Node2asINSt7__cxx1112basic_stringIcSt11char_traitsIcESaIcEEEEET_v]+0x60): undefined reference to `typeinfo for YAML::InvalidNode'
/usr/bin/ld: CMakeFiles/motor_node.dir/src/motor_node.cpp.o: in function `YAML::Node YAML::Node::operator[]<char [7]>(char const (&) [7])':
motor_node.cpp:(.text._ZN4YAML4NodeixIA7_cEES0_RKT_[_ZN4YAML4NodeixIA7_cEES0_RKT_]+0x58): undefined reference to `YAML::InvalidNode::~InvalidNode()'
/usr/bin/ld: motor_node.cpp:(.text._ZN4YAML4NodeixIA7_cEES0_RKT_[_ZN4YAML4NodeixIA7_cEES0_RKT_]+0x5c): undefined reference to `YAML::InvalidNode::~InvalidNode()'
/usr/bin/ld: motor_node.cpp:(.text._ZN4YAML4NodeixIA7_cEES0_RKT_[_ZN4YAML4NodeixIA7_cEES0_RKT_]+0x60): undefined reference to `typeinfo for YAML::InvalidNode'
/usr/bin/ld: motor_node.cpp:(.text._ZN4YAML4NodeixIA7_cEES0_RKT_[_ZN4YAML4NodeixIA7_cEES0_RKT_]+0x64): undefined reference to `typeinfo for YAML::InvalidNode'
/usr/bin/ld: CMakeFiles/motor_node.dir/src/motor_node.cpp.o: in function `YAML::Node const YAML::Node::operator[]<char [7]>(char const (&) [7]) const':
motor_node.cpp:(.text._ZNK4YAML4NodeixIA7_cEEKS0_RKT_[_ZNK4YAML4NodeixIA7_cEEKS0_RKT_]+0x58): undefined reference to `YAML::InvalidNode::~InvalidNode()'
/usr/bin/ld: motor_node.cpp:(.text._ZNK4YAML4NodeixIA7_cEEKS0_RKT_[_ZNK4YAML4NodeixIA7_cEEKS0_RKT_]+0x5c): undefined reference to `YAML::InvalidNode::~InvalidNode()'
/usr/bin/ld: motor_node.cpp:(.text._ZNK4YAML4NodeixIA7_cEEKS0_RKT_[_ZNK4YAML4NodeixIA7_cEEKS0_RKT_]+0x60): undefined reference to `typeinfo for YAML::InvalidNode'
/usr/bin/ld: motor_node.cpp:(.text._ZNK4YAML4NodeixIA7_cEEKS0_RKT_[_ZNK4YAML4NodeixIA7_cEEKS0_RKT_]+0x64): undefined reference to `typeinfo for YAML::InvalidNode'
/usr/bin/ld: CMakeFiles/motor_node.dir/src/motor_node.cpp.o: in function `YAML::Node const YAML::Node::operator[]<char [12]>(char const (&) [12]) const':
motor_node.cpp:(.text._ZNK4YAML4NodeixIA12_cEEKS0_RKT_[_ZNK4YAML4NodeixIA12_cEEKS0_RKT_]+0x58): undefined reference to `YAML::InvalidNode::~InvalidNode()'
/usr/bin/ld: motor_node.cpp:(.text._ZNK4YAML4NodeixIA12_cEEKS0_RKT_[_ZNK4YAML4NodeixIA12_cEEKS0_RKT_]+0x5c): undefined reference to `YAML::InvalidNode::~InvalidNode()'
/usr/bin/ld: motor_node.cpp:(.text._ZNK4YAML4NodeixIA12_cEEKS0_RKT_[_ZNK4YAML4NodeixIA12_cEEKS0_RKT_]+0x60): undefined reference to `typeinfo for YAML::InvalidNode'
/usr/bin/ld: motor_node.cpp:(.text._ZNK4YAML4NodeixIA12_cEEKS0_RKT_[_ZNK4YAML4NodeixIA12_cEEKS0_RKT_]+0x64): undefined reference to `typeinfo for YAML::InvalidNode'
/usr/bin/ld: CMakeFiles/motor_node.dir/src/motor_node.cpp.o: in function `unsigned char YAML::Node::as<unsigned char>() const':
motor_node.cpp:(.text._ZNK4YAML4Node2asIhEET_v[_ZNK4YAML4Node2asIhEET_v]+0x50): undefined reference to `YAML::InvalidNode::~InvalidNode()'
/usr/bin/ld: motor_node.cpp:(.text._ZNK4YAML4Node2asIhEET_v[_ZNK4YAML4Node2asIhEET_v]+0x54): undefined reference to `YAML::InvalidNode::~InvalidNode()'
/usr/bin/ld: motor_node.cpp:(.text._ZNK4YAML4Node2asIhEET_v[_ZNK4YAML4Node2asIhEET_v]+0x58): undefined reference to `typeinfo for YAML::InvalidNode'
/usr/bin/ld: motor_node.cpp:(.text._ZNK4YAML4Node2asIhEET_v[_ZNK4YAML4Node2asIhEET_v]+0x5c): undefined reference to `typeinfo for YAML::InvalidNode'
/usr/bin/ld: CMakeFiles/motor_node.dir/src/motor_node.cpp.o: in function `YAML::TypedBadConversion<unsigned char>::~TypedBadConversion()':
motor_node.cpp:(.text._ZN4YAML18TypedBadConversionIhED2Ev[_ZN4YAML18TypedBadConversionIhED5Ev]+0x20): undefined reference to `YAML::BadConversion::~BadConversion()'
/usr/bin/ld: CMakeFiles/motor_node.dir/src/motor_node.cpp.o: in function `YAML::detail::node& YAML::detail::node_data::get<std::__cxx11::basic_string<char, std::char_traits<char>, std::allocator<char> > >(std::__cxx11::basic_string<char, std::char_traits<char>, std::allocator<char> > const&, std::shared_ptr<YAML::detail::memory_holder>)':
motor_node.cpp:(.text._ZN4YAML6detail9node_data3getINSt7__cxx1112basic_stringIcSt11char_traitsIcESaIcEEEEERNS0_4nodeERKT_St10shared_ptrINS0_13memory_holderEE[_ZN4YAML6detail9node_data3getINSt7__cxx1112basic_stringIcSt11char_traitsIcESaIcEEEEERNS0_4nodeERKT_St10shared_ptrINS0_13memory_holderEE]+0xe0): undefined reference to `YAML::detail::node_data::convert_to_map(std::shared_ptr<YAML::detail::memory_holder>)'
/usr/bin/ld: motor_node.cpp:(.text._ZN4YAML6detail9node_data3getINSt7__cxx1112basic_stringIcSt11char_traitsIcESaIcEEEEERNS0_4nodeERKT_St10shared_ptrINS0_13memory_holderEE[_ZN4YAML6detail9node_data3getINSt7__cxx1112basic_stringIcSt11char_traitsIcESaIcEEEEERNS0_4nodeERKT_St10shared_ptrINS0_13memory_holderEE]+0x104): undefined reference to `YAML::BadSubscript::~BadSubscript()'
/usr/bin/ld: motor_node.cpp:(.text._ZN4YAML6detail9node_data3getINSt7__cxx1112basic_stringIcSt11char_traitsIcESaIcEEEEERNS0_4nodeERKT_St10shared_ptrINS0_13memory_holderEE[_ZN4YAML6detail9node_data3getINSt7__cxx1112basic_stringIcSt11char_traitsIcESaIcEEEEERNS0_4nodeERKT_St10shared_ptrINS0_13memory_holderEE]+0x108): undefined reference to `YAML::BadSubscript::~BadSubscript()'
/usr/bin/ld: motor_node.cpp:(.text._ZN4YAML6detail9node_data3getINSt7__cxx1112basic_stringIcSt11char_traitsIcESaIcEEEEERNS0_4nodeERKT_St10shared_ptrINS0_13memory_holderEE[_ZN4YAML6detail9node_data3getINSt7__cxx1112basic_stringIcSt11char_traitsIcESaIcEEEEERNS0_4nodeERKT_St10shared_ptrINS0_13memory_holderEE]+0x10c): undefined reference to `typeinfo for YAML::BadSubscript'
/usr/bin/ld: motor_node.cpp:(.text._ZN4YAML6detail9node_data3getINSt7__cxx1112basic_stringIcSt11char_traitsIcESaIcEEEEERNS0_4nodeERKT_St10shared_ptrINS0_13memory_holderEE[_ZN4YAML6detail9node_data3getINSt7__cxx1112basic_stringIcSt11char_traitsIcESaIcEEEEERNS0_4nodeERKT_St10shared_ptrINS0_13memory_holderEE]+0x110): undefined reference to `typeinfo for YAML::BadSubscript'
/usr/bin/ld: motor_node.cpp:(.text._ZN4YAML6detail9node_data3getINSt7__cxx1112basic_stringIcSt11char_traitsIcESaIcEEEEERNS0_4nodeERKT_St10shared_ptrINS0_13memory_holderEE[_ZN4YAML6detail9node_data3getINSt7__cxx1112basic_stringIcSt11char_traitsIcESaIcEEEEERNS0_4nodeERKT_St10shared_ptrINS0_13memory_holderEE]+0x204): undefined reference to `YAML::detail::node_data::insert_map_pair(YAML::detail::node&, YAML::detail::node&)'
/usr/bin/ld: CMakeFiles/motor_node.dir/src/motor_node.cpp.o: in function `YAML::detail::node* YAML::detail::node_data::get<std::__cxx11::basic_string<char, std::char_traits<char>, std::allocator<char> > >(std::__cxx11::basic_string<char, std::char_traits<char>, std::allocator<char> > const&, std::shared_ptr<YAML::detail::memory_holder>) const':
motor_node.cpp:(.text._ZNK4YAML6detail9node_data3getINSt7__cxx1112basic_stringIcSt11char_traitsIcESaIcEEEEEPNS0_4nodeERKT_St10shared_ptrINS0_13memory_holderEE[_ZNK4YAML6detail9node_data3getINSt7__cxx1112basic_stringIcSt11char_traitsIcESaIcEEEEEPNS0_4nodeERKT_St10shared_ptrINS0_13memory_holderEE]+0xe0): undefined reference to `YAML::BadSubscript::~BadSubscript()'
/usr/bin/ld: motor_node.cpp:(.text._ZNK4YAML6detail9node_data3getINSt7__cxx1112basic_stringIcSt11char_traitsIcESaIcEEEEEPNS0_4nodeERKT_St10shared_ptrINS0_13memory_holderEE[_ZNK4YAML6detail9node_data3getINSt7__cxx1112basic_stringIcSt11char_traitsIcESaIcEEEEEPNS0_4nodeERKT_St10shared_ptrINS0_13memory_holderEE]+0xe4): undefined reference to `YAML::BadSubscript::~BadSubscript()'
/usr/bin/ld: motor_node.cpp:(.text._ZNK4YAML6detail9node_data3getINSt7__cxx1112basic_stringIcSt11char_traitsIcESaIcEEEEEPNS0_4nodeERKT_St10shared_ptrINS0_13memory_holderEE[_ZNK4YAML6detail9node_data3getINSt7__cxx1112basic_stringIcSt11char_traitsIcESaIcEEEEEPNS0_4nodeERKT_St10shared_ptrINS0_13memory_holderEE]+0xe8): undefined reference to `typeinfo for YAML::BadSubscript'
/usr/bin/ld: motor_node.cpp:(.text._ZNK4YAML6detail9node_data3getINSt7__cxx1112basic_stringIcSt11char_traitsIcESaIcEEEEEPNS0_4nodeERKT_St10shared_ptrINS0_13memory_holderEE[_ZNK4YAML6detail9node_data3getINSt7__cxx1112basic_stringIcSt11char_traitsIcESaIcEEEEEPNS0_4nodeERKT_St10shared_ptrINS0_13memory_holderEE]+0xec): undefined reference to `typeinfo for YAML::BadSubscript'
/usr/bin/ld: CMakeFiles/motor_node.dir/src/motor_node.cpp.o: in function `YAML::detail::node& YAML::detail::node_data::convert_to_node<std::__cxx11::basic_string<char, std::char_traits<char>, std::allocator<char> > >(std::__cxx11::basic_string<char, std::char_traits<char>, std::allocator<char> > const&, std::shared_ptr<YAML::detail::memory_holder>)':
motor_node.cpp:(.text._ZN4YAML6detail9node_data15convert_to_nodeINSt7__cxx1112basic_stringIcSt11char_traitsIcESaIcEEEEERNS0_4nodeERKT_St10shared_ptrINS0_13memory_holderEE[_ZN4YAML6detail9node_data15convert_to_nodeINSt7__cxx1112basic_stringIcSt11char_traitsIcESaIcEEEEERNS0_4nodeERKT_St10shared_ptrINS0_13memory_holderEE]+0x60): undefined reference to `YAML::detail::memory_holder::merge(YAML::detail::memory_holder&)'
/usr/bin/ld: CMakeFiles/motor_node.dir/src/motor_node.cpp.o: in function `YAML::TypedBadConversion<std::__cxx11::basic_string<char, std::char_traits<char>, std::allocator<char> > >::~TypedBadConversion()':
motor_node.cpp:(.text._ZN4YAML18TypedBadConversionINSt7__cxx1112basic_stringIcSt11char_traitsIcESaIcEEEED2Ev[_ZN4YAML18TypedBadConversionINSt7__cxx1112basic_stringIcSt11char_traitsIcESaIcEEEED5Ev]+0x20): undefined reference to `YAML::BadConversion::~BadConversion()'
/usr/bin/ld: CMakeFiles/motor_node.dir/src/motor_node.cpp.o:(.data.rel.ro._ZTIN4YAML18TypedBadConversionIhEE[_ZTIN4YAML18TypedBadConversionIhEE]+0x10): undefined reference to `typeinfo for YAML::BadConversion'
/usr/bin/ld: CMakeFiles/motor_node.dir/src/motor_node.cpp.o:(.data.rel.ro._ZTIN4YAML18TypedBadConversionINSt7__cxx1112basic_stringIcSt11char_traitsIcESaIcEEEEE[_ZTIN4YAML18TypedBadConversionINSt7__cxx1112basic_stringIcSt11char_traitsIcESaIcEEEEE]+0x10): undefined reference to `typeinfo for YAML::BadConversion'
/usr/bin/ld: CMakeFiles/motor_node.dir/src/motor_node.cpp.o:(.data.rel.local.DW.ref._ZTIN4YAML9ExceptionE[DW.ref._ZTIN4YAML9ExceptionE]+0x0): undefined reference to `typeinfo for YAML::Exception'
collect2: error: ld returned 1 exit status
make[2]: *** [CMakeFiles/motor_node.dir/build.make:167：motor_node] 错误 1
make[1]: *** [CMakeFiles/Makefile2:78：CMakeFiles/motor_node.dir/all] 错误 2
make: *** [Makefile:141：all] 错误 2
