[0.024s] Invoking command in '/home/nvidia/ros2_usb2can_motor_controller/build/motor_controller': AMENT_PREFIX_PATH=/home/nvidia/ros2_usb2can_motor_controller/install/can_usb_driver:${AMENT_PREFIX_PATH} CMAKE_PREFIX_PATH=${CMAKE_PREFIX_PATH}:/home/nvidia/ros2_usb2can_motor_controller/install/can_usb_driver:/opt/ros/foxy /usr/bin/cmake --build /home/nvidia/ros2_usb2can_motor_controller/build/motor_controller -- -j12 -l12
[0.065s] -- Found ament_cmake: 0.9.12 (/opt/ros/foxy/share/ament_cmake/cmake)
[0.098s] -- Using PYTHON_EXECUTABLE: /usr/bin/python3
[0.362s] -- Found rclcpp: 2.4.3 (/opt/ros/foxy/share/rclcpp/cmake)
[0.404s] -- Using all available rosidl_typesupport_c: rosidl_typesupport_fastrtps_c;rosidl_typesupport_introspection_c
[0.408s] -- Found rosidl_adapter: 1.3.1 (/opt/ros/foxy/share/rosidl_adapter/cmake)
[0.574s] -- Using all available rosidl_typesupport_cpp: rosidl_typesupport_fastrtps_cpp;rosidl_typesupport_introspection_cpp
[0.635s] -- Found rmw_implementation_cmake: 1.0.4 (/opt/ros/foxy/share/rmw_implementation_cmake/cmake)
[0.636s] -- Using RMW implementation 'rmw_fastrtps_cpp' as default
[0.811s] -- Found rclcpp_components: 2.4.3 (/opt/ros/foxy/share/rclcpp_components/cmake)
[0.878s] -- Found motor_interfaces: 0.1.0 (/home/nvidia/ros2_usb2can_motor_controller/install/motor_interfaces/share/motor_interfaces/cmake)
[0.889s] -- Found can_usb_driver: 0.1.0 (/home/nvidia/ros2_usb2can_motor_controller/install/can_usb_driver/share/can_usb_driver/cmake)
[0.987s] -- Configuring done
[0.997s] -- Generating done
[1.002s] -- Build files have been written to: /home/nvidia/ros2_usb2can_motor_controller/build/motor_controller
[1.053s] [35m[1mScanning dependencies of target motor_node[0m
[1.096s] [ 50%] [32mBuilding CXX object CMakeFiles/motor_node.dir/src/rs03_motor_parser.cpp.o[0m
[1.096s] [ 50%] [32mBuilding CXX object CMakeFiles/motor_node.dir/src/motor_node.cpp.o[0m
[13.036s] [ 75%] [32m[1mLinking CXX executable motor_node[0m
[13.612s] /usr/bin/ld: CMakeFiles/motor_node.dir/src/motor_node.cpp.o: in function `YAML::Exception::Exception(YAML::Mark const&, std::__cxx11::basic_string<char, std::char_traits<char>, std::allocator<char> > const&)':
[13.613s] motor_node.cpp:(.text._ZN4YAML9ExceptionC2ERKNS_4MarkERKNSt7__cxx1112basic_stringIcSt11char_traitsIcESaIcEEE[_ZN4YAML9ExceptionC5ERKNS_4MarkERKNSt7__cxx1112basic_stringIcSt11char_traitsIcESaIcEEE]+0x5c): undefined reference to `vtable for YAML::Exception'
[13.613s] /usr/bin/ld: motor_node.cpp:(.text._ZN4YAML9ExceptionC2ERKNS_4MarkERKNSt7__cxx1112basic_stringIcSt11char_traitsIcESaIcEEE[_ZN4YAML9ExceptionC5ERKNS_4MarkERKNSt7__cxx1112basic_stringIcSt11char_traitsIcESaIcEEE]+0x60): undefined reference to `vtable for YAML::Exception'
[13.614s] /usr/bin/ld: CMakeFiles/motor_node.dir/src/motor_node.cpp.o: in function `YAML::RepresentationException::RepresentationException(YAML::Mark const&, std::__cxx11::basic_string<char, std::char_traits<char>, std::allocator<char> > const&)':
[13.614s] motor_node.cpp:(.text._ZN4YAML23RepresentationExceptionC2ERKNS_4MarkERKNSt7__cxx1112basic_stringIcSt11char_traitsIcESaIcEEE[_ZN4YAML23RepresentationExceptionC5ERKNS_4MarkERKNSt7__cxx1112basic_stringIcSt11char_traitsIcESaIcEEE]+0x24): undefined reference to `vtable for YAML::RepresentationException'
[13.614s] /usr/bin/ld: motor_node.cpp:(.text._ZN4YAML23RepresentationExceptionC2ERKNS_4MarkERKNSt7__cxx1112basic_stringIcSt11char_traitsIcESaIcEEE[_ZN4YAML23RepresentationExceptionC5ERKNS_4MarkERKNSt7__cxx1112basic_stringIcSt11char_traitsIcESaIcEEE]+0x28): undefined reference to `vtable for YAML::RepresentationException'
[13.615s] /usr/bin/ld: CMakeFiles/motor_node.dir/src/motor_node.cpp.o: in function `YAML::InvalidNode::InvalidNode()':
[13.615s] motor_node.cpp:(.text._ZN4YAML11InvalidNodeC2Ev[_ZN4YAML11InvalidNodeC5Ev]+0x90): undefined reference to `vtable for YAML::InvalidNode'
[13.616s] /usr/bin/ld: motor_node.cpp:(.text._ZN4YAML11InvalidNodeC2Ev[_ZN4YAML11InvalidNodeC5Ev]+0x94): undefined reference to `vtable for YAML::InvalidNode'
[13.616s] /usr/bin/ld: CMakeFiles/motor_node.dir/src/motor_node.cpp.o: in function `YAML::BadConversion::BadConversion(YAML::Mark const&)':
[13.617s] motor_node.cpp:(.text._ZN4YAML13BadConversionC2ERKNS_4MarkE[_ZN4YAML13BadConversionC5ERKNS_4MarkE]+0x74): undefined reference to `vtable for YAML::BadConversion'
[13.617s] /usr/bin/ld: motor_node.cpp:(.text._ZN4YAML13BadConversionC2ERKNS_4MarkE[_ZN4YAML13BadConversionC5ERKNS_4MarkE]+0x78): undefined reference to `vtable for YAML::BadConversion'
[13.617s] /usr/bin/ld: CMakeFiles/motor_node.dir/src/motor_node.cpp.o: in function `YAML::BadSubscript::BadSubscript()':
[13.618s] motor_node.cpp:(.text._ZN4YAML12BadSubscriptC2Ev[_ZN4YAML12BadSubscriptC5Ev]+0x90): undefined reference to `vtable for YAML::BadSubscript'
[13.618s] /usr/bin/ld: motor_node.cpp:(.text._ZN4YAML12BadSubscriptC2Ev[_ZN4YAML12BadSubscriptC5Ev]+0x94): undefined reference to `vtable for YAML::BadSubscript'
[13.618s] /usr/bin/ld: CMakeFiles/motor_node.dir/src/motor_node.cpp.o: in function `YAML::detail::memory_holder::create_node()':
[13.618s] motor_node.cpp:(.text._ZN4YAML6detail13memory_holder11create_nodeEv[_ZN4YAML6detail13memory_holder11create_nodeEv]+0x14): undefined reference to `YAML::detail::memory::create_node()'
[13.619s] /usr/bin/ld: CMakeFiles/motor_node.dir/src/motor_node.cpp.o: in function `YAML::detail::node_ref::mark_defined()':
[13.619s] motor_node.cpp:(.text._ZN4YAML6detail8node_ref12mark_definedEv[_ZN4YAML6detail8node_ref12mark_definedEv]+0x14): undefined reference to `YAML::detail::node_data::mark_defined()'
[13.619s] /usr/bin/ld: CMakeFiles/motor_node.dir/src/motor_node.cpp.o: in function `YAML::detail::node_ref::set_null()':
[13.619s] motor_node.cpp:(.text._ZN4YAML6detail8node_ref8set_nullEv[_ZN4YAML6detail8node_ref8set_nullEv]+0x14): undefined reference to `YAML::detail::node_data::set_null()'
[13.619s] /usr/bin/ld: CMakeFiles/motor_node.dir/src/motor_node.cpp.o: in function `YAML::detail::node_ref::set_scalar(std::__cxx11::basic_string<char, std::char_traits<char>, std::allocator<char> > const&)':
[13.620s] motor_node.cpp:(.text._ZN4YAML6detail8node_ref10set_scalarERKNSt7__cxx1112basic_stringIcSt11char_traitsIcESaIcEEE[_ZN4YAML6detail8node_ref10set_scalarERKNSt7__cxx1112basic_stringIcSt11char_traitsIcESaIcEEE]+0x1c): undefined reference to `YAML::detail::node_data::set_scalar(std::__cxx11::basic_string<char, std::char_traits<char>, std::allocator<char> > const&)'
[13.620s] /usr/bin/ld: CMakeFiles/motor_node.dir/src/motor_node.cpp.o: in function `YAML::detail::node_ref::begin()':
[13.620s] motor_node.cpp:(.text._ZN4YAML6detail8node_ref5beginEv[_ZN4YAML6detail8node_ref5beginEv]+0x34): undefined reference to `YAML::detail::node_data::begin()'
[13.621s] /usr/bin/ld: CMakeFiles/motor_node.dir/src/motor_node.cpp.o: in function `YAML::detail::node_ref::end()':
[13.621s] motor_node.cpp:(.text._ZN4YAML6detail8node_ref3endEv[_ZN4YAML6detail8node_ref3endEv]+0x34): undefined reference to `YAML::detail::node_data::end()'
[13.621s] /usr/bin/ld: CMakeFiles/motor_node.dir/src/motor_node.cpp.o: in function `YAML::Node::EnsureNodeExists() const':
[13.621s] motor_node.cpp:(.text._ZNK4YAML4Node16EnsureNodeExistsEv[_ZNK4YAML4Node16EnsureNodeExistsEv]+0x3c): undefined reference to `YAML::InvalidNode::~InvalidNode()'
[13.622s] /usr/bin/ld: motor_node.cpp:(.text._ZNK4YAML4Node16EnsureNodeExistsEv[_ZNK4YAML4Node16EnsureNodeExistsEv]+0x40): undefined reference to `YAML::InvalidNode::~InvalidNode()'
[13.622s] /usr/bin/ld: motor_node.cpp:(.text._ZNK4YAML4Node16EnsureNodeExistsEv[_ZNK4YAML4Node16EnsureNodeExistsEv]+0x44): undefined reference to `typeinfo for YAML::InvalidNode'
[13.622s] /usr/bin/ld: motor_node.cpp:(.text._ZNK4YAML4Node16EnsureNodeExistsEv[_ZNK4YAML4Node16EnsureNodeExistsEv]+0x48): undefined reference to `typeinfo for YAML::InvalidNode'
[13.623s] /usr/bin/ld: CMakeFiles/motor_node.dir/src/motor_node.cpp.o: in function `YAML::Node::Mark() const':
[13.623s] motor_node.cpp:(.text._ZNK4YAML4Node4MarkEv[_ZNK4YAML4Node4MarkEv]+0x40): undefined reference to `YAML::InvalidNode::~InvalidNode()'
[13.623s] /usr/bin/ld: motor_node.cpp:(.text._ZNK4YAML4Node4MarkEv[_ZNK4YAML4Node4MarkEv]+0x44): undefined reference to `YAML::InvalidNode::~InvalidNode()'
[13.623s] /usr/bin/ld: motor_node.cpp:(.text._ZNK4YAML4Node4MarkEv[_ZNK4YAML4Node4MarkEv]+0x48): undefined reference to `typeinfo for YAML::InvalidNode'
[13.623s] /usr/bin/ld: motor_node.cpp:(.text._ZNK4YAML4Node4MarkEv[_ZNK4YAML4Node4MarkEv]+0x4c): undefined reference to `typeinfo for YAML::InvalidNode'
[13.623s] /usr/bin/ld: CMakeFiles/motor_node.dir/src/motor_node.cpp.o: in function `YAML::Node::Type() const':
[13.624s] motor_node.cpp:(.text._ZNK4YAML4Node4TypeEv[_ZNK4YAML4Node4TypeEv]+0x3c): undefined reference to `YAML::InvalidNode::~InvalidNode()'
[13.624s] /usr/bin/ld: motor_node.cpp:(.text._ZNK4YAML4Node4TypeEv[_ZNK4YAML4Node4TypeEv]+0x40): undefined reference to `YAML::InvalidNode::~InvalidNode()'
[13.624s] /usr/bin/ld: motor_node.cpp:(.text._ZNK4YAML4Node4TypeEv[_ZNK4YAML4Node4TypeEv]+0x44): undefined reference to `typeinfo for YAML::InvalidNode'
[13.624s] /usr/bin/ld: motor_node.cpp:(.text._ZNK4YAML4Node4TypeEv[_ZNK4YAML4Node4TypeEv]+0x48): undefined reference to `typeinfo for YAML::InvalidNode'
[13.624s] /usr/bin/ld: CMakeFiles/motor_node.dir/src/motor_node.cpp.o: in function `YAML::Node::Scalar[abi:cxx11]() const':
[13.624s] motor_node.cpp:(.text._ZNK4YAML4Node6ScalarB5cxx11Ev[_ZNK4YAML4Node6ScalarB5cxx11Ev]+0x3c): undefined reference to `YAML::InvalidNode::~InvalidNode()'
[13.624s] /usr/bin/ld: motor_node.cpp:(.text._ZNK4YAML4Node6ScalarB5cxx11Ev[_ZNK4YAML4Node6ScalarB5cxx11Ev]+0x40): undefined reference to `YAML::InvalidNode::~InvalidNode()'
[13.624s] /usr/bin/ld: motor_node.cpp:(.text._ZNK4YAML4Node6ScalarB5cxx11Ev[_ZNK4YAML4Node6ScalarB5cxx11Ev]+0x44): undefined reference to `typeinfo for YAML::InvalidNode'
[13.624s] /usr/bin/ld: motor_node.cpp:(.text._ZNK4YAML4Node6ScalarB5cxx11Ev[_ZNK4YAML4Node6ScalarB5cxx11Ev]+0x48): undefined reference to `typeinfo for YAML::InvalidNode'
[13.624s] /usr/bin/ld: motor_node.cpp:(.text._ZNK4YAML4Node6ScalarB5cxx11Ev[_ZNK4YAML4Node6ScalarB5cxx11Ev]+0x74): undefined reference to `YAML::detail::node_data::empty_scalar[abi:cxx11]'
[13.624s] /usr/bin/ld: motor_node.cpp:(.text._ZNK4YAML4Node6ScalarB5cxx11Ev[_ZNK4YAML4Node6ScalarB5cxx11Ev]+0x78): undefined reference to `YAML::detail::node_data::empty_scalar[abi:cxx11]'
[13.625s] /usr/bin/ld: CMakeFiles/motor_node.dir/src/motor_node.cpp.o: in function `void YAML::Node::Assign<std::__cxx11::basic_string<char, std::char_traits<char>, std::allocator<char> > >(std::__cxx11::basic_string<char, std::char_traits<char>, std::allocator<char> > const&)':
[13.625s] motor_node.cpp:(.text._ZN4YAML4Node6AssignINSt7__cxx1112basic_stringIcSt11char_traitsIcESaIcEEEEEvRKT_[_ZN4YAML4Node6AssignINSt7__cxx1112basic_stringIcSt11char_traitsIcESaIcEEEEEvRKT_]+0x40): undefined reference to `YAML::InvalidNode::~InvalidNode()'
[13.625s] /usr/bin/ld: motor_node.cpp:(.text._ZN4YAML4Node6AssignINSt7__cxx1112basic_stringIcSt11char_traitsIcESaIcEEEEEvRKT_[_ZN4YAML4Node6AssignINSt7__cxx1112basic_stringIcSt11char_traitsIcESaIcEEEEEvRKT_]+0x44): undefined reference to `YAML::InvalidNode::~InvalidNode()'
[13.625s] /usr/bin/ld: motor_node.cpp:(.text._ZN4YAML4Node6AssignINSt7__cxx1112basic_stringIcSt11char_traitsIcESaIcEEEEEvRKT_[_ZN4YAML4Node6AssignINSt7__cxx1112basic_stringIcSt11char_traitsIcESaIcEEEEEvRKT_]+0x48): undefined reference to `typeinfo for YAML::InvalidNode'
[13.625s] /usr/bin/ld: motor_node.cpp:(.text._ZN4YAML4Node6AssignINSt7__cxx1112basic_stringIcSt11char_traitsIcESaIcEEEEEvRKT_[_ZN4YAML4Node6AssignINSt7__cxx1112basic_stringIcSt11char_traitsIcESaIcEEEEEvRKT_]+0x4c): undefined reference to `typeinfo for YAML::InvalidNode'
[13.625s] /usr/bin/ld: CMakeFiles/motor_node.dir/src/motor_node.cpp.o: in function `MotorNode::load_devices(std::__cxx11::basic_string<char, std::char_traits<char>, std::allocator<char> > const&)':
[13.625s] motor_node.cpp:(.text._ZN9MotorNode12load_devicesERKNSt7__cxx1112basic_stringIcSt11char_traitsIcESaIcEEE[_ZN9MotorNode12load_devicesERKNSt7__cxx1112basic_stringIcSt11char_traitsIcESaIcEEE]+0x3c): undefined reference to `YAML::LoadFile(std::__cxx11::basic_string<char, std::char_traits<char>, std::allocator<char> > const&)'
[13.625s] /usr/bin/ld: CMakeFiles/motor_node.dir/src/motor_node.cpp.o: in function `MotorNode::load_motors(std::__cxx11::basic_string<char, std::char_traits<char>, std::allocator<char> > const&)':
[13.625s] motor_node.cpp:(.text._ZN9MotorNode11load_motorsERKNSt7__cxx1112basic_stringIcSt11char_traitsIcESaIcEEE[_ZN9MotorNode11load_motorsERKNSt7__cxx1112basic_stringIcSt11char_traitsIcESaIcEEE]+0x3c): undefined reference to `YAML::LoadFile(std::__cxx11::basic_string<char, std::char_traits<char>, std::allocator<char> > const&)'
[13.625s] /usr/bin/ld: CMakeFiles/motor_node.dir/src/motor_node.cpp.o: in function `YAML::Node YAML::Node::operator[]<char [8]>(char const (&) [8])':
[13.625s] motor_node.cpp:(.text._ZN4YAML4NodeixIA8_cEES0_RKT_[_ZN4YAML4NodeixIA8_cEES0_RKT_]+0x58): undefined reference to `YAML::InvalidNode::~InvalidNode()'
[13.626s] /usr/bin/ld: motor_node.cpp:(.text._ZN4YAML4NodeixIA8_cEES0_RKT_[_ZN4YAML4NodeixIA8_cEES0_RKT_]+0x5c): undefined reference to `YAML::InvalidNode::~InvalidNode()'
[13.626s] /usr/bin/ld: motor_node.cpp:(.text._ZN4YAML4NodeixIA8_cEES0_RKT_[_ZN4YAML4NodeixIA8_cEES0_RKT_]+0x60): undefined reference to `typeinfo for YAML::InvalidNode'
[13.627s] /usr/bin/ld: motor_node.cpp:(.text._ZN4YAML4NodeixIA8_cEES0_RKT_[_ZN4YAML4NodeixIA8_cEES0_RKT_]+0x64): undefined reference to `typeinfo for YAML::InvalidNode'
[13.628s] /usr/bin/ld: CMakeFiles/motor_node.dir/src/motor_node.cpp.o: in function `YAML::Node const YAML::Node::operator[]<char [5]>(char const (&) [5]) const':
[13.629s] motor_node.cpp:(.text._ZNK4YAML4NodeixIA5_cEEKS0_RKT_[_ZNK4YAML4NodeixIA5_cEEKS0_RKT_]+0x58): undefined reference to `YAML::InvalidNode::~InvalidNode()'
[13.632s] /usr/bin/ld: motor_node.cpp:(.text._ZNK4YAML4NodeixIA5_cEEKS0_RKT_[_ZNK4YAML4NodeixIA5_cEEKS0_RKT_]+0x5c): undefined reference to `YAML::InvalidNode::~InvalidNode()'
[13.632s] /usr/bin/ld: motor_node.cpp:(.text._ZNK4YAML4NodeixIA5_cEEKS0_RKT_[_ZNK4YAML4NodeixIA5_cEEKS0_RKT_]+0x60): undefined reference to `typeinfo for YAML::InvalidNode'
[13.633s] /usr/bin/ld: motor_node.cpp:(.text._ZNK4YAML4NodeixIA5_cEEKS0_RKT_[_ZNK4YAML4NodeixIA5_cEEKS0_RKT_]+0x64): undefined reference to `typeinfo for YAML::InvalidNode'
[13.633s] /usr/bin/ld: CMakeFiles/motor_node.dir/src/motor_node.cpp.o: in function `std::__cxx11::basic_string<char, std::char_traits<char>, std::allocator<char> > YAML::Node::as<std::__cxx11::basic_string<char, std::char_traits<char>, std::allocator<char> > >() const':
[13.634s] motor_node.cpp:(.text._ZNK4YAML4Node2asINSt7__cxx1112basic_stringIcSt11char_traitsIcESaIcEEEEET_v[_ZNK4YAML4Node2asINSt7__cxx1112basic_stringIcSt11char_traitsIcESaIcEEEEET_v]+0x54): undefined reference to `YAML::InvalidNode::~InvalidNode()'
[13.634s] /usr/bin/ld: motor_node.cpp:(.text._ZNK4YAML4Node2asINSt7__cxx1112basic_stringIcSt11char_traitsIcESaIcEEEEET_v[_ZNK4YAML4Node2asINSt7__cxx1112basic_stringIcSt11char_traitsIcESaIcEEEEET_v]+0x58): undefined reference to `YAML::InvalidNode::~InvalidNode()'
[13.634s] /usr/bin/ld: motor_node.cpp:(.text._ZNK4YAML4Node2asINSt7__cxx1112basic_stringIcSt11char_traitsIcESaIcEEEEET_v[_ZNK4YAML4Node2asINSt7__cxx1112basic_stringIcSt11char_traitsIcESaIcEEEEET_v]+0x5c): undefined reference to `typeinfo for YAML::InvalidNode'
[13.635s] /usr/bin/ld: motor_node.cpp:(.text._ZNK4YAML4Node2asINSt7__cxx1112basic_stringIcSt11char_traitsIcESaIcEEEEET_v[_ZNK4YAML4Node2asINSt7__cxx1112basic_stringIcSt11char_traitsIcESaIcEEEEET_v]+0x60): undefined reference to `typeinfo for YAML::InvalidNode'
[13.635s] /usr/bin/ld: CMakeFiles/motor_node.dir/src/motor_node.cpp.o: in function `YAML::Node YAML::Node::operator[]<char [7]>(char const (&) [7])':
[13.635s] motor_node.cpp:(.text._ZN4YAML4NodeixIA7_cEES0_RKT_[_ZN4YAML4NodeixIA7_cEES0_RKT_]+0x58): undefined reference to `YAML::InvalidNode::~InvalidNode()'
[13.636s] /usr/bin/ld: motor_node.cpp:(.text._ZN4YAML4NodeixIA7_cEES0_RKT_[_ZN4YAML4NodeixIA7_cEES0_RKT_]+0x5c): undefined reference to `YAML::InvalidNode::~InvalidNode()'
[13.636s] /usr/bin/ld: motor_node.cpp:(.text._ZN4YAML4NodeixIA7_cEES0_RKT_[_ZN4YAML4NodeixIA7_cEES0_RKT_]+0x60): undefined reference to `typeinfo for YAML::InvalidNode'
[13.637s] /usr/bin/ld: motor_node.cpp:(.text._ZN4YAML4NodeixIA7_cEES0_RKT_[_ZN4YAML4NodeixIA7_cEES0_RKT_]+0x64): undefined reference to `typeinfo for YAML::InvalidNode'
[13.637s] /usr/bin/ld: CMakeFiles/motor_node.dir/src/motor_node.cpp.o: in function `YAML::Node const YAML::Node::operator[]<char [7]>(char const (&) [7]) const':
[13.638s] motor_node.cpp:(.text._ZNK4YAML4NodeixIA7_cEEKS0_RKT_[_ZNK4YAML4NodeixIA7_cEEKS0_RKT_]+0x58): undefined reference to `YAML::InvalidNode::~InvalidNode()'
[13.639s] /usr/bin/ld: motor_node.cpp:(.text._ZNK4YAML4NodeixIA7_cEEKS0_RKT_[_ZNK4YAML4NodeixIA7_cEEKS0_RKT_]+0x5c): undefined reference to `YAML::InvalidNode::~InvalidNode()'
[13.641s] /usr/bin/ld: motor_node.cpp:(.text._ZNK4YAML4NodeixIA7_cEEKS0_RKT_[_ZNK4YAML4NodeixIA7_cEEKS0_RKT_]+0x60): undefined reference to `typeinfo for YAML::InvalidNode'
[13.641s] /usr/bin/ld: motor_node.cpp:(.text._ZNK4YAML4NodeixIA7_cEEKS0_RKT_[_ZNK4YAML4NodeixIA7_cEEKS0_RKT_]+0x64): undefined reference to `typeinfo for YAML::InvalidNode'
[13.643s] /usr/bin/ld: CMakeFiles/motor_node.dir/src/motor_node.cpp.o: in function `YAML::Node const YAML::Node::operator[]<char [12]>(char const (&) [12]) const':
[13.643s] motor_node.cpp:(.text._ZNK4YAML4NodeixIA12_cEEKS0_RKT_[_ZNK4YAML4NodeixIA12_cEEKS0_RKT_]+0x58): undefined reference to `YAML::InvalidNode::~InvalidNode()'
[13.643s] /usr/bin/ld: motor_node.cpp:(.text._ZNK4YAML4NodeixIA12_cEEKS0_RKT_[_ZNK4YAML4NodeixIA12_cEEKS0_RKT_]+0x5c): undefined reference to `YAML::InvalidNode::~InvalidNode()'
[13.643s] /usr/bin/ld: motor_node.cpp:(.text._ZNK4YAML4NodeixIA12_cEEKS0_RKT_[_ZNK4YAML4NodeixIA12_cEEKS0_RKT_]+0x60): undefined reference to `typeinfo for YAML::InvalidNode'
[13.644s] /usr/bin/ld: motor_node.cpp:(.text._ZNK4YAML4NodeixIA12_cEEKS0_RKT_[_ZNK4YAML4NodeixIA12_cEEKS0_RKT_]+0x64): undefined reference to `typeinfo for YAML::InvalidNode'
[13.644s] /usr/bin/ld: CMakeFiles/motor_node.dir/src/motor_node.cpp.o: in function `unsigned char YAML::Node::as<unsigned char>() const':
[13.645s] motor_node.cpp:(.text._ZNK4YAML4Node2asIhEET_v[_ZNK4YAML4Node2asIhEET_v]+0x50): undefined reference to `YAML::InvalidNode::~InvalidNode()'
[13.646s] /usr/bin/ld: motor_node.cpp:(.text._ZNK4YAML4Node2asIhEET_v[_ZNK4YAML4Node2asIhEET_v]+0x54): undefined reference to `YAML::InvalidNode::~InvalidNode()'
[13.647s] /usr/bin/ld: motor_node.cpp:(.text._ZNK4YAML4Node2asIhEET_v[_ZNK4YAML4Node2asIhEET_v]+0x58): undefined reference to `typeinfo for YAML::InvalidNode'
[13.648s] /usr/bin/ld: motor_node.cpp:(.text._ZNK4YAML4Node2asIhEET_v[_ZNK4YAML4Node2asIhEET_v]+0x5c): undefined reference to `typeinfo for YAML::InvalidNode'
[13.648s] /usr/bin/ld: CMakeFiles/motor_node.dir/src/motor_node.cpp.o: in function `YAML::TypedBadConversion<unsigned char>::~TypedBadConversion()':
[13.648s] motor_node.cpp:(.text._ZN4YAML18TypedBadConversionIhED2Ev[_ZN4YAML18TypedBadConversionIhED5Ev]+0x20): undefined reference to `YAML::BadConversion::~BadConversion()'
[13.649s] /usr/bin/ld: CMakeFiles/motor_node.dir/src/motor_node.cpp.o: in function `YAML::detail::node& YAML::detail::node_data::get<std::__cxx11::basic_string<char, std::char_traits<char>, std::allocator<char> > >(std::__cxx11::basic_string<char, std::char_traits<char>, std::allocator<char> > const&, std::shared_ptr<YAML::detail::memory_holder>)':
[13.649s] motor_node.cpp:(.text._ZN4YAML6detail9node_data3getINSt7__cxx1112basic_stringIcSt11char_traitsIcESaIcEEEEERNS0_4nodeERKT_St10shared_ptrINS0_13memory_holderEE[_ZN4YAML6detail9node_data3getINSt7__cxx1112basic_stringIcSt11char_traitsIcESaIcEEEEERNS0_4nodeERKT_St10shared_ptrINS0_13memory_holderEE]+0xe0): undefined reference to `YAML::detail::node_data::convert_to_map(std::shared_ptr<YAML::detail::memory_holder>)'
[13.649s] /usr/bin/ld: motor_node.cpp:(.text._ZN4YAML6detail9node_data3getINSt7__cxx1112basic_stringIcSt11char_traitsIcESaIcEEEEERNS0_4nodeERKT_St10shared_ptrINS0_13memory_holderEE[_ZN4YAML6detail9node_data3getINSt7__cxx1112basic_stringIcSt11char_traitsIcESaIcEEEEERNS0_4nodeERKT_St10shared_ptrINS0_13memory_holderEE]+0x104): undefined reference to `YAML::BadSubscript::~BadSubscript()'
[13.650s] /usr/bin/ld: motor_node.cpp:(.text._ZN4YAML6detail9node_data3getINSt7__cxx1112basic_stringIcSt11char_traitsIcESaIcEEEEERNS0_4nodeERKT_St10shared_ptrINS0_13memory_holderEE[_ZN4YAML6detail9node_data3getINSt7__cxx1112basic_stringIcSt11char_traitsIcESaIcEEEEERNS0_4nodeERKT_St10shared_ptrINS0_13memory_holderEE]+0x108): undefined reference to `YAML::BadSubscript::~BadSubscript()'
[13.650s] /usr/bin/ld: motor_node.cpp:(.text._ZN4YAML6detail9node_data3getINSt7__cxx1112basic_stringIcSt11char_traitsIcESaIcEEEEERNS0_4nodeERKT_St10shared_ptrINS0_13memory_holderEE[_ZN4YAML6detail9node_data3getINSt7__cxx1112basic_stringIcSt11char_traitsIcESaIcEEEEERNS0_4nodeERKT_St10shared_ptrINS0_13memory_holderEE]+0x10c): undefined reference to `typeinfo for YAML::BadSubscript'
[13.651s] /usr/bin/ld: motor_node.cpp:(.text._ZN4YAML6detail9node_data3getINSt7__cxx1112basic_stringIcSt11char_traitsIcESaIcEEEEERNS0_4nodeERKT_St10shared_ptrINS0_13memory_holderEE[_ZN4YAML6detail9node_data3getINSt7__cxx1112basic_stringIcSt11char_traitsIcESaIcEEEEERNS0_4nodeERKT_St10shared_ptrINS0_13memory_holderEE]+0x110): undefined reference to `typeinfo for YAML::BadSubscript'
[13.651s] /usr/bin/ld: motor_node.cpp:(.text._ZN4YAML6detail9node_data3getINSt7__cxx1112basic_stringIcSt11char_traitsIcESaIcEEEEERNS0_4nodeERKT_St10shared_ptrINS0_13memory_holderEE[_ZN4YAML6detail9node_data3getINSt7__cxx1112basic_stringIcSt11char_traitsIcESaIcEEEEERNS0_4nodeERKT_St10shared_ptrINS0_13memory_holderEE]+0x204): undefined reference to `YAML::detail::node_data::insert_map_pair(YAML::detail::node&, YAML::detail::node&)'
[13.651s] /usr/bin/ld: CMakeFiles/motor_node.dir/src/motor_node.cpp.o: in function `YAML::detail::node* YAML::detail::node_data::get<std::__cxx11::basic_string<char, std::char_traits<char>, std::allocator<char> > >(std::__cxx11::basic_string<char, std::char_traits<char>, std::allocator<char> > const&, std::shared_ptr<YAML::detail::memory_holder>) const':
[13.652s] motor_node.cpp:(.text._ZNK4YAML6detail9node_data3getINSt7__cxx1112basic_stringIcSt11char_traitsIcESaIcEEEEEPNS0_4nodeERKT_St10shared_ptrINS0_13memory_holderEE[_ZNK4YAML6detail9node_data3getINSt7__cxx1112basic_stringIcSt11char_traitsIcESaIcEEEEEPNS0_4nodeERKT_St10shared_ptrINS0_13memory_holderEE]+0xe0): undefined reference to `YAML::BadSubscript::~BadSubscript()'
[13.653s] /usr/bin/ld: motor_node.cpp:(.text._ZNK4YAML6detail9node_data3getINSt7__cxx1112basic_stringIcSt11char_traitsIcESaIcEEEEEPNS0_4nodeERKT_St10shared_ptrINS0_13memory_holderEE[_ZNK4YAML6detail9node_data3getINSt7__cxx1112basic_stringIcSt11char_traitsIcESaIcEEEEEPNS0_4nodeERKT_St10shared_ptrINS0_13memory_holderEE]+0xe4): undefined reference to `YAML::BadSubscript::~BadSubscript()'
[13.653s] /usr/bin/ld: motor_node.cpp:(.text._ZNK4YAML6detail9node_data3getINSt7__cxx1112basic_stringIcSt11char_traitsIcESaIcEEEEEPNS0_4nodeERKT_St10shared_ptrINS0_13memory_holderEE[_ZNK4YAML6detail9node_data3getINSt7__cxx1112basic_stringIcSt11char_traitsIcESaIcEEEEEPNS0_4nodeERKT_St10shared_ptrINS0_13memory_holderEE]+0xe8): undefined reference to `typeinfo for YAML::BadSubscript'
[13.653s] /usr/bin/ld: motor_node.cpp:(.text._ZNK4YAML6detail9node_data3getINSt7__cxx1112basic_stringIcSt11char_traitsIcESaIcEEEEEPNS0_4nodeERKT_St10shared_ptrINS0_13memory_holderEE[_ZNK4YAML6detail9node_data3getINSt7__cxx1112basic_stringIcSt11char_traitsIcESaIcEEEEEPNS0_4nodeERKT_St10shared_ptrINS0_13memory_holderEE]+0xec): undefined reference to `typeinfo for YAML::BadSubscript'
[13.653s] /usr/bin/ld: CMakeFiles/motor_node.dir/src/motor_node.cpp.o: in function `YAML::detail::node& YAML::detail::node_data::convert_to_node<std::__cxx11::basic_string<char, std::char_traits<char>, std::allocator<char> > >(std::__cxx11::basic_string<char, std::char_traits<char>, std::allocator<char> > const&, std::shared_ptr<YAML::detail::memory_holder>)':
[13.654s] motor_node.cpp:(.text._ZN4YAML6detail9node_data15convert_to_nodeINSt7__cxx1112basic_stringIcSt11char_traitsIcESaIcEEEEERNS0_4nodeERKT_St10shared_ptrINS0_13memory_holderEE[_ZN4YAML6detail9node_data15convert_to_nodeINSt7__cxx1112basic_stringIcSt11char_traitsIcESaIcEEEEERNS0_4nodeERKT_St10shared_ptrINS0_13memory_holderEE]+0x60): undefined reference to `YAML::detail::memory_holder::merge(YAML::detail::memory_holder&)'
[13.654s] /usr/bin/ld: CMakeFiles/motor_node.dir/src/motor_node.cpp.o: in function `YAML::TypedBadConversion<std::__cxx11::basic_string<char, std::char_traits<char>, std::allocator<char> > >::~TypedBadConversion()':
[13.655s] motor_node.cpp:(.text._ZN4YAML18TypedBadConversionINSt7__cxx1112basic_stringIcSt11char_traitsIcESaIcEEEED2Ev[_ZN4YAML18TypedBadConversionINSt7__cxx1112basic_stringIcSt11char_traitsIcESaIcEEEED5Ev]+0x20): undefined reference to `YAML::BadConversion::~BadConversion()'
[13.655s] /usr/bin/ld: CMakeFiles/motor_node.dir/src/motor_node.cpp.o:(.data.rel.ro._ZTIN4YAML18TypedBadConversionIhEE[_ZTIN4YAML18TypedBadConversionIhEE]+0x10): undefined reference to `typeinfo for YAML::BadConversion'
[13.655s] /usr/bin/ld: CMakeFiles/motor_node.dir/src/motor_node.cpp.o:(.data.rel.ro._ZTIN4YAML18TypedBadConversionINSt7__cxx1112basic_stringIcSt11char_traitsIcESaIcEEEEE[_ZTIN4YAML18TypedBadConversionINSt7__cxx1112basic_stringIcSt11char_traitsIcESaIcEEEEE]+0x10): undefined reference to `typeinfo for YAML::BadConversion'
[13.655s] /usr/bin/ld: CMakeFiles/motor_node.dir/src/motor_node.cpp.o:(.data.rel.local.DW.ref._ZTIN4YAML9ExceptionE[DW.ref._ZTIN4YAML9ExceptionE]+0x0): undefined reference to `typeinfo for YAML::Exception'
[13.655s] collect2: error: ld returned 1 exit status
[13.655s] make[2]: *** [CMakeFiles/motor_node.dir/build.make:167：motor_node] 错误 1
[13.656s] make[1]: *** [CMakeFiles/Makefile2:78：CMakeFiles/motor_node.dir/all] 错误 2
[13.656s] make: *** [Makefile:141：all] 错误 2
[13.656s] Invoked command in '/home/nvidia/ros2_usb2can_motor_controller/build/motor_controller' returned '2': AMENT_PREFIX_PATH=/home/nvidia/ros2_usb2can_motor_controller/install/can_usb_driver:${AMENT_PREFIX_PATH} CMAKE_PREFIX_PATH=${CMAKE_PREFIX_PATH}:/home/nvidia/ros2_usb2can_motor_controller/install/can_usb_driver:/opt/ros/foxy /usr/bin/cmake --build /home/nvidia/ros2_usb2can_motor_controller/build/motor_controller -- -j12 -l12
