[0.030s] Invoking command in '/home/nvidia/ros2_usb2can_motor_controller/build/motor_interfaces': CMAKE_PREFIX_PATH=${CMAKE_PREFIX_PATH}:/opt/ros/foxy /usr/bin/cmake /home/nvidia/ros2_usb2can_motor_controller/src/motor_interfaces -DCMAKE_INSTALL_PREFIX=/home/nvidia/ros2_usb2can_motor_controller/install/motor_interfaces
[0.112s] -- The C compiler identification is GNU 9.4.0
[0.183s] -- The CXX compiler identification is GNU 9.4.0
[0.189s] -- Check for working C compiler: /usr/bin/cc
[0.296s] -- Check for working C compiler: /usr/bin/cc -- works
[0.297s] -- Detecting C compiler ABI info
[0.403s] -- Detecting C compiler ABI info - done
[0.420s] -- Detecting C compile features
[0.421s] -- Detecting C compile features - done
[0.424s] -- Check for working CXX compiler: /usr/bin/c++
[0.538s] -- Check for working CXX compiler: /usr/bin/c++ -- works
[0.540s] -- Detecting CXX compiler ABI info
[0.658s] -- Detecting CXX compiler ABI info - done
[0.692s] -- Detecting CXX compile features
[0.693s] -- Detecting CXX compile features - done
[0.697s] -- Found rosidl_default_generators: 1.0.1 (/opt/ros/foxy/share/rosidl_default_generators/cmake)
[0.699s] -- Found ament_cmake_core: 0.9.12 (/opt/ros/foxy/share/ament_cmake_core/cmake)
[0.731s] -- Found PythonInterp: /usr/bin/python3 (found suitable version "3.8.10", minimum required is "3") 
[0.731s] -- Using PYTHON_EXECUTABLE: /usr/bin/python3
[1.025s] -- Using all available rosidl_typesupport_c: rosidl_typesupport_fastrtps_c;rosidl_typesupport_introspection_c
[1.036s] -- Found rosidl_adapter: 1.3.1 (/opt/ros/foxy/share/rosidl_adapter/cmake)
[1.226s] -- Found OpenSSL: /usr/lib/aarch64-linux-gnu/libcrypto.so (found version "1.1.1f")  
[1.266s] -- Found FastRTPS: /opt/ros/foxy/include  
[1.370s] -- Using all available rosidl_typesupport_cpp: rosidl_typesupport_fastrtps_cpp;rosidl_typesupport_introspection_cpp
[1.434s] -- Found PythonInterp: /usr/bin/python3 (found version "3.8.10") 
[1.630s] -- Found ament_cmake_ros: 0.9.2 (/opt/ros/foxy/share/ament_cmake_ros/cmake)
[1.768s] -- Using all available rosidl_typesupport_c: rosidl_typesupport_fastrtps_c;rosidl_typesupport_introspection_c
[1.778s] -- Using all available rosidl_typesupport_cpp: rosidl_typesupport_fastrtps_cpp;rosidl_typesupport_introspection_cpp
[1.813s] -- Found PythonInterp: /usr/bin/python3 (found suitable version "3.8.10", minimum required is "3.5") 
[1.814s] -- Found python_cmake_module: 0.8.1 (/opt/ros/foxy/share/python_cmake_module/cmake)
[1.854s] -- Found PythonLibs: /usr/lib/aarch64-linux-gnu/libpython3.8.so (found suitable version "3.8.10", minimum required is "3.5") 
[1.854s] -- Using PYTHON_EXECUTABLE: /usr/bin/python3
[1.854s] -- Using PYTHON_INCLUDE_DIRS: /usr/include/python3.8
[1.854s] -- Using PYTHON_LIBRARIES: /usr/lib/aarch64-linux-gnu/libpython3.8.so
[1.885s] -- Found PythonExtra: .so  
[1.957s] -- Configuring done
[1.998s] -- Generating done
[2.012s] -- Build files have been written to: /home/nvidia/ros2_usb2can_motor_controller/build/motor_interfaces
[2.027s] Invoked command in '/home/nvidia/ros2_usb2can_motor_controller/build/motor_interfaces' returned '0': CMAKE_PREFIX_PATH=${CMAKE_PREFIX_PATH}:/opt/ros/foxy /usr/bin/cmake /home/nvidia/ros2_usb2can_motor_controller/src/motor_interfaces -DCMAKE_INSTALL_PREFIX=/home/nvidia/ros2_usb2can_motor_controller/install/motor_interfaces
[2.034s] Invoking command in '/home/nvidia/ros2_usb2can_motor_controller/build/motor_interfaces': CMAKE_PREFIX_PATH=${CMAKE_PREFIX_PATH}:/opt/ros/foxy /usr/bin/cmake --build /home/nvidia/ros2_usb2can_motor_controller/build/motor_interfaces -- -j12 -l12
[2.100s] [  2%] [34m[1mGenerating C code for ROS interfaces[0m
[2.100s] [35m[1mScanning dependencies of target motor_interfaces__cpp[0m
[2.117s] [  5%] [34m[1mGenerating C++ code for ROS interfaces[0m
[2.493s] [  5%] Built target motor_interfaces__cpp
[2.509s] [ 12%] [34m[1mGenerating C++ type support for eProsima Fast-RTPS[0m
[2.509s] [ 12%] [34m[1mGenerating C++ type support dispatch for ROS interfaces[0m
[2.509s] [ 12%] [34m[1mGenerating C++ introspection for ROS interfaces[0m
[2.509s] [35m[1mScanning dependencies of target motor_interfaces__rosidl_generator_c[0m
[2.529s] [ 17%] [32mBuilding C object CMakeFiles/motor_interfaces__rosidl_generator_c.dir/rosidl_generator_c/motor_interfaces/msg/detail/motor_command__functions.c.o[0m
[2.530s] [ 17%] [32mBuilding C object CMakeFiles/motor_interfaces__rosidl_generator_c.dir/rosidl_generator_c/motor_interfaces/msg/detail/motor_status__functions.c.o[0m
[2.608s] [ 20%] [32m[1mLinking C shared library libmotor_interfaces__rosidl_generator_c.so[0m
[2.658s] [ 20%] Built target motor_interfaces__rosidl_generator_c
[2.675s] [ 25%] [34m[1mGenerating C type support dispatch for ROS interfaces[0m
[2.675s] [ 25%] [34m[1mGenerating C introspection for ROS interfaces[0m
[2.849s] [35m[1mScanning dependencies of target motor_interfaces__rosidl_typesupport_cpp[0m
[2.869s] [ 30%] [32mBuilding CXX object CMakeFiles/motor_interfaces__rosidl_typesupport_cpp.dir/rosidl_typesupport_cpp/motor_interfaces/msg/motor_status__type_support.cpp.o[0m
[2.870s] [ 30%] [32mBuilding CXX object CMakeFiles/motor_interfaces__rosidl_typesupport_cpp.dir/rosidl_typesupport_cpp/motor_interfaces/msg/motor_command__type_support.cpp.o[0m
[2.873s] [35m[1mScanning dependencies of target motor_interfaces__rosidl_typesupport_introspection_cpp[0m
[2.897s] [ 35%] [32mBuilding CXX object CMakeFiles/motor_interfaces__rosidl_typesupport_introspection_cpp.dir/rosidl_typesupport_introspection_cpp/motor_interfaces/msg/detail/motor_command__type_support.cpp.o[0m
[2.897s] [ 35%] [32mBuilding CXX object CMakeFiles/motor_interfaces__rosidl_typesupport_introspection_cpp.dir/rosidl_typesupport_introspection_cpp/motor_interfaces/msg/detail/motor_status__type_support.cpp.o[0m
[2.897s] [35m[1mScanning dependencies of target motor_interfaces__rosidl_typesupport_fastrtps_cpp[0m
[2.921s] [ 38%] [32mBuilding CXX object CMakeFiles/motor_interfaces__rosidl_typesupport_fastrtps_cpp.dir/rosidl_typesupport_fastrtps_cpp/motor_interfaces/msg/detail/dds_fastrtps/motor_command__type_support.cpp.o[0m
[2.921s] [ 41%] [32mBuilding CXX object CMakeFiles/motor_interfaces__rosidl_typesupport_fastrtps_cpp.dir/rosidl_typesupport_fastrtps_cpp/motor_interfaces/msg/detail/dds_fastrtps/motor_status__type_support.cpp.o[0m
[3.021s] [35m[1mScanning dependencies of target motor_interfaces__rosidl_typesupport_c[0m
[3.045s] [ 46%] [32mBuilding CXX object CMakeFiles/motor_interfaces__rosidl_typesupport_c.dir/rosidl_typesupport_c/motor_interfaces/msg/motor_command__type_support.cpp.o[0m
[3.046s] [ 46%] [32mBuilding CXX object CMakeFiles/motor_interfaces__rosidl_typesupport_c.dir/rosidl_typesupport_c/motor_interfaces/msg/motor_status__type_support.cpp.o[0m
[3.068s] [35m[1mScanning dependencies of target motor_interfaces__rosidl_typesupport_introspection_c[0m
[3.092s] [ 48%] [32mBuilding C object CMakeFiles/motor_interfaces__rosidl_typesupport_introspection_c.dir/rosidl_typesupport_introspection_c/motor_interfaces/msg/detail/motor_status__type_support.c.o[0m
[3.092s] [ 51%] [32mBuilding C object CMakeFiles/motor_interfaces__rosidl_typesupport_introspection_c.dir/rosidl_typesupport_introspection_c/motor_interfaces/msg/detail/motor_command__type_support.c.o[0m
[3.104s] [ 53%] [32m[1mLinking CXX shared library libmotor_interfaces__rosidl_typesupport_c.so[0m
[3.154s] [ 56%] [32m[1mLinking C shared library libmotor_interfaces__rosidl_typesupport_introspection_c.so[0m
[3.169s] [ 56%] Built target motor_interfaces__rosidl_typesupport_c
[3.204s] [ 56%] Built target motor_interfaces__rosidl_typesupport_introspection_c
[3.350s] [ 58%] [32m[1mLinking CXX shared library libmotor_interfaces__rosidl_typesupport_cpp.so[0m
[3.372s] [ 61%] [32m[1mLinking CXX shared library libmotor_interfaces__rosidl_typesupport_introspection_cpp.so[0m
[3.409s] [ 61%] Built target motor_interfaces__rosidl_typesupport_cpp
[3.430s] [ 61%] Built target motor_interfaces__rosidl_typesupport_introspection_cpp
[3.644s] [ 64%] [32m[1mLinking CXX shared library libmotor_interfaces__rosidl_typesupport_fastrtps_cpp.so[0m
[3.783s] [ 64%] Built target motor_interfaces__rosidl_typesupport_fastrtps_cpp
[3.800s] [ 66%] [34m[1mGenerating C type support for eProsima Fast-RTPS[0m
[4.150s] [35m[1mScanning dependencies of target motor_interfaces__rosidl_typesupport_fastrtps_c[0m
[4.171s] [ 71%] [32mBuilding CXX object CMakeFiles/motor_interfaces__rosidl_typesupport_fastrtps_c.dir/rosidl_typesupport_fastrtps_c/motor_interfaces/msg/detail/motor_command__type_support_c.cpp.o[0m
[4.171s] [ 71%] [32mBuilding CXX object CMakeFiles/motor_interfaces__rosidl_typesupport_fastrtps_c.dir/rosidl_typesupport_fastrtps_c/motor_interfaces/msg/detail/motor_status__type_support_c.cpp.o[0m
[4.724s] [ 74%] [32m[1mLinking CXX shared library libmotor_interfaces__rosidl_typesupport_fastrtps_c.so[0m
[4.857s] [ 74%] Built target motor_interfaces__rosidl_typesupport_fastrtps_c
[4.875s] [35m[1mScanning dependencies of target motor_interfaces[0m
[4.892s] [ 74%] Built target motor_interfaces
[4.909s] [35m[1mScanning dependencies of target motor_interfaces__py[0m
[4.930s] [ 76%] [34m[1mGenerating Python code for ROS interfaces[0m
[5.607s] [ 76%] Built target motor_interfaces__py
[5.625s] [35m[1mScanning dependencies of target motor_interfaces__python[0m
[5.655s] [ 82%] [32mBuilding C object CMakeFiles/motor_interfaces__python.dir/rosidl_generator_py/motor_interfaces/msg/_motor_status_s.c.o[0m
[5.655s] [ 82%] [32mBuilding C object CMakeFiles/motor_interfaces__python.dir/rosidl_generator_py/motor_interfaces/msg/_motor_command_s.c.o[0m
[5.790s] [ 84%] [32m[1mLinking C shared library rosidl_generator_py/motor_interfaces/libmotor_interfaces__python.so[0m
[5.850s] [ 84%] Built target motor_interfaces__python
[5.867s] [35m[1mScanning dependencies of target motor_interfaces__rosidl_typesupport_c__pyext[0m
[5.867s] [35m[1mScanning dependencies of target motor_interfaces__rosidl_typesupport_introspection_c__pyext[0m
[5.867s] [35m[1mScanning dependencies of target motor_interfaces__rosidl_typesupport_fastrtps_c__pyext[0m
[5.895s] [ 92%] [32mBuilding C object CMakeFiles/motor_interfaces__rosidl_typesupport_c__pyext.dir/rosidl_generator_py/motor_interfaces/_motor_interfaces_s.ep.rosidl_typesupport_c.c.o[0m
[5.895s] [ 92%] [32mBuilding C object CMakeFiles/motor_interfaces__rosidl_typesupport_fastrtps_c__pyext.dir/rosidl_generator_py/motor_interfaces/_motor_interfaces_s.ep.rosidl_typesupport_fastrtps_c.c.o[0m
[5.895s] [ 92%] [32mBuilding C object CMakeFiles/motor_interfaces__rosidl_typesupport_introspection_c__pyext.dir/rosidl_generator_py/motor_interfaces/_motor_interfaces_s.ep.rosidl_typesupport_introspection_c.c.o[0m
[6.015s] [100%] [32m[1mLinking C shared library rosidl_generator_py/motor_interfaces/motor_interfaces_s__rosidl_typesupport_introspection_c.cpython-38-aarch64-linux-gnu.so[0m
[6.015s] [100%] [32m[1mLinking C shared library rosidl_generator_py/motor_interfaces/motor_interfaces_s__rosidl_typesupport_c.cpython-38-aarch64-linux-gnu.so[0m
[6.015s] [100%] [32m[1mLinking CXX shared library rosidl_generator_py/motor_interfaces/motor_interfaces_s__rosidl_typesupport_fastrtps_c.cpython-38-aarch64-linux-gnu.so[0m
[6.066s] [100%] Built target motor_interfaces__rosidl_typesupport_introspection_c__pyext
[6.067s] [100%] Built target motor_interfaces__rosidl_typesupport_c__pyext
[6.102s] [100%] Built target motor_interfaces__rosidl_typesupport_fastrtps_c__pyext
[6.123s] Invoked command in '/home/nvidia/ros2_usb2can_motor_controller/build/motor_interfaces' returned '0': CMAKE_PREFIX_PATH=${CMAKE_PREFIX_PATH}:/opt/ros/foxy /usr/bin/cmake --build /home/nvidia/ros2_usb2can_motor_controller/build/motor_interfaces -- -j12 -l12
[6.128s] Invoking command in '/home/nvidia/ros2_usb2can_motor_controller/build/motor_interfaces': CMAKE_PREFIX_PATH=${CMAKE_PREFIX_PATH}:/opt/ros/foxy /usr/bin/cmake --install /home/nvidia/ros2_usb2can_motor_controller/build/motor_interfaces
[6.143s] -- Install configuration: ""
[6.143s] -- Installing: /home/nvidia/ros2_usb2can_motor_controller/install/motor_interfaces/share/ament_index/resource_index/rosidl_interfaces/motor_interfaces
[6.143s] -- Installing: /home/nvidia/ros2_usb2can_motor_controller/install/motor_interfaces/include/motor_interfaces
[6.143s] -- Installing: /home/nvidia/ros2_usb2can_motor_controller/install/motor_interfaces/include/motor_interfaces/msg
[6.143s] -- Installing: /home/nvidia/ros2_usb2can_motor_controller/install/motor_interfaces/include/motor_interfaces/msg/rosidl_generator_c__visibility_control.h
[6.144s] -- Installing: /home/nvidia/ros2_usb2can_motor_controller/install/motor_interfaces/include/motor_interfaces/msg/detail
[6.144s] -- Installing: /home/nvidia/ros2_usb2can_motor_controller/install/motor_interfaces/include/motor_interfaces/msg/detail/motor_command__struct.h
[6.144s] -- Installing: /home/nvidia/ros2_usb2can_motor_controller/install/motor_interfaces/include/motor_interfaces/msg/detail/motor_command__type_support.h
[6.144s] -- Installing: /home/nvidia/ros2_usb2can_motor_controller/install/motor_interfaces/include/motor_interfaces/msg/detail/motor_status__functions.c
[6.144s] -- Installing: /home/nvidia/ros2_usb2can_motor_controller/install/motor_interfaces/include/motor_interfaces/msg/detail/motor_command__functions.c
[6.144s] -- Installing: /home/nvidia/ros2_usb2can_motor_controller/install/motor_interfaces/include/motor_interfaces/msg/detail/motor_status__functions.h
[6.144s] -- Installing: /home/nvidia/ros2_usb2can_motor_controller/install/motor_interfaces/include/motor_interfaces/msg/detail/motor_command__functions.h
[6.144s] -- Installing: /home/nvidia/ros2_usb2can_motor_controller/install/motor_interfaces/include/motor_interfaces/msg/detail/motor_status__struct.h
[6.145s] -- Installing: /home/nvidia/ros2_usb2can_motor_controller/install/motor_interfaces/include/motor_interfaces/msg/detail/motor_status__type_support.h
[6.145s] -- Installing: /home/nvidia/ros2_usb2can_motor_controller/install/motor_interfaces/include/motor_interfaces/msg/motor_status.h
[6.145s] -- Installing: /home/nvidia/ros2_usb2can_motor_controller/install/motor_interfaces/include/motor_interfaces/msg/motor_command.h
[6.145s] -- Installing: /home/nvidia/ros2_usb2can_motor_controller/install/motor_interfaces/share/motor_interfaces/environment/library_path.sh
[6.145s] -- Installing: /home/nvidia/ros2_usb2can_motor_controller/install/motor_interfaces/share/motor_interfaces/environment/library_path.dsv
[6.146s] -- Installing: /home/nvidia/ros2_usb2can_motor_controller/install/motor_interfaces/lib/libmotor_interfaces__rosidl_generator_c.so
[6.146s] -- Set runtime path of "/home/nvidia/ros2_usb2can_motor_controller/install/motor_interfaces/lib/libmotor_interfaces__rosidl_generator_c.so" to ""
[6.146s] -- Up-to-date: /home/nvidia/ros2_usb2can_motor_controller/install/motor_interfaces/include/motor_interfaces
[6.146s] -- Up-to-date: /home/nvidia/ros2_usb2can_motor_controller/install/motor_interfaces/include/motor_interfaces/msg
[6.147s] -- Up-to-date: /home/nvidia/ros2_usb2can_motor_controller/install/motor_interfaces/include/motor_interfaces/msg/detail
[6.147s] -- Installing: /home/nvidia/ros2_usb2can_motor_controller/install/motor_interfaces/include/motor_interfaces/msg/detail/motor_command__rosidl_typesupport_fastrtps_c.h
[6.147s] -- Installing: /home/nvidia/ros2_usb2can_motor_controller/install/motor_interfaces/include/motor_interfaces/msg/detail/motor_status__rosidl_typesupport_fastrtps_c.h
[6.147s] -- Installing: /home/nvidia/ros2_usb2can_motor_controller/install/motor_interfaces/include/motor_interfaces/msg/rosidl_typesupport_fastrtps_c__visibility_control.h
[6.147s] -- Installing: /home/nvidia/ros2_usb2can_motor_controller/install/motor_interfaces/lib/libmotor_interfaces__rosidl_typesupport_fastrtps_c.so
[6.148s] -- Set runtime path of "/home/nvidia/ros2_usb2can_motor_controller/install/motor_interfaces/lib/libmotor_interfaces__rosidl_typesupport_fastrtps_c.so" to ""
[6.148s] -- Up-to-date: /home/nvidia/ros2_usb2can_motor_controller/install/motor_interfaces/include/motor_interfaces
[6.148s] -- Up-to-date: /home/nvidia/ros2_usb2can_motor_controller/install/motor_interfaces/include/motor_interfaces/msg
[6.148s] -- Up-to-date: /home/nvidia/ros2_usb2can_motor_controller/install/motor_interfaces/include/motor_interfaces/msg/detail
[6.148s] -- Installing: /home/nvidia/ros2_usb2can_motor_controller/install/motor_interfaces/include/motor_interfaces/msg/detail/motor_command__rosidl_typesupport_fastrtps_cpp.hpp
[6.148s] -- Installing: /home/nvidia/ros2_usb2can_motor_controller/install/motor_interfaces/include/motor_interfaces/msg/detail/dds_fastrtps
[6.149s] -- Installing: /home/nvidia/ros2_usb2can_motor_controller/install/motor_interfaces/include/motor_interfaces/msg/detail/motor_status__rosidl_typesupport_fastrtps_cpp.hpp
[6.149s] -- Installing: /home/nvidia/ros2_usb2can_motor_controller/install/motor_interfaces/include/motor_interfaces/msg/rosidl_typesupport_fastrtps_cpp__visibility_control.h
[6.149s] -- Installing: /home/nvidia/ros2_usb2can_motor_controller/install/motor_interfaces/lib/libmotor_interfaces__rosidl_typesupport_fastrtps_cpp.so
[6.149s] -- Set runtime path of "/home/nvidia/ros2_usb2can_motor_controller/install/motor_interfaces/lib/libmotor_interfaces__rosidl_typesupport_fastrtps_cpp.so" to ""
[6.149s] -- Up-to-date: /home/nvidia/ros2_usb2can_motor_controller/install/motor_interfaces/include/motor_interfaces
[6.149s] -- Up-to-date: /home/nvidia/ros2_usb2can_motor_controller/install/motor_interfaces/include/motor_interfaces/msg
[6.149s] -- Up-to-date: /home/nvidia/ros2_usb2can_motor_controller/install/motor_interfaces/include/motor_interfaces/msg/detail
[6.149s] -- Installing: /home/nvidia/ros2_usb2can_motor_controller/install/motor_interfaces/include/motor_interfaces/msg/detail/motor_status__rosidl_typesupport_introspection_c.h
[6.150s] -- Installing: /home/nvidia/ros2_usb2can_motor_controller/install/motor_interfaces/include/motor_interfaces/msg/detail/motor_status__type_support.c
[6.150s] -- Installing: /home/nvidia/ros2_usb2can_motor_controller/install/motor_interfaces/include/motor_interfaces/msg/detail/motor_command__rosidl_typesupport_introspection_c.h
[6.151s] -- Installing: /home/nvidia/ros2_usb2can_motor_controller/install/motor_interfaces/include/motor_interfaces/msg/detail/motor_command__type_support.c
[6.151s] -- Installing: /home/nvidia/ros2_usb2can_motor_controller/install/motor_interfaces/include/motor_interfaces/msg/rosidl_typesupport_introspection_c__visibility_control.h
[6.151s] -- Installing: /home/nvidia/ros2_usb2can_motor_controller/install/motor_interfaces/lib/libmotor_interfaces__rosidl_typesupport_introspection_c.so
[6.152s] -- Set runtime path of "/home/nvidia/ros2_usb2can_motor_controller/install/motor_interfaces/lib/libmotor_interfaces__rosidl_typesupport_introspection_c.so" to ""
[6.152s] -- Installing: /home/nvidia/ros2_usb2can_motor_controller/install/motor_interfaces/lib/libmotor_interfaces__rosidl_typesupport_c.so
[6.153s] -- Set runtime path of "/home/nvidia/ros2_usb2can_motor_controller/install/motor_interfaces/lib/libmotor_interfaces__rosidl_typesupport_c.so" to ""
[6.154s] -- Up-to-date: /home/nvidia/ros2_usb2can_motor_controller/install/motor_interfaces/include/motor_interfaces
[6.154s] -- Up-to-date: /home/nvidia/ros2_usb2can_motor_controller/install/motor_interfaces/include/motor_interfaces/msg
[6.154s] -- Installing: /home/nvidia/ros2_usb2can_motor_controller/install/motor_interfaces/include/motor_interfaces/msg/motor_command.hpp
[6.155s] -- Installing: /home/nvidia/ros2_usb2can_motor_controller/install/motor_interfaces/include/motor_interfaces/msg/rosidl_generator_cpp__visibility_control.hpp
[6.155s] -- Up-to-date: /home/nvidia/ros2_usb2can_motor_controller/install/motor_interfaces/include/motor_interfaces/msg/detail
[6.155s] -- Installing: /home/nvidia/ros2_usb2can_motor_controller/install/motor_interfaces/include/motor_interfaces/msg/detail/motor_command__builder.hpp
[6.156s] -- Installing: /home/nvidia/ros2_usb2can_motor_controller/install/motor_interfaces/include/motor_interfaces/msg/detail/motor_command__type_support.hpp
[6.156s] -- Installing: /home/nvidia/ros2_usb2can_motor_controller/install/motor_interfaces/include/motor_interfaces/msg/detail/motor_status__builder.hpp
[6.156s] -- Installing: /home/nvidia/ros2_usb2can_motor_controller/install/motor_interfaces/include/motor_interfaces/msg/detail/motor_command__struct.hpp
[6.156s] -- Installing: /home/nvidia/ros2_usb2can_motor_controller/install/motor_interfaces/include/motor_interfaces/msg/detail/motor_status__traits.hpp
[6.156s] -- Installing: /home/nvidia/ros2_usb2can_motor_controller/install/motor_interfaces/include/motor_interfaces/msg/detail/motor_status__type_support.hpp
[6.157s] -- Installing: /home/nvidia/ros2_usb2can_motor_controller/install/motor_interfaces/include/motor_interfaces/msg/detail/motor_command__traits.hpp
[6.157s] -- Installing: /home/nvidia/ros2_usb2can_motor_controller/install/motor_interfaces/include/motor_interfaces/msg/detail/motor_status__struct.hpp
[6.157s] -- Installing: /home/nvidia/ros2_usb2can_motor_controller/install/motor_interfaces/include/motor_interfaces/msg/motor_status.hpp
[6.157s] -- Up-to-date: /home/nvidia/ros2_usb2can_motor_controller/install/motor_interfaces/include/motor_interfaces
[6.157s] -- Up-to-date: /home/nvidia/ros2_usb2can_motor_controller/install/motor_interfaces/include/motor_interfaces/msg
[6.158s] -- Up-to-date: /home/nvidia/ros2_usb2can_motor_controller/install/motor_interfaces/include/motor_interfaces/msg/detail
[6.158s] -- Installing: /home/nvidia/ros2_usb2can_motor_controller/install/motor_interfaces/include/motor_interfaces/msg/detail/motor_command__rosidl_typesupport_introspection_cpp.hpp
[6.158s] -- Installing: /home/nvidia/ros2_usb2can_motor_controller/install/motor_interfaces/include/motor_interfaces/msg/detail/motor_status__type_support.cpp
[6.158s] -- Installing: /home/nvidia/ros2_usb2can_motor_controller/install/motor_interfaces/include/motor_interfaces/msg/detail/motor_status__rosidl_typesupport_introspection_cpp.hpp
[6.158s] -- Installing: /home/nvidia/ros2_usb2can_motor_controller/install/motor_interfaces/include/motor_interfaces/msg/detail/motor_command__type_support.cpp
[6.159s] -- Installing: /home/nvidia/ros2_usb2can_motor_controller/install/motor_interfaces/lib/libmotor_interfaces__rosidl_typesupport_introspection_cpp.so
[6.159s] -- Set runtime path of "/home/nvidia/ros2_usb2can_motor_controller/install/motor_interfaces/lib/libmotor_interfaces__rosidl_typesupport_introspection_cpp.so" to ""
[6.159s] -- Installing: /home/nvidia/ros2_usb2can_motor_controller/install/motor_interfaces/lib/libmotor_interfaces__rosidl_typesupport_cpp.so
[6.159s] -- Set runtime path of "/home/nvidia/ros2_usb2can_motor_controller/install/motor_interfaces/lib/libmotor_interfaces__rosidl_typesupport_cpp.so" to ""
[6.159s] -- Installing: /home/nvidia/ros2_usb2can_motor_controller/install/motor_interfaces/share/motor_interfaces/environment/pythonpath.sh
[6.160s] -- Installing: /home/nvidia/ros2_usb2can_motor_controller/install/motor_interfaces/share/motor_interfaces/environment/pythonpath.dsv
[6.160s] -- Installing: /home/nvidia/ros2_usb2can_motor_controller/install/motor_interfaces/lib/python3.8/site-packages/motor_interfaces/__init__.py
[6.198s] Compiling '/home/nvidia/ros2_usb2can_motor_controller/install/motor_interfaces/lib/python3.8/site-packages/motor_interfaces/__init__.py'...
[6.205s] -- Installing: /home/nvidia/ros2_usb2can_motor_controller/install/motor_interfaces/lib/python3.8/site-packages/motor_interfaces/msg
[6.206s] -- Installing: /home/nvidia/ros2_usb2can_motor_controller/install/motor_interfaces/lib/python3.8/site-packages/motor_interfaces/msg/_motor_command_s.c
[6.206s] -- Installing: /home/nvidia/ros2_usb2can_motor_controller/install/motor_interfaces/lib/python3.8/site-packages/motor_interfaces/msg/__init__.py
[6.207s] -- Installing: /home/nvidia/ros2_usb2can_motor_controller/install/motor_interfaces/lib/python3.8/site-packages/motor_interfaces/msg/_motor_status.py
[6.207s] -- Installing: /home/nvidia/ros2_usb2can_motor_controller/install/motor_interfaces/lib/python3.8/site-packages/motor_interfaces/msg/_motor_status_s.c
[6.207s] -- Installing: /home/nvidia/ros2_usb2can_motor_controller/install/motor_interfaces/lib/python3.8/site-packages/motor_interfaces/msg/_motor_command.py
[6.207s] -- Installing: /home/nvidia/ros2_usb2can_motor_controller/install/motor_interfaces/lib/python3.8/site-packages/motor_interfaces/motor_interfaces_s__rosidl_typesupport_fastrtps_c.cpython-38-aarch64-linux-gnu.so
[6.208s] -- Set runtime path of "/home/nvidia/ros2_usb2can_motor_controller/install/motor_interfaces/lib/python3.8/site-packages/motor_interfaces/motor_interfaces_s__rosidl_typesupport_fastrtps_c.cpython-38-aarch64-linux-gnu.so" to ""
[6.208s] -- Installing: /home/nvidia/ros2_usb2can_motor_controller/install/motor_interfaces/lib/python3.8/site-packages/motor_interfaces/motor_interfaces_s__rosidl_typesupport_introspection_c.cpython-38-aarch64-linux-gnu.so
[6.208s] -- Set runtime path of "/home/nvidia/ros2_usb2can_motor_controller/install/motor_interfaces/lib/python3.8/site-packages/motor_interfaces/motor_interfaces_s__rosidl_typesupport_introspection_c.cpython-38-aarch64-linux-gnu.so" to ""
[6.209s] -- Installing: /home/nvidia/ros2_usb2can_motor_controller/install/motor_interfaces/lib/python3.8/site-packages/motor_interfaces/motor_interfaces_s__rosidl_typesupport_c.cpython-38-aarch64-linux-gnu.so
[6.209s] -- Set runtime path of "/home/nvidia/ros2_usb2can_motor_controller/install/motor_interfaces/lib/python3.8/site-packages/motor_interfaces/motor_interfaces_s__rosidl_typesupport_c.cpython-38-aarch64-linux-gnu.so" to ""
[6.209s] -- Installing: /home/nvidia/ros2_usb2can_motor_controller/install/motor_interfaces/lib/libmotor_interfaces__python.so
[6.210s] -- Set runtime path of "/home/nvidia/ros2_usb2can_motor_controller/install/motor_interfaces/lib/libmotor_interfaces__python.so" to ""
[6.210s] -- Installing: /home/nvidia/ros2_usb2can_motor_controller/install/motor_interfaces/share/motor_interfaces/msg/MotorCommand.idl
[6.210s] -- Installing: /home/nvidia/ros2_usb2can_motor_controller/install/motor_interfaces/share/motor_interfaces/msg/MotorStatus.idl
[6.211s] -- Installing: /home/nvidia/ros2_usb2can_motor_controller/install/motor_interfaces/share/motor_interfaces/msg/MotorCommand.msg
[6.211s] -- Installing: /home/nvidia/ros2_usb2can_motor_controller/install/motor_interfaces/share/motor_interfaces/msg/MotorStatus.msg
[6.211s] -- Installing: /home/nvidia/ros2_usb2can_motor_controller/install/motor_interfaces/share/ament_index/resource_index/package_run_dependencies/motor_interfaces
[6.211s] -- Installing: /home/nvidia/ros2_usb2can_motor_controller/install/motor_interfaces/share/ament_index/resource_index/parent_prefix_path/motor_interfaces
[6.212s] -- Installing: /home/nvidia/ros2_usb2can_motor_controller/install/motor_interfaces/share/motor_interfaces/environment/ament_prefix_path.sh
[6.212s] -- Installing: /home/nvidia/ros2_usb2can_motor_controller/install/motor_interfaces/share/motor_interfaces/environment/ament_prefix_path.dsv
[6.212s] -- Installing: /home/nvidia/ros2_usb2can_motor_controller/install/motor_interfaces/share/motor_interfaces/environment/path.sh
[6.213s] -- Installing: /home/nvidia/ros2_usb2can_motor_controller/install/motor_interfaces/share/motor_interfaces/environment/path.dsv
[6.213s] -- Installing: /home/nvidia/ros2_usb2can_motor_controller/install/motor_interfaces/share/motor_interfaces/local_setup.bash
[6.213s] -- Installing: /home/nvidia/ros2_usb2can_motor_controller/install/motor_interfaces/share/motor_interfaces/local_setup.sh
[6.214s] -- Installing: /home/nvidia/ros2_usb2can_motor_controller/install/motor_interfaces/share/motor_interfaces/local_setup.zsh
[6.214s] -- Installing: /home/nvidia/ros2_usb2can_motor_controller/install/motor_interfaces/share/motor_interfaces/local_setup.dsv
[6.214s] -- Installing: /home/nvidia/ros2_usb2can_motor_controller/install/motor_interfaces/share/motor_interfaces/package.dsv
[6.215s] -- Installing: /home/nvidia/ros2_usb2can_motor_controller/install/motor_interfaces/share/ament_index/resource_index/packages/motor_interfaces
[6.215s] -- Installing: /home/nvidia/ros2_usb2can_motor_controller/install/motor_interfaces/share/motor_interfaces/cmake/motor_interfaces__rosidl_generator_cExport.cmake
[6.215s] -- Installing: /home/nvidia/ros2_usb2can_motor_controller/install/motor_interfaces/share/motor_interfaces/cmake/motor_interfaces__rosidl_generator_cExport-noconfig.cmake
[6.215s] -- Installing: /home/nvidia/ros2_usb2can_motor_controller/install/motor_interfaces/share/motor_interfaces/cmake/motor_interfaces__rosidl_typesupport_introspection_cExport.cmake
[6.216s] -- Installing: /home/nvidia/ros2_usb2can_motor_controller/install/motor_interfaces/share/motor_interfaces/cmake/motor_interfaces__rosidl_typesupport_introspection_cExport-noconfig.cmake
[6.216s] -- Installing: /home/nvidia/ros2_usb2can_motor_controller/install/motor_interfaces/share/motor_interfaces/cmake/motor_interfaces__rosidl_typesupport_cExport.cmake
[6.216s] -- Installing: /home/nvidia/ros2_usb2can_motor_controller/install/motor_interfaces/share/motor_interfaces/cmake/motor_interfaces__rosidl_typesupport_cExport-noconfig.cmake
[6.217s] -- Installing: /home/nvidia/ros2_usb2can_motor_controller/install/motor_interfaces/share/motor_interfaces/cmake/motor_interfaces__rosidl_generator_cppExport.cmake
[6.217s] -- Installing: /home/nvidia/ros2_usb2can_motor_controller/install/motor_interfaces/share/motor_interfaces/cmake/motor_interfaces__rosidl_typesupport_introspection_cppExport.cmake
[6.218s] -- Installing: /home/nvidia/ros2_usb2can_motor_controller/install/motor_interfaces/share/motor_interfaces/cmake/motor_interfaces__rosidl_typesupport_introspection_cppExport-noconfig.cmake
[6.218s] -- Installing: /home/nvidia/ros2_usb2can_motor_controller/install/motor_interfaces/share/motor_interfaces/cmake/motor_interfaces__rosidl_typesupport_cppExport.cmake
[6.218s] -- Installing: /home/nvidia/ros2_usb2can_motor_controller/install/motor_interfaces/share/motor_interfaces/cmake/motor_interfaces__rosidl_typesupport_cppExport-noconfig.cmake
[6.218s] -- Installing: /home/nvidia/ros2_usb2can_motor_controller/install/motor_interfaces/share/motor_interfaces/cmake/rosidl_cmake-extras.cmake
[6.218s] -- Installing: /home/nvidia/ros2_usb2can_motor_controller/install/motor_interfaces/share/motor_interfaces/cmake/ament_cmake_export_dependencies-extras.cmake
[6.218s] -- Installing: /home/nvidia/ros2_usb2can_motor_controller/install/motor_interfaces/share/motor_interfaces/cmake/ament_cmake_export_libraries-extras.cmake
[6.218s] -- Installing: /home/nvidia/ros2_usb2can_motor_controller/install/motor_interfaces/share/motor_interfaces/cmake/ament_cmake_export_targets-extras.cmake
[6.219s] -- Installing: /home/nvidia/ros2_usb2can_motor_controller/install/motor_interfaces/share/motor_interfaces/cmake/ament_cmake_export_include_directories-extras.cmake
[6.219s] -- Installing: /home/nvidia/ros2_usb2can_motor_controller/install/motor_interfaces/share/motor_interfaces/cmake/rosidl_cmake_export_typesupport_libraries-extras.cmake
[6.219s] -- Installing: /home/nvidia/ros2_usb2can_motor_controller/install/motor_interfaces/share/motor_interfaces/cmake/rosidl_cmake_export_typesupport_targets-extras.cmake
[6.219s] -- Installing: /home/nvidia/ros2_usb2can_motor_controller/install/motor_interfaces/share/motor_interfaces/cmake/motor_interfacesConfig.cmake
[6.219s] -- Installing: /home/nvidia/ros2_usb2can_motor_controller/install/motor_interfaces/share/motor_interfaces/cmake/motor_interfacesConfig-version.cmake
[6.219s] -- Installing: /home/nvidia/ros2_usb2can_motor_controller/install/motor_interfaces/share/motor_interfaces/package.xml
[6.225s] Invoked command in '/home/nvidia/ros2_usb2can_motor_controller/build/motor_interfaces' returned '0': CMAKE_PREFIX_PATH=${CMAKE_PREFIX_PATH}:/opt/ros/foxy /usr/bin/cmake --install /home/nvidia/ros2_usb2can_motor_controller/build/motor_interfaces
