[0.266s] DEBUG:colcon:Command line arguments: ['/usr/bin/colcon', 'build', '--packages-select', 'motor_interfces', '--symlink-install']
[0.267s] DEBUG:colcon:Parsed command line arguments: Namespace(allow_overriding=[], ament_cmake_args=None, base_paths=['.'], build_base='build', catkin_cmake_args=None, catkin_skip_building_tests=False, cmake_args=None, cmake_clean_cache=False, cmake_clean_first=False, cmake_force_configure=False, cmake_target=None, cmake_target_skip_unavailable=False, continue_on_error=False, event_handlers=None, executor='parallel', ignore_user_meta=False, install_base='install', log_base=None, log_level=None, main=<bound method BuildVerb.main of <colcon_core.verb.build.BuildVerb object at 0xffff9ae8d0a0>>, merge_install=False, metas=['./colcon.meta'], packages_above=None, packages_above_and_dependencies=None, packages_above_depth=None, packages_end=None, packages_ignore=None, packages_ignore_regex=None, packages_select=['motor_interfces'], packages_select_build_failed=False, packages_select_by_dep=None, packages_select_regex=None, packages_select_test_failures=False, packages_skip=None, packages_skip_build_finished=False, packages_skip_by_dep=None, packages_skip_regex=None, packages_skip_test_passed=False, packages_skip_up_to=None, packages_start=None, packages_up_to=None, packages_up_to_regex=None, parallel_workers=12, paths=None, symlink_install=True, test_result_base=None, verb_extension=<colcon_core.verb.build.BuildVerb object at 0xffff9ae8d0a0>, verb_name='build', verb_parser=<colcon_defaults.argument_parser.defaults.DefaultArgumentsDecorator object at 0xffff9acd1250>)
[0.477s] Level 1:colcon.colcon_core.package_discovery:discover_packages(colcon_meta) check parameters
[0.478s] Level 1:colcon.colcon_core.package_discovery:discover_packages(recursive) check parameters
[0.478s] Level 1:colcon.colcon_core.package_discovery:discover_packages(ignore) check parameters
[0.478s] Level 1:colcon.colcon_core.package_discovery:discover_packages(path) check parameters
[0.478s] Level 1:colcon.colcon_core.package_discovery:discover_packages(colcon_meta) discover
[0.478s] Level 1:colcon.colcon_core.package_discovery:discover_packages(recursive) discover
[0.478s] INFO:colcon.colcon_core.package_discovery:Crawling recursively for packages in '/home/nvidia/ros2_usb2can_motor_controller'
[0.478s] Level 1:colcon.colcon_core.package_identification:_identify(.) by extensions ['ignore', 'ignore_ament_install']
[0.478s] Level 1:colcon.colcon_core.package_identification:_identify(.) by extension 'ignore'
[0.478s] Level 1:colcon.colcon_core.package_identification:_identify(.) by extension 'ignore_ament_install'
[0.478s] Level 1:colcon.colcon_core.package_identification:_identify(.) by extensions ['colcon_pkg']
[0.479s] Level 1:colcon.colcon_core.package_identification:_identify(.) by extension 'colcon_pkg'
[0.479s] Level 1:colcon.colcon_core.package_identification:_identify(.) by extensions ['colcon_meta']
[0.479s] Level 1:colcon.colcon_core.package_identification:_identify(.) by extension 'colcon_meta'
[0.479s] Level 1:colcon.colcon_core.package_identification:_identify(.) by extensions ['ros']
[0.479s] Level 1:colcon.colcon_core.package_identification:_identify(.) by extension 'ros'
[0.496s] Level 1:colcon.colcon_core.package_identification:_identify(.) by extensions ['cmake', 'python']
[0.496s] Level 1:colcon.colcon_core.package_identification:_identify(.) by extension 'cmake'
[0.496s] Level 1:colcon.colcon_core.package_identification:_identify(.) by extension 'python'
[0.496s] Level 1:colcon.colcon_core.package_identification:_identify(.) by extensions ['python_setup_py']
[0.496s] Level 1:colcon.colcon_core.package_identification:_identify(.) by extension 'python_setup_py'
[0.496s] Level 1:colcon.colcon_core.package_identification:_identify(build) by extensions ['ignore', 'ignore_ament_install']
[0.496s] Level 1:colcon.colcon_core.package_identification:_identify(build) by extension 'ignore'
[0.496s] Level 1:colcon.colcon_core.package_identification:_identify(build) ignored
[0.497s] Level 1:colcon.colcon_core.package_identification:_identify(install) by extensions ['ignore', 'ignore_ament_install']
[0.497s] Level 1:colcon.colcon_core.package_identification:_identify(install) by extension 'ignore'
[0.497s] Level 1:colcon.colcon_core.package_identification:_identify(install) ignored
[0.497s] Level 1:colcon.colcon_core.package_identification:_identify(log) by extensions ['ignore', 'ignore_ament_install']
[0.497s] Level 1:colcon.colcon_core.package_identification:_identify(log) by extension 'ignore'
[0.497s] Level 1:colcon.colcon_core.package_identification:_identify(log) ignored
[0.497s] Level 1:colcon.colcon_core.package_identification:_identify(src) by extensions ['ignore', 'ignore_ament_install']
[0.497s] Level 1:colcon.colcon_core.package_identification:_identify(src) by extension 'ignore'
[0.498s] Level 1:colcon.colcon_core.package_identification:_identify(src) by extension 'ignore_ament_install'
[0.498s] Level 1:colcon.colcon_core.package_identification:_identify(src) by extensions ['colcon_pkg']
[0.498s] Level 1:colcon.colcon_core.package_identification:_identify(src) by extension 'colcon_pkg'
[0.498s] Level 1:colcon.colcon_core.package_identification:_identify(src) by extensions ['colcon_meta']
[0.498s] Level 1:colcon.colcon_core.package_identification:_identify(src) by extension 'colcon_meta'
[0.498s] Level 1:colcon.colcon_core.package_identification:_identify(src) by extensions ['ros']
[0.498s] Level 1:colcon.colcon_core.package_identification:_identify(src) by extension 'ros'
[0.498s] Level 1:colcon.colcon_core.package_identification:_identify(src) by extensions ['cmake', 'python']
[0.498s] Level 1:colcon.colcon_core.package_identification:_identify(src) by extension 'cmake'
[0.498s] Level 1:colcon.colcon_core.package_identification:_identify(src) by extension 'python'
[0.498s] Level 1:colcon.colcon_core.package_identification:_identify(src) by extensions ['python_setup_py']
[0.498s] Level 1:colcon.colcon_core.package_identification:_identify(src) by extension 'python_setup_py'
[0.498s] Level 1:colcon.colcon_core.package_identification:_identify(src/can_usb_driver) by extensions ['ignore', 'ignore_ament_install']
[0.499s] Level 1:colcon.colcon_core.package_identification:_identify(src/can_usb_driver) by extension 'ignore'
[0.499s] Level 1:colcon.colcon_core.package_identification:_identify(src/can_usb_driver) by extension 'ignore_ament_install'
[0.499s] Level 1:colcon.colcon_core.package_identification:_identify(src/can_usb_driver) by extensions ['colcon_pkg']
[0.499s] Level 1:colcon.colcon_core.package_identification:_identify(src/can_usb_driver) by extension 'colcon_pkg'
[0.499s] Level 1:colcon.colcon_core.package_identification:_identify(src/can_usb_driver) by extensions ['colcon_meta']
[0.499s] Level 1:colcon.colcon_core.package_identification:_identify(src/can_usb_driver) by extension 'colcon_meta'
[0.499s] Level 1:colcon.colcon_core.package_identification:_identify(src/can_usb_driver) by extensions ['ros']
[0.499s] Level 1:colcon.colcon_core.package_identification:_identify(src/can_usb_driver) by extension 'ros'
[0.503s] DEBUG:colcon.colcon_core.package_identification:Package 'src/can_usb_driver' with type 'ros.ament_cmake' and name 'can_usb_driver'
[0.503s] Level 1:colcon.colcon_core.package_identification:_identify(src/motor_controller) by extensions ['ignore', 'ignore_ament_install']
[0.503s] Level 1:colcon.colcon_core.package_identification:_identify(src/motor_controller) by extension 'ignore'
[0.503s] Level 1:colcon.colcon_core.package_identification:_identify(src/motor_controller) by extension 'ignore_ament_install'
[0.503s] Level 1:colcon.colcon_core.package_identification:_identify(src/motor_controller) by extensions ['colcon_pkg']
[0.503s] Level 1:colcon.colcon_core.package_identification:_identify(src/motor_controller) by extension 'colcon_pkg'
[0.503s] Level 1:colcon.colcon_core.package_identification:_identify(src/motor_controller) by extensions ['colcon_meta']
[0.504s] Level 1:colcon.colcon_core.package_identification:_identify(src/motor_controller) by extension 'colcon_meta'
[0.504s] Level 1:colcon.colcon_core.package_identification:_identify(src/motor_controller) by extensions ['ros']
[0.504s] Level 1:colcon.colcon_core.package_identification:_identify(src/motor_controller) by extension 'ros'
[0.505s] DEBUG:colcon.colcon_core.package_identification:Package 'src/motor_controller' with type 'ros.ament_cmake' and name 'motor_controller'
[0.505s] Level 1:colcon.colcon_core.package_identification:_identify(src/motor_interfaces) by extensions ['ignore', 'ignore_ament_install']
[0.505s] Level 1:colcon.colcon_core.package_identification:_identify(src/motor_interfaces) by extension 'ignore'
[0.505s] Level 1:colcon.colcon_core.package_identification:_identify(src/motor_interfaces) by extension 'ignore_ament_install'
[0.505s] Level 1:colcon.colcon_core.package_identification:_identify(src/motor_interfaces) by extensions ['colcon_pkg']
[0.505s] Level 1:colcon.colcon_core.package_identification:_identify(src/motor_interfaces) by extension 'colcon_pkg'
[0.505s] Level 1:colcon.colcon_core.package_identification:_identify(src/motor_interfaces) by extensions ['colcon_meta']
[0.505s] Level 1:colcon.colcon_core.package_identification:_identify(src/motor_interfaces) by extension 'colcon_meta'
[0.505s] Level 1:colcon.colcon_core.package_identification:_identify(src/motor_interfaces) by extensions ['ros']
[0.505s] Level 1:colcon.colcon_core.package_identification:_identify(src/motor_interfaces) by extension 'ros'
[0.506s] DEBUG:colcon.colcon_core.package_identification:Package 'src/motor_interfaces' with type 'ros.ament_cmake' and name 'motor_interfaces'
[0.506s] Level 1:colcon.colcon_core.package_discovery:discover_packages(recursive) using defaults
[0.506s] Level 1:colcon.colcon_core.package_discovery:discover_packages(ignore) discover
[0.506s] Level 1:colcon.colcon_core.package_discovery:discover_packages(ignore) using defaults
[0.506s] Level 1:colcon.colcon_core.package_discovery:discover_packages(path) discover
[0.506s] Level 1:colcon.colcon_core.package_discovery:discover_packages(path) using defaults
[0.507s] WARNING:colcon.colcon_core.package_selection:ignoring unknown package 'motor_interfces' in --packages-select
[0.529s] INFO:colcon.colcon_core.package_selection:Skipping not selected package 'can_usb_driver' in 'src/can_usb_driver'
[0.529s] INFO:colcon.colcon_core.package_selection:Skipping not selected package 'motor_interfaces' in 'src/motor_interfaces'
[0.529s] INFO:colcon.colcon_core.package_selection:Skipping not selected package 'motor_controller' in 'src/motor_controller'
[0.530s] Level 1:colcon.colcon_core.package_discovery:discover_packages(prefix_path) check parameters
[0.530s] Level 1:colcon.colcon_core.package_discovery:discover_packages(prefix_path) discover
[0.533s] DEBUG:colcon.colcon_installed_package_information.package_discovery:Found 256 installed packages in /opt/ros/foxy
[0.535s] Level 1:colcon.colcon_core.package_discovery:discover_packages(prefix_path) using defaults
[0.644s] INFO:colcon.colcon_core.executor:Executing jobs using 'parallel' executor
[0.646s] DEBUG:colcon.colcon_parallel_executor.executor.parallel:run_until_complete
[0.646s] DEBUG:colcon.colcon_parallel_executor.executor.parallel:closing loop
[0.647s] DEBUG:colcon.colcon_parallel_executor.executor.parallel:loop closed
[0.647s] DEBUG:colcon.colcon_parallel_executor.executor.parallel:run_until_complete finished with '0'
[0.647s] DEBUG:colcon.colcon_core.event_reactor:joining thread
[0.654s] INFO:colcon.colcon_core.plugin_system:Skipping extension 'colcon_notification.desktop_notification.terminal_notifier': Not used on non-Darwin systems
[0.654s] INFO:colcon.colcon_core.plugin_system:Skipping extension 'colcon_notification.desktop_notification.win32': Not used on non-Windows systems
[0.654s] INFO:colcon.colcon_notification.desktop_notification:Sending desktop notification using 'notify2'
[0.686s] DEBUG:colcon.colcon_core.event_reactor:joined thread
[0.689s] INFO:colcon.colcon_core.plugin_system:Skipping extension 'colcon_core.shell.bat': Not used on non-Windows systems
[0.689s] INFO:colcon.colcon_core.shell:Creating prefix script '/home/nvidia/ros2_usb2can_motor_controller/install/local_setup.ps1'
[0.691s] INFO:colcon.colcon_core.shell:Creating prefix util module '/home/nvidia/ros2_usb2can_motor_controller/install/_local_setup_util_ps1.py'
[0.693s] INFO:colcon.colcon_core.shell:Creating prefix chain script '/home/nvidia/ros2_usb2can_motor_controller/install/setup.ps1'
[0.694s] INFO:colcon.colcon_core.shell:Creating prefix script '/home/nvidia/ros2_usb2can_motor_controller/install/local_setup.sh'
[0.694s] INFO:colcon.colcon_core.shell:Creating prefix util module '/home/nvidia/ros2_usb2can_motor_controller/install/_local_setup_util_sh.py'
[0.695s] INFO:colcon.colcon_core.shell:Creating prefix chain script '/home/nvidia/ros2_usb2can_motor_controller/install/setup.sh'
[0.697s] INFO:colcon.colcon_core.shell:Creating prefix script '/home/nvidia/ros2_usb2can_motor_controller/install/local_setup.bash'
[0.697s] INFO:colcon.colcon_core.shell:Creating prefix chain script '/home/nvidia/ros2_usb2can_motor_controller/install/setup.bash'
[0.698s] INFO:colcon.colcon_core.shell:Creating prefix script '/home/nvidia/ros2_usb2can_motor_controller/install/local_setup.zsh'
[0.699s] INFO:colcon.colcon_core.shell:Creating prefix chain script '/home/nvidia/ros2_usb2can_motor_controller/install/setup.zsh'
