[0.022s] Invoking command in '/home/nvidia/ros2_usb2can_motor_controller/build/motor_controller': CMAKE_PREFIX_PATH=/home/nvidia/ros2_usb2can_motor_controller/install/motor_interfaces:/home/nvidia/ros2_usb2can_motor_controller/install/can_usb_driver:/home/nvidia/ros2_usb2can_motor_controller/install/motor_controller:/opt/ros/foxy /usr/bin/cmake /home/nvidia/ros2_usb2can_motor_controller/src/motor_controller -DCMAKE_INSTALL_PREFIX=/home/nvidia/ros2_usb2can_motor_controller/install/motor_controller
[0.106s] -- The C compiler identification is GNU 9.4.0
[0.180s] -- The CXX compiler identification is GNU 9.4.0
[0.185s] -- Check for working C compiler: /usr/bin/cc
[0.292s] -- Check for working C compiler: /usr/bin/cc -- works
[0.293s] -- Detecting C compiler ABI info
[0.400s] -- Detecting C compiler ABI info - done
[0.421s] -- Detecting C compile features
[0.422s] -- Detecting C compile features - done
[0.426s] -- Check for working CXX compiler: /usr/bin/c++
[0.546s] -- Check for working CXX compiler: /usr/bin/c++ -- works
[0.547s] -- Detecting CXX compiler ABI info
[0.666s] -- Detecting CXX compiler ABI info - done
[0.693s] -- Detecting CXX compile features
[0.694s] -- Detecting CXX compile features - done
[0.697s] -- Found ament_cmake: 0.9.12 (/opt/ros/foxy/share/ament_cmake/cmake)
[0.735s] -- Found PythonInterp: /usr/bin/python3 (found suitable version "3.8.10", minimum required is "3") 
[0.735s] -- Using PYTHON_EXECUTABLE: /usr/bin/python3
[1.028s] -- Found rclcpp: 2.4.3 (/opt/ros/foxy/share/rclcpp/cmake)
[1.092s] -- Using all available rosidl_typesupport_c: rosidl_typesupport_fastrtps_c;rosidl_typesupport_introspection_c
[1.100s] -- Found rosidl_adapter: 1.3.1 (/opt/ros/foxy/share/rosidl_adapter/cmake)
[1.234s] -- Found OpenSSL: /usr/lib/aarch64-linux-gnu/libcrypto.so (found version "1.1.1f")  
[1.274s] -- Found FastRTPS: /opt/ros/foxy/include  
[1.378s] -- Using all available rosidl_typesupport_cpp: rosidl_typesupport_fastrtps_cpp;rosidl_typesupport_introspection_cpp
[1.455s] -- Found rmw_implementation_cmake: 1.0.4 (/opt/ros/foxy/share/rmw_implementation_cmake/cmake)
[1.457s] -- Using RMW implementation 'rmw_fastrtps_cpp' as default
[1.459s] -- Looking for pthread.h
[1.575s] -- Looking for pthread.h - found
[1.575s] -- Performing Test CMAKE_HAVE_LIBC_PTHREAD
[1.687s] -- Performing Test CMAKE_HAVE_LIBC_PTHREAD - Failed
[1.687s] -- Looking for pthread_create in pthreads
[1.783s] -- Looking for pthread_create in pthreads - not found
[1.783s] -- Looking for pthread_create in pthread
[1.900s] -- Looking for pthread_create in pthread - found
[1.903s] -- Found Threads: TRUE  
[2.128s] -- Found rclcpp_components: 2.4.3 (/opt/ros/foxy/share/rclcpp_components/cmake)
[2.209s] -- Found motor_interfaces: 0.1.0 (/home/nvidia/ros2_usb2can_motor_controller/install/motor_interfaces/share/motor_interfaces/cmake)
[2.221s] -- Found can_usb_driver: 0.1.0 (/home/nvidia/ros2_usb2can_motor_controller/install/can_usb_driver/share/can_usb_driver/cmake)
[2.320s] -- Configuring done
[2.331s] -- Generating done
[2.337s] -- Build files have been written to: /home/nvidia/ros2_usb2can_motor_controller/build/motor_controller
[2.356s] Invoked command in '/home/nvidia/ros2_usb2can_motor_controller/build/motor_controller' returned '0': CMAKE_PREFIX_PATH=/home/nvidia/ros2_usb2can_motor_controller/install/motor_interfaces:/home/nvidia/ros2_usb2can_motor_controller/install/can_usb_driver:/home/nvidia/ros2_usb2can_motor_controller/install/motor_controller:/opt/ros/foxy /usr/bin/cmake /home/nvidia/ros2_usb2can_motor_controller/src/motor_controller -DCMAKE_INSTALL_PREFIX=/home/nvidia/ros2_usb2can_motor_controller/install/motor_controller
[2.362s] Invoking command in '/home/nvidia/ros2_usb2can_motor_controller/build/motor_controller': CMAKE_PREFIX_PATH=/home/nvidia/ros2_usb2can_motor_controller/install/motor_interfaces:/home/nvidia/ros2_usb2can_motor_controller/install/can_usb_driver:/home/nvidia/ros2_usb2can_motor_controller/install/motor_controller:/opt/ros/foxy /usr/bin/cmake --build /home/nvidia/ros2_usb2can_motor_controller/build/motor_controller -- -j12 -l12
[2.428s] [35m[1mScanning dependencies of target motor_node[0m
[2.535s] [ 75%] [32mBuilding CXX object CMakeFiles/motor_node.dir/src/motor_node.cpp.o[0m
[2.535s] [ 75%] [32mBuilding CXX object CMakeFiles/motor_node.dir/src/math_ops.cpp.o[0m
[2.535s] [ 75%] [32mBuilding CXX object CMakeFiles/motor_node.dir/src/rs03_motor_parser.cpp.o[0m
[14.334s] [100%] [32m[1mLinking CXX executable motor_node[0m
[14.894s] [100%] Built target motor_node
[14.918s] Invoked command in '/home/nvidia/ros2_usb2can_motor_controller/build/motor_controller' returned '0': CMAKE_PREFIX_PATH=/home/nvidia/ros2_usb2can_motor_controller/install/motor_interfaces:/home/nvidia/ros2_usb2can_motor_controller/install/can_usb_driver:/home/nvidia/ros2_usb2can_motor_controller/install/motor_controller:/opt/ros/foxy /usr/bin/cmake --build /home/nvidia/ros2_usb2can_motor_controller/build/motor_controller -- -j12 -l12
[14.923s] Invoking command in '/home/nvidia/ros2_usb2can_motor_controller/build/motor_controller': CMAKE_PREFIX_PATH=/home/nvidia/ros2_usb2can_motor_controller/install/motor_interfaces:/home/nvidia/ros2_usb2can_motor_controller/install/can_usb_driver:/home/nvidia/ros2_usb2can_motor_controller/install/motor_controller:/opt/ros/foxy /usr/bin/cmake --install /home/nvidia/ros2_usb2can_motor_controller/build/motor_controller
[14.938s] -- Install configuration: ""
[14.938s] -- Installing: /home/nvidia/ros2_usb2can_motor_controller/install/motor_controller/lib/motor_controller/motor_node
[14.943s] -- Set runtime path of "/home/nvidia/ros2_usb2can_motor_controller/install/motor_controller/lib/motor_controller/motor_node" to ""
[14.943s] -- Installing: /home/nvidia/ros2_usb2can_motor_controller/install/motor_controller/include
[14.943s] -- Installing: /home/nvidia/ros2_usb2can_motor_controller/install/motor_controller/include/motor_controller
[14.944s] -- Installing: /home/nvidia/ros2_usb2can_motor_controller/install/motor_controller/include/motor_controller/se_motor_parser.hpp
[14.944s] -- Installing: /home/nvidia/ros2_usb2can_motor_controller/install/motor_controller/include/motor_controller/motor_parser_base.hpp
[14.944s] -- Installing: /home/nvidia/ros2_usb2can_motor_controller/install/motor_controller/include/motor_controller/rs03_motor_parser.hpp
[14.944s] -- Installing: /home/nvidia/ros2_usb2can_motor_controller/install/motor_controller/include/motor_controller/math_ops.hpp
[14.944s] -- Installing: /home/nvidia/ros2_usb2can_motor_controller/install/motor_controller/share/motor_controller/config
[14.944s] -- Installing: /home/nvidia/ros2_usb2can_motor_controller/install/motor_controller/share/motor_controller/config/devices.yaml
[14.945s] -- Installing: /home/nvidia/ros2_usb2can_motor_controller/install/motor_controller/share/motor_controller/config/motors.yaml
[14.945s] -- Installing: /home/nvidia/ros2_usb2can_motor_controller/install/motor_controller/share/motor_controller//launch
[14.945s] -- Installing: /home/nvidia/ros2_usb2can_motor_controller/install/motor_controller/share/motor_controller//launch/motor_node.launch.py
[14.945s] -- Installing: /home/nvidia/ros2_usb2can_motor_controller/install/motor_controller/share/ament_index/resource_index/package_run_dependencies/motor_controller
[14.945s] -- Installing: /home/nvidia/ros2_usb2can_motor_controller/install/motor_controller/share/ament_index/resource_index/parent_prefix_path/motor_controller
[14.945s] -- Installing: /home/nvidia/ros2_usb2can_motor_controller/install/motor_controller/share/motor_controller/environment/ament_prefix_path.sh
[14.945s] -- Installing: /home/nvidia/ros2_usb2can_motor_controller/install/motor_controller/share/motor_controller/environment/ament_prefix_path.dsv
[14.945s] -- Installing: /home/nvidia/ros2_usb2can_motor_controller/install/motor_controller/share/motor_controller/environment/path.sh
[14.945s] -- Installing: /home/nvidia/ros2_usb2can_motor_controller/install/motor_controller/share/motor_controller/environment/path.dsv
[14.946s] -- Installing: /home/nvidia/ros2_usb2can_motor_controller/install/motor_controller/share/motor_controller/local_setup.bash
[14.946s] -- Installing: /home/nvidia/ros2_usb2can_motor_controller/install/motor_controller/share/motor_controller/local_setup.sh
[14.946s] -- Installing: /home/nvidia/ros2_usb2can_motor_controller/install/motor_controller/share/motor_controller/local_setup.zsh
[14.946s] -- Installing: /home/nvidia/ros2_usb2can_motor_controller/install/motor_controller/share/motor_controller/local_setup.dsv
[14.946s] -- Installing: /home/nvidia/ros2_usb2can_motor_controller/install/motor_controller/share/motor_controller/package.dsv
[14.947s] -- Installing: /home/nvidia/ros2_usb2can_motor_controller/install/motor_controller/share/ament_index/resource_index/packages/motor_controller
[14.947s] -- Installing: /home/nvidia/ros2_usb2can_motor_controller/install/motor_controller/share/motor_controller/cmake/motor_controllerConfig.cmake
[14.948s] -- Installing: /home/nvidia/ros2_usb2can_motor_controller/install/motor_controller/share/motor_controller/cmake/motor_controllerConfig-version.cmake
[14.948s] -- Installing: /home/nvidia/ros2_usb2can_motor_controller/install/motor_controller/share/motor_controller/package.xml
[14.954s] Invoked command in '/home/nvidia/ros2_usb2can_motor_controller/build/motor_controller' returned '0': CMAKE_PREFIX_PATH=/home/nvidia/ros2_usb2can_motor_controller/install/motor_interfaces:/home/nvidia/ros2_usb2can_motor_controller/install/can_usb_driver:/home/nvidia/ros2_usb2can_motor_controller/install/motor_controller:/opt/ros/foxy /usr/bin/cmake --install /home/nvidia/ros2_usb2can_motor_controller/build/motor_controller
