-- The C compiler identification is GNU 11.4.0
-- The CXX compiler identification is GNU 11.4.0
-- Detecting C compiler ABI info
-- Detecting C compiler ABI info - done
-- Check for working C compiler: /usr/bin/cc - skipped
-- Detecting C compile features
-- Detecting C compile features - done
-- Detecting CXX compiler ABI info
-- Detecting CXX compiler ABI info - done
-- Check for working CXX compiler: /usr/bin/c++ - skipped
-- Detecting CXX compile features
-- Detecting CXX compile features - done
-- Found rosidl_default_generators: 1.2.0 (/opt/ros/humble/share/rosidl_default_generators/cmake)
-- Found ament_cmake_core: 1.3.11 (/opt/ros/humble/share/ament_cmake_core/cmake)
-- Found Python3: /usr/bin/python3 (found version "3.10.12") found components: Interpreter 
-- Using all available rosidl_typesupport_c: rosidl_typesupport_fastrtps_c;rosidl_typesupport_introspection_c
-- Found rosidl_adapter: 3.1.6 (/opt/ros/humble/share/rosidl_adapter/cmake)
-- Using all available rosidl_typesupport_cpp: rosidl_typesupport_fastrtps_cpp;rosidl_typesupport_introspection_cpp
-- Found ament_cmake_ros: 0.10.0 (/opt/ros/humble/share/ament_cmake_ros/cmake)
-- Using all available rosidl_typesupport_c: rosidl_typesupport_fastrtps_c;rosidl_typesupport_introspection_c
-- Using all available rosidl_typesupport_cpp: rosidl_typesupport_fastrtps_cpp;rosidl_typesupport_introspection_cpp
-- Found PythonInterp: /usr/bin/python3 (found suitable version "3.10.12", minimum required is "3.6") 
-- Found python_cmake_module: 0.10.0 (/opt/ros/humble/share/python_cmake_module/cmake)
-- Found PythonLibs: /usr/lib/x86_64-linux-gnu/libpython3.10.so (found suitable version "3.10.12", minimum required is "3.5") 
-- Using PYTHON_EXECUTABLE: /usr/bin/python3
-- Using PYTHON_INCLUDE_DIRS: /usr/include/python3.10
-- Using PYTHON_LIBRARIES: /usr/lib/x86_64-linux-gnu/libpython3.10.so
-- Found PythonExtra: .so  
-- Configuring done
-- Generating done
-- Build files have been written to: /home/nvidia/ros2_usb2can_motor_controller/build/motor_interfaces
[  2%] [34m[1mGenerating C code for ROS interfaces[0m
[  4%] [34m[1mGenerating C++ code for ROS interfaces[0m
[  4%] Built target ament_cmake_python_copy_motor_interfaces
running egg_info
creating motor_interfaces.egg-info
writing motor_interfaces.egg-info/PKG-INFO
writing dependency_links to motor_interfaces.egg-info/dependency_links.txt
writing top-level names to motor_interfaces.egg-info/top_level.txt
writing manifest file 'motor_interfaces.egg-info/SOURCES.txt'
reading manifest file 'motor_interfaces.egg-info/SOURCES.txt'
writing manifest file 'motor_interfaces.egg-info/SOURCES.txt'
[  4%] Built target ament_cmake_python_build_motor_interfaces_egg
[  4%] Built target motor_interfaces__cpp
[  8%] [32mBuilding C object CMakeFiles/motor_interfaces__rosidl_generator_c.dir/rosidl_generator_c/motor_interfaces/msg/detail/motor_status__functions.c.o[0m
[  8%] [32mBuilding C object CMakeFiles/motor_interfaces__rosidl_generator_c.dir/rosidl_generator_c/motor_interfaces/msg/detail/motor_control__functions.c.o[0m
[ 10%] [32mBuilding C object CMakeFiles/motor_interfaces__rosidl_generator_c.dir/rosidl_generator_c/motor_interfaces/msg/detail/motor_command__functions.c.o[0m
[ 12%] [34m[1mGenerating C++ type support dispatch for ROS interfaces[0m
[ 14%] [34m[1mGenerating C++ introspection for ROS interfaces[0m
[ 17%] [34m[1mGenerating C++ type support for eProsima Fast-RTPS[0m
[ 19%] [32m[1mLinking C shared library libmotor_interfaces__rosidl_generator_c.so[0m
[ 19%] Built target motor_interfaces__rosidl_generator_c
[ 21%] [34m[1mGenerating C introspection for ROS interfaces[0m
[ 25%] [34m[1mGenerating C type support for eProsima Fast-RTPS[0m
[ 25%] [34m[1mGenerating C type support dispatch for ROS interfaces[0m
[ 31%] [32mBuilding CXX object CMakeFiles/motor_interfaces__rosidl_typesupport_cpp.dir/rosidl_typesupport_cpp/motor_interfaces/msg/motor_command__type_support.cpp.o[0m
[ 31%] [32mBuilding CXX object CMakeFiles/motor_interfaces__rosidl_typesupport_cpp.dir/rosidl_typesupport_cpp/motor_interfaces/msg/motor_control__type_support.cpp.o[0m
[ 31%] [32mBuilding CXX object CMakeFiles/motor_interfaces__rosidl_typesupport_cpp.dir/rosidl_typesupport_cpp/motor_interfaces/msg/motor_status__type_support.cpp.o[0m
[ 34%] [32mBuilding CXX object CMakeFiles/motor_interfaces__rosidl_typesupport_introspection_cpp.dir/rosidl_typesupport_introspection_cpp/motor_interfaces/msg/detail/motor_control__type_support.cpp.o[0m
[ 36%] [32mBuilding CXX object CMakeFiles/motor_interfaces__rosidl_typesupport_introspection_cpp.dir/rosidl_typesupport_introspection_cpp/motor_interfaces/msg/detail/motor_status__type_support.cpp.o[0m
[ 38%] [32mBuilding CXX object CMakeFiles/motor_interfaces__rosidl_typesupport_introspection_cpp.dir/rosidl_typesupport_introspection_cpp/motor_interfaces/msg/detail/motor_command__type_support.cpp.o[0m
[ 40%] [32mBuilding CXX object CMakeFiles/motor_interfaces__rosidl_typesupport_c.dir/rosidl_typesupport_c/motor_interfaces/msg/motor_status__type_support.cpp.o[0m
[ 44%] [32mBuilding CXX object CMakeFiles/motor_interfaces__rosidl_typesupport_c.dir/rosidl_typesupport_c/motor_interfaces/msg/motor_control__type_support.cpp.o[0m
[ 44%] [32mBuilding CXX object CMakeFiles/motor_interfaces__rosidl_typesupport_c.dir/rosidl_typesupport_c/motor_interfaces/msg/motor_command__type_support.cpp.o[0m
[ 46%] [32mBuilding CXX object CMakeFiles/motor_interfaces__rosidl_typesupport_fastrtps_cpp.dir/rosidl_typesupport_fastrtps_cpp/motor_interfaces/msg/detail/dds_fastrtps/motor_command__type_support.cpp.o[0m
[ 51%] [32mBuilding CXX object CMakeFiles/motor_interfaces__rosidl_typesupport_fastrtps_cpp.dir/rosidl_typesupport_fastrtps_cpp/motor_interfaces/msg/detail/dds_fastrtps/motor_control__type_support.cpp.o[0m
[ 51%] [32mBuilding CXX object CMakeFiles/motor_interfaces__rosidl_typesupport_fastrtps_cpp.dir/rosidl_typesupport_fastrtps_cpp/motor_interfaces/msg/detail/dds_fastrtps/motor_status__type_support.cpp.o[0m
[ 53%] [32m[1mLinking CXX shared library libmotor_interfaces__rosidl_typesupport_c.so[0m
[ 59%] [32mBuilding CXX object CMakeFiles/motor_interfaces__rosidl_typesupport_fastrtps_c.dir/rosidl_typesupport_fastrtps_c/motor_interfaces/msg/detail/motor_command__type_support_c.cpp.o[0m
[ 59%] [32mBuilding CXX object CMakeFiles/motor_interfaces__rosidl_typesupport_fastrtps_c.dir/rosidl_typesupport_fastrtps_c/motor_interfaces/msg/detail/motor_status__type_support_c.cpp.o[0m
[ 59%] [32mBuilding CXX object CMakeFiles/motor_interfaces__rosidl_typesupport_fastrtps_c.dir/rosidl_typesupport_fastrtps_c/motor_interfaces/msg/detail/motor_control__type_support_c.cpp.o[0m
[ 59%] Built target motor_interfaces__rosidl_typesupport_c
[ 65%] [32mBuilding C object CMakeFiles/motor_interfaces__rosidl_typesupport_introspection_c.dir/rosidl_typesupport_introspection_c/motor_interfaces/msg/detail/motor_control__type_support.c.o[0m
[ 65%] [32mBuilding C object CMakeFiles/motor_interfaces__rosidl_typesupport_introspection_c.dir/rosidl_typesupport_introspection_c/motor_interfaces/msg/detail/motor_status__type_support.c.o[0m
[ 65%] [32mBuilding C object CMakeFiles/motor_interfaces__rosidl_typesupport_introspection_c.dir/rosidl_typesupport_introspection_c/motor_interfaces/msg/detail/motor_command__type_support.c.o[0m
[ 68%] [32m[1mLinking C shared library libmotor_interfaces__rosidl_typesupport_introspection_c.so[0m
[ 70%] [32m[1mLinking CXX shared library libmotor_interfaces__rosidl_typesupport_cpp.so[0m
[ 70%] Built target motor_interfaces__rosidl_typesupport_introspection_c
[ 70%] Built target motor_interfaces__rosidl_typesupport_cpp
[ 72%] [32m[1mLinking CXX shared library libmotor_interfaces__rosidl_typesupport_introspection_cpp.so[0m
[ 72%] Built target motor_interfaces__rosidl_typesupport_introspection_cpp
[ 76%] [32m[1mLinking CXX shared library libmotor_interfaces__rosidl_typesupport_fastrtps_c.so[0m
[ 76%] [32m[1mLinking CXX shared library libmotor_interfaces__rosidl_typesupport_fastrtps_cpp.so[0m
[ 76%] Built target motor_interfaces__rosidl_typesupport_fastrtps_c
[ 76%] Built target motor_interfaces__rosidl_typesupport_fastrtps_cpp
[ 76%] Built target motor_interfaces
[ 78%] [34m[1mGenerating Python code for ROS interfaces[0m
[ 78%] Built target motor_interfaces__py
[ 82%] [32mBuilding C object CMakeFiles/motor_interfaces__rosidl_generator_py.dir/rosidl_generator_py/motor_interfaces/msg/_motor_control_s.c.o[0m
[ 82%] [32mBuilding C object CMakeFiles/motor_interfaces__rosidl_generator_py.dir/rosidl_generator_py/motor_interfaces/msg/_motor_command_s.c.o[0m
[ 85%] [32mBuilding C object CMakeFiles/motor_interfaces__rosidl_generator_py.dir/rosidl_generator_py/motor_interfaces/msg/_motor_status_s.c.o[0m
[ 87%] [32m[1mLinking C shared library rosidl_generator_py/motor_interfaces/libmotor_interfaces__rosidl_generator_py.so[0m
[ 87%] Built target motor_interfaces__rosidl_generator_py
[ 93%] [32mBuilding C object CMakeFiles/motor_interfaces__rosidl_typesupport_fastrtps_c__pyext.dir/rosidl_generator_py/motor_interfaces/_motor_interfaces_s.ep.rosidl_typesupport_fastrtps_c.c.o[0m
[ 93%] [32mBuilding C object CMakeFiles/motor_interfaces__rosidl_typesupport_c__pyext.dir/rosidl_generator_py/motor_interfaces/_motor_interfaces_s.ep.rosidl_typesupport_c.c.o[0m
[ 93%] [32mBuilding C object CMakeFiles/motor_interfaces__rosidl_typesupport_introspection_c__pyext.dir/rosidl_generator_py/motor_interfaces/_motor_interfaces_s.ep.rosidl_typesupport_introspection_c.c.o[0m
[ 95%] [32m[1mLinking C shared library rosidl_generator_py/motor_interfaces/motor_interfaces_s__rosidl_typesupport_c.cpython-310-x86_64-linux-gnu.so[0m
[ 97%] [32m[1mLinking C shared library rosidl_generator_py/motor_interfaces/motor_interfaces_s__rosidl_typesupport_introspection_c.cpython-310-x86_64-linux-gnu.so[0m
[100%] [32m[1mLinking C shared library rosidl_generator_py/motor_interfaces/motor_interfaces_s__rosidl_typesupport_fastrtps_c.cpython-310-x86_64-linux-gnu.so[0m
[100%] Built target motor_interfaces__rosidl_typesupport_c__pyext
[100%] Built target motor_interfaces__rosidl_typesupport_introspection_c__pyext
[100%] Built target motor_interfaces__rosidl_typesupport_fastrtps_c__pyext
-- Install configuration: ""
-- Installing: /home/nvidia/ros2_usb2can_motor_controller/install/motor_interfaces/share/ament_index/resource_index/rosidl_interfaces/motor_interfaces
-- Installing: /home/nvidia/ros2_usb2can_motor_controller/install/motor_interfaces/include/motor_interfaces/motor_interfaces
-- Installing: /home/nvidia/ros2_usb2can_motor_controller/install/motor_interfaces/include/motor_interfaces/motor_interfaces/msg
-- Installing: /home/nvidia/ros2_usb2can_motor_controller/install/motor_interfaces/include/motor_interfaces/motor_interfaces/msg/rosidl_generator_c__visibility_control.h
-- Installing: /home/nvidia/ros2_usb2can_motor_controller/install/motor_interfaces/include/motor_interfaces/motor_interfaces/msg/motor_command.h
-- Installing: /home/nvidia/ros2_usb2can_motor_controller/install/motor_interfaces/include/motor_interfaces/motor_interfaces/msg/motor_control.h
-- Installing: /home/nvidia/ros2_usb2can_motor_controller/install/motor_interfaces/include/motor_interfaces/motor_interfaces/msg/detail
-- Installing: /home/nvidia/ros2_usb2can_motor_controller/install/motor_interfaces/include/motor_interfaces/motor_interfaces/msg/detail/motor_control__functions.h
-- Installing: /home/nvidia/ros2_usb2can_motor_controller/install/motor_interfaces/include/motor_interfaces/motor_interfaces/msg/detail/motor_command__functions.h
-- Installing: /home/nvidia/ros2_usb2can_motor_controller/install/motor_interfaces/include/motor_interfaces/motor_interfaces/msg/detail/motor_status__functions.h
-- Installing: /home/nvidia/ros2_usb2can_motor_controller/install/motor_interfaces/include/motor_interfaces/motor_interfaces/msg/detail/motor_command__struct.h
-- Installing: /home/nvidia/ros2_usb2can_motor_controller/install/motor_interfaces/include/motor_interfaces/motor_interfaces/msg/detail/motor_status__struct.h
-- Installing: /home/nvidia/ros2_usb2can_motor_controller/install/motor_interfaces/include/motor_interfaces/motor_interfaces/msg/detail/motor_status__type_support.h
-- Installing: /home/nvidia/ros2_usb2can_motor_controller/install/motor_interfaces/include/motor_interfaces/motor_interfaces/msg/detail/motor_control__type_support.h
-- Installing: /home/nvidia/ros2_usb2can_motor_controller/install/motor_interfaces/include/motor_interfaces/motor_interfaces/msg/detail/motor_control__struct.h
-- Installing: /home/nvidia/ros2_usb2can_motor_controller/install/motor_interfaces/include/motor_interfaces/motor_interfaces/msg/detail/motor_command__functions.c
-- Installing: /home/nvidia/ros2_usb2can_motor_controller/install/motor_interfaces/include/motor_interfaces/motor_interfaces/msg/detail/motor_control__functions.c
-- Installing: /home/nvidia/ros2_usb2can_motor_controller/install/motor_interfaces/include/motor_interfaces/motor_interfaces/msg/detail/motor_command__type_support.h
-- Installing: /home/nvidia/ros2_usb2can_motor_controller/install/motor_interfaces/include/motor_interfaces/motor_interfaces/msg/detail/motor_status__functions.c
-- Installing: /home/nvidia/ros2_usb2can_motor_controller/install/motor_interfaces/include/motor_interfaces/motor_interfaces/msg/motor_status.h
-- Installing: /home/nvidia/ros2_usb2can_motor_controller/install/motor_interfaces/share/motor_interfaces/environment/library_path.sh
-- Installing: /home/nvidia/ros2_usb2can_motor_controller/install/motor_interfaces/share/motor_interfaces/environment/library_path.dsv
-- Installing: /home/nvidia/ros2_usb2can_motor_controller/install/motor_interfaces/lib/libmotor_interfaces__rosidl_generator_c.so
-- Set runtime path of "/home/nvidia/ros2_usb2can_motor_controller/install/motor_interfaces/lib/libmotor_interfaces__rosidl_generator_c.so" to ""
-- Up-to-date: /home/nvidia/ros2_usb2can_motor_controller/install/motor_interfaces/include/motor_interfaces/motor_interfaces
-- Up-to-date: /home/nvidia/ros2_usb2can_motor_controller/install/motor_interfaces/include/motor_interfaces/motor_interfaces/msg
-- Installing: /home/nvidia/ros2_usb2can_motor_controller/install/motor_interfaces/include/motor_interfaces/motor_interfaces/msg/rosidl_typesupport_fastrtps_c__visibility_control.h
-- Up-to-date: /home/nvidia/ros2_usb2can_motor_controller/install/motor_interfaces/include/motor_interfaces/motor_interfaces/msg/detail
-- Installing: /home/nvidia/ros2_usb2can_motor_controller/install/motor_interfaces/include/motor_interfaces/motor_interfaces/msg/detail/motor_status__rosidl_typesupport_fastrtps_c.h
-- Installing: /home/nvidia/ros2_usb2can_motor_controller/install/motor_interfaces/include/motor_interfaces/motor_interfaces/msg/detail/motor_control__rosidl_typesupport_fastrtps_c.h
-- Installing: /home/nvidia/ros2_usb2can_motor_controller/install/motor_interfaces/include/motor_interfaces/motor_interfaces/msg/detail/motor_command__rosidl_typesupport_fastrtps_c.h
-- Installing: /home/nvidia/ros2_usb2can_motor_controller/install/motor_interfaces/lib/libmotor_interfaces__rosidl_typesupport_fastrtps_c.so
-- Set runtime path of "/home/nvidia/ros2_usb2can_motor_controller/install/motor_interfaces/lib/libmotor_interfaces__rosidl_typesupport_fastrtps_c.so" to ""
-- Up-to-date: /home/nvidia/ros2_usb2can_motor_controller/install/motor_interfaces/include/motor_interfaces/motor_interfaces
-- Up-to-date: /home/nvidia/ros2_usb2can_motor_controller/install/motor_interfaces/include/motor_interfaces/motor_interfaces/msg
-- Installing: /home/nvidia/ros2_usb2can_motor_controller/install/motor_interfaces/include/motor_interfaces/motor_interfaces/msg/rosidl_typesupport_introspection_c__visibility_control.h
-- Up-to-date: /home/nvidia/ros2_usb2can_motor_controller/install/motor_interfaces/include/motor_interfaces/motor_interfaces/msg/detail
-- Installing: /home/nvidia/ros2_usb2can_motor_controller/install/motor_interfaces/include/motor_interfaces/motor_interfaces/msg/detail/motor_command__rosidl_typesupport_introspection_c.h
-- Installing: /home/nvidia/ros2_usb2can_motor_controller/install/motor_interfaces/include/motor_interfaces/motor_interfaces/msg/detail/motor_command__type_support.c
-- Installing: /home/nvidia/ros2_usb2can_motor_controller/install/motor_interfaces/include/motor_interfaces/motor_interfaces/msg/detail/motor_status__type_support.c
-- Installing: /home/nvidia/ros2_usb2can_motor_controller/install/motor_interfaces/include/motor_interfaces/motor_interfaces/msg/detail/motor_control__rosidl_typesupport_introspection_c.h
-- Installing: /home/nvidia/ros2_usb2can_motor_controller/install/motor_interfaces/include/motor_interfaces/motor_interfaces/msg/detail/motor_status__rosidl_typesupport_introspection_c.h
-- Installing: /home/nvidia/ros2_usb2can_motor_controller/install/motor_interfaces/include/motor_interfaces/motor_interfaces/msg/detail/motor_control__type_support.c
-- Installing: /home/nvidia/ros2_usb2can_motor_controller/install/motor_interfaces/lib/libmotor_interfaces__rosidl_typesupport_introspection_c.so
-- Set runtime path of "/home/nvidia/ros2_usb2can_motor_controller/install/motor_interfaces/lib/libmotor_interfaces__rosidl_typesupport_introspection_c.so" to ""
-- Installing: /home/nvidia/ros2_usb2can_motor_controller/install/motor_interfaces/lib/libmotor_interfaces__rosidl_typesupport_c.so
-- Set runtime path of "/home/nvidia/ros2_usb2can_motor_controller/install/motor_interfaces/lib/libmotor_interfaces__rosidl_typesupport_c.so" to ""
-- Up-to-date: /home/nvidia/ros2_usb2can_motor_controller/install/motor_interfaces/include/motor_interfaces/motor_interfaces
-- Up-to-date: /home/nvidia/ros2_usb2can_motor_controller/install/motor_interfaces/include/motor_interfaces/motor_interfaces/msg
-- Installing: /home/nvidia/ros2_usb2can_motor_controller/install/motor_interfaces/include/motor_interfaces/motor_interfaces/msg/motor_status.hpp
-- Installing: /home/nvidia/ros2_usb2can_motor_controller/install/motor_interfaces/include/motor_interfaces/motor_interfaces/msg/rosidl_generator_cpp__visibility_control.hpp
-- Installing: /home/nvidia/ros2_usb2can_motor_controller/install/motor_interfaces/include/motor_interfaces/motor_interfaces/msg/motor_control.hpp
-- Installing: /home/nvidia/ros2_usb2can_motor_controller/install/motor_interfaces/include/motor_interfaces/motor_interfaces/msg/motor_command.hpp
-- Up-to-date: /home/nvidia/ros2_usb2can_motor_controller/install/motor_interfaces/include/motor_interfaces/motor_interfaces/msg/detail
-- Installing: /home/nvidia/ros2_usb2can_motor_controller/install/motor_interfaces/include/motor_interfaces/motor_interfaces/msg/detail/motor_status__builder.hpp
-- Installing: /home/nvidia/ros2_usb2can_motor_controller/install/motor_interfaces/include/motor_interfaces/motor_interfaces/msg/detail/motor_command__builder.hpp
-- Installing: /home/nvidia/ros2_usb2can_motor_controller/install/motor_interfaces/include/motor_interfaces/motor_interfaces/msg/detail/motor_status__type_support.hpp
-- Installing: /home/nvidia/ros2_usb2can_motor_controller/install/motor_interfaces/include/motor_interfaces/motor_interfaces/msg/detail/motor_command__traits.hpp
-- Installing: /home/nvidia/ros2_usb2can_motor_controller/install/motor_interfaces/include/motor_interfaces/motor_interfaces/msg/detail/motor_status__struct.hpp
-- Installing: /home/nvidia/ros2_usb2can_motor_controller/install/motor_interfaces/include/motor_interfaces/motor_interfaces/msg/detail/motor_control__traits.hpp
-- Installing: /home/nvidia/ros2_usb2can_motor_controller/install/motor_interfaces/include/motor_interfaces/motor_interfaces/msg/detail/motor_control__builder.hpp
-- Installing: /home/nvidia/ros2_usb2can_motor_controller/install/motor_interfaces/include/motor_interfaces/motor_interfaces/msg/detail/motor_status__traits.hpp
-- Installing: /home/nvidia/ros2_usb2can_motor_controller/install/motor_interfaces/include/motor_interfaces/motor_interfaces/msg/detail/motor_command__type_support.hpp
-- Installing: /home/nvidia/ros2_usb2can_motor_controller/install/motor_interfaces/include/motor_interfaces/motor_interfaces/msg/detail/motor_control__struct.hpp
-- Installing: /home/nvidia/ros2_usb2can_motor_controller/install/motor_interfaces/include/motor_interfaces/motor_interfaces/msg/detail/motor_command__struct.hpp
-- Installing: /home/nvidia/ros2_usb2can_motor_controller/install/motor_interfaces/include/motor_interfaces/motor_interfaces/msg/detail/motor_control__type_support.hpp
-- Up-to-date: /home/nvidia/ros2_usb2can_motor_controller/install/motor_interfaces/include/motor_interfaces/motor_interfaces
-- Up-to-date: /home/nvidia/ros2_usb2can_motor_controller/install/motor_interfaces/include/motor_interfaces/motor_interfaces/msg
-- Installing: /home/nvidia/ros2_usb2can_motor_controller/install/motor_interfaces/include/motor_interfaces/motor_interfaces/msg/rosidl_typesupport_fastrtps_cpp__visibility_control.h
-- Up-to-date: /home/nvidia/ros2_usb2can_motor_controller/install/motor_interfaces/include/motor_interfaces/motor_interfaces/msg/detail
-- Installing: /home/nvidia/ros2_usb2can_motor_controller/install/motor_interfaces/include/motor_interfaces/motor_interfaces/msg/detail/motor_status__rosidl_typesupport_fastrtps_cpp.hpp
-- Installing: /home/nvidia/ros2_usb2can_motor_controller/install/motor_interfaces/include/motor_interfaces/motor_interfaces/msg/detail/motor_command__rosidl_typesupport_fastrtps_cpp.hpp
-- Installing: /home/nvidia/ros2_usb2can_motor_controller/install/motor_interfaces/include/motor_interfaces/motor_interfaces/msg/detail/motor_control__rosidl_typesupport_fastrtps_cpp.hpp
-- Installing: /home/nvidia/ros2_usb2can_motor_controller/install/motor_interfaces/include/motor_interfaces/motor_interfaces/msg/detail/dds_fastrtps
-- Installing: /home/nvidia/ros2_usb2can_motor_controller/install/motor_interfaces/lib/libmotor_interfaces__rosidl_typesupport_fastrtps_cpp.so
-- Set runtime path of "/home/nvidia/ros2_usb2can_motor_controller/install/motor_interfaces/lib/libmotor_interfaces__rosidl_typesupport_fastrtps_cpp.so" to ""
-- Up-to-date: /home/nvidia/ros2_usb2can_motor_controller/install/motor_interfaces/include/motor_interfaces/motor_interfaces
-- Up-to-date: /home/nvidia/ros2_usb2can_motor_controller/install/motor_interfaces/include/motor_interfaces/motor_interfaces/msg
-- Up-to-date: /home/nvidia/ros2_usb2can_motor_controller/install/motor_interfaces/include/motor_interfaces/motor_interfaces/msg/detail
-- Installing: /home/nvidia/ros2_usb2can_motor_controller/install/motor_interfaces/include/motor_interfaces/motor_interfaces/msg/detail/motor_status__type_support.cpp
-- Installing: /home/nvidia/ros2_usb2can_motor_controller/install/motor_interfaces/include/motor_interfaces/motor_interfaces/msg/detail/motor_control__rosidl_typesupport_introspection_cpp.hpp
-- Installing: /home/nvidia/ros2_usb2can_motor_controller/install/motor_interfaces/include/motor_interfaces/motor_interfaces/msg/detail/motor_command__type_support.cpp
-- Installing: /home/nvidia/ros2_usb2can_motor_controller/install/motor_interfaces/include/motor_interfaces/motor_interfaces/msg/detail/motor_control__type_support.cpp
-- Installing: /home/nvidia/ros2_usb2can_motor_controller/install/motor_interfaces/include/motor_interfaces/motor_interfaces/msg/detail/motor_status__rosidl_typesupport_introspection_cpp.hpp
-- Installing: /home/nvidia/ros2_usb2can_motor_controller/install/motor_interfaces/include/motor_interfaces/motor_interfaces/msg/detail/motor_command__rosidl_typesupport_introspection_cpp.hpp
-- Installing: /home/nvidia/ros2_usb2can_motor_controller/install/motor_interfaces/lib/libmotor_interfaces__rosidl_typesupport_introspection_cpp.so
-- Set runtime path of "/home/nvidia/ros2_usb2can_motor_controller/install/motor_interfaces/lib/libmotor_interfaces__rosidl_typesupport_introspection_cpp.so" to ""
-- Installing: /home/nvidia/ros2_usb2can_motor_controller/install/motor_interfaces/lib/libmotor_interfaces__rosidl_typesupport_cpp.so
-- Set runtime path of "/home/nvidia/ros2_usb2can_motor_controller/install/motor_interfaces/lib/libmotor_interfaces__rosidl_typesupport_cpp.so" to ""
-- Installing: /home/nvidia/ros2_usb2can_motor_controller/install/motor_interfaces/share/motor_interfaces/environment/pythonpath.sh
-- Installing: /home/nvidia/ros2_usb2can_motor_controller/install/motor_interfaces/share/motor_interfaces/environment/pythonpath.dsv
-- Installing: /home/nvidia/ros2_usb2can_motor_controller/install/motor_interfaces/local/lib/python3.10/dist-packages/motor_interfaces-0.1.0-py3.10.egg-info
-- Installing: /home/nvidia/ros2_usb2can_motor_controller/install/motor_interfaces/local/lib/python3.10/dist-packages/motor_interfaces-0.1.0-py3.10.egg-info/PKG-INFO
-- Installing: /home/nvidia/ros2_usb2can_motor_controller/install/motor_interfaces/local/lib/python3.10/dist-packages/motor_interfaces-0.1.0-py3.10.egg-info/top_level.txt
-- Installing: /home/nvidia/ros2_usb2can_motor_controller/install/motor_interfaces/local/lib/python3.10/dist-packages/motor_interfaces-0.1.0-py3.10.egg-info/dependency_links.txt
-- Installing: /home/nvidia/ros2_usb2can_motor_controller/install/motor_interfaces/local/lib/python3.10/dist-packages/motor_interfaces-0.1.0-py3.10.egg-info/SOURCES.txt
-- Installing: /home/nvidia/ros2_usb2can_motor_controller/install/motor_interfaces/local/lib/python3.10/dist-packages/motor_interfaces
-- Installing: /home/nvidia/ros2_usb2can_motor_controller/install/motor_interfaces/local/lib/python3.10/dist-packages/motor_interfaces/_motor_interfaces_s.ep.rosidl_typesupport_fastrtps_c.c
-- Installing: /home/nvidia/ros2_usb2can_motor_controller/install/motor_interfaces/local/lib/python3.10/dist-packages/motor_interfaces/_motor_interfaces_s.ep.rosidl_typesupport_introspection_c.c
-- Installing: /home/nvidia/ros2_usb2can_motor_controller/install/motor_interfaces/local/lib/python3.10/dist-packages/motor_interfaces/msg
-- Installing: /home/nvidia/ros2_usb2can_motor_controller/install/motor_interfaces/local/lib/python3.10/dist-packages/motor_interfaces/msg/_motor_command_s.c
-- Installing: /home/nvidia/ros2_usb2can_motor_controller/install/motor_interfaces/local/lib/python3.10/dist-packages/motor_interfaces/msg/_motor_control.py
-- Installing: /home/nvidia/ros2_usb2can_motor_controller/install/motor_interfaces/local/lib/python3.10/dist-packages/motor_interfaces/msg/__init__.py
-- Installing: /home/nvidia/ros2_usb2can_motor_controller/install/motor_interfaces/local/lib/python3.10/dist-packages/motor_interfaces/msg/_motor_status_s.c
-- Installing: /home/nvidia/ros2_usb2can_motor_controller/install/motor_interfaces/local/lib/python3.10/dist-packages/motor_interfaces/msg/_motor_command.py
-- Installing: /home/nvidia/ros2_usb2can_motor_controller/install/motor_interfaces/local/lib/python3.10/dist-packages/motor_interfaces/msg/_motor_status.py
-- Installing: /home/nvidia/ros2_usb2can_motor_controller/install/motor_interfaces/local/lib/python3.10/dist-packages/motor_interfaces/msg/_motor_control_s.c
-- Installing: /home/nvidia/ros2_usb2can_motor_controller/install/motor_interfaces/local/lib/python3.10/dist-packages/motor_interfaces/motor_interfaces_s__rosidl_typesupport_fastrtps_c.cpython-310-x86_64-linux-gnu.so
-- Installing: /home/nvidia/ros2_usb2can_motor_controller/install/motor_interfaces/local/lib/python3.10/dist-packages/motor_interfaces/__init__.py
-- Installing: /home/nvidia/ros2_usb2can_motor_controller/install/motor_interfaces/local/lib/python3.10/dist-packages/motor_interfaces/motor_interfaces_s__rosidl_typesupport_c.cpython-310-x86_64-linux-gnu.so
-- Installing: /home/nvidia/ros2_usb2can_motor_controller/install/motor_interfaces/local/lib/python3.10/dist-packages/motor_interfaces/motor_interfaces_s__rosidl_typesupport_introspection_c.cpython-310-x86_64-linux-gnu.so
-- Installing: /home/nvidia/ros2_usb2can_motor_controller/install/motor_interfaces/local/lib/python3.10/dist-packages/motor_interfaces/_motor_interfaces_s.ep.rosidl_typesupport_c.c
-- Installing: /home/nvidia/ros2_usb2can_motor_controller/install/motor_interfaces/local/lib/python3.10/dist-packages/motor_interfaces/libmotor_interfaces__rosidl_generator_py.so
Listing '/home/nvidia/ros2_usb2can_motor_controller/install/motor_interfaces/local/lib/python3.10/dist-packages/motor_interfaces'...
Compiling '/home/nvidia/ros2_usb2can_motor_controller/install/motor_interfaces/local/lib/python3.10/dist-packages/motor_interfaces/__init__.py'...
Listing '/home/nvidia/ros2_usb2can_motor_controller/install/motor_interfaces/local/lib/python3.10/dist-packages/motor_interfaces/msg'...
Compiling '/home/nvidia/ros2_usb2can_motor_controller/install/motor_interfaces/local/lib/python3.10/dist-packages/motor_interfaces/msg/__init__.py'...
Compiling '/home/nvidia/ros2_usb2can_motor_controller/install/motor_interfaces/local/lib/python3.10/dist-packages/motor_interfaces/msg/_motor_command.py'...
Compiling '/home/nvidia/ros2_usb2can_motor_controller/install/motor_interfaces/local/lib/python3.10/dist-packages/motor_interfaces/msg/_motor_control.py'...
Compiling '/home/nvidia/ros2_usb2can_motor_controller/install/motor_interfaces/local/lib/python3.10/dist-packages/motor_interfaces/msg/_motor_status.py'...
-- Installing: /home/nvidia/ros2_usb2can_motor_controller/install/motor_interfaces/local/lib/python3.10/dist-packages/motor_interfaces/motor_interfaces_s__rosidl_typesupport_fastrtps_c.cpython-310-x86_64-linux-gnu.so
-- Set runtime path of "/home/nvidia/ros2_usb2can_motor_controller/install/motor_interfaces/local/lib/python3.10/dist-packages/motor_interfaces/motor_interfaces_s__rosidl_typesupport_fastrtps_c.cpython-310-x86_64-linux-gnu.so" to ""
-- Installing: /home/nvidia/ros2_usb2can_motor_controller/install/motor_interfaces/local/lib/python3.10/dist-packages/motor_interfaces/motor_interfaces_s__rosidl_typesupport_introspection_c.cpython-310-x86_64-linux-gnu.so
-- Set runtime path of "/home/nvidia/ros2_usb2can_motor_controller/install/motor_interfaces/local/lib/python3.10/dist-packages/motor_interfaces/motor_interfaces_s__rosidl_typesupport_introspection_c.cpython-310-x86_64-linux-gnu.so" to ""
-- Installing: /home/nvidia/ros2_usb2can_motor_controller/install/motor_interfaces/local/lib/python3.10/dist-packages/motor_interfaces/motor_interfaces_s__rosidl_typesupport_c.cpython-310-x86_64-linux-gnu.so
-- Set runtime path of "/home/nvidia/ros2_usb2can_motor_controller/install/motor_interfaces/local/lib/python3.10/dist-packages/motor_interfaces/motor_interfaces_s__rosidl_typesupport_c.cpython-310-x86_64-linux-gnu.so" to ""
-- Installing: /home/nvidia/ros2_usb2can_motor_controller/install/motor_interfaces/lib/libmotor_interfaces__rosidl_generator_py.so
-- Set runtime path of "/home/nvidia/ros2_usb2can_motor_controller/install/motor_interfaces/lib/libmotor_interfaces__rosidl_generator_py.so" to ""
-- Installing: /home/nvidia/ros2_usb2can_motor_controller/install/motor_interfaces/share/motor_interfaces/msg/MotorCommand.idl
-- Installing: /home/nvidia/ros2_usb2can_motor_controller/install/motor_interfaces/share/motor_interfaces/msg/MotorControl.idl
-- Installing: /home/nvidia/ros2_usb2can_motor_controller/install/motor_interfaces/share/motor_interfaces/msg/MotorStatus.idl
-- Installing: /home/nvidia/ros2_usb2can_motor_controller/install/motor_interfaces/share/motor_interfaces/msg/MotorCommand.msg
-- Installing: /home/nvidia/ros2_usb2can_motor_controller/install/motor_interfaces/share/motor_interfaces/msg/MotorControl.msg
-- Installing: /home/nvidia/ros2_usb2can_motor_controller/install/motor_interfaces/share/motor_interfaces/msg/MotorStatus.msg
-- Installing: /home/nvidia/ros2_usb2can_motor_controller/install/motor_interfaces/share/ament_index/resource_index/package_run_dependencies/motor_interfaces
-- Installing: /home/nvidia/ros2_usb2can_motor_controller/install/motor_interfaces/share/ament_index/resource_index/parent_prefix_path/motor_interfaces
-- Installing: /home/nvidia/ros2_usb2can_motor_controller/install/motor_interfaces/share/motor_interfaces/environment/ament_prefix_path.sh
-- Installing: /home/nvidia/ros2_usb2can_motor_controller/install/motor_interfaces/share/motor_interfaces/environment/ament_prefix_path.dsv
-- Installing: /home/nvidia/ros2_usb2can_motor_controller/install/motor_interfaces/share/motor_interfaces/environment/path.sh
-- Installing: /home/nvidia/ros2_usb2can_motor_controller/install/motor_interfaces/share/motor_interfaces/environment/path.dsv
-- Installing: /home/nvidia/ros2_usb2can_motor_controller/install/motor_interfaces/share/motor_interfaces/local_setup.bash
-- Installing: /home/nvidia/ros2_usb2can_motor_controller/install/motor_interfaces/share/motor_interfaces/local_setup.sh
-- Installing: /home/nvidia/ros2_usb2can_motor_controller/install/motor_interfaces/share/motor_interfaces/local_setup.zsh
-- Installing: /home/nvidia/ros2_usb2can_motor_controller/install/motor_interfaces/share/motor_interfaces/local_setup.dsv
-- Installing: /home/nvidia/ros2_usb2can_motor_controller/install/motor_interfaces/share/motor_interfaces/package.dsv
-- Installing: /home/nvidia/ros2_usb2can_motor_controller/install/motor_interfaces/share/ament_index/resource_index/packages/motor_interfaces
-- Installing: /home/nvidia/ros2_usb2can_motor_controller/install/motor_interfaces/share/motor_interfaces/cmake/export_motor_interfaces__rosidl_generator_cExport.cmake
-- Installing: /home/nvidia/ros2_usb2can_motor_controller/install/motor_interfaces/share/motor_interfaces/cmake/export_motor_interfaces__rosidl_generator_cExport-noconfig.cmake
-- Installing: /home/nvidia/ros2_usb2can_motor_controller/install/motor_interfaces/share/motor_interfaces/cmake/export_motor_interfaces__rosidl_typesupport_fastrtps_cExport.cmake
-- Installing: /home/nvidia/ros2_usb2can_motor_controller/install/motor_interfaces/share/motor_interfaces/cmake/export_motor_interfaces__rosidl_typesupport_fastrtps_cExport-noconfig.cmake
-- Installing: /home/nvidia/ros2_usb2can_motor_controller/install/motor_interfaces/share/motor_interfaces/cmake/motor_interfaces__rosidl_typesupport_introspection_cExport.cmake
-- Installing: /home/nvidia/ros2_usb2can_motor_controller/install/motor_interfaces/share/motor_interfaces/cmake/motor_interfaces__rosidl_typesupport_introspection_cExport-noconfig.cmake
-- Installing: /home/nvidia/ros2_usb2can_motor_controller/install/motor_interfaces/share/motor_interfaces/cmake/motor_interfaces__rosidl_typesupport_cExport.cmake
-- Installing: /home/nvidia/ros2_usb2can_motor_controller/install/motor_interfaces/share/motor_interfaces/cmake/motor_interfaces__rosidl_typesupport_cExport-noconfig.cmake
-- Installing: /home/nvidia/ros2_usb2can_motor_controller/install/motor_interfaces/share/motor_interfaces/cmake/export_motor_interfaces__rosidl_generator_cppExport.cmake
-- Installing: /home/nvidia/ros2_usb2can_motor_controller/install/motor_interfaces/share/motor_interfaces/cmake/export_motor_interfaces__rosidl_typesupport_fastrtps_cppExport.cmake
-- Installing: /home/nvidia/ros2_usb2can_motor_controller/install/motor_interfaces/share/motor_interfaces/cmake/export_motor_interfaces__rosidl_typesupport_fastrtps_cppExport-noconfig.cmake
-- Installing: /home/nvidia/ros2_usb2can_motor_controller/install/motor_interfaces/share/motor_interfaces/cmake/motor_interfaces__rosidl_typesupport_introspection_cppExport.cmake
-- Installing: /home/nvidia/ros2_usb2can_motor_controller/install/motor_interfaces/share/motor_interfaces/cmake/motor_interfaces__rosidl_typesupport_introspection_cppExport-noconfig.cmake
-- Installing: /home/nvidia/ros2_usb2can_motor_controller/install/motor_interfaces/share/motor_interfaces/cmake/motor_interfaces__rosidl_typesupport_cppExport.cmake
-- Installing: /home/nvidia/ros2_usb2can_motor_controller/install/motor_interfaces/share/motor_interfaces/cmake/motor_interfaces__rosidl_typesupport_cppExport-noconfig.cmake
-- Installing: /home/nvidia/ros2_usb2can_motor_controller/install/motor_interfaces/share/motor_interfaces/cmake/export_motor_interfaces__rosidl_generator_pyExport.cmake
-- Installing: /home/nvidia/ros2_usb2can_motor_controller/install/motor_interfaces/share/motor_interfaces/cmake/export_motor_interfaces__rosidl_generator_pyExport-noconfig.cmake
-- Installing: /home/nvidia/ros2_usb2can_motor_controller/install/motor_interfaces/share/motor_interfaces/cmake/rosidl_cmake-extras.cmake
-- Installing: /home/nvidia/ros2_usb2can_motor_controller/install/motor_interfaces/share/motor_interfaces/cmake/ament_cmake_export_include_directories-extras.cmake
-- Installing: /home/nvidia/ros2_usb2can_motor_controller/install/motor_interfaces/share/motor_interfaces/cmake/ament_cmake_export_libraries-extras.cmake
-- Installing: /home/nvidia/ros2_usb2can_motor_controller/install/motor_interfaces/share/motor_interfaces/cmake/ament_cmake_export_targets-extras.cmake
-- Installing: /home/nvidia/ros2_usb2can_motor_controller/install/motor_interfaces/share/motor_interfaces/cmake/rosidl_cmake_export_typesupport_targets-extras.cmake
-- Installing: /home/nvidia/ros2_usb2can_motor_controller/install/motor_interfaces/share/motor_interfaces/cmake/ament_cmake_export_dependencies-extras.cmake
-- Installing: /home/nvidia/ros2_usb2can_motor_controller/install/motor_interfaces/share/motor_interfaces/cmake/rosidl_cmake_export_typesupport_libraries-extras.cmake
-- Installing: /home/nvidia/ros2_usb2can_motor_controller/install/motor_interfaces/share/motor_interfaces/cmake/motor_interfacesConfig.cmake
-- Installing: /home/nvidia/ros2_usb2can_motor_controller/install/motor_interfaces/share/motor_interfaces/cmake/motor_interfacesConfig-version.cmake
-- Installing: /home/nvidia/ros2_usb2can_motor_controller/install/motor_interfaces/share/motor_interfaces/package.xml
