[0.264s] DEBUG:colcon:Command line arguments: ['/usr/bin/colcon', 'build']
[0.264s] DEBUG:colcon:Parsed command line arguments: Namespace(allow_overriding=[], ament_cmake_args=None, base_paths=['.'], build_base='build', catkin_cmake_args=None, catkin_skip_building_tests=False, cmake_args=None, cmake_clean_cache=False, cmake_clean_first=False, cmake_force_configure=False, cmake_target=None, cmake_target_skip_unavailable=False, continue_on_error=False, event_handlers=None, executor='parallel', ignore_user_meta=False, install_base='install', log_base=None, log_level=None, main=<bound method BuildVerb.main of <colcon_core.verb.build.BuildVerb object at 0xffffa4911250>>, merge_install=False, metas=['./colcon.meta'], packages_above=None, packages_above_and_dependencies=None, packages_above_depth=None, packages_end=None, packages_ignore=None, packages_ignore_regex=None, packages_select=None, packages_select_build_failed=False, packages_select_by_dep=None, packages_select_regex=None, packages_select_test_failures=False, packages_skip=None, packages_skip_build_finished=False, packages_skip_by_dep=None, packages_skip_regex=None, packages_skip_test_passed=False, packages_skip_up_to=None, packages_start=None, packages_up_to=None, packages_up_to_regex=None, parallel_workers=12, paths=None, symlink_install=False, test_result_base=None, verb_extension=<colcon_core.verb.build.BuildVerb object at 0xffffa4911250>, verb_name='build', verb_parser=<colcon_defaults.argument_parser.defaults.DefaultArgumentsDecorator object at 0xffffa4752400>)
[0.476s] Level 1:colcon.colcon_core.package_discovery:discover_packages(colcon_meta) check parameters
[0.476s] Level 1:colcon.colcon_core.package_discovery:discover_packages(recursive) check parameters
[0.477s] Level 1:colcon.colcon_core.package_discovery:discover_packages(ignore) check parameters
[0.477s] Level 1:colcon.colcon_core.package_discovery:discover_packages(path) check parameters
[0.477s] Level 1:colcon.colcon_core.package_discovery:discover_packages(colcon_meta) discover
[0.477s] Level 1:colcon.colcon_core.package_discovery:discover_packages(recursive) discover
[0.477s] INFO:colcon.colcon_core.package_discovery:Crawling recursively for packages in '/home/nvidia/ros2_usb2can_motor_controller'
[0.477s] Level 1:colcon.colcon_core.package_identification:_identify(.) by extensions ['ignore', 'ignore_ament_install']
[0.477s] Level 1:colcon.colcon_core.package_identification:_identify(.) by extension 'ignore'
[0.477s] Level 1:colcon.colcon_core.package_identification:_identify(.) by extension 'ignore_ament_install'
[0.478s] Level 1:colcon.colcon_core.package_identification:_identify(.) by extensions ['colcon_pkg']
[0.478s] Level 1:colcon.colcon_core.package_identification:_identify(.) by extension 'colcon_pkg'
[0.478s] Level 1:colcon.colcon_core.package_identification:_identify(.) by extensions ['colcon_meta']
[0.478s] Level 1:colcon.colcon_core.package_identification:_identify(.) by extension 'colcon_meta'
[0.478s] Level 1:colcon.colcon_core.package_identification:_identify(.) by extensions ['ros']
[0.478s] Level 1:colcon.colcon_core.package_identification:_identify(.) by extension 'ros'
[0.495s] Level 1:colcon.colcon_core.package_identification:_identify(.) by extensions ['cmake', 'python']
[0.495s] Level 1:colcon.colcon_core.package_identification:_identify(.) by extension 'cmake'
[0.495s] Level 1:colcon.colcon_core.package_identification:_identify(.) by extension 'python'
[0.495s] Level 1:colcon.colcon_core.package_identification:_identify(.) by extensions ['python_setup_py']
[0.495s] Level 1:colcon.colcon_core.package_identification:_identify(.) by extension 'python_setup_py'
[0.496s] Level 1:colcon.colcon_core.package_identification:_identify(build) by extensions ['ignore', 'ignore_ament_install']
[0.496s] Level 1:colcon.colcon_core.package_identification:_identify(build) by extension 'ignore'
[0.496s] Level 1:colcon.colcon_core.package_identification:_identify(build) ignored
[0.496s] Level 1:colcon.colcon_core.package_identification:_identify(install) by extensions ['ignore', 'ignore_ament_install']
[0.496s] Level 1:colcon.colcon_core.package_identification:_identify(install) by extension 'ignore'
[0.496s] Level 1:colcon.colcon_core.package_identification:_identify(install) ignored
[0.496s] Level 1:colcon.colcon_core.package_identification:_identify(log) by extensions ['ignore', 'ignore_ament_install']
[0.497s] Level 1:colcon.colcon_core.package_identification:_identify(log) by extension 'ignore'
[0.497s] Level 1:colcon.colcon_core.package_identification:_identify(log) ignored
[0.497s] Level 1:colcon.colcon_core.package_identification:_identify(src) by extensions ['ignore', 'ignore_ament_install']
[0.497s] Level 1:colcon.colcon_core.package_identification:_identify(src) by extension 'ignore'
[0.497s] Level 1:colcon.colcon_core.package_identification:_identify(src) by extension 'ignore_ament_install'
[0.497s] Level 1:colcon.colcon_core.package_identification:_identify(src) by extensions ['colcon_pkg']
[0.497s] Level 1:colcon.colcon_core.package_identification:_identify(src) by extension 'colcon_pkg'
[0.497s] Level 1:colcon.colcon_core.package_identification:_identify(src) by extensions ['colcon_meta']
[0.497s] Level 1:colcon.colcon_core.package_identification:_identify(src) by extension 'colcon_meta'
[0.497s] Level 1:colcon.colcon_core.package_identification:_identify(src) by extensions ['ros']
[0.497s] Level 1:colcon.colcon_core.package_identification:_identify(src) by extension 'ros'
[0.498s] Level 1:colcon.colcon_core.package_identification:_identify(src) by extensions ['cmake', 'python']
[0.498s] Level 1:colcon.colcon_core.package_identification:_identify(src) by extension 'cmake'
[0.498s] Level 1:colcon.colcon_core.package_identification:_identify(src) by extension 'python'
[0.498s] Level 1:colcon.colcon_core.package_identification:_identify(src) by extensions ['python_setup_py']
[0.498s] Level 1:colcon.colcon_core.package_identification:_identify(src) by extension 'python_setup_py'
[0.498s] Level 1:colcon.colcon_core.package_identification:_identify(src/can_usb_driver) by extensions ['ignore', 'ignore_ament_install']
[0.498s] Level 1:colcon.colcon_core.package_identification:_identify(src/can_usb_driver) by extension 'ignore'
[0.498s] Level 1:colcon.colcon_core.package_identification:_identify(src/can_usb_driver) by extension 'ignore_ament_install'
[0.498s] Level 1:colcon.colcon_core.package_identification:_identify(src/can_usb_driver) by extensions ['colcon_pkg']
[0.498s] Level 1:colcon.colcon_core.package_identification:_identify(src/can_usb_driver) by extension 'colcon_pkg'
[0.498s] Level 1:colcon.colcon_core.package_identification:_identify(src/can_usb_driver) by extensions ['colcon_meta']
[0.498s] Level 1:colcon.colcon_core.package_identification:_identify(src/can_usb_driver) by extension 'colcon_meta'
[0.499s] Level 1:colcon.colcon_core.package_identification:_identify(src/can_usb_driver) by extensions ['ros']
[0.499s] Level 1:colcon.colcon_core.package_identification:_identify(src/can_usb_driver) by extension 'ros'
[0.503s] DEBUG:colcon.colcon_core.package_identification:Package 'src/can_usb_driver' with type 'ros.ament_cmake' and name 'can_usb_driver'
[0.503s] Level 1:colcon.colcon_core.package_identification:_identify(src/motor_controller) by extensions ['ignore', 'ignore_ament_install']
[0.503s] Level 1:colcon.colcon_core.package_identification:_identify(src/motor_controller) by extension 'ignore'
[0.503s] Level 1:colcon.colcon_core.package_identification:_identify(src/motor_controller) by extension 'ignore_ament_install'
[0.503s] Level 1:colcon.colcon_core.package_identification:_identify(src/motor_controller) by extensions ['colcon_pkg']
[0.503s] Level 1:colcon.colcon_core.package_identification:_identify(src/motor_controller) by extension 'colcon_pkg'
[0.503s] Level 1:colcon.colcon_core.package_identification:_identify(src/motor_controller) by extensions ['colcon_meta']
[0.503s] Level 1:colcon.colcon_core.package_identification:_identify(src/motor_controller) by extension 'colcon_meta'
[0.504s] Level 1:colcon.colcon_core.package_identification:_identify(src/motor_controller) by extensions ['ros']
[0.504s] Level 1:colcon.colcon_core.package_identification:_identify(src/motor_controller) by extension 'ros'
[0.505s] DEBUG:colcon.colcon_core.package_identification:Package 'src/motor_controller' with type 'ros.ament_cmake' and name 'motor_controller'
[0.505s] Level 1:colcon.colcon_core.package_identification:_identify(src/motor_interfaces) by extensions ['ignore', 'ignore_ament_install']
[0.505s] Level 1:colcon.colcon_core.package_identification:_identify(src/motor_interfaces) by extension 'ignore'
[0.505s] Level 1:colcon.colcon_core.package_identification:_identify(src/motor_interfaces) by extension 'ignore_ament_install'
[0.505s] Level 1:colcon.colcon_core.package_identification:_identify(src/motor_interfaces) by extensions ['colcon_pkg']
[0.505s] Level 1:colcon.colcon_core.package_identification:_identify(src/motor_interfaces) by extension 'colcon_pkg'
[0.505s] Level 1:colcon.colcon_core.package_identification:_identify(src/motor_interfaces) by extensions ['colcon_meta']
[0.505s] Level 1:colcon.colcon_core.package_identification:_identify(src/motor_interfaces) by extension 'colcon_meta'
[0.505s] Level 1:colcon.colcon_core.package_identification:_identify(src/motor_interfaces) by extensions ['ros']
[0.505s] Level 1:colcon.colcon_core.package_identification:_identify(src/motor_interfaces) by extension 'ros'
[0.506s] DEBUG:colcon.colcon_core.package_identification:Package 'src/motor_interfaces' with type 'ros.ament_cmake' and name 'motor_interfaces'
[0.506s] Level 1:colcon.colcon_core.package_discovery:discover_packages(recursive) using defaults
[0.506s] Level 1:colcon.colcon_core.package_discovery:discover_packages(ignore) discover
[0.506s] Level 1:colcon.colcon_core.package_discovery:discover_packages(ignore) using defaults
[0.506s] Level 1:colcon.colcon_core.package_discovery:discover_packages(path) discover
[0.506s] Level 1:colcon.colcon_core.package_discovery:discover_packages(path) using defaults
[0.530s] Level 1:colcon.colcon_core.package_discovery:discover_packages(prefix_path) check parameters
[0.530s] Level 1:colcon.colcon_core.package_discovery:discover_packages(prefix_path) discover
[0.533s] DEBUG:colcon.colcon_installed_package_information.package_discovery:Found 3 installed packages in /home/nvidia/ros2_usb2can_motor_controller/install
[0.535s] DEBUG:colcon.colcon_installed_package_information.package_discovery:Found 256 installed packages in /opt/ros/foxy
[0.537s] Level 1:colcon.colcon_core.package_discovery:discover_packages(prefix_path) using defaults
[0.645s] Level 5:colcon.colcon_core.verb:set package 'can_usb_driver' build argument 'cmake_args' from command line to 'None'
[0.646s] Level 5:colcon.colcon_core.verb:set package 'can_usb_driver' build argument 'cmake_target' from command line to 'None'
[0.646s] Level 5:colcon.colcon_core.verb:set package 'can_usb_driver' build argument 'cmake_target_skip_unavailable' from command line to 'False'
[0.646s] Level 5:colcon.colcon_core.verb:set package 'can_usb_driver' build argument 'cmake_clean_cache' from command line to 'False'
[0.646s] Level 5:colcon.colcon_core.verb:set package 'can_usb_driver' build argument 'cmake_clean_first' from command line to 'False'
[0.646s] Level 5:colcon.colcon_core.verb:set package 'can_usb_driver' build argument 'cmake_force_configure' from command line to 'False'
[0.646s] Level 5:colcon.colcon_core.verb:set package 'can_usb_driver' build argument 'ament_cmake_args' from command line to 'None'
[0.646s] Level 5:colcon.colcon_core.verb:set package 'can_usb_driver' build argument 'catkin_cmake_args' from command line to 'None'
[0.646s] Level 5:colcon.colcon_core.verb:set package 'can_usb_driver' build argument 'catkin_skip_building_tests' from command line to 'False'
[0.646s] DEBUG:colcon.colcon_core.verb:Building package 'can_usb_driver' with the following arguments: {'ament_cmake_args': None, 'build_base': '/home/nvidia/ros2_usb2can_motor_controller/build/can_usb_driver', 'catkin_cmake_args': None, 'catkin_skip_building_tests': False, 'cmake_args': None, 'cmake_clean_cache': False, 'cmake_clean_first': False, 'cmake_force_configure': False, 'cmake_target': None, 'cmake_target_skip_unavailable': False, 'install_base': '/home/nvidia/ros2_usb2can_motor_controller/install/can_usb_driver', 'merge_install': False, 'path': '/home/nvidia/ros2_usb2can_motor_controller/src/can_usb_driver', 'symlink_install': False, 'test_result_base': None}
[0.646s] Level 5:colcon.colcon_core.verb:set package 'motor_interfaces' build argument 'cmake_args' from command line to 'None'
[0.647s] Level 5:colcon.colcon_core.verb:set package 'motor_interfaces' build argument 'cmake_target' from command line to 'None'
[0.647s] Level 5:colcon.colcon_core.verb:set package 'motor_interfaces' build argument 'cmake_target_skip_unavailable' from command line to 'False'
[0.647s] Level 5:colcon.colcon_core.verb:set package 'motor_interfaces' build argument 'cmake_clean_cache' from command line to 'False'
[0.647s] Level 5:colcon.colcon_core.verb:set package 'motor_interfaces' build argument 'cmake_clean_first' from command line to 'False'
[0.647s] Level 5:colcon.colcon_core.verb:set package 'motor_interfaces' build argument 'cmake_force_configure' from command line to 'False'
[0.647s] Level 5:colcon.colcon_core.verb:set package 'motor_interfaces' build argument 'ament_cmake_args' from command line to 'None'
[0.647s] Level 5:colcon.colcon_core.verb:set package 'motor_interfaces' build argument 'catkin_cmake_args' from command line to 'None'
[0.647s] Level 5:colcon.colcon_core.verb:set package 'motor_interfaces' build argument 'catkin_skip_building_tests' from command line to 'False'
[0.647s] DEBUG:colcon.colcon_core.verb:Building package 'motor_interfaces' with the following arguments: {'ament_cmake_args': None, 'build_base': '/home/nvidia/ros2_usb2can_motor_controller/build/motor_interfaces', 'catkin_cmake_args': None, 'catkin_skip_building_tests': False, 'cmake_args': None, 'cmake_clean_cache': False, 'cmake_clean_first': False, 'cmake_force_configure': False, 'cmake_target': None, 'cmake_target_skip_unavailable': False, 'install_base': '/home/nvidia/ros2_usb2can_motor_controller/install/motor_interfaces', 'merge_install': False, 'path': '/home/nvidia/ros2_usb2can_motor_controller/src/motor_interfaces', 'symlink_install': False, 'test_result_base': None}
[0.647s] Level 5:colcon.colcon_core.verb:set package 'motor_controller' build argument 'cmake_args' from command line to 'None'
[0.647s] Level 5:colcon.colcon_core.verb:set package 'motor_controller' build argument 'cmake_target' from command line to 'None'
[0.647s] Level 5:colcon.colcon_core.verb:set package 'motor_controller' build argument 'cmake_target_skip_unavailable' from command line to 'False'
[0.647s] Level 5:colcon.colcon_core.verb:set package 'motor_controller' build argument 'cmake_clean_cache' from command line to 'False'
[0.648s] Level 5:colcon.colcon_core.verb:set package 'motor_controller' build argument 'cmake_clean_first' from command line to 'False'
[0.648s] Level 5:colcon.colcon_core.verb:set package 'motor_controller' build argument 'cmake_force_configure' from command line to 'False'
[0.648s] Level 5:colcon.colcon_core.verb:set package 'motor_controller' build argument 'ament_cmake_args' from command line to 'None'
[0.648s] Level 5:colcon.colcon_core.verb:set package 'motor_controller' build argument 'catkin_cmake_args' from command line to 'None'
[0.648s] Level 5:colcon.colcon_core.verb:set package 'motor_controller' build argument 'catkin_skip_building_tests' from command line to 'False'
[0.648s] DEBUG:colcon.colcon_core.verb:Building package 'motor_controller' with the following arguments: {'ament_cmake_args': None, 'build_base': '/home/nvidia/ros2_usb2can_motor_controller/build/motor_controller', 'catkin_cmake_args': None, 'catkin_skip_building_tests': False, 'cmake_args': None, 'cmake_clean_cache': False, 'cmake_clean_first': False, 'cmake_force_configure': False, 'cmake_target': None, 'cmake_target_skip_unavailable': False, 'install_base': '/home/nvidia/ros2_usb2can_motor_controller/install/motor_controller', 'merge_install': False, 'path': '/home/nvidia/ros2_usb2can_motor_controller/src/motor_controller', 'symlink_install': False, 'test_result_base': None}
[0.648s] INFO:colcon.colcon_core.executor:Executing jobs using 'parallel' executor
[0.650s] DEBUG:colcon.colcon_parallel_executor.executor.parallel:run_until_complete
[0.651s] INFO:colcon.colcon_ros.task.ament_cmake.build:Building ROS package in '/home/nvidia/ros2_usb2can_motor_controller/src/can_usb_driver' with build type 'ament_cmake'
[0.651s] INFO:colcon.colcon_cmake.task.cmake.build:Building CMake package in '/home/nvidia/ros2_usb2can_motor_controller/src/can_usb_driver'
[0.654s] INFO:colcon.colcon_core.plugin_system:Skipping extension 'colcon_core.shell.bat': Not used on non-Windows systems
[0.654s] INFO:colcon.colcon_core.shell:Skip shell extension 'powershell' for command environment: Not usable outside of PowerShell
[0.654s] DEBUG:colcon.colcon_core.shell:Skip shell extension 'dsv' for command environment
[0.663s] INFO:colcon.colcon_ros.task.ament_cmake.build:Building ROS package in '/home/nvidia/ros2_usb2can_motor_controller/src/motor_interfaces' with build type 'ament_cmake'
[0.663s] INFO:colcon.colcon_cmake.task.cmake.build:Building CMake package in '/home/nvidia/ros2_usb2can_motor_controller/src/motor_interfaces'
[0.664s] INFO:colcon.colcon_core.shell:Skip shell extension 'powershell' for command environment: Not usable outside of PowerShell
[0.664s] DEBUG:colcon.colcon_core.shell:Skip shell extension 'dsv' for command environment
[0.679s] DEBUG:colcon.colcon_core.event_handler.log_command:Invoking command in '/home/nvidia/ros2_usb2can_motor_controller/build/can_usb_driver': CMAKE_PREFIX_PATH=${CMAKE_PREFIX_PATH}:/opt/ros/foxy /usr/bin/cmake --build /home/nvidia/ros2_usb2can_motor_controller/build/can_usb_driver -- -j12 -l12
[0.692s] DEBUG:colcon.colcon_core.event_handler.log_command:Invoking command in '/home/nvidia/ros2_usb2can_motor_controller/build/motor_interfaces': CMAKE_PREFIX_PATH=${CMAKE_PREFIX_PATH}:/opt/ros/foxy /usr/bin/cmake --build /home/nvidia/ros2_usb2can_motor_controller/build/motor_interfaces -- -j12 -l12
[0.780s] DEBUG:colcon.colcon_core.event_handler.log_command:Invoked command in '/home/nvidia/ros2_usb2can_motor_controller/build/can_usb_driver' returned '0': CMAKE_PREFIX_PATH=${CMAKE_PREFIX_PATH}:/opt/ros/foxy /usr/bin/cmake --build /home/nvidia/ros2_usb2can_motor_controller/build/can_usb_driver -- -j12 -l12
[0.802s] DEBUG:colcon.colcon_core.event_handler.log_command:Invoking command in '/home/nvidia/ros2_usb2can_motor_controller/build/can_usb_driver': CMAKE_PREFIX_PATH=${CMAKE_PREFIX_PATH}:/opt/ros/foxy /usr/bin/cmake --install /home/nvidia/ros2_usb2can_motor_controller/build/can_usb_driver
[0.821s] Level 1:colcon.colcon_core.environment:create_environment_scripts_only(can_usb_driver)
[0.822s] DEBUG:colcon.colcon_core.event_handler.log_command:Invoked command in '/home/nvidia/ros2_usb2can_motor_controller/build/can_usb_driver' returned '0': CMAKE_PREFIX_PATH=${CMAKE_PREFIX_PATH}:/opt/ros/foxy /usr/bin/cmake --install /home/nvidia/ros2_usb2can_motor_controller/build/can_usb_driver
[0.826s] Level 1:colcon.colcon_core.environment:checking '/home/nvidia/ros2_usb2can_motor_controller/install/can_usb_driver' for CMake module files
[0.827s] Level 1:colcon.colcon_core.environment:checking '/home/nvidia/ros2_usb2can_motor_controller/install/can_usb_driver' for CMake config files
[0.827s] Level 1:colcon.colcon_core.shell:create_environment_hook('can_usb_driver', 'cmake_prefix_path')
[0.828s] INFO:colcon.colcon_core.shell:Creating environment hook '/home/nvidia/ros2_usb2can_motor_controller/install/can_usb_driver/share/can_usb_driver/hook/cmake_prefix_path.ps1'
[0.829s] INFO:colcon.colcon_core.shell:Creating environment descriptor '/home/nvidia/ros2_usb2can_motor_controller/install/can_usb_driver/share/can_usb_driver/hook/cmake_prefix_path.dsv'
[0.830s] INFO:colcon.colcon_core.shell:Creating environment hook '/home/nvidia/ros2_usb2can_motor_controller/install/can_usb_driver/share/can_usb_driver/hook/cmake_prefix_path.sh'
[0.832s] Level 1:colcon.colcon_core.environment:checking '/home/nvidia/ros2_usb2can_motor_controller/install/can_usb_driver/lib'
[0.832s] Level 1:colcon.colcon_core.environment:checking '/home/nvidia/ros2_usb2can_motor_controller/install/can_usb_driver/bin'
[0.833s] Level 1:colcon.colcon_core.environment:checking '/home/nvidia/ros2_usb2can_motor_controller/install/can_usb_driver/lib/pkgconfig/can_usb_driver.pc'
[0.833s] Level 1:colcon.colcon_core.environment:checking '/home/nvidia/ros2_usb2can_motor_controller/install/can_usb_driver/lib/python3.8/site-packages'
[0.833s] Level 1:colcon.colcon_core.environment:checking '/home/nvidia/ros2_usb2can_motor_controller/install/can_usb_driver/bin'
[0.834s] INFO:colcon.colcon_core.shell:Creating package script '/home/nvidia/ros2_usb2can_motor_controller/install/can_usb_driver/share/can_usb_driver/package.ps1'
[0.836s] INFO:colcon.colcon_core.shell:Creating package descriptor '/home/nvidia/ros2_usb2can_motor_controller/install/can_usb_driver/share/can_usb_driver/package.dsv'
[0.837s] INFO:colcon.colcon_core.shell:Creating package script '/home/nvidia/ros2_usb2can_motor_controller/install/can_usb_driver/share/can_usb_driver/package.sh'
[0.838s] INFO:colcon.colcon_core.shell:Creating package script '/home/nvidia/ros2_usb2can_motor_controller/install/can_usb_driver/share/can_usb_driver/package.bash'
[0.839s] INFO:colcon.colcon_core.shell:Creating package script '/home/nvidia/ros2_usb2can_motor_controller/install/can_usb_driver/share/can_usb_driver/package.zsh'
[0.840s] Level 1:colcon.colcon_core.environment:create_file_with_runtime_dependencies(/home/nvidia/ros2_usb2can_motor_controller/install/can_usb_driver/share/colcon-core/packages/can_usb_driver)
[0.841s] Level 1:colcon.colcon_core.environment:create_environment_scripts_only(can_usb_driver)
[0.842s] Level 1:colcon.colcon_core.environment:checking '/home/nvidia/ros2_usb2can_motor_controller/install/can_usb_driver' for CMake module files
[0.842s] Level 1:colcon.colcon_core.environment:checking '/home/nvidia/ros2_usb2can_motor_controller/install/can_usb_driver' for CMake config files
[0.843s] Level 1:colcon.colcon_core.shell:create_environment_hook('can_usb_driver', 'cmake_prefix_path')
[0.843s] INFO:colcon.colcon_core.shell:Creating environment hook '/home/nvidia/ros2_usb2can_motor_controller/install/can_usb_driver/share/can_usb_driver/hook/cmake_prefix_path.ps1'
[0.844s] INFO:colcon.colcon_core.shell:Creating environment descriptor '/home/nvidia/ros2_usb2can_motor_controller/install/can_usb_driver/share/can_usb_driver/hook/cmake_prefix_path.dsv'
[0.845s] INFO:colcon.colcon_core.shell:Creating environment hook '/home/nvidia/ros2_usb2can_motor_controller/install/can_usb_driver/share/can_usb_driver/hook/cmake_prefix_path.sh'
[0.846s] Level 1:colcon.colcon_core.environment:checking '/home/nvidia/ros2_usb2can_motor_controller/install/can_usb_driver/lib'
[0.846s] Level 1:colcon.colcon_core.environment:checking '/home/nvidia/ros2_usb2can_motor_controller/install/can_usb_driver/bin'
[0.846s] Level 1:colcon.colcon_core.environment:checking '/home/nvidia/ros2_usb2can_motor_controller/install/can_usb_driver/lib/pkgconfig/can_usb_driver.pc'
[0.846s] Level 1:colcon.colcon_core.environment:checking '/home/nvidia/ros2_usb2can_motor_controller/install/can_usb_driver/lib/python3.8/site-packages'
[0.846s] Level 1:colcon.colcon_core.environment:checking '/home/nvidia/ros2_usb2can_motor_controller/install/can_usb_driver/bin'
[0.847s] INFO:colcon.colcon_core.shell:Creating package script '/home/nvidia/ros2_usb2can_motor_controller/install/can_usb_driver/share/can_usb_driver/package.ps1'
[0.848s] INFO:colcon.colcon_core.shell:Creating package descriptor '/home/nvidia/ros2_usb2can_motor_controller/install/can_usb_driver/share/can_usb_driver/package.dsv'
[0.849s] INFO:colcon.colcon_core.shell:Creating package script '/home/nvidia/ros2_usb2can_motor_controller/install/can_usb_driver/share/can_usb_driver/package.sh'
[0.850s] INFO:colcon.colcon_core.shell:Creating package script '/home/nvidia/ros2_usb2can_motor_controller/install/can_usb_driver/share/can_usb_driver/package.bash'
[0.851s] INFO:colcon.colcon_core.shell:Creating package script '/home/nvidia/ros2_usb2can_motor_controller/install/can_usb_driver/share/can_usb_driver/package.zsh'
[0.851s] Level 1:colcon.colcon_core.environment:create_file_with_runtime_dependencies(/home/nvidia/ros2_usb2can_motor_controller/install/can_usb_driver/share/colcon-core/packages/can_usb_driver)
[1.071s] DEBUG:colcon.colcon_core.event_handler.log_command:Invoked command in '/home/nvidia/ros2_usb2can_motor_controller/build/motor_interfaces' returned '0': CMAKE_PREFIX_PATH=${CMAKE_PREFIX_PATH}:/opt/ros/foxy /usr/bin/cmake --build /home/nvidia/ros2_usb2can_motor_controller/build/motor_interfaces -- -j12 -l12
[1.078s] DEBUG:colcon.colcon_core.event_handler.log_command:Invoking command in '/home/nvidia/ros2_usb2can_motor_controller/build/motor_interfaces': CMAKE_PREFIX_PATH=${CMAKE_PREFIX_PATH}:/opt/ros/foxy /usr/bin/cmake --install /home/nvidia/ros2_usb2can_motor_controller/build/motor_interfaces
[1.158s] Level 1:colcon.colcon_core.environment:create_environment_scripts_only(motor_interfaces)
[1.159s] Level 1:colcon.colcon_core.environment:checking '/home/nvidia/ros2_usb2can_motor_controller/install/motor_interfaces' for CMake module files
[1.166s] Level 1:colcon.colcon_core.environment:checking '/home/nvidia/ros2_usb2can_motor_controller/install/motor_interfaces' for CMake config files
[1.167s] DEBUG:colcon.colcon_core.event_handler.log_command:Invoked command in '/home/nvidia/ros2_usb2can_motor_controller/build/motor_interfaces' returned '0': CMAKE_PREFIX_PATH=${CMAKE_PREFIX_PATH}:/opt/ros/foxy /usr/bin/cmake --install /home/nvidia/ros2_usb2can_motor_controller/build/motor_interfaces
[1.168s] Level 1:colcon.colcon_core.shell:create_environment_hook('motor_interfaces', 'cmake_prefix_path')
[1.169s] INFO:colcon.colcon_core.shell:Creating environment hook '/home/nvidia/ros2_usb2can_motor_controller/install/motor_interfaces/share/motor_interfaces/hook/cmake_prefix_path.ps1'
[1.170s] INFO:colcon.colcon_core.shell:Creating environment descriptor '/home/nvidia/ros2_usb2can_motor_controller/install/motor_interfaces/share/motor_interfaces/hook/cmake_prefix_path.dsv'
[1.171s] INFO:colcon.colcon_core.shell:Creating environment hook '/home/nvidia/ros2_usb2can_motor_controller/install/motor_interfaces/share/motor_interfaces/hook/cmake_prefix_path.sh'
[1.172s] Level 1:colcon.colcon_core.environment:checking '/home/nvidia/ros2_usb2can_motor_controller/install/motor_interfaces/lib'
[1.172s] Level 1:colcon.colcon_core.shell:create_environment_hook('motor_interfaces', 'ld_library_path_lib')
[1.172s] INFO:colcon.colcon_core.shell:Creating environment hook '/home/nvidia/ros2_usb2can_motor_controller/install/motor_interfaces/share/motor_interfaces/hook/ld_library_path_lib.ps1'
[1.173s] INFO:colcon.colcon_core.shell:Creating environment descriptor '/home/nvidia/ros2_usb2can_motor_controller/install/motor_interfaces/share/motor_interfaces/hook/ld_library_path_lib.dsv'
[1.174s] INFO:colcon.colcon_core.shell:Creating environment hook '/home/nvidia/ros2_usb2can_motor_controller/install/motor_interfaces/share/motor_interfaces/hook/ld_library_path_lib.sh'
[1.174s] Level 1:colcon.colcon_core.environment:checking '/home/nvidia/ros2_usb2can_motor_controller/install/motor_interfaces/bin'
[1.174s] Level 1:colcon.colcon_core.environment:checking '/home/nvidia/ros2_usb2can_motor_controller/install/motor_interfaces/lib/pkgconfig/motor_interfaces.pc'
[1.175s] Level 1:colcon.colcon_core.environment:checking '/home/nvidia/ros2_usb2can_motor_controller/install/motor_interfaces/lib/python3.8/site-packages'
[1.175s] Level 1:colcon.colcon_core.shell:create_environment_hook('motor_interfaces', 'pythonpath')
[1.175s] INFO:colcon.colcon_core.shell:Creating environment hook '/home/nvidia/ros2_usb2can_motor_controller/install/motor_interfaces/share/motor_interfaces/hook/pythonpath.ps1'
[1.176s] INFO:colcon.colcon_core.shell:Creating environment descriptor '/home/nvidia/ros2_usb2can_motor_controller/install/motor_interfaces/share/motor_interfaces/hook/pythonpath.dsv'
[1.176s] INFO:colcon.colcon_core.shell:Creating environment hook '/home/nvidia/ros2_usb2can_motor_controller/install/motor_interfaces/share/motor_interfaces/hook/pythonpath.sh'
[1.177s] Level 1:colcon.colcon_core.environment:checking '/home/nvidia/ros2_usb2can_motor_controller/install/motor_interfaces/bin'
[1.177s] INFO:colcon.colcon_core.shell:Creating package script '/home/nvidia/ros2_usb2can_motor_controller/install/motor_interfaces/share/motor_interfaces/package.ps1'
[1.178s] INFO:colcon.colcon_core.shell:Creating package descriptor '/home/nvidia/ros2_usb2can_motor_controller/install/motor_interfaces/share/motor_interfaces/package.dsv'
[1.179s] INFO:colcon.colcon_core.shell:Creating package script '/home/nvidia/ros2_usb2can_motor_controller/install/motor_interfaces/share/motor_interfaces/package.sh'
[1.180s] INFO:colcon.colcon_core.shell:Creating package script '/home/nvidia/ros2_usb2can_motor_controller/install/motor_interfaces/share/motor_interfaces/package.bash'
[1.180s] INFO:colcon.colcon_core.shell:Creating package script '/home/nvidia/ros2_usb2can_motor_controller/install/motor_interfaces/share/motor_interfaces/package.zsh'
[1.181s] Level 1:colcon.colcon_core.environment:create_file_with_runtime_dependencies(/home/nvidia/ros2_usb2can_motor_controller/install/motor_interfaces/share/colcon-core/packages/motor_interfaces)
[1.182s] Level 1:colcon.colcon_core.environment:create_environment_scripts_only(motor_interfaces)
[1.182s] Level 1:colcon.colcon_core.environment:checking '/home/nvidia/ros2_usb2can_motor_controller/install/motor_interfaces' for CMake module files
[1.183s] Level 1:colcon.colcon_core.environment:checking '/home/nvidia/ros2_usb2can_motor_controller/install/motor_interfaces' for CMake config files
[1.184s] Level 1:colcon.colcon_core.shell:create_environment_hook('motor_interfaces', 'cmake_prefix_path')
[1.184s] INFO:colcon.colcon_core.shell:Creating environment hook '/home/nvidia/ros2_usb2can_motor_controller/install/motor_interfaces/share/motor_interfaces/hook/cmake_prefix_path.ps1'
[1.185s] INFO:colcon.colcon_core.shell:Creating environment descriptor '/home/nvidia/ros2_usb2can_motor_controller/install/motor_interfaces/share/motor_interfaces/hook/cmake_prefix_path.dsv'
[1.185s] INFO:colcon.colcon_core.shell:Creating environment hook '/home/nvidia/ros2_usb2can_motor_controller/install/motor_interfaces/share/motor_interfaces/hook/cmake_prefix_path.sh'
[1.186s] Level 1:colcon.colcon_core.environment:checking '/home/nvidia/ros2_usb2can_motor_controller/install/motor_interfaces/lib'
[1.186s] Level 1:colcon.colcon_core.shell:create_environment_hook('motor_interfaces', 'ld_library_path_lib')
[1.187s] INFO:colcon.colcon_core.shell:Creating environment hook '/home/nvidia/ros2_usb2can_motor_controller/install/motor_interfaces/share/motor_interfaces/hook/ld_library_path_lib.ps1'
[1.187s] INFO:colcon.colcon_core.shell:Creating environment descriptor '/home/nvidia/ros2_usb2can_motor_controller/install/motor_interfaces/share/motor_interfaces/hook/ld_library_path_lib.dsv'
[1.188s] INFO:colcon.colcon_core.shell:Creating environment hook '/home/nvidia/ros2_usb2can_motor_controller/install/motor_interfaces/share/motor_interfaces/hook/ld_library_path_lib.sh'
[1.189s] Level 1:colcon.colcon_core.environment:checking '/home/nvidia/ros2_usb2can_motor_controller/install/motor_interfaces/bin'
[1.189s] Level 1:colcon.colcon_core.environment:checking '/home/nvidia/ros2_usb2can_motor_controller/install/motor_interfaces/lib/pkgconfig/motor_interfaces.pc'
[1.189s] Level 1:colcon.colcon_core.environment:checking '/home/nvidia/ros2_usb2can_motor_controller/install/motor_interfaces/lib/python3.8/site-packages'
[1.189s] Level 1:colcon.colcon_core.shell:create_environment_hook('motor_interfaces', 'pythonpath')
[1.190s] INFO:colcon.colcon_core.shell:Creating environment hook '/home/nvidia/ros2_usb2can_motor_controller/install/motor_interfaces/share/motor_interfaces/hook/pythonpath.ps1'
[1.191s] INFO:colcon.colcon_core.shell:Creating environment descriptor '/home/nvidia/ros2_usb2can_motor_controller/install/motor_interfaces/share/motor_interfaces/hook/pythonpath.dsv'
[1.191s] INFO:colcon.colcon_core.shell:Creating environment hook '/home/nvidia/ros2_usb2can_motor_controller/install/motor_interfaces/share/motor_interfaces/hook/pythonpath.sh'
[1.192s] Level 1:colcon.colcon_core.environment:checking '/home/nvidia/ros2_usb2can_motor_controller/install/motor_interfaces/bin'
[1.193s] INFO:colcon.colcon_core.shell:Creating package script '/home/nvidia/ros2_usb2can_motor_controller/install/motor_interfaces/share/motor_interfaces/package.ps1'
[1.194s] INFO:colcon.colcon_core.shell:Creating package descriptor '/home/nvidia/ros2_usb2can_motor_controller/install/motor_interfaces/share/motor_interfaces/package.dsv'
[1.195s] INFO:colcon.colcon_core.shell:Creating package script '/home/nvidia/ros2_usb2can_motor_controller/install/motor_interfaces/share/motor_interfaces/package.sh'
[1.196s] INFO:colcon.colcon_core.shell:Creating package script '/home/nvidia/ros2_usb2can_motor_controller/install/motor_interfaces/share/motor_interfaces/package.bash'
[1.197s] INFO:colcon.colcon_core.shell:Creating package script '/home/nvidia/ros2_usb2can_motor_controller/install/motor_interfaces/share/motor_interfaces/package.zsh'
[1.197s] Level 1:colcon.colcon_core.environment:create_file_with_runtime_dependencies(/home/nvidia/ros2_usb2can_motor_controller/install/motor_interfaces/share/colcon-core/packages/motor_interfaces)
[1.198s] INFO:colcon.colcon_ros.task.ament_cmake.build:Building ROS package in '/home/nvidia/ros2_usb2can_motor_controller/src/motor_controller' with build type 'ament_cmake'
[1.198s] INFO:colcon.colcon_cmake.task.cmake.build:Building CMake package in '/home/nvidia/ros2_usb2can_motor_controller/src/motor_controller'
[1.199s] INFO:colcon.colcon_core.shell:Skip shell extension 'powershell' for command environment: Not usable outside of PowerShell
[1.199s] DEBUG:colcon.colcon_core.shell:Skip shell extension 'dsv' for command environment
[1.221s] DEBUG:colcon.colcon_core.event_handler.log_command:Invoking command in '/home/nvidia/ros2_usb2can_motor_controller/build/motor_controller': CMAKE_PREFIX_PATH=/home/nvidia/ros2_usb2can_motor_controller/install/motor_interfaces:/home/nvidia/ros2_usb2can_motor_controller/install/can_usb_driver:/home/nvidia/ros2_usb2can_motor_controller/install/motor_controller:/opt/ros/foxy /usr/bin/cmake --build /home/nvidia/ros2_usb2can_motor_controller/build/motor_controller -- -j12 -l12
[13.876s] DEBUG:colcon.colcon_core.event_handler.log_command:Invoked command in '/home/nvidia/ros2_usb2can_motor_controller/build/motor_controller' returned '0': CMAKE_PREFIX_PATH=/home/nvidia/ros2_usb2can_motor_controller/install/motor_interfaces:/home/nvidia/ros2_usb2can_motor_controller/install/can_usb_driver:/home/nvidia/ros2_usb2can_motor_controller/install/motor_controller:/opt/ros/foxy /usr/bin/cmake --build /home/nvidia/ros2_usb2can_motor_controller/build/motor_controller -- -j12 -l12
[13.884s] DEBUG:colcon.colcon_core.event_handler.log_command:Invoking command in '/home/nvidia/ros2_usb2can_motor_controller/build/motor_controller': CMAKE_PREFIX_PATH=/home/nvidia/ros2_usb2can_motor_controller/install/motor_interfaces:/home/nvidia/ros2_usb2can_motor_controller/install/can_usb_driver:/home/nvidia/ros2_usb2can_motor_controller/install/motor_controller:/opt/ros/foxy /usr/bin/cmake --install /home/nvidia/ros2_usb2can_motor_controller/build/motor_controller
[13.911s] Level 1:colcon.colcon_core.environment:create_environment_scripts_only(motor_controller)
[13.913s] Level 1:colcon.colcon_core.environment:checking '/home/nvidia/ros2_usb2can_motor_controller/install/motor_controller' for CMake module files
[13.918s] Level 1:colcon.colcon_core.environment:checking '/home/nvidia/ros2_usb2can_motor_controller/install/motor_controller' for CMake config files
[13.920s] DEBUG:colcon.colcon_core.event_handler.log_command:Invoked command in '/home/nvidia/ros2_usb2can_motor_controller/build/motor_controller' returned '0': CMAKE_PREFIX_PATH=/home/nvidia/ros2_usb2can_motor_controller/install/motor_interfaces:/home/nvidia/ros2_usb2can_motor_controller/install/can_usb_driver:/home/nvidia/ros2_usb2can_motor_controller/install/motor_controller:/opt/ros/foxy /usr/bin/cmake --install /home/nvidia/ros2_usb2can_motor_controller/build/motor_controller
[13.921s] Level 1:colcon.colcon_core.shell:create_environment_hook('motor_controller', 'cmake_prefix_path')
[13.922s] INFO:colcon.colcon_core.shell:Creating environment hook '/home/nvidia/ros2_usb2can_motor_controller/install/motor_controller/share/motor_controller/hook/cmake_prefix_path.ps1'
[13.924s] INFO:colcon.colcon_core.shell:Creating environment descriptor '/home/nvidia/ros2_usb2can_motor_controller/install/motor_controller/share/motor_controller/hook/cmake_prefix_path.dsv'
[13.925s] INFO:colcon.colcon_core.shell:Creating environment hook '/home/nvidia/ros2_usb2can_motor_controller/install/motor_controller/share/motor_controller/hook/cmake_prefix_path.sh'
[13.927s] Level 1:colcon.colcon_core.environment:checking '/home/nvidia/ros2_usb2can_motor_controller/install/motor_controller/lib'
[13.928s] Level 1:colcon.colcon_core.environment:checking '/home/nvidia/ros2_usb2can_motor_controller/install/motor_controller/bin'
[13.928s] Level 1:colcon.colcon_core.environment:checking '/home/nvidia/ros2_usb2can_motor_controller/install/motor_controller/lib/pkgconfig/motor_controller.pc'
[13.929s] Level 1:colcon.colcon_core.environment:checking '/home/nvidia/ros2_usb2can_motor_controller/install/motor_controller/lib/python3.8/site-packages'
[13.929s] Level 1:colcon.colcon_core.environment:checking '/home/nvidia/ros2_usb2can_motor_controller/install/motor_controller/bin'
[13.930s] INFO:colcon.colcon_core.shell:Creating package script '/home/nvidia/ros2_usb2can_motor_controller/install/motor_controller/share/motor_controller/package.ps1'
[13.931s] INFO:colcon.colcon_core.shell:Creating package descriptor '/home/nvidia/ros2_usb2can_motor_controller/install/motor_controller/share/motor_controller/package.dsv'
[13.932s] INFO:colcon.colcon_core.shell:Creating package script '/home/nvidia/ros2_usb2can_motor_controller/install/motor_controller/share/motor_controller/package.sh'
[13.934s] INFO:colcon.colcon_core.shell:Creating package script '/home/nvidia/ros2_usb2can_motor_controller/install/motor_controller/share/motor_controller/package.bash'
[13.935s] INFO:colcon.colcon_core.shell:Creating package script '/home/nvidia/ros2_usb2can_motor_controller/install/motor_controller/share/motor_controller/package.zsh'
[13.937s] Level 1:colcon.colcon_core.environment:create_file_with_runtime_dependencies(/home/nvidia/ros2_usb2can_motor_controller/install/motor_controller/share/colcon-core/packages/motor_controller)
[13.939s] Level 1:colcon.colcon_core.environment:create_environment_scripts_only(motor_controller)
[13.939s] Level 1:colcon.colcon_core.environment:checking '/home/nvidia/ros2_usb2can_motor_controller/install/motor_controller' for CMake module files
[13.941s] Level 1:colcon.colcon_core.environment:checking '/home/nvidia/ros2_usb2can_motor_controller/install/motor_controller' for CMake config files
[13.942s] Level 1:colcon.colcon_core.shell:create_environment_hook('motor_controller', 'cmake_prefix_path')
[13.942s] INFO:colcon.colcon_core.shell:Creating environment hook '/home/nvidia/ros2_usb2can_motor_controller/install/motor_controller/share/motor_controller/hook/cmake_prefix_path.ps1'
[13.944s] INFO:colcon.colcon_core.shell:Creating environment descriptor '/home/nvidia/ros2_usb2can_motor_controller/install/motor_controller/share/motor_controller/hook/cmake_prefix_path.dsv'
[13.944s] INFO:colcon.colcon_core.shell:Creating environment hook '/home/nvidia/ros2_usb2can_motor_controller/install/motor_controller/share/motor_controller/hook/cmake_prefix_path.sh'
[13.946s] Level 1:colcon.colcon_core.environment:checking '/home/nvidia/ros2_usb2can_motor_controller/install/motor_controller/lib'
[13.946s] Level 1:colcon.colcon_core.environment:checking '/home/nvidia/ros2_usb2can_motor_controller/install/motor_controller/bin'
[13.946s] Level 1:colcon.colcon_core.environment:checking '/home/nvidia/ros2_usb2can_motor_controller/install/motor_controller/lib/pkgconfig/motor_controller.pc'
[13.947s] Level 1:colcon.colcon_core.environment:checking '/home/nvidia/ros2_usb2can_motor_controller/install/motor_controller/lib/python3.8/site-packages'
[13.947s] Level 1:colcon.colcon_core.environment:checking '/home/nvidia/ros2_usb2can_motor_controller/install/motor_controller/bin'
[13.948s] INFO:colcon.colcon_core.shell:Creating package script '/home/nvidia/ros2_usb2can_motor_controller/install/motor_controller/share/motor_controller/package.ps1'
[13.950s] INFO:colcon.colcon_core.shell:Creating package descriptor '/home/nvidia/ros2_usb2can_motor_controller/install/motor_controller/share/motor_controller/package.dsv'
[13.951s] INFO:colcon.colcon_core.shell:Creating package script '/home/nvidia/ros2_usb2can_motor_controller/install/motor_controller/share/motor_controller/package.sh'
[13.952s] INFO:colcon.colcon_core.shell:Creating package script '/home/nvidia/ros2_usb2can_motor_controller/install/motor_controller/share/motor_controller/package.bash'
[13.953s] INFO:colcon.colcon_core.shell:Creating package script '/home/nvidia/ros2_usb2can_motor_controller/install/motor_controller/share/motor_controller/package.zsh'
[13.954s] Level 1:colcon.colcon_core.environment:create_file_with_runtime_dependencies(/home/nvidia/ros2_usb2can_motor_controller/install/motor_controller/share/colcon-core/packages/motor_controller)
[13.955s] DEBUG:colcon.colcon_parallel_executor.executor.parallel:closing loop
[13.956s] DEBUG:colcon.colcon_parallel_executor.executor.parallel:loop closed
[13.956s] DEBUG:colcon.colcon_parallel_executor.executor.parallel:run_until_complete finished with '0'
[13.957s] DEBUG:colcon.colcon_core.event_reactor:joining thread
[13.973s] INFO:colcon.colcon_core.plugin_system:Skipping extension 'colcon_notification.desktop_notification.terminal_notifier': Not used on non-Darwin systems
[13.974s] INFO:colcon.colcon_core.plugin_system:Skipping extension 'colcon_notification.desktop_notification.win32': Not used on non-Windows systems
[13.974s] INFO:colcon.colcon_notification.desktop_notification:Sending desktop notification using 'notify2'
[14.023s] DEBUG:colcon.colcon_core.event_reactor:joined thread
[14.024s] INFO:colcon.colcon_core.shell:Creating prefix script '/home/nvidia/ros2_usb2can_motor_controller/install/local_setup.ps1'
[14.027s] INFO:colcon.colcon_core.shell:Creating prefix util module '/home/nvidia/ros2_usb2can_motor_controller/install/_local_setup_util_ps1.py'
[14.031s] INFO:colcon.colcon_core.shell:Creating prefix chain script '/home/nvidia/ros2_usb2can_motor_controller/install/setup.ps1'
[14.034s] INFO:colcon.colcon_core.shell:Creating prefix script '/home/nvidia/ros2_usb2can_motor_controller/install/local_setup.sh'
[14.036s] INFO:colcon.colcon_core.shell:Creating prefix util module '/home/nvidia/ros2_usb2can_motor_controller/install/_local_setup_util_sh.py'
[14.037s] INFO:colcon.colcon_core.shell:Creating prefix chain script '/home/nvidia/ros2_usb2can_motor_controller/install/setup.sh'
[14.040s] INFO:colcon.colcon_core.shell:Creating prefix script '/home/nvidia/ros2_usb2can_motor_controller/install/local_setup.bash'
[14.041s] INFO:colcon.colcon_core.shell:Creating prefix chain script '/home/nvidia/ros2_usb2can_motor_controller/install/setup.bash'
[14.044s] INFO:colcon.colcon_core.shell:Creating prefix script '/home/nvidia/ros2_usb2can_motor_controller/install/local_setup.zsh'
[14.045s] INFO:colcon.colcon_core.shell:Creating prefix chain script '/home/nvidia/ros2_usb2can_motor_controller/install/setup.zsh'
