[0.269s] DEBUG:colcon:Command line arguments: ['/usr/bin/colcon', 'build']
[0.269s] DEBUG:colcon:Parsed command line arguments: Namespace(allow_overriding=[], ament_cmake_args=None, base_paths=['.'], build_base='build', catkin_cmake_args=None, catkin_skip_building_tests=False, cmake_args=None, cmake_clean_cache=False, cmake_clean_first=False, cmake_force_configure=False, cmake_target=None, cmake_target_skip_unavailable=False, continue_on_error=False, event_handlers=None, executor='parallel', ignore_user_meta=False, install_base='install', log_base=None, log_level=None, main=<bound method BuildVerb.main of <colcon_core.verb.build.BuildVerb object at 0xffff98f06070>>, merge_install=False, metas=['./colcon.meta'], packages_above=None, packages_above_and_dependencies=None, packages_above_depth=None, packages_end=None, packages_ignore=None, packages_ignore_regex=None, packages_select=None, packages_select_build_failed=False, packages_select_by_dep=None, packages_select_regex=None, packages_select_test_failures=False, packages_skip=None, packages_skip_build_finished=False, packages_skip_by_dep=None, packages_skip_regex=None, packages_skip_test_passed=False, packages_skip_up_to=None, packages_start=None, packages_up_to=None, packages_up_to_regex=None, parallel_workers=12, paths=None, symlink_install=False, test_result_base=None, verb_extension=<colcon_core.verb.build.BuildVerb object at 0xffff98f06070>, verb_name='build', verb_parser=<colcon_defaults.argument_parser.defaults.DefaultArgumentsDecorator object at 0xffff98d4a220>)
[0.481s] Level 1:colcon.colcon_core.package_discovery:discover_packages(colcon_meta) check parameters
[0.481s] Level 1:colcon.colcon_core.package_discovery:discover_packages(recursive) check parameters
[0.481s] Level 1:colcon.colcon_core.package_discovery:discover_packages(ignore) check parameters
[0.481s] Level 1:colcon.colcon_core.package_discovery:discover_packages(path) check parameters
[0.481s] Level 1:colcon.colcon_core.package_discovery:discover_packages(colcon_meta) discover
[0.482s] Level 1:colcon.colcon_core.package_discovery:discover_packages(recursive) discover
[0.482s] INFO:colcon.colcon_core.package_discovery:Crawling recursively for packages in '/home/nvidia/ros2_usb2can_motor_controller'
[0.482s] Level 1:colcon.colcon_core.package_identification:_identify(.) by extensions ['ignore', 'ignore_ament_install']
[0.482s] Level 1:colcon.colcon_core.package_identification:_identify(.) by extension 'ignore'
[0.482s] Level 1:colcon.colcon_core.package_identification:_identify(.) by extension 'ignore_ament_install'
[0.482s] Level 1:colcon.colcon_core.package_identification:_identify(.) by extensions ['colcon_pkg']
[0.482s] Level 1:colcon.colcon_core.package_identification:_identify(.) by extension 'colcon_pkg'
[0.482s] Level 1:colcon.colcon_core.package_identification:_identify(.) by extensions ['colcon_meta']
[0.482s] Level 1:colcon.colcon_core.package_identification:_identify(.) by extension 'colcon_meta'
[0.483s] Level 1:colcon.colcon_core.package_identification:_identify(.) by extensions ['ros']
[0.483s] Level 1:colcon.colcon_core.package_identification:_identify(.) by extension 'ros'
[0.500s] Level 1:colcon.colcon_core.package_identification:_identify(.) by extensions ['cmake', 'python']
[0.500s] Level 1:colcon.colcon_core.package_identification:_identify(.) by extension 'cmake'
[0.500s] Level 1:colcon.colcon_core.package_identification:_identify(.) by extension 'python'
[0.500s] Level 1:colcon.colcon_core.package_identification:_identify(.) by extensions ['python_setup_py']
[0.500s] Level 1:colcon.colcon_core.package_identification:_identify(.) by extension 'python_setup_py'
[0.500s] Level 1:colcon.colcon_core.package_identification:_identify(build) by extensions ['ignore', 'ignore_ament_install']
[0.501s] Level 1:colcon.colcon_core.package_identification:_identify(build) by extension 'ignore'
[0.501s] Level 1:colcon.colcon_core.package_identification:_identify(build) ignored
[0.501s] Level 1:colcon.colcon_core.package_identification:_identify(install) by extensions ['ignore', 'ignore_ament_install']
[0.501s] Level 1:colcon.colcon_core.package_identification:_identify(install) by extension 'ignore'
[0.501s] Level 1:colcon.colcon_core.package_identification:_identify(install) ignored
[0.501s] Level 1:colcon.colcon_core.package_identification:_identify(log) by extensions ['ignore', 'ignore_ament_install']
[0.501s] Level 1:colcon.colcon_core.package_identification:_identify(log) by extension 'ignore'
[0.502s] Level 1:colcon.colcon_core.package_identification:_identify(log) ignored
[0.502s] Level 1:colcon.colcon_core.package_identification:_identify(src) by extensions ['ignore', 'ignore_ament_install']
[0.502s] Level 1:colcon.colcon_core.package_identification:_identify(src) by extension 'ignore'
[0.502s] Level 1:colcon.colcon_core.package_identification:_identify(src) by extension 'ignore_ament_install'
[0.502s] Level 1:colcon.colcon_core.package_identification:_identify(src) by extensions ['colcon_pkg']
[0.502s] Level 1:colcon.colcon_core.package_identification:_identify(src) by extension 'colcon_pkg'
[0.502s] Level 1:colcon.colcon_core.package_identification:_identify(src) by extensions ['colcon_meta']
[0.502s] Level 1:colcon.colcon_core.package_identification:_identify(src) by extension 'colcon_meta'
[0.502s] Level 1:colcon.colcon_core.package_identification:_identify(src) by extensions ['ros']
[0.502s] Level 1:colcon.colcon_core.package_identification:_identify(src) by extension 'ros'
[0.502s] Level 1:colcon.colcon_core.package_identification:_identify(src) by extensions ['cmake', 'python']
[0.503s] Level 1:colcon.colcon_core.package_identification:_identify(src) by extension 'cmake'
[0.503s] Level 1:colcon.colcon_core.package_identification:_identify(src) by extension 'python'
[0.503s] Level 1:colcon.colcon_core.package_identification:_identify(src) by extensions ['python_setup_py']
[0.503s] Level 1:colcon.colcon_core.package_identification:_identify(src) by extension 'python_setup_py'
[0.503s] Level 1:colcon.colcon_core.package_identification:_identify(src/can_usb_driver) by extensions ['ignore', 'ignore_ament_install']
[0.503s] Level 1:colcon.colcon_core.package_identification:_identify(src/can_usb_driver) by extension 'ignore'
[0.503s] Level 1:colcon.colcon_core.package_identification:_identify(src/can_usb_driver) by extension 'ignore_ament_install'
[0.503s] Level 1:colcon.colcon_core.package_identification:_identify(src/can_usb_driver) by extensions ['colcon_pkg']
[0.503s] Level 1:colcon.colcon_core.package_identification:_identify(src/can_usb_driver) by extension 'colcon_pkg'
[0.503s] Level 1:colcon.colcon_core.package_identification:_identify(src/can_usb_driver) by extensions ['colcon_meta']
[0.503s] Level 1:colcon.colcon_core.package_identification:_identify(src/can_usb_driver) by extension 'colcon_meta'
[0.503s] Level 1:colcon.colcon_core.package_identification:_identify(src/can_usb_driver) by extensions ['ros']
[0.503s] Level 1:colcon.colcon_core.package_identification:_identify(src/can_usb_driver) by extension 'ros'
[0.507s] DEBUG:colcon.colcon_core.package_identification:Package 'src/can_usb_driver' with type 'ros.ament_cmake' and name 'can_usb_driver'
[0.508s] Level 1:colcon.colcon_core.package_identification:_identify(src/motor_controller) by extensions ['ignore', 'ignore_ament_install']
[0.508s] Level 1:colcon.colcon_core.package_identification:_identify(src/motor_controller) by extension 'ignore'
[0.508s] Level 1:colcon.colcon_core.package_identification:_identify(src/motor_controller) by extension 'ignore_ament_install'
[0.508s] Level 1:colcon.colcon_core.package_identification:_identify(src/motor_controller) by extensions ['colcon_pkg']
[0.508s] Level 1:colcon.colcon_core.package_identification:_identify(src/motor_controller) by extension 'colcon_pkg'
[0.508s] Level 1:colcon.colcon_core.package_identification:_identify(src/motor_controller) by extensions ['colcon_meta']
[0.508s] Level 1:colcon.colcon_core.package_identification:_identify(src/motor_controller) by extension 'colcon_meta'
[0.508s] Level 1:colcon.colcon_core.package_identification:_identify(src/motor_controller) by extensions ['ros']
[0.508s] Level 1:colcon.colcon_core.package_identification:_identify(src/motor_controller) by extension 'ros'
[0.509s] DEBUG:colcon.colcon_core.package_identification:Package 'src/motor_controller' with type 'ros.ament_cmake' and name 'motor_controller'
[0.510s] Level 1:colcon.colcon_core.package_identification:_identify(src/motor_interfaces) by extensions ['ignore', 'ignore_ament_install']
[0.510s] Level 1:colcon.colcon_core.package_identification:_identify(src/motor_interfaces) by extension 'ignore'
[0.510s] Level 1:colcon.colcon_core.package_identification:_identify(src/motor_interfaces) by extension 'ignore_ament_install'
[0.510s] Level 1:colcon.colcon_core.package_identification:_identify(src/motor_interfaces) by extensions ['colcon_pkg']
[0.510s] Level 1:colcon.colcon_core.package_identification:_identify(src/motor_interfaces) by extension 'colcon_pkg'
[0.510s] Level 1:colcon.colcon_core.package_identification:_identify(src/motor_interfaces) by extensions ['colcon_meta']
[0.510s] Level 1:colcon.colcon_core.package_identification:_identify(src/motor_interfaces) by extension 'colcon_meta'
[0.510s] Level 1:colcon.colcon_core.package_identification:_identify(src/motor_interfaces) by extensions ['ros']
[0.510s] Level 1:colcon.colcon_core.package_identification:_identify(src/motor_interfaces) by extension 'ros'
[0.511s] DEBUG:colcon.colcon_core.package_identification:Package 'src/motor_interfaces' with type 'ros.ament_cmake' and name 'motor_interfaces'
[0.511s] Level 1:colcon.colcon_core.package_discovery:discover_packages(recursive) using defaults
[0.511s] Level 1:colcon.colcon_core.package_discovery:discover_packages(ignore) discover
[0.511s] Level 1:colcon.colcon_core.package_discovery:discover_packages(ignore) using defaults
[0.511s] Level 1:colcon.colcon_core.package_discovery:discover_packages(path) discover
[0.511s] Level 1:colcon.colcon_core.package_discovery:discover_packages(path) using defaults
[0.535s] Level 1:colcon.colcon_core.package_discovery:discover_packages(prefix_path) check parameters
[0.535s] Level 1:colcon.colcon_core.package_discovery:discover_packages(prefix_path) discover
[0.537s] WARNING:colcon.colcon_ros.prefix_path.ament:The path '/home/nvidia/ros2_usb2can_motor_controller/install/motor_controller' in the environment variable AMENT_PREFIX_PATH doesn't exist
[0.537s] WARNING:colcon.colcon_ros.prefix_path.catkin:The path '/home/nvidia/ros2_usb2can_motor_controller/install/motor_controller' in the environment variable CMAKE_PREFIX_PATH doesn't exist
[0.538s] DEBUG:colcon.colcon_installed_package_information.package_discovery:Found 2 installed packages in /home/nvidia/ros2_usb2can_motor_controller/install
[0.540s] DEBUG:colcon.colcon_installed_package_information.package_discovery:Found 256 installed packages in /opt/ros/foxy
[0.542s] Level 1:colcon.colcon_core.package_discovery:discover_packages(prefix_path) using defaults
[0.661s] Level 5:colcon.colcon_core.verb:set package 'can_usb_driver' build argument 'cmake_args' from command line to 'None'
[0.661s] Level 5:colcon.colcon_core.verb:set package 'can_usb_driver' build argument 'cmake_target' from command line to 'None'
[0.661s] Level 5:colcon.colcon_core.verb:set package 'can_usb_driver' build argument 'cmake_target_skip_unavailable' from command line to 'False'
[0.661s] Level 5:colcon.colcon_core.verb:set package 'can_usb_driver' build argument 'cmake_clean_cache' from command line to 'False'
[0.661s] Level 5:colcon.colcon_core.verb:set package 'can_usb_driver' build argument 'cmake_clean_first' from command line to 'False'
[0.661s] Level 5:colcon.colcon_core.verb:set package 'can_usb_driver' build argument 'cmake_force_configure' from command line to 'False'
[0.661s] Level 5:colcon.colcon_core.verb:set package 'can_usb_driver' build argument 'ament_cmake_args' from command line to 'None'
[0.661s] Level 5:colcon.colcon_core.verb:set package 'can_usb_driver' build argument 'catkin_cmake_args' from command line to 'None'
[0.661s] Level 5:colcon.colcon_core.verb:set package 'can_usb_driver' build argument 'catkin_skip_building_tests' from command line to 'False'
[0.661s] DEBUG:colcon.colcon_core.verb:Building package 'can_usb_driver' with the following arguments: {'ament_cmake_args': None, 'build_base': '/home/nvidia/ros2_usb2can_motor_controller/build/can_usb_driver', 'catkin_cmake_args': None, 'catkin_skip_building_tests': False, 'cmake_args': None, 'cmake_clean_cache': False, 'cmake_clean_first': False, 'cmake_force_configure': False, 'cmake_target': None, 'cmake_target_skip_unavailable': False, 'install_base': '/home/nvidia/ros2_usb2can_motor_controller/install/can_usb_driver', 'merge_install': False, 'path': '/home/nvidia/ros2_usb2can_motor_controller/src/can_usb_driver', 'symlink_install': False, 'test_result_base': None}
[0.662s] Level 5:colcon.colcon_core.verb:set package 'motor_interfaces' build argument 'cmake_args' from command line to 'None'
[0.662s] Level 5:colcon.colcon_core.verb:set package 'motor_interfaces' build argument 'cmake_target' from command line to 'None'
[0.662s] Level 5:colcon.colcon_core.verb:set package 'motor_interfaces' build argument 'cmake_target_skip_unavailable' from command line to 'False'
[0.662s] Level 5:colcon.colcon_core.verb:set package 'motor_interfaces' build argument 'cmake_clean_cache' from command line to 'False'
[0.662s] Level 5:colcon.colcon_core.verb:set package 'motor_interfaces' build argument 'cmake_clean_first' from command line to 'False'
[0.662s] Level 5:colcon.colcon_core.verb:set package 'motor_interfaces' build argument 'cmake_force_configure' from command line to 'False'
[0.662s] Level 5:colcon.colcon_core.verb:set package 'motor_interfaces' build argument 'ament_cmake_args' from command line to 'None'
[0.662s] Level 5:colcon.colcon_core.verb:set package 'motor_interfaces' build argument 'catkin_cmake_args' from command line to 'None'
[0.662s] Level 5:colcon.colcon_core.verb:set package 'motor_interfaces' build argument 'catkin_skip_building_tests' from command line to 'False'
[0.662s] DEBUG:colcon.colcon_core.verb:Building package 'motor_interfaces' with the following arguments: {'ament_cmake_args': None, 'build_base': '/home/nvidia/ros2_usb2can_motor_controller/build/motor_interfaces', 'catkin_cmake_args': None, 'catkin_skip_building_tests': False, 'cmake_args': None, 'cmake_clean_cache': False, 'cmake_clean_first': False, 'cmake_force_configure': False, 'cmake_target': None, 'cmake_target_skip_unavailable': False, 'install_base': '/home/nvidia/ros2_usb2can_motor_controller/install/motor_interfaces', 'merge_install': False, 'path': '/home/nvidia/ros2_usb2can_motor_controller/src/motor_interfaces', 'symlink_install': False, 'test_result_base': None}
[0.663s] Level 5:colcon.colcon_core.verb:set package 'motor_controller' build argument 'cmake_args' from command line to 'None'
[0.663s] Level 5:colcon.colcon_core.verb:set package 'motor_controller' build argument 'cmake_target' from command line to 'None'
[0.663s] Level 5:colcon.colcon_core.verb:set package 'motor_controller' build argument 'cmake_target_skip_unavailable' from command line to 'False'
[0.663s] Level 5:colcon.colcon_core.verb:set package 'motor_controller' build argument 'cmake_clean_cache' from command line to 'False'
[0.663s] Level 5:colcon.colcon_core.verb:set package 'motor_controller' build argument 'cmake_clean_first' from command line to 'False'
[0.663s] Level 5:colcon.colcon_core.verb:set package 'motor_controller' build argument 'cmake_force_configure' from command line to 'False'
[0.663s] Level 5:colcon.colcon_core.verb:set package 'motor_controller' build argument 'ament_cmake_args' from command line to 'None'
[0.663s] Level 5:colcon.colcon_core.verb:set package 'motor_controller' build argument 'catkin_cmake_args' from command line to 'None'
[0.663s] Level 5:colcon.colcon_core.verb:set package 'motor_controller' build argument 'catkin_skip_building_tests' from command line to 'False'
[0.663s] DEBUG:colcon.colcon_core.verb:Building package 'motor_controller' with the following arguments: {'ament_cmake_args': None, 'build_base': '/home/nvidia/ros2_usb2can_motor_controller/build/motor_controller', 'catkin_cmake_args': None, 'catkin_skip_building_tests': False, 'cmake_args': None, 'cmake_clean_cache': False, 'cmake_clean_first': False, 'cmake_force_configure': False, 'cmake_target': None, 'cmake_target_skip_unavailable': False, 'install_base': '/home/nvidia/ros2_usb2can_motor_controller/install/motor_controller', 'merge_install': False, 'path': '/home/nvidia/ros2_usb2can_motor_controller/src/motor_controller', 'symlink_install': False, 'test_result_base': None}
[0.663s] INFO:colcon.colcon_core.executor:Executing jobs using 'parallel' executor
[0.666s] DEBUG:colcon.colcon_parallel_executor.executor.parallel:run_until_complete
[0.666s] INFO:colcon.colcon_ros.task.ament_cmake.build:Building ROS package in '/home/nvidia/ros2_usb2can_motor_controller/src/can_usb_driver' with build type 'ament_cmake'
[0.666s] INFO:colcon.colcon_cmake.task.cmake.build:Building CMake package in '/home/nvidia/ros2_usb2can_motor_controller/src/can_usb_driver'
[0.670s] INFO:colcon.colcon_core.plugin_system:Skipping extension 'colcon_core.shell.bat': Not used on non-Windows systems
[0.670s] INFO:colcon.colcon_core.shell:Skip shell extension 'powershell' for command environment: Not usable outside of PowerShell
[0.670s] DEBUG:colcon.colcon_core.shell:Skip shell extension 'dsv' for command environment
[0.678s] INFO:colcon.colcon_ros.task.ament_cmake.build:Building ROS package in '/home/nvidia/ros2_usb2can_motor_controller/src/motor_interfaces' with build type 'ament_cmake'
[0.679s] INFO:colcon.colcon_cmake.task.cmake.build:Building CMake package in '/home/nvidia/ros2_usb2can_motor_controller/src/motor_interfaces'
[0.679s] INFO:colcon.colcon_core.shell:Skip shell extension 'powershell' for command environment: Not usable outside of PowerShell
[0.680s] DEBUG:colcon.colcon_core.shell:Skip shell extension 'dsv' for command environment
[0.699s] DEBUG:colcon.colcon_core.event_handler.log_command:Invoking command in '/home/nvidia/ros2_usb2can_motor_controller/build/can_usb_driver': CMAKE_PREFIX_PATH=${CMAKE_PREFIX_PATH}:/opt/ros/foxy /usr/bin/cmake --build /home/nvidia/ros2_usb2can_motor_controller/build/can_usb_driver -- -j12 -l12
[0.709s] DEBUG:colcon.colcon_core.event_handler.log_command:Invoking command in '/home/nvidia/ros2_usb2can_motor_controller/build/motor_interfaces': CMAKE_PREFIX_PATH=${CMAKE_PREFIX_PATH}:/opt/ros/foxy /usr/bin/cmake --build /home/nvidia/ros2_usb2can_motor_controller/build/motor_interfaces -- -j12 -l12
[1.043s] DEBUG:colcon.colcon_core.event_handler.log_command:Invoked command in '/home/nvidia/ros2_usb2can_motor_controller/build/motor_interfaces' returned '0': CMAKE_PREFIX_PATH=${CMAKE_PREFIX_PATH}:/opt/ros/foxy /usr/bin/cmake --build /home/nvidia/ros2_usb2can_motor_controller/build/motor_interfaces -- -j12 -l12
[1.066s] DEBUG:colcon.colcon_core.event_handler.log_command:Invoking command in '/home/nvidia/ros2_usb2can_motor_controller/build/motor_interfaces': CMAKE_PREFIX_PATH=${CMAKE_PREFIX_PATH}:/opt/ros/foxy /usr/bin/cmake --install /home/nvidia/ros2_usb2can_motor_controller/build/motor_interfaces
[1.150s] Level 1:colcon.colcon_core.environment:create_environment_scripts_only(motor_interfaces)
[1.153s] DEBUG:colcon.colcon_core.event_handler.log_command:Invoked command in '/home/nvidia/ros2_usb2can_motor_controller/build/motor_interfaces' returned '0': CMAKE_PREFIX_PATH=${CMAKE_PREFIX_PATH}:/opt/ros/foxy /usr/bin/cmake --install /home/nvidia/ros2_usb2can_motor_controller/build/motor_interfaces
[1.157s] Level 1:colcon.colcon_core.environment:checking '/home/nvidia/ros2_usb2can_motor_controller/install/motor_interfaces' for CMake module files
[1.158s] Level 1:colcon.colcon_core.environment:checking '/home/nvidia/ros2_usb2can_motor_controller/install/motor_interfaces' for CMake config files
[1.158s] Level 1:colcon.colcon_core.shell:create_environment_hook('motor_interfaces', 'cmake_prefix_path')
[1.159s] INFO:colcon.colcon_core.shell:Creating environment hook '/home/nvidia/ros2_usb2can_motor_controller/install/motor_interfaces/share/motor_interfaces/hook/cmake_prefix_path.ps1'
[1.161s] INFO:colcon.colcon_core.shell:Creating environment descriptor '/home/nvidia/ros2_usb2can_motor_controller/install/motor_interfaces/share/motor_interfaces/hook/cmake_prefix_path.dsv'
[1.162s] INFO:colcon.colcon_core.shell:Creating environment hook '/home/nvidia/ros2_usb2can_motor_controller/install/motor_interfaces/share/motor_interfaces/hook/cmake_prefix_path.sh'
[1.164s] Level 1:colcon.colcon_core.environment:checking '/home/nvidia/ros2_usb2can_motor_controller/install/motor_interfaces/lib'
[1.164s] Level 1:colcon.colcon_core.shell:create_environment_hook('motor_interfaces', 'ld_library_path_lib')
[1.164s] INFO:colcon.colcon_core.shell:Creating environment hook '/home/nvidia/ros2_usb2can_motor_controller/install/motor_interfaces/share/motor_interfaces/hook/ld_library_path_lib.ps1'
[1.165s] INFO:colcon.colcon_core.shell:Creating environment descriptor '/home/nvidia/ros2_usb2can_motor_controller/install/motor_interfaces/share/motor_interfaces/hook/ld_library_path_lib.dsv'
[1.166s] INFO:colcon.colcon_core.shell:Creating environment hook '/home/nvidia/ros2_usb2can_motor_controller/install/motor_interfaces/share/motor_interfaces/hook/ld_library_path_lib.sh'
[1.167s] Level 1:colcon.colcon_core.environment:checking '/home/nvidia/ros2_usb2can_motor_controller/install/motor_interfaces/bin'
[1.167s] Level 1:colcon.colcon_core.environment:checking '/home/nvidia/ros2_usb2can_motor_controller/install/motor_interfaces/lib/pkgconfig/motor_interfaces.pc'
[1.168s] Level 1:colcon.colcon_core.environment:checking '/home/nvidia/ros2_usb2can_motor_controller/install/motor_interfaces/lib/python3.8/site-packages'
[1.168s] Level 1:colcon.colcon_core.shell:create_environment_hook('motor_interfaces', 'pythonpath')
[1.168s] INFO:colcon.colcon_core.shell:Creating environment hook '/home/nvidia/ros2_usb2can_motor_controller/install/motor_interfaces/share/motor_interfaces/hook/pythonpath.ps1'
[1.169s] INFO:colcon.colcon_core.shell:Creating environment descriptor '/home/nvidia/ros2_usb2can_motor_controller/install/motor_interfaces/share/motor_interfaces/hook/pythonpath.dsv'
[1.170s] INFO:colcon.colcon_core.shell:Creating environment hook '/home/nvidia/ros2_usb2can_motor_controller/install/motor_interfaces/share/motor_interfaces/hook/pythonpath.sh'
[1.171s] Level 1:colcon.colcon_core.environment:checking '/home/nvidia/ros2_usb2can_motor_controller/install/motor_interfaces/bin'
[1.172s] INFO:colcon.colcon_core.shell:Creating package script '/home/nvidia/ros2_usb2can_motor_controller/install/motor_interfaces/share/motor_interfaces/package.ps1'
[1.174s] INFO:colcon.colcon_core.shell:Creating package descriptor '/home/nvidia/ros2_usb2can_motor_controller/install/motor_interfaces/share/motor_interfaces/package.dsv'
[1.175s] INFO:colcon.colcon_core.shell:Creating package script '/home/nvidia/ros2_usb2can_motor_controller/install/motor_interfaces/share/motor_interfaces/package.sh'
[1.176s] INFO:colcon.colcon_core.shell:Creating package script '/home/nvidia/ros2_usb2can_motor_controller/install/motor_interfaces/share/motor_interfaces/package.bash'
[1.177s] INFO:colcon.colcon_core.shell:Creating package script '/home/nvidia/ros2_usb2can_motor_controller/install/motor_interfaces/share/motor_interfaces/package.zsh'
[1.178s] Level 1:colcon.colcon_core.environment:create_file_with_runtime_dependencies(/home/nvidia/ros2_usb2can_motor_controller/install/motor_interfaces/share/colcon-core/packages/motor_interfaces)
[1.180s] Level 1:colcon.colcon_core.environment:create_environment_scripts_only(motor_interfaces)
[1.180s] Level 1:colcon.colcon_core.environment:checking '/home/nvidia/ros2_usb2can_motor_controller/install/motor_interfaces' for CMake module files
[1.181s] Level 1:colcon.colcon_core.environment:checking '/home/nvidia/ros2_usb2can_motor_controller/install/motor_interfaces' for CMake config files
[1.182s] Level 1:colcon.colcon_core.shell:create_environment_hook('motor_interfaces', 'cmake_prefix_path')
[1.182s] INFO:colcon.colcon_core.shell:Creating environment hook '/home/nvidia/ros2_usb2can_motor_controller/install/motor_interfaces/share/motor_interfaces/hook/cmake_prefix_path.ps1'
[1.183s] INFO:colcon.colcon_core.shell:Creating environment descriptor '/home/nvidia/ros2_usb2can_motor_controller/install/motor_interfaces/share/motor_interfaces/hook/cmake_prefix_path.dsv'
[1.184s] INFO:colcon.colcon_core.shell:Creating environment hook '/home/nvidia/ros2_usb2can_motor_controller/install/motor_interfaces/share/motor_interfaces/hook/cmake_prefix_path.sh'
[1.185s] Level 1:colcon.colcon_core.environment:checking '/home/nvidia/ros2_usb2can_motor_controller/install/motor_interfaces/lib'
[1.185s] Level 1:colcon.colcon_core.shell:create_environment_hook('motor_interfaces', 'ld_library_path_lib')
[1.185s] INFO:colcon.colcon_core.shell:Creating environment hook '/home/nvidia/ros2_usb2can_motor_controller/install/motor_interfaces/share/motor_interfaces/hook/ld_library_path_lib.ps1'
[1.186s] INFO:colcon.colcon_core.shell:Creating environment descriptor '/home/nvidia/ros2_usb2can_motor_controller/install/motor_interfaces/share/motor_interfaces/hook/ld_library_path_lib.dsv'
[1.187s] INFO:colcon.colcon_core.shell:Creating environment hook '/home/nvidia/ros2_usb2can_motor_controller/install/motor_interfaces/share/motor_interfaces/hook/ld_library_path_lib.sh'
[1.187s] Level 1:colcon.colcon_core.environment:checking '/home/nvidia/ros2_usb2can_motor_controller/install/motor_interfaces/bin'
[1.187s] Level 1:colcon.colcon_core.environment:checking '/home/nvidia/ros2_usb2can_motor_controller/install/motor_interfaces/lib/pkgconfig/motor_interfaces.pc'
[1.188s] Level 1:colcon.colcon_core.environment:checking '/home/nvidia/ros2_usb2can_motor_controller/install/motor_interfaces/lib/python3.8/site-packages'
[1.188s] Level 1:colcon.colcon_core.shell:create_environment_hook('motor_interfaces', 'pythonpath')
[1.188s] INFO:colcon.colcon_core.shell:Creating environment hook '/home/nvidia/ros2_usb2can_motor_controller/install/motor_interfaces/share/motor_interfaces/hook/pythonpath.ps1'
[1.189s] INFO:colcon.colcon_core.shell:Creating environment descriptor '/home/nvidia/ros2_usb2can_motor_controller/install/motor_interfaces/share/motor_interfaces/hook/pythonpath.dsv'
[1.189s] INFO:colcon.colcon_core.shell:Creating environment hook '/home/nvidia/ros2_usb2can_motor_controller/install/motor_interfaces/share/motor_interfaces/hook/pythonpath.sh'
[1.190s] Level 1:colcon.colcon_core.environment:checking '/home/nvidia/ros2_usb2can_motor_controller/install/motor_interfaces/bin'
[1.191s] INFO:colcon.colcon_core.shell:Creating package script '/home/nvidia/ros2_usb2can_motor_controller/install/motor_interfaces/share/motor_interfaces/package.ps1'
[1.192s] INFO:colcon.colcon_core.shell:Creating package descriptor '/home/nvidia/ros2_usb2can_motor_controller/install/motor_interfaces/share/motor_interfaces/package.dsv'
[1.193s] INFO:colcon.colcon_core.shell:Creating package script '/home/nvidia/ros2_usb2can_motor_controller/install/motor_interfaces/share/motor_interfaces/package.sh'
[1.194s] INFO:colcon.colcon_core.shell:Creating package script '/home/nvidia/ros2_usb2can_motor_controller/install/motor_interfaces/share/motor_interfaces/package.bash'
[1.194s] INFO:colcon.colcon_core.shell:Creating package script '/home/nvidia/ros2_usb2can_motor_controller/install/motor_interfaces/share/motor_interfaces/package.zsh'
[1.195s] Level 1:colcon.colcon_core.environment:create_file_with_runtime_dependencies(/home/nvidia/ros2_usb2can_motor_controller/install/motor_interfaces/share/colcon-core/packages/motor_interfaces)
[3.698s] DEBUG:colcon.colcon_core.event_handler.log_command:Invoked command in '/home/nvidia/ros2_usb2can_motor_controller/build/can_usb_driver' returned '2': CMAKE_PREFIX_PATH=${CMAKE_PREFIX_PATH}:/opt/ros/foxy /usr/bin/cmake --build /home/nvidia/ros2_usb2can_motor_controller/build/can_usb_driver -- -j12 -l12
[3.699s] Level 1:colcon.colcon_core.environment:create_environment_scripts_only(can_usb_driver)
[3.700s] Level 1:colcon.colcon_core.environment:checking '/home/nvidia/ros2_usb2can_motor_controller/install/can_usb_driver' for CMake module files
[3.701s] Level 1:colcon.colcon_core.environment:checking '/home/nvidia/ros2_usb2can_motor_controller/install/can_usb_driver' for CMake config files
[3.703s] Level 1:colcon.colcon_core.environment:checking '/home/nvidia/ros2_usb2can_motor_controller/install/can_usb_driver/bin'
[3.703s] Level 1:colcon.colcon_core.environment:checking '/home/nvidia/ros2_usb2can_motor_controller/install/can_usb_driver/lib/pkgconfig/can_usb_driver.pc'
[3.703s] Level 1:colcon.colcon_core.environment:checking '/home/nvidia/ros2_usb2can_motor_controller/install/can_usb_driver/lib/python3.8/site-packages'
[3.704s] Level 1:colcon.colcon_core.environment:checking '/home/nvidia/ros2_usb2can_motor_controller/install/can_usb_driver/bin'
[3.705s] INFO:colcon.colcon_core.shell:Creating package script '/home/nvidia/ros2_usb2can_motor_controller/install/can_usb_driver/share/can_usb_driver/package.ps1'
[3.706s] INFO:colcon.colcon_core.shell:Creating package descriptor '/home/nvidia/ros2_usb2can_motor_controller/install/can_usb_driver/share/can_usb_driver/package.dsv'
[3.708s] INFO:colcon.colcon_core.shell:Creating package script '/home/nvidia/ros2_usb2can_motor_controller/install/can_usb_driver/share/can_usb_driver/package.sh'
[3.709s] INFO:colcon.colcon_core.shell:Creating package script '/home/nvidia/ros2_usb2can_motor_controller/install/can_usb_driver/share/can_usb_driver/package.bash'
[3.711s] INFO:colcon.colcon_core.shell:Creating package script '/home/nvidia/ros2_usb2can_motor_controller/install/can_usb_driver/share/can_usb_driver/package.zsh'
[3.712s] Level 1:colcon.colcon_core.environment:create_file_with_runtime_dependencies(/home/nvidia/ros2_usb2can_motor_controller/install/can_usb_driver/share/colcon-core/packages/can_usb_driver)
[3.724s] DEBUG:colcon.colcon_parallel_executor.executor.parallel:closing loop
[3.725s] DEBUG:colcon.colcon_parallel_executor.executor.parallel:loop closed
[3.725s] DEBUG:colcon.colcon_parallel_executor.executor.parallel:run_until_complete finished with '2'
[3.725s] DEBUG:colcon.colcon_core.event_reactor:joining thread
[3.746s] INFO:colcon.colcon_core.plugin_system:Skipping extension 'colcon_notification.desktop_notification.terminal_notifier': Not used on non-Darwin systems
[3.746s] INFO:colcon.colcon_core.plugin_system:Skipping extension 'colcon_notification.desktop_notification.win32': Not used on non-Windows systems
[3.747s] INFO:colcon.colcon_notification.desktop_notification:Sending desktop notification using 'notify2'
[3.787s] DEBUG:colcon.colcon_core.event_reactor:joined thread
[3.789s] INFO:colcon.colcon_core.shell:Creating prefix script '/home/nvidia/ros2_usb2can_motor_controller/install/local_setup.ps1'
[3.793s] INFO:colcon.colcon_core.shell:Creating prefix util module '/home/nvidia/ros2_usb2can_motor_controller/install/_local_setup_util_ps1.py'
[3.798s] INFO:colcon.colcon_core.shell:Creating prefix chain script '/home/nvidia/ros2_usb2can_motor_controller/install/setup.ps1'
[3.801s] INFO:colcon.colcon_core.shell:Creating prefix script '/home/nvidia/ros2_usb2can_motor_controller/install/local_setup.sh'
[3.803s] INFO:colcon.colcon_core.shell:Creating prefix util module '/home/nvidia/ros2_usb2can_motor_controller/install/_local_setup_util_sh.py'
[3.805s] INFO:colcon.colcon_core.shell:Creating prefix chain script '/home/nvidia/ros2_usb2can_motor_controller/install/setup.sh'
[3.808s] INFO:colcon.colcon_core.shell:Creating prefix script '/home/nvidia/ros2_usb2can_motor_controller/install/local_setup.bash'
[3.810s] INFO:colcon.colcon_core.shell:Creating prefix chain script '/home/nvidia/ros2_usb2can_motor_controller/install/setup.bash'
[3.813s] INFO:colcon.colcon_core.shell:Creating prefix script '/home/nvidia/ros2_usb2can_motor_controller/install/local_setup.zsh'
[3.814s] INFO:colcon.colcon_core.shell:Creating prefix chain script '/home/nvidia/ros2_usb2can_motor_controller/install/setup.zsh'
