[0.027s] Invoking command in '/home/nvidia/ros2_usb2can_motor_controller/build/motor_controller': AMENT_PREFIX_PATH=/home/nvidia/ros2_usb2can_motor_controller/install/can_usb_driver:${AMENT_PREFIX_PATH} CMAKE_PREFIX_PATH=${CMAKE_PREFIX_PATH}:/home/nvidia/ros2_usb2can_motor_controller/install/can_usb_driver:/opt/ros/foxy /usr/bin/cmake /home/nvidia/ros2_usb2can_motor_controller/src/motor_controller -DCMAKE_INSTALL_PREFIX=/home/nvidia/ros2_usb2can_motor_controller/install/motor_controller
[0.107s] -- The C compiler identification is GNU 9.4.0
[0.183s] -- The CXX compiler identification is GNU 9.4.0
[0.189s] -- Check for working C compiler: /usr/bin/cc
[0.298s] -- Check for working C compiler: /usr/bin/cc -- works
[0.299s] -- Detecting C compiler ABI info
[0.415s] -- Detecting C compiler ABI info - done
[0.448s] -- Detecting C compile features
[0.448s] -- Detecting C compile features - done
[0.453s] -- Check for working CXX compiler: /usr/bin/c++
[0.578s] -- Check for working CXX compiler: /usr/bin/c++ -- works
[0.581s] -- Detecting CXX compiler ABI info
[0.714s] -- Detecting CXX compiler ABI info - done
[0.746s] -- Detecting CXX compile features
[0.747s] -- Detecting CXX compile features - done
[0.751s] -- Found ament_cmake: 0.9.12 (/opt/ros/foxy/share/ament_cmake/cmake)
[0.790s] -- Found PythonInterp: /usr/bin/python3 (found suitable version "3.8.10", minimum required is "3") 
[0.791s] -- Using PYTHON_EXECUTABLE: /usr/bin/python3
[1.080s] -- Found rclcpp: 2.4.3 (/opt/ros/foxy/share/rclcpp/cmake)
[1.136s] -- Using all available rosidl_typesupport_c: rosidl_typesupport_fastrtps_c;rosidl_typesupport_introspection_c
[1.144s] -- Found rosidl_adapter: 1.3.1 (/opt/ros/foxy/share/rosidl_adapter/cmake)
[1.282s] -- Found OpenSSL: /usr/lib/aarch64-linux-gnu/libcrypto.so (found version "1.1.1f")  
[1.323s] -- Found FastRTPS: /opt/ros/foxy/include  
[1.429s] -- Using all available rosidl_typesupport_cpp: rosidl_typesupport_fastrtps_cpp;rosidl_typesupport_introspection_cpp
[1.499s] -- Found rmw_implementation_cmake: 1.0.4 (/opt/ros/foxy/share/rmw_implementation_cmake/cmake)
[1.501s] -- Using RMW implementation 'rmw_fastrtps_cpp' as default
[1.502s] -- Looking for pthread.h
[1.616s] -- Looking for pthread.h - found
[1.616s] -- Performing Test CMAKE_HAVE_LIBC_PTHREAD
[1.729s] -- Performing Test CMAKE_HAVE_LIBC_PTHREAD - Failed
[1.730s] -- Looking for pthread_create in pthreads
[1.826s] -- Looking for pthread_create in pthreads - not found
[1.826s] -- Looking for pthread_create in pthread
[1.950s] -- Looking for pthread_create in pthread - found
[1.952s] -- Found Threads: TRUE  
[2.157s] -- Found rclcpp_components: 2.4.3 (/opt/ros/foxy/share/rclcpp_components/cmake)
[2.230s] -- Found motor_interfaces: 0.1.0 (/home/nvidia/ros2_usb2can_motor_controller/install/motor_interfaces/share/motor_interfaces/cmake)
[2.241s] -- Found can_usb_driver: 0.1.0 (/home/nvidia/ros2_usb2can_motor_controller/install/can_usb_driver/share/can_usb_driver/cmake)
[2.345s] -- Configuring done
[2.355s] -- Generating done
[2.360s] -- Build files have been written to: /home/nvidia/ros2_usb2can_motor_controller/build/motor_controller
[2.382s] Invoked command in '/home/nvidia/ros2_usb2can_motor_controller/build/motor_controller' returned '0': AMENT_PREFIX_PATH=/home/nvidia/ros2_usb2can_motor_controller/install/can_usb_driver:${AMENT_PREFIX_PATH} CMAKE_PREFIX_PATH=${CMAKE_PREFIX_PATH}:/home/nvidia/ros2_usb2can_motor_controller/install/can_usb_driver:/opt/ros/foxy /usr/bin/cmake /home/nvidia/ros2_usb2can_motor_controller/src/motor_controller -DCMAKE_INSTALL_PREFIX=/home/nvidia/ros2_usb2can_motor_controller/install/motor_controller
[2.389s] Invoking command in '/home/nvidia/ros2_usb2can_motor_controller/build/motor_controller': AMENT_PREFIX_PATH=/home/nvidia/ros2_usb2can_motor_controller/install/can_usb_driver:${AMENT_PREFIX_PATH} CMAKE_PREFIX_PATH=${CMAKE_PREFIX_PATH}:/home/nvidia/ros2_usb2can_motor_controller/install/can_usb_driver:/opt/ros/foxy /usr/bin/cmake --build /home/nvidia/ros2_usb2can_motor_controller/build/motor_controller -- -j12 -l12
[2.456s] [35m[1mScanning dependencies of target motor_node[0m
[2.513s] [ 75%] [32mBuilding CXX object CMakeFiles/motor_node.dir/src/rs03_motor_parser.cpp.o[0m
[2.513s] [ 75%] [32mBuilding CXX object CMakeFiles/motor_node.dir/src/motor_node.cpp.o[0m
[2.513s] [ 75%] [32mBuilding CXX object CMakeFiles/motor_node.dir/src/math_ops.cpp.o[0m
[5.531s] [01m[K/home/nvidia/ros2_usb2can_motor_controller/src/motor_controller/src/motor_node.cpp:[m[K In member function ‘[01m[Kvoid MotorNode::on_control(motor_interfaces::msg::MotorControl_<std::allocator<void> >::SharedPtr)[m[K’:
[5.531s] [01m[K/home/nvidia/ros2_usb2can_motor_controller/src/motor_controller/src/motor_node.cpp:275:40:[m[K [01;31m[Kerror: [m[Kcannot convert ‘[01m[Kmotor_interfaces::msg::MotorControl_<std::allocator<void> >::_device_type[m[K’ {aka ‘[01m[Kunsigned char[m[K’} to ‘[01m[Kconst string&[m[K’ {aka ‘[01m[Kconst std::__cxx11::basic_string<char>&[m[K’}
[5.531s]   275 |         std::string key = get_key([01;31m[Kmsg->device[m[K, msg->channel, msg->id);
[5.532s]       |                                   [01;31m[K~~~~~^~~~~~[m[K
[5.532s]       |                                        [01;31m[K|[m[K
[5.532s]       |                                        [01;31m[Kmotor_interfaces::msg::MotorControl_<std::allocator<void> >::_device_type {aka unsigned char}[m[K
[5.532s] [01m[K/home/nvidia/ros2_usb2can_motor_controller/src/motor_controller/src/motor_node.cpp:89:44:[m[K [01;36m[Knote: [m[K  initializing argument 1 of ‘[01m[Kstd::string MotorNode::get_key(const string&, uint8_t, uint8_t) const[m[K’
[5.533s]    89 |     std::string get_key([01;36m[Kconst std::string& device[m[K, uint8_t channel, uint8_t id) const {
[5.533s]       |                         [01;36m[K~~~~~~~~~~~~~~~~~~~^~~~~~[m[K
[5.536s] [01m[K/home/nvidia/ros2_usb2can_motor_controller/src/motor_controller/src/motor_node.cpp:[m[K In member function ‘[01m[Kvoid MotorNode::on_command(motor_interfaces::msg::MotorCommand_<std::allocator<void> >::SharedPtr)[m[K’:
[5.537s] [01m[K/home/nvidia/ros2_usb2can_motor_controller/src/motor_controller/src/motor_node.cpp:308:40:[m[K [01;31m[Kerror: [m[Kcannot convert ‘[01m[Kmotor_interfaces::msg::MotorCommand_<std::allocator<void> >::_device_type[m[K’ {aka ‘[01m[Kunsigned char[m[K’} to ‘[01m[Kconst string&[m[K’ {aka ‘[01m[Kconst std::__cxx11::basic_string<char>&[m[K’}
[5.537s]   308 |         std::string key = get_key([01;31m[Kmsg->device[m[K, msg->channel, msg->id);
[5.537s]       |                                   [01;31m[K~~~~~^~~~~~[m[K
[5.537s]       |                                        [01;31m[K|[m[K
[5.538s]       |                                        [01;31m[Kmotor_interfaces::msg::MotorCommand_<std::allocator<void> >::_device_type {aka unsigned char}[m[K
[5.538s] [01m[K/home/nvidia/ros2_usb2can_motor_controller/src/motor_controller/src/motor_node.cpp:89:44:[m[K [01;36m[Knote: [m[K  initializing argument 1 of ‘[01m[Kstd::string MotorNode::get_key(const string&, uint8_t, uint8_t) const[m[K’
[5.538s]    89 |     std::string get_key([01;36m[Kconst std::string& device[m[K, uint8_t channel, uint8_t id) const {
[5.538s]       |                         [01;36m[K~~~~~~~~~~~~~~~~~~~^~~~~~[m[K
[9.536s] make[2]: *** [CMakeFiles/motor_node.dir/build.make:63：CMakeFiles/motor_node.dir/src/motor_node.cpp.o] 错误 1
[9.536s] make[1]: *** [CMakeFiles/Makefile2:78：CMakeFiles/motor_node.dir/all] 错误 2
[9.537s] make: *** [Makefile:141：all] 错误 2
[9.543s] Invoked command in '/home/nvidia/ros2_usb2can_motor_controller/build/motor_controller' returned '2': AMENT_PREFIX_PATH=/home/nvidia/ros2_usb2can_motor_controller/install/can_usb_driver:${AMENT_PREFIX_PATH} CMAKE_PREFIX_PATH=${CMAKE_PREFIX_PATH}:/home/nvidia/ros2_usb2can_motor_controller/install/can_usb_driver:/opt/ros/foxy /usr/bin/cmake --build /home/nvidia/ros2_usb2can_motor_controller/build/motor_controller -- -j12 -l12
