[0.270s] DEBUG:colcon:Command line arguments: ['/usr/bin/colcon', 'build']
[0.270s] DEBUG:colcon:Parsed command line arguments: Namespace(allow_overriding=[], ament_cmake_args=None, base_paths=['.'], build_base='build', catkin_cmake_args=None, catkin_skip_building_tests=False, cmake_args=None, cmake_clean_cache=False, cmake_clean_first=False, cmake_force_configure=False, cmake_target=None, cmake_target_skip_unavailable=False, continue_on_error=False, event_handlers=None, executor='parallel', ignore_user_meta=False, install_base='install', log_base=None, log_level=None, main=<bound method BuildVerb.main of <colcon_core.verb.build.BuildVerb object at 0xffffa44a1250>>, merge_install=False, metas=['./colcon.meta'], packages_above=None, packages_above_and_dependencies=None, packages_above_depth=None, packages_end=None, packages_ignore=None, packages_ignore_regex=None, packages_select=None, packages_select_build_failed=False, packages_select_by_dep=None, packages_select_regex=None, packages_select_test_failures=False, packages_skip=None, packages_skip_build_finished=False, packages_skip_by_dep=None, packages_skip_regex=None, packages_skip_test_passed=False, packages_skip_up_to=None, packages_start=None, packages_up_to=None, packages_up_to_regex=None, parallel_workers=12, paths=None, symlink_install=False, test_result_base=None, verb_extension=<colcon_core.verb.build.BuildVerb object at 0xffffa44a1250>, verb_name='build', verb_parser=<colcon_defaults.argument_parser.defaults.DefaultArgumentsDecorator object at 0xffffa42e2400>)
[0.480s] Level 1:colcon.colcon_core.package_discovery:discover_packages(colcon_meta) check parameters
[0.480s] Level 1:colcon.colcon_core.package_discovery:discover_packages(recursive) check parameters
[0.480s] Level 1:colcon.colcon_core.package_discovery:discover_packages(ignore) check parameters
[0.480s] Level 1:colcon.colcon_core.package_discovery:discover_packages(path) check parameters
[0.480s] Level 1:colcon.colcon_core.package_discovery:discover_packages(colcon_meta) discover
[0.480s] Level 1:colcon.colcon_core.package_discovery:discover_packages(recursive) discover
[0.480s] INFO:colcon.colcon_core.package_discovery:Crawling recursively for packages in '/home/nvidia/ros2_usb2can_motor_controller'
[0.480s] Level 1:colcon.colcon_core.package_identification:_identify(.) by extensions ['ignore', 'ignore_ament_install']
[0.481s] Level 1:colcon.colcon_core.package_identification:_identify(.) by extension 'ignore'
[0.481s] Level 1:colcon.colcon_core.package_identification:_identify(.) by extension 'ignore_ament_install'
[0.481s] Level 1:colcon.colcon_core.package_identification:_identify(.) by extensions ['colcon_pkg']
[0.481s] Level 1:colcon.colcon_core.package_identification:_identify(.) by extension 'colcon_pkg'
[0.481s] Level 1:colcon.colcon_core.package_identification:_identify(.) by extensions ['colcon_meta']
[0.481s] Level 1:colcon.colcon_core.package_identification:_identify(.) by extension 'colcon_meta'
[0.481s] Level 1:colcon.colcon_core.package_identification:_identify(.) by extensions ['ros']
[0.481s] Level 1:colcon.colcon_core.package_identification:_identify(.) by extension 'ros'
[0.498s] Level 1:colcon.colcon_core.package_identification:_identify(.) by extensions ['cmake', 'python']
[0.498s] Level 1:colcon.colcon_core.package_identification:_identify(.) by extension 'cmake'
[0.498s] Level 1:colcon.colcon_core.package_identification:_identify(.) by extension 'python'
[0.498s] Level 1:colcon.colcon_core.package_identification:_identify(.) by extensions ['python_setup_py']
[0.498s] Level 1:colcon.colcon_core.package_identification:_identify(.) by extension 'python_setup_py'
[0.498s] Level 1:colcon.colcon_core.package_identification:_identify(build) by extensions ['ignore', 'ignore_ament_install']
[0.499s] Level 1:colcon.colcon_core.package_identification:_identify(build) by extension 'ignore'
[0.499s] Level 1:colcon.colcon_core.package_identification:_identify(build) ignored
[0.499s] Level 1:colcon.colcon_core.package_identification:_identify(install) by extensions ['ignore', 'ignore_ament_install']
[0.499s] Level 1:colcon.colcon_core.package_identification:_identify(install) by extension 'ignore'
[0.499s] Level 1:colcon.colcon_core.package_identification:_identify(install) ignored
[0.499s] Level 1:colcon.colcon_core.package_identification:_identify(log) by extensions ['ignore', 'ignore_ament_install']
[0.499s] Level 1:colcon.colcon_core.package_identification:_identify(log) by extension 'ignore'
[0.499s] Level 1:colcon.colcon_core.package_identification:_identify(log) ignored
[0.500s] Level 1:colcon.colcon_core.package_identification:_identify(src) by extensions ['ignore', 'ignore_ament_install']
[0.500s] Level 1:colcon.colcon_core.package_identification:_identify(src) by extension 'ignore'
[0.500s] Level 1:colcon.colcon_core.package_identification:_identify(src) by extension 'ignore_ament_install'
[0.500s] Level 1:colcon.colcon_core.package_identification:_identify(src) by extensions ['colcon_pkg']
[0.500s] Level 1:colcon.colcon_core.package_identification:_identify(src) by extension 'colcon_pkg'
[0.500s] Level 1:colcon.colcon_core.package_identification:_identify(src) by extensions ['colcon_meta']
[0.500s] Level 1:colcon.colcon_core.package_identification:_identify(src) by extension 'colcon_meta'
[0.500s] Level 1:colcon.colcon_core.package_identification:_identify(src) by extensions ['ros']
[0.500s] Level 1:colcon.colcon_core.package_identification:_identify(src) by extension 'ros'
[0.500s] Level 1:colcon.colcon_core.package_identification:_identify(src) by extensions ['cmake', 'python']
[0.500s] Level 1:colcon.colcon_core.package_identification:_identify(src) by extension 'cmake'
[0.500s] Level 1:colcon.colcon_core.package_identification:_identify(src) by extension 'python'
[0.500s] Level 1:colcon.colcon_core.package_identification:_identify(src) by extensions ['python_setup_py']
[0.501s] Level 1:colcon.colcon_core.package_identification:_identify(src) by extension 'python_setup_py'
[0.501s] Level 1:colcon.colcon_core.package_identification:_identify(src/can_usb_driver) by extensions ['ignore', 'ignore_ament_install']
[0.501s] Level 1:colcon.colcon_core.package_identification:_identify(src/can_usb_driver) by extension 'ignore'
[0.501s] Level 1:colcon.colcon_core.package_identification:_identify(src/can_usb_driver) by extension 'ignore_ament_install'
[0.501s] Level 1:colcon.colcon_core.package_identification:_identify(src/can_usb_driver) by extensions ['colcon_pkg']
[0.501s] Level 1:colcon.colcon_core.package_identification:_identify(src/can_usb_driver) by extension 'colcon_pkg'
[0.501s] Level 1:colcon.colcon_core.package_identification:_identify(src/can_usb_driver) by extensions ['colcon_meta']
[0.501s] Level 1:colcon.colcon_core.package_identification:_identify(src/can_usb_driver) by extension 'colcon_meta'
[0.501s] Level 1:colcon.colcon_core.package_identification:_identify(src/can_usb_driver) by extensions ['ros']
[0.501s] Level 1:colcon.colcon_core.package_identification:_identify(src/can_usb_driver) by extension 'ros'
[0.505s] DEBUG:colcon.colcon_core.package_identification:Package 'src/can_usb_driver' with type 'ros.ament_cmake' and name 'can_usb_driver'
[0.505s] Level 1:colcon.colcon_core.package_identification:_identify(src/motor_controller) by extensions ['ignore', 'ignore_ament_install']
[0.505s] Level 1:colcon.colcon_core.package_identification:_identify(src/motor_controller) by extension 'ignore'
[0.505s] Level 1:colcon.colcon_core.package_identification:_identify(src/motor_controller) by extension 'ignore_ament_install'
[0.506s] Level 1:colcon.colcon_core.package_identification:_identify(src/motor_controller) by extensions ['colcon_pkg']
[0.506s] Level 1:colcon.colcon_core.package_identification:_identify(src/motor_controller) by extension 'colcon_pkg'
[0.506s] Level 1:colcon.colcon_core.package_identification:_identify(src/motor_controller) by extensions ['colcon_meta']
[0.506s] Level 1:colcon.colcon_core.package_identification:_identify(src/motor_controller) by extension 'colcon_meta'
[0.506s] Level 1:colcon.colcon_core.package_identification:_identify(src/motor_controller) by extensions ['ros']
[0.506s] Level 1:colcon.colcon_core.package_identification:_identify(src/motor_controller) by extension 'ros'
[0.507s] DEBUG:colcon.colcon_core.package_identification:Package 'src/motor_controller' with type 'ros.ament_cmake' and name 'motor_controller'
[0.507s] Level 1:colcon.colcon_core.package_identification:_identify(src/motor_interfaces) by extensions ['ignore', 'ignore_ament_install']
[0.507s] Level 1:colcon.colcon_core.package_identification:_identify(src/motor_interfaces) by extension 'ignore'
[0.507s] Level 1:colcon.colcon_core.package_identification:_identify(src/motor_interfaces) by extension 'ignore_ament_install'
[0.507s] Level 1:colcon.colcon_core.package_identification:_identify(src/motor_interfaces) by extensions ['colcon_pkg']
[0.507s] Level 1:colcon.colcon_core.package_identification:_identify(src/motor_interfaces) by extension 'colcon_pkg'
[0.508s] Level 1:colcon.colcon_core.package_identification:_identify(src/motor_interfaces) by extensions ['colcon_meta']
[0.508s] Level 1:colcon.colcon_core.package_identification:_identify(src/motor_interfaces) by extension 'colcon_meta'
[0.508s] Level 1:colcon.colcon_core.package_identification:_identify(src/motor_interfaces) by extensions ['ros']
[0.508s] Level 1:colcon.colcon_core.package_identification:_identify(src/motor_interfaces) by extension 'ros'
[0.508s] DEBUG:colcon.colcon_core.package_identification:Package 'src/motor_interfaces' with type 'ros.ament_cmake' and name 'motor_interfaces'
[0.508s] Level 1:colcon.colcon_core.package_discovery:discover_packages(recursive) using defaults
[0.509s] Level 1:colcon.colcon_core.package_discovery:discover_packages(ignore) discover
[0.509s] Level 1:colcon.colcon_core.package_discovery:discover_packages(ignore) using defaults
[0.509s] Level 1:colcon.colcon_core.package_discovery:discover_packages(path) discover
[0.509s] Level 1:colcon.colcon_core.package_discovery:discover_packages(path) using defaults
[0.532s] Level 1:colcon.colcon_core.package_discovery:discover_packages(prefix_path) check parameters
[0.532s] Level 1:colcon.colcon_core.package_discovery:discover_packages(prefix_path) discover
[0.535s] DEBUG:colcon.colcon_installed_package_information.package_discovery:Found 3 installed packages in /home/nvidia/ros2_usb2can_motor_controller/install
[0.536s] DEBUG:colcon.colcon_installed_package_information.package_discovery:Found 256 installed packages in /opt/ros/foxy
[0.538s] Level 1:colcon.colcon_core.package_discovery:discover_packages(prefix_path) using defaults
[0.644s] Level 5:colcon.colcon_core.verb:set package 'can_usb_driver' build argument 'cmake_args' from command line to 'None'
[0.645s] Level 5:colcon.colcon_core.verb:set package 'can_usb_driver' build argument 'cmake_target' from command line to 'None'
[0.645s] Level 5:colcon.colcon_core.verb:set package 'can_usb_driver' build argument 'cmake_target_skip_unavailable' from command line to 'False'
[0.645s] Level 5:colcon.colcon_core.verb:set package 'can_usb_driver' build argument 'cmake_clean_cache' from command line to 'False'
[0.645s] Level 5:colcon.colcon_core.verb:set package 'can_usb_driver' build argument 'cmake_clean_first' from command line to 'False'
[0.645s] Level 5:colcon.colcon_core.verb:set package 'can_usb_driver' build argument 'cmake_force_configure' from command line to 'False'
[0.645s] Level 5:colcon.colcon_core.verb:set package 'can_usb_driver' build argument 'ament_cmake_args' from command line to 'None'
[0.645s] Level 5:colcon.colcon_core.verb:set package 'can_usb_driver' build argument 'catkin_cmake_args' from command line to 'None'
[0.645s] Level 5:colcon.colcon_core.verb:set package 'can_usb_driver' build argument 'catkin_skip_building_tests' from command line to 'False'
[0.645s] DEBUG:colcon.colcon_core.verb:Building package 'can_usb_driver' with the following arguments: {'ament_cmake_args': None, 'build_base': '/home/nvidia/ros2_usb2can_motor_controller/build/can_usb_driver', 'catkin_cmake_args': None, 'catkin_skip_building_tests': False, 'cmake_args': None, 'cmake_clean_cache': False, 'cmake_clean_first': False, 'cmake_force_configure': False, 'cmake_target': None, 'cmake_target_skip_unavailable': False, 'install_base': '/home/nvidia/ros2_usb2can_motor_controller/install/can_usb_driver', 'merge_install': False, 'path': '/home/nvidia/ros2_usb2can_motor_controller/src/can_usb_driver', 'symlink_install': False, 'test_result_base': None}
[0.645s] Level 5:colcon.colcon_core.verb:set package 'motor_interfaces' build argument 'cmake_args' from command line to 'None'
[0.646s] Level 5:colcon.colcon_core.verb:set package 'motor_interfaces' build argument 'cmake_target' from command line to 'None'
[0.646s] Level 5:colcon.colcon_core.verb:set package 'motor_interfaces' build argument 'cmake_target_skip_unavailable' from command line to 'False'
[0.646s] Level 5:colcon.colcon_core.verb:set package 'motor_interfaces' build argument 'cmake_clean_cache' from command line to 'False'
[0.646s] Level 5:colcon.colcon_core.verb:set package 'motor_interfaces' build argument 'cmake_clean_first' from command line to 'False'
[0.646s] Level 5:colcon.colcon_core.verb:set package 'motor_interfaces' build argument 'cmake_force_configure' from command line to 'False'
[0.646s] Level 5:colcon.colcon_core.verb:set package 'motor_interfaces' build argument 'ament_cmake_args' from command line to 'None'
[0.646s] Level 5:colcon.colcon_core.verb:set package 'motor_interfaces' build argument 'catkin_cmake_args' from command line to 'None'
[0.646s] Level 5:colcon.colcon_core.verb:set package 'motor_interfaces' build argument 'catkin_skip_building_tests' from command line to 'False'
[0.646s] DEBUG:colcon.colcon_core.verb:Building package 'motor_interfaces' with the following arguments: {'ament_cmake_args': None, 'build_base': '/home/nvidia/ros2_usb2can_motor_controller/build/motor_interfaces', 'catkin_cmake_args': None, 'catkin_skip_building_tests': False, 'cmake_args': None, 'cmake_clean_cache': False, 'cmake_clean_first': False, 'cmake_force_configure': False, 'cmake_target': None, 'cmake_target_skip_unavailable': False, 'install_base': '/home/nvidia/ros2_usb2can_motor_controller/install/motor_interfaces', 'merge_install': False, 'path': '/home/nvidia/ros2_usb2can_motor_controller/src/motor_interfaces', 'symlink_install': False, 'test_result_base': None}
[0.646s] Level 5:colcon.colcon_core.verb:set package 'motor_controller' build argument 'cmake_args' from command line to 'None'
[0.646s] Level 5:colcon.colcon_core.verb:set package 'motor_controller' build argument 'cmake_target' from command line to 'None'
[0.646s] Level 5:colcon.colcon_core.verb:set package 'motor_controller' build argument 'cmake_target_skip_unavailable' from command line to 'False'
[0.646s] Level 5:colcon.colcon_core.verb:set package 'motor_controller' build argument 'cmake_clean_cache' from command line to 'False'
[0.646s] Level 5:colcon.colcon_core.verb:set package 'motor_controller' build argument 'cmake_clean_first' from command line to 'False'
[0.647s] Level 5:colcon.colcon_core.verb:set package 'motor_controller' build argument 'cmake_force_configure' from command line to 'False'
[0.647s] Level 5:colcon.colcon_core.verb:set package 'motor_controller' build argument 'ament_cmake_args' from command line to 'None'
[0.647s] Level 5:colcon.colcon_core.verb:set package 'motor_controller' build argument 'catkin_cmake_args' from command line to 'None'
[0.647s] Level 5:colcon.colcon_core.verb:set package 'motor_controller' build argument 'catkin_skip_building_tests' from command line to 'False'
[0.647s] DEBUG:colcon.colcon_core.verb:Building package 'motor_controller' with the following arguments: {'ament_cmake_args': None, 'build_base': '/home/nvidia/ros2_usb2can_motor_controller/build/motor_controller', 'catkin_cmake_args': None, 'catkin_skip_building_tests': False, 'cmake_args': None, 'cmake_clean_cache': False, 'cmake_clean_first': False, 'cmake_force_configure': False, 'cmake_target': None, 'cmake_target_skip_unavailable': False, 'install_base': '/home/nvidia/ros2_usb2can_motor_controller/install/motor_controller', 'merge_install': False, 'path': '/home/nvidia/ros2_usb2can_motor_controller/src/motor_controller', 'symlink_install': False, 'test_result_base': None}
[0.647s] INFO:colcon.colcon_core.executor:Executing jobs using 'parallel' executor
[0.649s] DEBUG:colcon.colcon_parallel_executor.executor.parallel:run_until_complete
[0.649s] INFO:colcon.colcon_ros.task.ament_cmake.build:Building ROS package in '/home/nvidia/ros2_usb2can_motor_controller/src/can_usb_driver' with build type 'ament_cmake'
[0.650s] INFO:colcon.colcon_cmake.task.cmake.build:Building CMake package in '/home/nvidia/ros2_usb2can_motor_controller/src/can_usb_driver'
[0.652s] INFO:colcon.colcon_core.plugin_system:Skipping extension 'colcon_core.shell.bat': Not used on non-Windows systems
[0.653s] INFO:colcon.colcon_core.shell:Skip shell extension 'powershell' for command environment: Not usable outside of PowerShell
[0.653s] DEBUG:colcon.colcon_core.shell:Skip shell extension 'dsv' for command environment
[0.663s] INFO:colcon.colcon_ros.task.ament_cmake.build:Building ROS package in '/home/nvidia/ros2_usb2can_motor_controller/src/motor_interfaces' with build type 'ament_cmake'
[0.663s] INFO:colcon.colcon_cmake.task.cmake.build:Building CMake package in '/home/nvidia/ros2_usb2can_motor_controller/src/motor_interfaces'
[0.664s] INFO:colcon.colcon_core.shell:Skip shell extension 'powershell' for command environment: Not usable outside of PowerShell
[0.664s] DEBUG:colcon.colcon_core.shell:Skip shell extension 'dsv' for command environment
[0.688s] DEBUG:colcon.colcon_core.event_handler.log_command:Invoking command in '/home/nvidia/ros2_usb2can_motor_controller/build/can_usb_driver': CMAKE_PREFIX_PATH=${CMAKE_PREFIX_PATH}:/opt/ros/foxy /usr/bin/cmake --build /home/nvidia/ros2_usb2can_motor_controller/build/can_usb_driver -- -j12 -l12
[0.697s] DEBUG:colcon.colcon_core.event_handler.log_command:Invoking command in '/home/nvidia/ros2_usb2can_motor_controller/build/motor_interfaces': CMAKE_PREFIX_PATH=${CMAKE_PREFIX_PATH}:/opt/ros/foxy /usr/bin/cmake --build /home/nvidia/ros2_usb2can_motor_controller/build/motor_interfaces -- -j12 -l12
[0.781s] DEBUG:colcon.colcon_core.event_handler.log_command:Invoked command in '/home/nvidia/ros2_usb2can_motor_controller/build/can_usb_driver' returned '0': CMAKE_PREFIX_PATH=${CMAKE_PREFIX_PATH}:/opt/ros/foxy /usr/bin/cmake --build /home/nvidia/ros2_usb2can_motor_controller/build/can_usb_driver -- -j12 -l12
[0.806s] DEBUG:colcon.colcon_core.event_handler.log_command:Invoking command in '/home/nvidia/ros2_usb2can_motor_controller/build/can_usb_driver': CMAKE_PREFIX_PATH=${CMAKE_PREFIX_PATH}:/opt/ros/foxy /usr/bin/cmake --install /home/nvidia/ros2_usb2can_motor_controller/build/can_usb_driver
[0.825s] Level 1:colcon.colcon_core.environment:create_environment_scripts_only(can_usb_driver)
[0.827s] DEBUG:colcon.colcon_core.event_handler.log_command:Invoked command in '/home/nvidia/ros2_usb2can_motor_controller/build/can_usb_driver' returned '0': CMAKE_PREFIX_PATH=${CMAKE_PREFIX_PATH}:/opt/ros/foxy /usr/bin/cmake --install /home/nvidia/ros2_usb2can_motor_controller/build/can_usb_driver
[0.831s] Level 1:colcon.colcon_core.environment:checking '/home/nvidia/ros2_usb2can_motor_controller/install/can_usb_driver' for CMake module files
[0.832s] Level 1:colcon.colcon_core.environment:checking '/home/nvidia/ros2_usb2can_motor_controller/install/can_usb_driver' for CMake config files
[0.832s] Level 1:colcon.colcon_core.shell:create_environment_hook('can_usb_driver', 'cmake_prefix_path')
[0.833s] INFO:colcon.colcon_core.shell:Creating environment hook '/home/nvidia/ros2_usb2can_motor_controller/install/can_usb_driver/share/can_usb_driver/hook/cmake_prefix_path.ps1'
[0.835s] INFO:colcon.colcon_core.shell:Creating environment descriptor '/home/nvidia/ros2_usb2can_motor_controller/install/can_usb_driver/share/can_usb_driver/hook/cmake_prefix_path.dsv'
[0.836s] INFO:colcon.colcon_core.shell:Creating environment hook '/home/nvidia/ros2_usb2can_motor_controller/install/can_usb_driver/share/can_usb_driver/hook/cmake_prefix_path.sh'
[0.838s] Level 1:colcon.colcon_core.environment:checking '/home/nvidia/ros2_usb2can_motor_controller/install/can_usb_driver/lib'
[0.838s] Level 1:colcon.colcon_core.environment:checking '/home/nvidia/ros2_usb2can_motor_controller/install/can_usb_driver/bin'
[0.838s] Level 1:colcon.colcon_core.environment:checking '/home/nvidia/ros2_usb2can_motor_controller/install/can_usb_driver/lib/pkgconfig/can_usb_driver.pc'
[0.839s] Level 1:colcon.colcon_core.environment:checking '/home/nvidia/ros2_usb2can_motor_controller/install/can_usb_driver/lib/python3.8/site-packages'
[0.839s] Level 1:colcon.colcon_core.environment:checking '/home/nvidia/ros2_usb2can_motor_controller/install/can_usb_driver/bin'
[0.840s] INFO:colcon.colcon_core.shell:Creating package script '/home/nvidia/ros2_usb2can_motor_controller/install/can_usb_driver/share/can_usb_driver/package.ps1'
[0.842s] INFO:colcon.colcon_core.shell:Creating package descriptor '/home/nvidia/ros2_usb2can_motor_controller/install/can_usb_driver/share/can_usb_driver/package.dsv'
[0.843s] INFO:colcon.colcon_core.shell:Creating package script '/home/nvidia/ros2_usb2can_motor_controller/install/can_usb_driver/share/can_usb_driver/package.sh'
[0.844s] INFO:colcon.colcon_core.shell:Creating package script '/home/nvidia/ros2_usb2can_motor_controller/install/can_usb_driver/share/can_usb_driver/package.bash'
[0.845s] INFO:colcon.colcon_core.shell:Creating package script '/home/nvidia/ros2_usb2can_motor_controller/install/can_usb_driver/share/can_usb_driver/package.zsh'
[0.846s] Level 1:colcon.colcon_core.environment:create_file_with_runtime_dependencies(/home/nvidia/ros2_usb2can_motor_controller/install/can_usb_driver/share/colcon-core/packages/can_usb_driver)
[0.847s] Level 1:colcon.colcon_core.environment:create_environment_scripts_only(can_usb_driver)
[0.848s] Level 1:colcon.colcon_core.environment:checking '/home/nvidia/ros2_usb2can_motor_controller/install/can_usb_driver' for CMake module files
[0.849s] Level 1:colcon.colcon_core.environment:checking '/home/nvidia/ros2_usb2can_motor_controller/install/can_usb_driver' for CMake config files
[0.849s] Level 1:colcon.colcon_core.shell:create_environment_hook('can_usb_driver', 'cmake_prefix_path')
[0.849s] INFO:colcon.colcon_core.shell:Creating environment hook '/home/nvidia/ros2_usb2can_motor_controller/install/can_usb_driver/share/can_usb_driver/hook/cmake_prefix_path.ps1'
[0.850s] INFO:colcon.colcon_core.shell:Creating environment descriptor '/home/nvidia/ros2_usb2can_motor_controller/install/can_usb_driver/share/can_usb_driver/hook/cmake_prefix_path.dsv'
[0.851s] INFO:colcon.colcon_core.shell:Creating environment hook '/home/nvidia/ros2_usb2can_motor_controller/install/can_usb_driver/share/can_usb_driver/hook/cmake_prefix_path.sh'
[0.852s] Level 1:colcon.colcon_core.environment:checking '/home/nvidia/ros2_usb2can_motor_controller/install/can_usb_driver/lib'
[0.852s] Level 1:colcon.colcon_core.environment:checking '/home/nvidia/ros2_usb2can_motor_controller/install/can_usb_driver/bin'
[0.852s] Level 1:colcon.colcon_core.environment:checking '/home/nvidia/ros2_usb2can_motor_controller/install/can_usb_driver/lib/pkgconfig/can_usb_driver.pc'
[0.852s] Level 1:colcon.colcon_core.environment:checking '/home/nvidia/ros2_usb2can_motor_controller/install/can_usb_driver/lib/python3.8/site-packages'
[0.853s] Level 1:colcon.colcon_core.environment:checking '/home/nvidia/ros2_usb2can_motor_controller/install/can_usb_driver/bin'
[0.853s] INFO:colcon.colcon_core.shell:Creating package script '/home/nvidia/ros2_usb2can_motor_controller/install/can_usb_driver/share/can_usb_driver/package.ps1'
[0.854s] INFO:colcon.colcon_core.shell:Creating package descriptor '/home/nvidia/ros2_usb2can_motor_controller/install/can_usb_driver/share/can_usb_driver/package.dsv'
[0.855s] INFO:colcon.colcon_core.shell:Creating package script '/home/nvidia/ros2_usb2can_motor_controller/install/can_usb_driver/share/can_usb_driver/package.sh'
[0.855s] INFO:colcon.colcon_core.shell:Creating package script '/home/nvidia/ros2_usb2can_motor_controller/install/can_usb_driver/share/can_usb_driver/package.bash'
[0.856s] INFO:colcon.colcon_core.shell:Creating package script '/home/nvidia/ros2_usb2can_motor_controller/install/can_usb_driver/share/can_usb_driver/package.zsh'
[0.857s] Level 1:colcon.colcon_core.environment:create_file_with_runtime_dependencies(/home/nvidia/ros2_usb2can_motor_controller/install/can_usb_driver/share/colcon-core/packages/can_usb_driver)
[1.040s] DEBUG:colcon.colcon_core.event_handler.log_command:Invoked command in '/home/nvidia/ros2_usb2can_motor_controller/build/motor_interfaces' returned '0': CMAKE_PREFIX_PATH=${CMAKE_PREFIX_PATH}:/opt/ros/foxy /usr/bin/cmake --build /home/nvidia/ros2_usb2can_motor_controller/build/motor_interfaces -- -j12 -l12
[1.045s] DEBUG:colcon.colcon_core.event_handler.log_command:Invoking command in '/home/nvidia/ros2_usb2can_motor_controller/build/motor_interfaces': CMAKE_PREFIX_PATH=${CMAKE_PREFIX_PATH}:/opt/ros/foxy /usr/bin/cmake --install /home/nvidia/ros2_usb2can_motor_controller/build/motor_interfaces
[1.132s] Level 1:colcon.colcon_core.environment:create_environment_scripts_only(motor_interfaces)
[1.133s] Level 1:colcon.colcon_core.environment:checking '/home/nvidia/ros2_usb2can_motor_controller/install/motor_interfaces' for CMake module files
[1.134s] DEBUG:colcon.colcon_core.event_handler.log_command:Invoked command in '/home/nvidia/ros2_usb2can_motor_controller/build/motor_interfaces' returned '0': CMAKE_PREFIX_PATH=${CMAKE_PREFIX_PATH}:/opt/ros/foxy /usr/bin/cmake --install /home/nvidia/ros2_usb2can_motor_controller/build/motor_interfaces
[1.136s] Level 1:colcon.colcon_core.environment:checking '/home/nvidia/ros2_usb2can_motor_controller/install/motor_interfaces' for CMake config files
[1.137s] Level 1:colcon.colcon_core.shell:create_environment_hook('motor_interfaces', 'cmake_prefix_path')
[1.137s] INFO:colcon.colcon_core.shell:Creating environment hook '/home/nvidia/ros2_usb2can_motor_controller/install/motor_interfaces/share/motor_interfaces/hook/cmake_prefix_path.ps1'
[1.139s] INFO:colcon.colcon_core.shell:Creating environment descriptor '/home/nvidia/ros2_usb2can_motor_controller/install/motor_interfaces/share/motor_interfaces/hook/cmake_prefix_path.dsv'
[1.140s] INFO:colcon.colcon_core.shell:Creating environment hook '/home/nvidia/ros2_usb2can_motor_controller/install/motor_interfaces/share/motor_interfaces/hook/cmake_prefix_path.sh'
[1.141s] Level 1:colcon.colcon_core.environment:checking '/home/nvidia/ros2_usb2can_motor_controller/install/motor_interfaces/lib'
[1.141s] Level 1:colcon.colcon_core.shell:create_environment_hook('motor_interfaces', 'ld_library_path_lib')
[1.142s] INFO:colcon.colcon_core.shell:Creating environment hook '/home/nvidia/ros2_usb2can_motor_controller/install/motor_interfaces/share/motor_interfaces/hook/ld_library_path_lib.ps1'
[1.143s] INFO:colcon.colcon_core.shell:Creating environment descriptor '/home/nvidia/ros2_usb2can_motor_controller/install/motor_interfaces/share/motor_interfaces/hook/ld_library_path_lib.dsv'
[1.144s] INFO:colcon.colcon_core.shell:Creating environment hook '/home/nvidia/ros2_usb2can_motor_controller/install/motor_interfaces/share/motor_interfaces/hook/ld_library_path_lib.sh'
[1.145s] Level 1:colcon.colcon_core.environment:checking '/home/nvidia/ros2_usb2can_motor_controller/install/motor_interfaces/bin'
[1.145s] Level 1:colcon.colcon_core.environment:checking '/home/nvidia/ros2_usb2can_motor_controller/install/motor_interfaces/lib/pkgconfig/motor_interfaces.pc'
[1.146s] Level 1:colcon.colcon_core.environment:checking '/home/nvidia/ros2_usb2can_motor_controller/install/motor_interfaces/lib/python3.8/site-packages'
[1.146s] Level 1:colcon.colcon_core.shell:create_environment_hook('motor_interfaces', 'pythonpath')
[1.147s] INFO:colcon.colcon_core.shell:Creating environment hook '/home/nvidia/ros2_usb2can_motor_controller/install/motor_interfaces/share/motor_interfaces/hook/pythonpath.ps1'
[1.148s] INFO:colcon.colcon_core.shell:Creating environment descriptor '/home/nvidia/ros2_usb2can_motor_controller/install/motor_interfaces/share/motor_interfaces/hook/pythonpath.dsv'
[1.149s] INFO:colcon.colcon_core.shell:Creating environment hook '/home/nvidia/ros2_usb2can_motor_controller/install/motor_interfaces/share/motor_interfaces/hook/pythonpath.sh'
[1.151s] Level 1:colcon.colcon_core.environment:checking '/home/nvidia/ros2_usb2can_motor_controller/install/motor_interfaces/bin'
[1.152s] INFO:colcon.colcon_core.shell:Creating package script '/home/nvidia/ros2_usb2can_motor_controller/install/motor_interfaces/share/motor_interfaces/package.ps1'
[1.153s] INFO:colcon.colcon_core.shell:Creating package descriptor '/home/nvidia/ros2_usb2can_motor_controller/install/motor_interfaces/share/motor_interfaces/package.dsv'
[1.155s] INFO:colcon.colcon_core.shell:Creating package script '/home/nvidia/ros2_usb2can_motor_controller/install/motor_interfaces/share/motor_interfaces/package.sh'
[1.156s] INFO:colcon.colcon_core.shell:Creating package script '/home/nvidia/ros2_usb2can_motor_controller/install/motor_interfaces/share/motor_interfaces/package.bash'
[1.157s] INFO:colcon.colcon_core.shell:Creating package script '/home/nvidia/ros2_usb2can_motor_controller/install/motor_interfaces/share/motor_interfaces/package.zsh'
[1.158s] Level 1:colcon.colcon_core.environment:create_file_with_runtime_dependencies(/home/nvidia/ros2_usb2can_motor_controller/install/motor_interfaces/share/colcon-core/packages/motor_interfaces)
[1.160s] Level 1:colcon.colcon_core.environment:create_environment_scripts_only(motor_interfaces)
[1.160s] Level 1:colcon.colcon_core.environment:checking '/home/nvidia/ros2_usb2can_motor_controller/install/motor_interfaces' for CMake module files
[1.162s] Level 1:colcon.colcon_core.environment:checking '/home/nvidia/ros2_usb2can_motor_controller/install/motor_interfaces' for CMake config files
[1.162s] Level 1:colcon.colcon_core.shell:create_environment_hook('motor_interfaces', 'cmake_prefix_path')
[1.163s] INFO:colcon.colcon_core.shell:Creating environment hook '/home/nvidia/ros2_usb2can_motor_controller/install/motor_interfaces/share/motor_interfaces/hook/cmake_prefix_path.ps1'
[1.164s] INFO:colcon.colcon_core.shell:Creating environment descriptor '/home/nvidia/ros2_usb2can_motor_controller/install/motor_interfaces/share/motor_interfaces/hook/cmake_prefix_path.dsv'
[1.164s] INFO:colcon.colcon_core.shell:Creating environment hook '/home/nvidia/ros2_usb2can_motor_controller/install/motor_interfaces/share/motor_interfaces/hook/cmake_prefix_path.sh'
[1.166s] Level 1:colcon.colcon_core.environment:checking '/home/nvidia/ros2_usb2can_motor_controller/install/motor_interfaces/lib'
[1.166s] Level 1:colcon.colcon_core.shell:create_environment_hook('motor_interfaces', 'ld_library_path_lib')
[1.166s] INFO:colcon.colcon_core.shell:Creating environment hook '/home/nvidia/ros2_usb2can_motor_controller/install/motor_interfaces/share/motor_interfaces/hook/ld_library_path_lib.ps1'
[1.167s] INFO:colcon.colcon_core.shell:Creating environment descriptor '/home/nvidia/ros2_usb2can_motor_controller/install/motor_interfaces/share/motor_interfaces/hook/ld_library_path_lib.dsv'
[1.168s] INFO:colcon.colcon_core.shell:Creating environment hook '/home/nvidia/ros2_usb2can_motor_controller/install/motor_interfaces/share/motor_interfaces/hook/ld_library_path_lib.sh'
[1.168s] Level 1:colcon.colcon_core.environment:checking '/home/nvidia/ros2_usb2can_motor_controller/install/motor_interfaces/bin'
[1.169s] Level 1:colcon.colcon_core.environment:checking '/home/nvidia/ros2_usb2can_motor_controller/install/motor_interfaces/lib/pkgconfig/motor_interfaces.pc'
[1.169s] Level 1:colcon.colcon_core.environment:checking '/home/nvidia/ros2_usb2can_motor_controller/install/motor_interfaces/lib/python3.8/site-packages'
[1.169s] Level 1:colcon.colcon_core.shell:create_environment_hook('motor_interfaces', 'pythonpath')
[1.169s] INFO:colcon.colcon_core.shell:Creating environment hook '/home/nvidia/ros2_usb2can_motor_controller/install/motor_interfaces/share/motor_interfaces/hook/pythonpath.ps1'
[1.171s] INFO:colcon.colcon_core.shell:Creating environment descriptor '/home/nvidia/ros2_usb2can_motor_controller/install/motor_interfaces/share/motor_interfaces/hook/pythonpath.dsv'
[1.171s] INFO:colcon.colcon_core.shell:Creating environment hook '/home/nvidia/ros2_usb2can_motor_controller/install/motor_interfaces/share/motor_interfaces/hook/pythonpath.sh'
[1.172s] Level 1:colcon.colcon_core.environment:checking '/home/nvidia/ros2_usb2can_motor_controller/install/motor_interfaces/bin'
[1.173s] INFO:colcon.colcon_core.shell:Creating package script '/home/nvidia/ros2_usb2can_motor_controller/install/motor_interfaces/share/motor_interfaces/package.ps1'
[1.174s] INFO:colcon.colcon_core.shell:Creating package descriptor '/home/nvidia/ros2_usb2can_motor_controller/install/motor_interfaces/share/motor_interfaces/package.dsv'
[1.175s] INFO:colcon.colcon_core.shell:Creating package script '/home/nvidia/ros2_usb2can_motor_controller/install/motor_interfaces/share/motor_interfaces/package.sh'
[1.176s] INFO:colcon.colcon_core.shell:Creating package script '/home/nvidia/ros2_usb2can_motor_controller/install/motor_interfaces/share/motor_interfaces/package.bash'
[1.177s] INFO:colcon.colcon_core.shell:Creating package script '/home/nvidia/ros2_usb2can_motor_controller/install/motor_interfaces/share/motor_interfaces/package.zsh'
[1.177s] Level 1:colcon.colcon_core.environment:create_file_with_runtime_dependencies(/home/nvidia/ros2_usb2can_motor_controller/install/motor_interfaces/share/colcon-core/packages/motor_interfaces)
[1.178s] INFO:colcon.colcon_ros.task.ament_cmake.build:Building ROS package in '/home/nvidia/ros2_usb2can_motor_controller/src/motor_controller' with build type 'ament_cmake'
[1.178s] INFO:colcon.colcon_cmake.task.cmake.build:Building CMake package in '/home/nvidia/ros2_usb2can_motor_controller/src/motor_controller'
[1.179s] INFO:colcon.colcon_core.shell:Skip shell extension 'powershell' for command environment: Not usable outside of PowerShell
[1.179s] DEBUG:colcon.colcon_core.shell:Skip shell extension 'dsv' for command environment
[1.203s] DEBUG:colcon.colcon_core.event_handler.log_command:Invoking command in '/home/nvidia/ros2_usb2can_motor_controller/build/motor_controller': CMAKE_PREFIX_PATH=/home/nvidia/ros2_usb2can_motor_controller/install/motor_interfaces:/home/nvidia/ros2_usb2can_motor_controller/install/can_usb_driver:/home/nvidia/ros2_usb2can_motor_controller/install/motor_controller:/opt/ros/foxy /usr/bin/cmake --build /home/nvidia/ros2_usb2can_motor_controller/build/motor_controller -- -j12 -l12
[1.324s] DEBUG:colcon.colcon_core.event_handler.log_command:Invoked command in '/home/nvidia/ros2_usb2can_motor_controller/build/motor_controller' returned '0': CMAKE_PREFIX_PATH=/home/nvidia/ros2_usb2can_motor_controller/install/motor_interfaces:/home/nvidia/ros2_usb2can_motor_controller/install/can_usb_driver:/home/nvidia/ros2_usb2can_motor_controller/install/motor_controller:/opt/ros/foxy /usr/bin/cmake --build /home/nvidia/ros2_usb2can_motor_controller/build/motor_controller -- -j12 -l12
[1.331s] DEBUG:colcon.colcon_core.event_handler.log_command:Invoking command in '/home/nvidia/ros2_usb2can_motor_controller/build/motor_controller': CMAKE_PREFIX_PATH=/home/nvidia/ros2_usb2can_motor_controller/install/motor_interfaces:/home/nvidia/ros2_usb2can_motor_controller/install/can_usb_driver:/home/nvidia/ros2_usb2can_motor_controller/install/motor_controller:/opt/ros/foxy /usr/bin/cmake --install /home/nvidia/ros2_usb2can_motor_controller/build/motor_controller
[1.350s] Level 1:colcon.colcon_core.environment:create_environment_scripts_only(motor_controller)
[1.352s] Level 1:colcon.colcon_core.environment:checking '/home/nvidia/ros2_usb2can_motor_controller/install/motor_controller' for CMake module files
[1.357s] Level 1:colcon.colcon_core.environment:checking '/home/nvidia/ros2_usb2can_motor_controller/install/motor_controller' for CMake config files
[1.361s] DEBUG:colcon.colcon_core.event_handler.log_command:Invoked command in '/home/nvidia/ros2_usb2can_motor_controller/build/motor_controller' returned '0': CMAKE_PREFIX_PATH=/home/nvidia/ros2_usb2can_motor_controller/install/motor_interfaces:/home/nvidia/ros2_usb2can_motor_controller/install/can_usb_driver:/home/nvidia/ros2_usb2can_motor_controller/install/motor_controller:/opt/ros/foxy /usr/bin/cmake --install /home/nvidia/ros2_usb2can_motor_controller/build/motor_controller
[1.361s] Level 1:colcon.colcon_core.shell:create_environment_hook('motor_controller', 'cmake_prefix_path')
[1.362s] INFO:colcon.colcon_core.shell:Creating environment hook '/home/nvidia/ros2_usb2can_motor_controller/install/motor_controller/share/motor_controller/hook/cmake_prefix_path.ps1'
[1.364s] INFO:colcon.colcon_core.shell:Creating environment descriptor '/home/nvidia/ros2_usb2can_motor_controller/install/motor_controller/share/motor_controller/hook/cmake_prefix_path.dsv'
[1.366s] INFO:colcon.colcon_core.shell:Creating environment hook '/home/nvidia/ros2_usb2can_motor_controller/install/motor_controller/share/motor_controller/hook/cmake_prefix_path.sh'
[1.368s] Level 1:colcon.colcon_core.environment:checking '/home/nvidia/ros2_usb2can_motor_controller/install/motor_controller/lib'
[1.369s] Level 1:colcon.colcon_core.environment:checking '/home/nvidia/ros2_usb2can_motor_controller/install/motor_controller/bin'
[1.369s] Level 1:colcon.colcon_core.environment:checking '/home/nvidia/ros2_usb2can_motor_controller/install/motor_controller/lib/pkgconfig/motor_controller.pc'
[1.369s] Level 1:colcon.colcon_core.environment:checking '/home/nvidia/ros2_usb2can_motor_controller/install/motor_controller/lib/python3.8/site-packages'
[1.370s] Level 1:colcon.colcon_core.environment:checking '/home/nvidia/ros2_usb2can_motor_controller/install/motor_controller/bin'
[1.370s] INFO:colcon.colcon_core.shell:Creating package script '/home/nvidia/ros2_usb2can_motor_controller/install/motor_controller/share/motor_controller/package.ps1'
[1.371s] INFO:colcon.colcon_core.shell:Creating package descriptor '/home/nvidia/ros2_usb2can_motor_controller/install/motor_controller/share/motor_controller/package.dsv'
[1.372s] INFO:colcon.colcon_core.shell:Creating package script '/home/nvidia/ros2_usb2can_motor_controller/install/motor_controller/share/motor_controller/package.sh'
[1.372s] INFO:colcon.colcon_core.shell:Creating package script '/home/nvidia/ros2_usb2can_motor_controller/install/motor_controller/share/motor_controller/package.bash'
[1.374s] INFO:colcon.colcon_core.shell:Creating package script '/home/nvidia/ros2_usb2can_motor_controller/install/motor_controller/share/motor_controller/package.zsh'
[1.375s] Level 1:colcon.colcon_core.environment:create_file_with_runtime_dependencies(/home/nvidia/ros2_usb2can_motor_controller/install/motor_controller/share/colcon-core/packages/motor_controller)
[1.377s] Level 1:colcon.colcon_core.environment:create_environment_scripts_only(motor_controller)
[1.378s] Level 1:colcon.colcon_core.environment:checking '/home/nvidia/ros2_usb2can_motor_controller/install/motor_controller' for CMake module files
[1.379s] Level 1:colcon.colcon_core.environment:checking '/home/nvidia/ros2_usb2can_motor_controller/install/motor_controller' for CMake config files
[1.380s] Level 1:colcon.colcon_core.shell:create_environment_hook('motor_controller', 'cmake_prefix_path')
[1.381s] INFO:colcon.colcon_core.shell:Creating environment hook '/home/nvidia/ros2_usb2can_motor_controller/install/motor_controller/share/motor_controller/hook/cmake_prefix_path.ps1'
[1.382s] INFO:colcon.colcon_core.shell:Creating environment descriptor '/home/nvidia/ros2_usb2can_motor_controller/install/motor_controller/share/motor_controller/hook/cmake_prefix_path.dsv'
[1.383s] INFO:colcon.colcon_core.shell:Creating environment hook '/home/nvidia/ros2_usb2can_motor_controller/install/motor_controller/share/motor_controller/hook/cmake_prefix_path.sh'
[1.384s] Level 1:colcon.colcon_core.environment:checking '/home/nvidia/ros2_usb2can_motor_controller/install/motor_controller/lib'
[1.384s] Level 1:colcon.colcon_core.environment:checking '/home/nvidia/ros2_usb2can_motor_controller/install/motor_controller/bin'
[1.385s] Level 1:colcon.colcon_core.environment:checking '/home/nvidia/ros2_usb2can_motor_controller/install/motor_controller/lib/pkgconfig/motor_controller.pc'
[1.385s] Level 1:colcon.colcon_core.environment:checking '/home/nvidia/ros2_usb2can_motor_controller/install/motor_controller/lib/python3.8/site-packages'
[1.385s] Level 1:colcon.colcon_core.environment:checking '/home/nvidia/ros2_usb2can_motor_controller/install/motor_controller/bin'
[1.386s] INFO:colcon.colcon_core.shell:Creating package script '/home/nvidia/ros2_usb2can_motor_controller/install/motor_controller/share/motor_controller/package.ps1'
[1.386s] INFO:colcon.colcon_core.shell:Creating package descriptor '/home/nvidia/ros2_usb2can_motor_controller/install/motor_controller/share/motor_controller/package.dsv'
[1.388s] INFO:colcon.colcon_core.shell:Creating package script '/home/nvidia/ros2_usb2can_motor_controller/install/motor_controller/share/motor_controller/package.sh'
[1.389s] INFO:colcon.colcon_core.shell:Creating package script '/home/nvidia/ros2_usb2can_motor_controller/install/motor_controller/share/motor_controller/package.bash'
[1.390s] INFO:colcon.colcon_core.shell:Creating package script '/home/nvidia/ros2_usb2can_motor_controller/install/motor_controller/share/motor_controller/package.zsh'
[1.390s] Level 1:colcon.colcon_core.environment:create_file_with_runtime_dependencies(/home/nvidia/ros2_usb2can_motor_controller/install/motor_controller/share/colcon-core/packages/motor_controller)
[1.391s] DEBUG:colcon.colcon_parallel_executor.executor.parallel:closing loop
[1.392s] DEBUG:colcon.colcon_parallel_executor.executor.parallel:loop closed
[1.392s] DEBUG:colcon.colcon_parallel_executor.executor.parallel:run_until_complete finished with '0'
[1.392s] DEBUG:colcon.colcon_core.event_reactor:joining thread
[1.404s] INFO:colcon.colcon_core.plugin_system:Skipping extension 'colcon_notification.desktop_notification.terminal_notifier': Not used on non-Darwin systems
[1.404s] INFO:colcon.colcon_core.plugin_system:Skipping extension 'colcon_notification.desktop_notification.win32': Not used on non-Windows systems
[1.404s] INFO:colcon.colcon_notification.desktop_notification:Sending desktop notification using 'notify2'
[1.442s] DEBUG:colcon.colcon_core.event_reactor:joined thread
[1.443s] INFO:colcon.colcon_core.shell:Creating prefix script '/home/nvidia/ros2_usb2can_motor_controller/install/local_setup.ps1'
[1.445s] INFO:colcon.colcon_core.shell:Creating prefix util module '/home/nvidia/ros2_usb2can_motor_controller/install/_local_setup_util_ps1.py'
[1.448s] INFO:colcon.colcon_core.shell:Creating prefix chain script '/home/nvidia/ros2_usb2can_motor_controller/install/setup.ps1'
[1.451s] INFO:colcon.colcon_core.shell:Creating prefix script '/home/nvidia/ros2_usb2can_motor_controller/install/local_setup.sh'
[1.452s] INFO:colcon.colcon_core.shell:Creating prefix util module '/home/nvidia/ros2_usb2can_motor_controller/install/_local_setup_util_sh.py'
[1.453s] INFO:colcon.colcon_core.shell:Creating prefix chain script '/home/nvidia/ros2_usb2can_motor_controller/install/setup.sh'
[1.455s] INFO:colcon.colcon_core.shell:Creating prefix script '/home/nvidia/ros2_usb2can_motor_controller/install/local_setup.bash'
[1.456s] INFO:colcon.colcon_core.shell:Creating prefix chain script '/home/nvidia/ros2_usb2can_motor_controller/install/setup.bash'
[1.458s] INFO:colcon.colcon_core.shell:Creating prefix script '/home/nvidia/ros2_usb2can_motor_controller/install/local_setup.zsh'
[1.459s] INFO:colcon.colcon_core.shell:Creating prefix chain script '/home/nvidia/ros2_usb2can_motor_controller/install/setup.zsh'
