[0.023s] Invoking command in '/home/nvidia/ros2_usb2can_motor_controller/build/motor_controller': AMENT_PREFIX_PATH=/home/nvidia/ros2_usb2can_motor_controller/install/can_usb_driver:${AMENT_PREFIX_PATH} CMAKE_PREFIX_PATH=${CMAKE_PREFIX_PATH}:/home/nvidia/ros2_usb2can_motor_controller/install/can_usb_driver:/opt/ros/foxy /usr/bin/cmake --build /home/nvidia/ros2_usb2can_motor_controller/build/motor_controller -- -j12 -l12
[0.063s] -- Found ament_cmake: 0.9.12 (/opt/ros/foxy/share/ament_cmake/cmake)
[0.095s] -- Using PYTHON_EXECUTABLE: /usr/bin/python3
[0.358s] -- Found rclcpp: 2.4.3 (/opt/ros/foxy/share/rclcpp/cmake)
[0.401s] -- Using all available rosidl_typesupport_c: rosidl_typesupport_fastrtps_c;rosidl_typesupport_introspection_c
[0.405s] -- Found rosidl_adapter: 1.3.1 (/opt/ros/foxy/share/rosidl_adapter/cmake)
[0.571s] -- Using all available rosidl_typesupport_cpp: rosidl_typesupport_fastrtps_cpp;rosidl_typesupport_introspection_cpp
[0.633s] -- Found rmw_implementation_cmake: 1.0.4 (/opt/ros/foxy/share/rmw_implementation_cmake/cmake)
[0.634s] -- Using RMW implementation 'rmw_fastrtps_cpp' as default
[0.810s] -- Found rclcpp_components: 2.4.3 (/opt/ros/foxy/share/rclcpp_components/cmake)
[0.877s] -- Found motor_interfaces: 0.1.0 (/home/nvidia/ros2_usb2can_motor_controller/install/motor_interfaces/share/motor_interfaces/cmake)
[0.889s] -- Found can_usb_driver: 0.1.0 (/home/nvidia/ros2_usb2can_motor_controller/install/can_usb_driver/share/can_usb_driver/cmake)
[0.990s] -- Configuring done
[1.001s] -- Generating done
[1.006s] -- Build files have been written to: /home/nvidia/ros2_usb2can_motor_controller/build/motor_controller
[1.089s] [ 25%] [32m[1mLinking CXX executable motor_node[0m
[1.630s] [100%] Built target motor_node
[1.653s] Invoked command in '/home/nvidia/ros2_usb2can_motor_controller/build/motor_controller' returned '0': AMENT_PREFIX_PATH=/home/nvidia/ros2_usb2can_motor_controller/install/can_usb_driver:${AMENT_PREFIX_PATH} CMAKE_PREFIX_PATH=${CMAKE_PREFIX_PATH}:/home/nvidia/ros2_usb2can_motor_controller/install/can_usb_driver:/opt/ros/foxy /usr/bin/cmake --build /home/nvidia/ros2_usb2can_motor_controller/build/motor_controller -- -j12 -l12
[1.662s] Invoking command in '/home/nvidia/ros2_usb2can_motor_controller/build/motor_controller': AMENT_PREFIX_PATH=/home/nvidia/ros2_usb2can_motor_controller/install/can_usb_driver:${AMENT_PREFIX_PATH} CMAKE_PREFIX_PATH=${CMAKE_PREFIX_PATH}:/home/nvidia/ros2_usb2can_motor_controller/install/can_usb_driver:/opt/ros/foxy /usr/bin/cmake --install /home/nvidia/ros2_usb2can_motor_controller/build/motor_controller
[1.677s] -- Install configuration: ""
[1.677s] -- Installing: /home/nvidia/ros2_usb2can_motor_controller/install/motor_controller/lib/motor_controller/motor_node
[1.682s] -- Set runtime path of "/home/nvidia/ros2_usb2can_motor_controller/install/motor_controller/lib/motor_controller/motor_node" to ""
[1.682s] -- Installing: /home/nvidia/ros2_usb2can_motor_controller/install/motor_controller/include
[1.682s] -- Installing: /home/nvidia/ros2_usb2can_motor_controller/install/motor_controller/include/motor_controller
[1.682s] -- Installing: /home/nvidia/ros2_usb2can_motor_controller/install/motor_controller/include/motor_controller/se_motor_parser.hpp
[1.682s] -- Installing: /home/nvidia/ros2_usb2can_motor_controller/install/motor_controller/include/motor_controller/motor_parser_base.hpp
[1.682s] -- Installing: /home/nvidia/ros2_usb2can_motor_controller/install/motor_controller/include/motor_controller/rs03_motor_parser.hpp
[1.683s] -- Installing: /home/nvidia/ros2_usb2can_motor_controller/install/motor_controller/include/motor_controller/math_ops.hpp
[1.683s] -- Installing: /home/nvidia/ros2_usb2can_motor_controller/install/motor_controller/share/motor_controller/config
[1.683s] -- Installing: /home/nvidia/ros2_usb2can_motor_controller/install/motor_controller/share/motor_controller/config/devices.yaml
[1.683s] -- Installing: /home/nvidia/ros2_usb2can_motor_controller/install/motor_controller/share/motor_controller/config/motors.yaml
[1.683s] -- Installing: /home/nvidia/ros2_usb2can_motor_controller/install/motor_controller/share/ament_index/resource_index/package_run_dependencies/motor_controller
[1.683s] -- Installing: /home/nvidia/ros2_usb2can_motor_controller/install/motor_controller/share/ament_index/resource_index/parent_prefix_path/motor_controller
[1.683s] -- Installing: /home/nvidia/ros2_usb2can_motor_controller/install/motor_controller/share/motor_controller/environment/ament_prefix_path.sh
[1.684s] -- Installing: /home/nvidia/ros2_usb2can_motor_controller/install/motor_controller/share/motor_controller/environment/ament_prefix_path.dsv
[1.684s] -- Installing: /home/nvidia/ros2_usb2can_motor_controller/install/motor_controller/share/motor_controller/environment/path.sh
[1.684s] -- Installing: /home/nvidia/ros2_usb2can_motor_controller/install/motor_controller/share/motor_controller/environment/path.dsv
[1.684s] -- Installing: /home/nvidia/ros2_usb2can_motor_controller/install/motor_controller/share/motor_controller/local_setup.bash
[1.685s] -- Installing: /home/nvidia/ros2_usb2can_motor_controller/install/motor_controller/share/motor_controller/local_setup.sh
[1.685s] -- Installing: /home/nvidia/ros2_usb2can_motor_controller/install/motor_controller/share/motor_controller/local_setup.zsh
[1.685s] -- Installing: /home/nvidia/ros2_usb2can_motor_controller/install/motor_controller/share/motor_controller/local_setup.dsv
[1.686s] -- Installing: /home/nvidia/ros2_usb2can_motor_controller/install/motor_controller/share/motor_controller/package.dsv
[1.686s] -- Installing: /home/nvidia/ros2_usb2can_motor_controller/install/motor_controller/share/ament_index/resource_index/packages/motor_controller
[1.686s] -- Installing: /home/nvidia/ros2_usb2can_motor_controller/install/motor_controller/share/motor_controller/cmake/motor_controllerConfig.cmake
[1.686s] -- Installing: /home/nvidia/ros2_usb2can_motor_controller/install/motor_controller/share/motor_controller/cmake/motor_controllerConfig-version.cmake
[1.687s] -- Installing: /home/nvidia/ros2_usb2can_motor_controller/install/motor_controller/share/motor_controller/package.xml
[1.692s] Invoked command in '/home/nvidia/ros2_usb2can_motor_controller/build/motor_controller' returned '0': AMENT_PREFIX_PATH=/home/nvidia/ros2_usb2can_motor_controller/install/can_usb_driver:${AMENT_PREFIX_PATH} CMAKE_PREFIX_PATH=${CMAKE_PREFIX_PATH}:/home/nvidia/ros2_usb2can_motor_controller/install/can_usb_driver:/opt/ros/foxy /usr/bin/cmake --install /home/nvidia/ros2_usb2can_motor_controller/build/motor_controller
