-- Found ament_cmake: 1.3.11 (/opt/ros/humble/share/ament_cmake/cmake)
-- Found rclcpp: 16.0.12 (/opt/ros/humble/share/rclcpp/cmake)
-- Found rosidl_generator_c: 3.1.6 (/opt/ros/humble/share/rosidl_generator_c/cmake)
-- Found rosidl_adapter: 3.1.6 (/opt/ros/humble/share/rosidl_adapter/cmake)
-- Found rosidl_generator_cpp: 3.1.6 (/opt/ros/humble/share/rosidl_generator_cpp/cmake)
-- Using all available rosidl_typesupport_c: rosidl_typesupport_fastrtps_c;rosidl_typesupport_introspection_c
-- Using all available rosidl_typesupport_cpp: rosidl_typesupport_fastrtps_cpp;rosidl_typesupport_introspection_cpp
-- Found rmw_implementation_cmake: 6.1.2 (/opt/ros/humble/share/rmw_implementation_cmake/cmake)
-- Found rmw_fastrtps_cpp: 6.2.7 (/opt/ros/humble/share/rmw_fastrtps_cpp/cmake)
-- Using RMW implementation 'rmw_fastrtps_cpp' as default
-- Configuring done
-- Generating done
-- Build files have been written to: /home/nvidia/ros2_usb2can_motor_controller/build/can_usb_driver
[35m[1mConsolidate compiler generated dependencies of target can_usb_driver[0m
[100%] Built target can_usb_driver
-- Install configuration: ""
-- Up-to-date: /home/nvidia/ros2_usb2can_motor_controller/install/can_usb_driver/lib/libcan_usb_driver.a
-- Up-to-date: /home/nvidia/ros2_usb2can_motor_controller/install/can_usb_driver/include
-- Up-to-date: /home/nvidia/ros2_usb2can_motor_controller/install/can_usb_driver/include/can_usb_driver
-- Up-to-date: /home/nvidia/ros2_usb2can_motor_controller/install/can_usb_driver/include/can_usb_driver/can_usb_device.hpp
-- Up-to-date: /home/nvidia/ros2_usb2can_motor_controller/install/can_usb_driver/share/ament_index/resource_index/package_run_dependencies/can_usb_driver
-- Up-to-date: /home/nvidia/ros2_usb2can_motor_controller/install/can_usb_driver/share/ament_index/resource_index/parent_prefix_path/can_usb_driver
-- Up-to-date: /home/nvidia/ros2_usb2can_motor_controller/install/can_usb_driver/share/can_usb_driver/environment/ament_prefix_path.sh
-- Installing: /home/nvidia/ros2_usb2can_motor_controller/install/can_usb_driver/share/can_usb_driver/environment/ament_prefix_path.dsv
-- Up-to-date: /home/nvidia/ros2_usb2can_motor_controller/install/can_usb_driver/share/can_usb_driver/environment/path.sh
-- Installing: /home/nvidia/ros2_usb2can_motor_controller/install/can_usb_driver/share/can_usb_driver/environment/path.dsv
-- Up-to-date: /home/nvidia/ros2_usb2can_motor_controller/install/can_usb_driver/share/can_usb_driver/local_setup.bash
-- Up-to-date: /home/nvidia/ros2_usb2can_motor_controller/install/can_usb_driver/share/can_usb_driver/local_setup.sh
-- Up-to-date: /home/nvidia/ros2_usb2can_motor_controller/install/can_usb_driver/share/can_usb_driver/local_setup.zsh
-- Installing: /home/nvidia/ros2_usb2can_motor_controller/install/can_usb_driver/share/can_usb_driver/local_setup.dsv
-- Installing: /home/nvidia/ros2_usb2can_motor_controller/install/can_usb_driver/share/can_usb_driver/package.dsv
-- Up-to-date: /home/nvidia/ros2_usb2can_motor_controller/install/can_usb_driver/share/ament_index/resource_index/packages/can_usb_driver
-- Up-to-date: /home/nvidia/ros2_usb2can_motor_controller/install/can_usb_driver/share/can_usb_driver/cmake/export_can_usb_driverExport.cmake
-- Up-to-date: /home/nvidia/ros2_usb2can_motor_controller/install/can_usb_driver/share/can_usb_driver/cmake/export_can_usb_driverExport-noconfig.cmake
-- Up-to-date: /home/nvidia/ros2_usb2can_motor_controller/install/can_usb_driver/share/can_usb_driver/cmake/ament_cmake_export_include_directories-extras.cmake
-- Up-to-date: /home/nvidia/ros2_usb2can_motor_controller/install/can_usb_driver/share/can_usb_driver/cmake/ament_cmake_export_targets-extras.cmake
-- Up-to-date: /home/nvidia/ros2_usb2can_motor_controller/install/can_usb_driver/share/can_usb_driver/cmake/can_usb_driverConfig.cmake
-- Up-to-date: /home/nvidia/ros2_usb2can_motor_controller/install/can_usb_driver/share/can_usb_driver/cmake/can_usb_driverConfig-version.cmake
-- Up-to-date: /home/nvidia/ros2_usb2can_motor_controller/install/can_usb_driver/share/can_usb_driver/package.xml
