[0.007s] Invoking command in '/home/nvidia/ros2_usb2can_motor_controller/build/can_usb_driver': CMAKE_PREFIX_PATH=/opt/ros/humble /usr/bin/cmake --build /home/nvidia/ros2_usb2can_motor_controller/build/can_usb_driver -- -j16 -l16
[0.043s] -- Found ament_cmake: 1.3.11 (/opt/ros/humble/share/ament_cmake/cmake)
[0.133s] -- Found rclcpp: 16.0.12 (/opt/ros/humble/share/rclcpp/cmake)
[0.150s] -- Found rosidl_generator_c: 3.1.6 (/opt/ros/humble/share/rosidl_generator_c/cmake)
[0.151s] -- Found rosidl_adapter: 3.1.6 (/opt/ros/humble/share/rosidl_adapter/cmake)
[0.154s] -- Found rosidl_generator_cpp: 3.1.6 (/opt/ros/humble/share/rosidl_generator_cpp/cmake)
[0.159s] -- Using all available rosidl_typesupport_c: rosidl_typesupport_fastrtps_c;rosidl_typesupport_introspection_c
[0.166s] -- Using all available rosidl_typesupport_cpp: rosidl_typesupport_fastrtps_cpp;rosidl_typesupport_introspection_cpp
[0.186s] -- Found rmw_implementation_cmake: 6.1.2 (/opt/ros/humble/share/rmw_implementation_cmake/cmake)
[0.187s] -- Found rmw_fastrtps_cpp: 6.2.7 (/opt/ros/humble/share/rmw_fastrtps_cpp/cmake)
[0.251s] -- Using RMW implementation 'rmw_fastrtps_cpp' as default
[0.325s] -- Configuring done
[0.330s] -- Generating done
[0.332s] -- Build files have been written to: /home/nvidia/ros2_usb2can_motor_controller/build/can_usb_driver
[0.351s] [35m[1mConsolidate compiler generated dependencies of target can_usb_driver[0m
[0.369s] [100%] Built target can_usb_driver
[0.377s] Invoked command in '/home/nvidia/ros2_usb2can_motor_controller/build/can_usb_driver' returned '0': CMAKE_PREFIX_PATH=/opt/ros/humble /usr/bin/cmake --build /home/nvidia/ros2_usb2can_motor_controller/build/can_usb_driver -- -j16 -l16
[0.384s] Invoking command in '/home/nvidia/ros2_usb2can_motor_controller/build/can_usb_driver': CMAKE_PREFIX_PATH=/opt/ros/humble /usr/bin/cmake --install /home/nvidia/ros2_usb2can_motor_controller/build/can_usb_driver
[0.390s] -- Install configuration: ""
[0.390s] -- Up-to-date: /home/nvidia/ros2_usb2can_motor_controller/install/can_usb_driver/lib/libcan_usb_driver.a
[0.390s] -- Up-to-date: /home/nvidia/ros2_usb2can_motor_controller/install/can_usb_driver/include
[0.390s] -- Up-to-date: /home/nvidia/ros2_usb2can_motor_controller/install/can_usb_driver/include/can_usb_driver
[0.390s] -- Up-to-date: /home/nvidia/ros2_usb2can_motor_controller/install/can_usb_driver/include/can_usb_driver/can_usb_device.hpp
[0.390s] -- Up-to-date: /home/nvidia/ros2_usb2can_motor_controller/install/can_usb_driver/share/ament_index/resource_index/package_run_dependencies/can_usb_driver
[0.390s] -- Up-to-date: /home/nvidia/ros2_usb2can_motor_controller/install/can_usb_driver/share/ament_index/resource_index/parent_prefix_path/can_usb_driver
[0.390s] -- Up-to-date: /home/nvidia/ros2_usb2can_motor_controller/install/can_usb_driver/share/can_usb_driver/environment/ament_prefix_path.sh
[0.390s] -- Installing: /home/nvidia/ros2_usb2can_motor_controller/install/can_usb_driver/share/can_usb_driver/environment/ament_prefix_path.dsv
[0.390s] -- Up-to-date: /home/nvidia/ros2_usb2can_motor_controller/install/can_usb_driver/share/can_usb_driver/environment/path.sh
[0.390s] -- Installing: /home/nvidia/ros2_usb2can_motor_controller/install/can_usb_driver/share/can_usb_driver/environment/path.dsv
[0.391s] -- Up-to-date: /home/nvidia/ros2_usb2can_motor_controller/install/can_usb_driver/share/can_usb_driver/local_setup.bash
[0.391s] -- Up-to-date: /home/nvidia/ros2_usb2can_motor_controller/install/can_usb_driver/share/can_usb_driver/local_setup.sh
[0.391s] -- Up-to-date: /home/nvidia/ros2_usb2can_motor_controller/install/can_usb_driver/share/can_usb_driver/local_setup.zsh
[0.391s] -- Installing: /home/nvidia/ros2_usb2can_motor_controller/install/can_usb_driver/share/can_usb_driver/local_setup.dsv
[0.391s] -- Installing: /home/nvidia/ros2_usb2can_motor_controller/install/can_usb_driver/share/can_usb_driver/package.dsv
[0.391s] -- Up-to-date: /home/nvidia/ros2_usb2can_motor_controller/install/can_usb_driver/share/ament_index/resource_index/packages/can_usb_driver
[0.391s] -- Up-to-date: /home/nvidia/ros2_usb2can_motor_controller/install/can_usb_driver/share/can_usb_driver/cmake/export_can_usb_driverExport.cmake
[0.391s] -- Up-to-date: /home/nvidia/ros2_usb2can_motor_controller/install/can_usb_driver/share/can_usb_driver/cmake/export_can_usb_driverExport-noconfig.cmake
[0.391s] -- Up-to-date: /home/nvidia/ros2_usb2can_motor_controller/install/can_usb_driver/share/can_usb_driver/cmake/ament_cmake_export_include_directories-extras.cmake
[0.391s] -- Up-to-date: /home/nvidia/ros2_usb2can_motor_controller/install/can_usb_driver/share/can_usb_driver/cmake/ament_cmake_export_targets-extras.cmake
[0.391s] -- Up-to-date: /home/nvidia/ros2_usb2can_motor_controller/install/can_usb_driver/share/can_usb_driver/cmake/can_usb_driverConfig.cmake
[0.391s] -- Up-to-date: /home/nvidia/ros2_usb2can_motor_controller/install/can_usb_driver/share/can_usb_driver/cmake/can_usb_driverConfig-version.cmake
[0.391s] -- Up-to-date: /home/nvidia/ros2_usb2can_motor_controller/install/can_usb_driver/share/can_usb_driver/package.xml
[0.392s] Invoked command in '/home/nvidia/ros2_usb2can_motor_controller/build/can_usb_driver' returned '0': CMAKE_PREFIX_PATH=/opt/ros/humble /usr/bin/cmake --install /home/nvidia/ros2_usb2can_motor_controller/build/can_usb_driver
