[0.021s] Invoking command in '/home/nvidia/ros2_usb2can_motor_controller/build/motor_controller': CMAKE_PREFIX_PATH=/home/nvidia/ros2_usb2can_motor_controller/install/motor_interfaces:/home/nvidia/ros2_usb2can_motor_controller/install/can_usb_driver:/home/nvidia/ros2_usb2can_motor_controller/install/motor_controller:/opt/ros/foxy /usr/bin/cmake --build /home/nvidia/ros2_usb2can_motor_controller/build/motor_controller -- -j12 -l12
[0.091s] [35m[1mScanning dependencies of target motor_node[0m
[0.132s] [ 25%] [32mBuilding CXX object CMakeFiles/motor_node.dir/src/motor_node.cpp.o[0m
[12.159s] [ 50%] [32m[1mLinking CXX executable motor_node[0m
[12.707s] [100%] Built target motor_node
[12.727s] Invoked command in '/home/nvidia/ros2_usb2can_motor_controller/build/motor_controller' returned '0': CMAKE_PREFIX_PATH=/home/nvidia/ros2_usb2can_motor_controller/install/motor_interfaces:/home/nvidia/ros2_usb2can_motor_controller/install/can_usb_driver:/home/nvidia/ros2_usb2can_motor_controller/install/motor_controller:/opt/ros/foxy /usr/bin/cmake --build /home/nvidia/ros2_usb2can_motor_controller/build/motor_controller -- -j12 -l12
[12.734s] Invoking command in '/home/nvidia/ros2_usb2can_motor_controller/build/motor_controller': CMAKE_PREFIX_PATH=/home/nvidia/ros2_usb2can_motor_controller/install/motor_interfaces:/home/nvidia/ros2_usb2can_motor_controller/install/can_usb_driver:/home/nvidia/ros2_usb2can_motor_controller/install/motor_controller:/opt/ros/foxy /usr/bin/cmake --install /home/nvidia/ros2_usb2can_motor_controller/build/motor_controller
[12.749s] -- Install configuration: ""
[12.750s] -- Installing: /home/nvidia/ros2_usb2can_motor_controller/install/motor_controller/lib/motor_controller/motor_node
[12.755s] -- Set runtime path of "/home/nvidia/ros2_usb2can_motor_controller/install/motor_controller/lib/motor_controller/motor_node" to ""
[12.755s] -- Up-to-date: /home/nvidia/ros2_usb2can_motor_controller/install/motor_controller/include
[12.755s] -- Up-to-date: /home/nvidia/ros2_usb2can_motor_controller/install/motor_controller/include/motor_controller
[12.755s] -- Up-to-date: /home/nvidia/ros2_usb2can_motor_controller/install/motor_controller/include/motor_controller/se_motor_parser.hpp
[12.755s] -- Up-to-date: /home/nvidia/ros2_usb2can_motor_controller/install/motor_controller/include/motor_controller/motor_parser_base.hpp
[12.756s] -- Up-to-date: /home/nvidia/ros2_usb2can_motor_controller/install/motor_controller/include/motor_controller/rs03_motor_parser.hpp
[12.756s] -- Up-to-date: /home/nvidia/ros2_usb2can_motor_controller/install/motor_controller/include/motor_controller/math_ops.hpp
[12.756s] -- Up-to-date: /home/nvidia/ros2_usb2can_motor_controller/install/motor_controller/share/motor_controller/config
[12.756s] -- Up-to-date: /home/nvidia/ros2_usb2can_motor_controller/install/motor_controller/share/motor_controller/config/devices.yaml
[12.756s] -- Up-to-date: /home/nvidia/ros2_usb2can_motor_controller/install/motor_controller/share/motor_controller/config/motors.yaml
[12.756s] -- Up-to-date: /home/nvidia/ros2_usb2can_motor_controller/install/motor_controller/share/motor_controller//launch
[12.756s] -- Up-to-date: /home/nvidia/ros2_usb2can_motor_controller/install/motor_controller/share/motor_controller//launch/motor_node.launch.py
[12.757s] -- Up-to-date: /home/nvidia/ros2_usb2can_motor_controller/install/motor_controller/share/ament_index/resource_index/package_run_dependencies/motor_controller
[12.757s] -- Up-to-date: /home/nvidia/ros2_usb2can_motor_controller/install/motor_controller/share/ament_index/resource_index/parent_prefix_path/motor_controller
[12.757s] -- Up-to-date: /home/nvidia/ros2_usb2can_motor_controller/install/motor_controller/share/motor_controller/environment/ament_prefix_path.sh
[12.757s] -- Up-to-date: /home/nvidia/ros2_usb2can_motor_controller/install/motor_controller/share/motor_controller/environment/ament_prefix_path.dsv
[12.757s] -- Up-to-date: /home/nvidia/ros2_usb2can_motor_controller/install/motor_controller/share/motor_controller/environment/path.sh
[12.757s] -- Up-to-date: /home/nvidia/ros2_usb2can_motor_controller/install/motor_controller/share/motor_controller/environment/path.dsv
[12.757s] -- Up-to-date: /home/nvidia/ros2_usb2can_motor_controller/install/motor_controller/share/motor_controller/local_setup.bash
[12.757s] -- Up-to-date: /home/nvidia/ros2_usb2can_motor_controller/install/motor_controller/share/motor_controller/local_setup.sh
[12.758s] -- Up-to-date: /home/nvidia/ros2_usb2can_motor_controller/install/motor_controller/share/motor_controller/local_setup.zsh
[12.758s] -- Up-to-date: /home/nvidia/ros2_usb2can_motor_controller/install/motor_controller/share/motor_controller/local_setup.dsv
[12.758s] -- Installing: /home/nvidia/ros2_usb2can_motor_controller/install/motor_controller/share/motor_controller/package.dsv
[12.758s] -- Up-to-date: /home/nvidia/ros2_usb2can_motor_controller/install/motor_controller/share/ament_index/resource_index/packages/motor_controller
[12.758s] -- Up-to-date: /home/nvidia/ros2_usb2can_motor_controller/install/motor_controller/share/motor_controller/cmake/motor_controllerConfig.cmake
[12.758s] -- Up-to-date: /home/nvidia/ros2_usb2can_motor_controller/install/motor_controller/share/motor_controller/cmake/motor_controllerConfig-version.cmake
[12.758s] -- Up-to-date: /home/nvidia/ros2_usb2can_motor_controller/install/motor_controller/share/motor_controller/package.xml
[12.762s] Invoked command in '/home/nvidia/ros2_usb2can_motor_controller/build/motor_controller' returned '0': CMAKE_PREFIX_PATH=/home/nvidia/ros2_usb2can_motor_controller/install/motor_interfaces:/home/nvidia/ros2_usb2can_motor_controller/install/can_usb_driver:/home/nvidia/ros2_usb2can_motor_controller/install/motor_controller:/opt/ros/foxy /usr/bin/cmake --install /home/nvidia/ros2_usb2can_motor_controller/build/motor_controller
