[0.052s] DEBUG:colcon:Command line arguments: ['/usr/bin/colcon', 'build']
[0.052s] DEBUG:colcon:Parsed command line arguments: Namespace(log_base=None, log_level=None, verb_name='build', build_base='build', install_base='install', merge_install=False, symlink_install=False, test_result_base=None, continue_on_error=False, executor='parallel', parallel_workers=16, event_handlers=None, ignore_user_meta=False, metas=['./colcon.meta'], base_paths=['.'], packages_ignore=None, packages_ignore_regex=None, paths=None, packages_up_to=None, packages_up_to_regex=None, packages_above=None, packages_above_and_dependencies=None, packages_above_depth=None, packages_select_by_dep=None, packages_skip_by_dep=None, packages_skip_up_to=None, packages_select_build_failed=False, packages_skip_build_finished=False, packages_select_test_failures=False, packages_skip_test_passed=False, packages_select=None, packages_skip=None, packages_select_regex=None, packages_skip_regex=None, packages_start=None, packages_end=None, allow_overriding=[], cmake_args=None, cmake_target=None, cmake_target_skip_unavailable=False, cmake_clean_cache=False, cmake_clean_first=False, cmake_force_configure=False, ament_cmake_args=None, catkin_cmake_args=None, catkin_skip_building_tests=False, verb_parser=<colcon_defaults.argument_parser.defaults.DefaultArgumentsDecorator object at 0x7239ae1e3250>, verb_extension=<colcon_core.verb.build.BuildVerb object at 0x7239ae3d0b50>, main=<bound method BuildVerb.main of <colcon_core.verb.build.BuildVerb object at 0x7239ae3d0b50>>)
[0.125s] Level 1:colcon.colcon_core.package_discovery:discover_packages(colcon_meta) check parameters
[0.125s] Level 1:colcon.colcon_core.package_discovery:discover_packages(recursive) check parameters
[0.125s] Level 1:colcon.colcon_core.package_discovery:discover_packages(ignore) check parameters
[0.125s] Level 1:colcon.colcon_core.package_discovery:discover_packages(path) check parameters
[0.125s] Level 1:colcon.colcon_core.package_discovery:discover_packages(colcon_meta) discover
[0.125s] Level 1:colcon.colcon_core.package_discovery:discover_packages(recursive) discover
[0.125s] INFO:colcon.colcon_core.package_discovery:Crawling recursively for packages in '/home/nvidia/ros2_usb2can_motor_controller'
[0.125s] Level 1:colcon.colcon_core.package_identification:_identify(.) by extensions ['ignore', 'ignore_ament_install']
[0.125s] Level 1:colcon.colcon_core.package_identification:_identify(.) by extension 'ignore'
[0.125s] Level 1:colcon.colcon_core.package_identification:_identify(.) by extension 'ignore_ament_install'
[0.125s] Level 1:colcon.colcon_core.package_identification:_identify(.) by extensions ['colcon_pkg']
[0.125s] Level 1:colcon.colcon_core.package_identification:_identify(.) by extension 'colcon_pkg'
[0.125s] Level 1:colcon.colcon_core.package_identification:_identify(.) by extensions ['colcon_meta']
[0.125s] Level 1:colcon.colcon_core.package_identification:_identify(.) by extension 'colcon_meta'
[0.125s] Level 1:colcon.colcon_core.package_identification:_identify(.) by extensions ['ros']
[0.125s] Level 1:colcon.colcon_core.package_identification:_identify(.) by extension 'ros'
[0.132s] Level 1:colcon.colcon_core.package_identification:_identify(.) by extensions ['cmake', 'python']
[0.132s] Level 1:colcon.colcon_core.package_identification:_identify(.) by extension 'cmake'
[0.132s] Level 1:colcon.colcon_core.package_identification:_identify(.) by extension 'python'
[0.132s] Level 1:colcon.colcon_core.package_identification:_identify(.) by extensions ['python_setup_py']
[0.132s] Level 1:colcon.colcon_core.package_identification:_identify(.) by extension 'python_setup_py'
[0.132s] Level 1:colcon.colcon_core.package_identification:_identify(build) by extensions ['ignore', 'ignore_ament_install']
[0.132s] Level 1:colcon.colcon_core.package_identification:_identify(build) by extension 'ignore'
[0.132s] Level 1:colcon.colcon_core.package_identification:_identify(build) ignored
[0.132s] Level 1:colcon.colcon_core.package_identification:_identify(install) by extensions ['ignore', 'ignore_ament_install']
[0.132s] Level 1:colcon.colcon_core.package_identification:_identify(install) by extension 'ignore'
[0.132s] Level 1:colcon.colcon_core.package_identification:_identify(install) ignored
[0.132s] Level 1:colcon.colcon_core.package_identification:_identify(log) by extensions ['ignore', 'ignore_ament_install']
[0.132s] Level 1:colcon.colcon_core.package_identification:_identify(log) by extension 'ignore'
[0.132s] Level 1:colcon.colcon_core.package_identification:_identify(log) ignored
[0.132s] Level 1:colcon.colcon_core.package_identification:_identify(src) by extensions ['ignore', 'ignore_ament_install']
[0.132s] Level 1:colcon.colcon_core.package_identification:_identify(src) by extension 'ignore'
[0.132s] Level 1:colcon.colcon_core.package_identification:_identify(src) by extension 'ignore_ament_install'
[0.132s] Level 1:colcon.colcon_core.package_identification:_identify(src) by extensions ['colcon_pkg']
[0.132s] Level 1:colcon.colcon_core.package_identification:_identify(src) by extension 'colcon_pkg'
[0.132s] Level 1:colcon.colcon_core.package_identification:_identify(src) by extensions ['colcon_meta']
[0.132s] Level 1:colcon.colcon_core.package_identification:_identify(src) by extension 'colcon_meta'
[0.132s] Level 1:colcon.colcon_core.package_identification:_identify(src) by extensions ['ros']
[0.132s] Level 1:colcon.colcon_core.package_identification:_identify(src) by extension 'ros'
[0.132s] Level 1:colcon.colcon_core.package_identification:_identify(src) by extensions ['cmake', 'python']
[0.132s] Level 1:colcon.colcon_core.package_identification:_identify(src) by extension 'cmake'
[0.132s] Level 1:colcon.colcon_core.package_identification:_identify(src) by extension 'python'
[0.132s] Level 1:colcon.colcon_core.package_identification:_identify(src) by extensions ['python_setup_py']
[0.132s] Level 1:colcon.colcon_core.package_identification:_identify(src) by extension 'python_setup_py'
[0.133s] Level 1:colcon.colcon_core.package_identification:_identify(src/can_usb_driver) by extensions ['ignore', 'ignore_ament_install']
[0.133s] Level 1:colcon.colcon_core.package_identification:_identify(src/can_usb_driver) by extension 'ignore'
[0.133s] Level 1:colcon.colcon_core.package_identification:_identify(src/can_usb_driver) by extension 'ignore_ament_install'
[0.133s] Level 1:colcon.colcon_core.package_identification:_identify(src/can_usb_driver) by extensions ['colcon_pkg']
[0.133s] Level 1:colcon.colcon_core.package_identification:_identify(src/can_usb_driver) by extension 'colcon_pkg'
[0.133s] Level 1:colcon.colcon_core.package_identification:_identify(src/can_usb_driver) by extensions ['colcon_meta']
[0.133s] Level 1:colcon.colcon_core.package_identification:_identify(src/can_usb_driver) by extension 'colcon_meta'
[0.133s] Level 1:colcon.colcon_core.package_identification:_identify(src/can_usb_driver) by extensions ['ros']
[0.133s] Level 1:colcon.colcon_core.package_identification:_identify(src/can_usb_driver) by extension 'ros'
[0.134s] DEBUG:colcon.colcon_core.package_identification:Package 'src/can_usb_driver' with type 'ros.ament_cmake' and name 'can_usb_driver'
[0.134s] Level 1:colcon.colcon_core.package_identification:_identify(src/motor_controller) by extensions ['ignore', 'ignore_ament_install']
[0.134s] Level 1:colcon.colcon_core.package_identification:_identify(src/motor_controller) by extension 'ignore'
[0.134s] Level 1:colcon.colcon_core.package_identification:_identify(src/motor_controller) by extension 'ignore_ament_install'
[0.134s] Level 1:colcon.colcon_core.package_identification:_identify(src/motor_controller) by extensions ['colcon_pkg']
[0.134s] Level 1:colcon.colcon_core.package_identification:_identify(src/motor_controller) by extension 'colcon_pkg'
[0.134s] Level 1:colcon.colcon_core.package_identification:_identify(src/motor_controller) by extensions ['colcon_meta']
[0.134s] Level 1:colcon.colcon_core.package_identification:_identify(src/motor_controller) by extension 'colcon_meta'
[0.134s] Level 1:colcon.colcon_core.package_identification:_identify(src/motor_controller) by extensions ['ros']
[0.134s] Level 1:colcon.colcon_core.package_identification:_identify(src/motor_controller) by extension 'ros'
[0.135s] DEBUG:colcon.colcon_core.package_identification:Package 'src/motor_controller' with type 'ros.ament_cmake' and name 'motor_controller'
[0.135s] Level 1:colcon.colcon_core.package_identification:_identify(src/motor_interfaces) by extensions ['ignore', 'ignore_ament_install']
[0.135s] Level 1:colcon.colcon_core.package_identification:_identify(src/motor_interfaces) by extension 'ignore'
[0.135s] Level 1:colcon.colcon_core.package_identification:_identify(src/motor_interfaces) by extension 'ignore_ament_install'
[0.135s] Level 1:colcon.colcon_core.package_identification:_identify(src/motor_interfaces) by extensions ['colcon_pkg']
[0.135s] Level 1:colcon.colcon_core.package_identification:_identify(src/motor_interfaces) by extension 'colcon_pkg'
[0.135s] Level 1:colcon.colcon_core.package_identification:_identify(src/motor_interfaces) by extensions ['colcon_meta']
[0.135s] Level 1:colcon.colcon_core.package_identification:_identify(src/motor_interfaces) by extension 'colcon_meta'
[0.135s] Level 1:colcon.colcon_core.package_identification:_identify(src/motor_interfaces) by extensions ['ros']
[0.135s] Level 1:colcon.colcon_core.package_identification:_identify(src/motor_interfaces) by extension 'ros'
[0.135s] DEBUG:colcon.colcon_core.package_identification:Package 'src/motor_interfaces' with type 'ros.ament_cmake' and name 'motor_interfaces'
[0.135s] Level 1:colcon.colcon_core.package_discovery:discover_packages(recursive) using defaults
[0.135s] Level 1:colcon.colcon_core.package_discovery:discover_packages(ignore) discover
[0.135s] Level 1:colcon.colcon_core.package_discovery:discover_packages(ignore) using defaults
[0.135s] Level 1:colcon.colcon_core.package_discovery:discover_packages(path) discover
[0.135s] Level 1:colcon.colcon_core.package_discovery:discover_packages(path) using defaults
[0.146s] Level 1:colcon.colcon_core.package_discovery:discover_packages(prefix_path) check parameters
[0.146s] Level 1:colcon.colcon_core.package_discovery:discover_packages(prefix_path) discover
[0.147s] DEBUG:colcon.colcon_installed_package_information.package_discovery:Found 271 installed packages in /opt/ros/humble
[0.148s] Level 1:colcon.colcon_core.package_discovery:discover_packages(prefix_path) using defaults
[0.169s] Level 5:colcon.colcon_core.verb:set package 'can_usb_driver' build argument 'cmake_args' from command line to 'None'
[0.169s] Level 5:colcon.colcon_core.verb:set package 'can_usb_driver' build argument 'cmake_target' from command line to 'None'
[0.169s] Level 5:colcon.colcon_core.verb:set package 'can_usb_driver' build argument 'cmake_target_skip_unavailable' from command line to 'False'
[0.169s] Level 5:colcon.colcon_core.verb:set package 'can_usb_driver' build argument 'cmake_clean_cache' from command line to 'False'
[0.169s] Level 5:colcon.colcon_core.verb:set package 'can_usb_driver' build argument 'cmake_clean_first' from command line to 'False'
[0.169s] Level 5:colcon.colcon_core.verb:set package 'can_usb_driver' build argument 'cmake_force_configure' from command line to 'False'
[0.169s] Level 5:colcon.colcon_core.verb:set package 'can_usb_driver' build argument 'ament_cmake_args' from command line to 'None'
[0.169s] Level 5:colcon.colcon_core.verb:set package 'can_usb_driver' build argument 'catkin_cmake_args' from command line to 'None'
[0.169s] Level 5:colcon.colcon_core.verb:set package 'can_usb_driver' build argument 'catkin_skip_building_tests' from command line to 'False'
[0.170s] DEBUG:colcon.colcon_core.verb:Building package 'can_usb_driver' with the following arguments: {'ament_cmake_args': None, 'build_base': '/home/nvidia/ros2_usb2can_motor_controller/build/can_usb_driver', 'catkin_cmake_args': None, 'catkin_skip_building_tests': False, 'cmake_args': None, 'cmake_clean_cache': False, 'cmake_clean_first': False, 'cmake_force_configure': False, 'cmake_target': None, 'cmake_target_skip_unavailable': False, 'install_base': '/home/nvidia/ros2_usb2can_motor_controller/install/can_usb_driver', 'merge_install': False, 'path': '/home/nvidia/ros2_usb2can_motor_controller/src/can_usb_driver', 'symlink_install': False, 'test_result_base': None}
[0.170s] Level 5:colcon.colcon_core.verb:set package 'motor_interfaces' build argument 'cmake_args' from command line to 'None'
[0.170s] Level 5:colcon.colcon_core.verb:set package 'motor_interfaces' build argument 'cmake_target' from command line to 'None'
[0.170s] Level 5:colcon.colcon_core.verb:set package 'motor_interfaces' build argument 'cmake_target_skip_unavailable' from command line to 'False'
[0.170s] Level 5:colcon.colcon_core.verb:set package 'motor_interfaces' build argument 'cmake_clean_cache' from command line to 'False'
[0.170s] Level 5:colcon.colcon_core.verb:set package 'motor_interfaces' build argument 'cmake_clean_first' from command line to 'False'
[0.170s] Level 5:colcon.colcon_core.verb:set package 'motor_interfaces' build argument 'cmake_force_configure' from command line to 'False'
[0.170s] Level 5:colcon.colcon_core.verb:set package 'motor_interfaces' build argument 'ament_cmake_args' from command line to 'None'
[0.170s] Level 5:colcon.colcon_core.verb:set package 'motor_interfaces' build argument 'catkin_cmake_args' from command line to 'None'
[0.170s] Level 5:colcon.colcon_core.verb:set package 'motor_interfaces' build argument 'catkin_skip_building_tests' from command line to 'False'
[0.170s] DEBUG:colcon.colcon_core.verb:Building package 'motor_interfaces' with the following arguments: {'ament_cmake_args': None, 'build_base': '/home/nvidia/ros2_usb2can_motor_controller/build/motor_interfaces', 'catkin_cmake_args': None, 'catkin_skip_building_tests': False, 'cmake_args': None, 'cmake_clean_cache': False, 'cmake_clean_first': False, 'cmake_force_configure': False, 'cmake_target': None, 'cmake_target_skip_unavailable': False, 'install_base': '/home/nvidia/ros2_usb2can_motor_controller/install/motor_interfaces', 'merge_install': False, 'path': '/home/nvidia/ros2_usb2can_motor_controller/src/motor_interfaces', 'symlink_install': False, 'test_result_base': None}
[0.170s] Level 5:colcon.colcon_core.verb:set package 'motor_controller' build argument 'cmake_args' from command line to 'None'
[0.170s] Level 5:colcon.colcon_core.verb:set package 'motor_controller' build argument 'cmake_target' from command line to 'None'
[0.170s] Level 5:colcon.colcon_core.verb:set package 'motor_controller' build argument 'cmake_target_skip_unavailable' from command line to 'False'
[0.170s] Level 5:colcon.colcon_core.verb:set package 'motor_controller' build argument 'cmake_clean_cache' from command line to 'False'
[0.170s] Level 5:colcon.colcon_core.verb:set package 'motor_controller' build argument 'cmake_clean_first' from command line to 'False'
[0.170s] Level 5:colcon.colcon_core.verb:set package 'motor_controller' build argument 'cmake_force_configure' from command line to 'False'
[0.170s] Level 5:colcon.colcon_core.verb:set package 'motor_controller' build argument 'ament_cmake_args' from command line to 'None'
[0.170s] Level 5:colcon.colcon_core.verb:set package 'motor_controller' build argument 'catkin_cmake_args' from command line to 'None'
[0.170s] Level 5:colcon.colcon_core.verb:set package 'motor_controller' build argument 'catkin_skip_building_tests' from command line to 'False'
[0.170s] DEBUG:colcon.colcon_core.verb:Building package 'motor_controller' with the following arguments: {'ament_cmake_args': None, 'build_base': '/home/nvidia/ros2_usb2can_motor_controller/build/motor_controller', 'catkin_cmake_args': None, 'catkin_skip_building_tests': False, 'cmake_args': None, 'cmake_clean_cache': False, 'cmake_clean_first': False, 'cmake_force_configure': False, 'cmake_target': None, 'cmake_target_skip_unavailable': False, 'install_base': '/home/nvidia/ros2_usb2can_motor_controller/install/motor_controller', 'merge_install': False, 'path': '/home/nvidia/ros2_usb2can_motor_controller/src/motor_controller', 'symlink_install': False, 'test_result_base': None}
[0.170s] INFO:colcon.colcon_core.executor:Executing jobs using 'parallel' executor
[0.171s] DEBUG:colcon.colcon_parallel_executor.executor.parallel:run_until_complete
[0.171s] INFO:colcon.colcon_ros.task.ament_cmake.build:Building ROS package in '/home/nvidia/ros2_usb2can_motor_controller/src/can_usb_driver' with build type 'ament_cmake'
[0.171s] INFO:colcon.colcon_cmake.task.cmake.build:Building CMake package in '/home/nvidia/ros2_usb2can_motor_controller/src/can_usb_driver'
[0.172s] INFO:colcon.colcon_core.plugin_system:Skipping extension 'colcon_core.shell.bat': Not used on non-Windows systems
[0.172s] INFO:colcon.colcon_core.shell:Skip shell extension 'powershell' for command environment: Not usable outside of PowerShell
[0.172s] DEBUG:colcon.colcon_core.shell:Skip shell extension 'dsv' for command environment
[0.174s] INFO:colcon.colcon_ros.task.ament_cmake.build:Building ROS package in '/home/nvidia/ros2_usb2can_motor_controller/src/motor_interfaces' with build type 'ament_cmake'
[0.174s] INFO:colcon.colcon_cmake.task.cmake.build:Building CMake package in '/home/nvidia/ros2_usb2can_motor_controller/src/motor_interfaces'
[0.174s] INFO:colcon.colcon_core.shell:Skip shell extension 'powershell' for command environment: Not usable outside of PowerShell
[0.174s] DEBUG:colcon.colcon_core.shell:Skip shell extension 'dsv' for command environment
[0.179s] DEBUG:colcon.colcon_core.event_handler.log_command:Invoking command in '/home/nvidia/ros2_usb2can_motor_controller/build/can_usb_driver': CMAKE_PREFIX_PATH=/opt/ros/humble /usr/bin/cmake --build /home/nvidia/ros2_usb2can_motor_controller/build/can_usb_driver -- -j16 -l16
[0.181s] DEBUG:colcon.colcon_core.event_handler.log_command:Invoking command in '/home/nvidia/ros2_usb2can_motor_controller/build/motor_interfaces': CMAKE_PREFIX_PATH=/opt/ros/humble /usr/bin/cmake --build /home/nvidia/ros2_usb2can_motor_controller/build/motor_interfaces -- -j16 -l16
[0.230s] DEBUG:colcon.colcon_core.event_handler.log_command:Invoked command in '/home/nvidia/ros2_usb2can_motor_controller/build/can_usb_driver' returned '0': CMAKE_PREFIX_PATH=/opt/ros/humble /usr/bin/cmake --build /home/nvidia/ros2_usb2can_motor_controller/build/can_usb_driver -- -j16 -l16
[0.237s] DEBUG:colcon.colcon_core.event_handler.log_command:Invoking command in '/home/nvidia/ros2_usb2can_motor_controller/build/can_usb_driver': CMAKE_PREFIX_PATH=/opt/ros/humble /usr/bin/cmake --install /home/nvidia/ros2_usb2can_motor_controller/build/can_usb_driver
[0.243s] Level 1:colcon.colcon_core.environment:create_environment_scripts_only(can_usb_driver)
[0.243s] DEBUG:colcon.colcon_core.event_handler.log_command:Invoked command in '/home/nvidia/ros2_usb2can_motor_controller/build/can_usb_driver' returned '0': CMAKE_PREFIX_PATH=/opt/ros/humble /usr/bin/cmake --install /home/nvidia/ros2_usb2can_motor_controller/build/can_usb_driver
[0.245s] Level 1:colcon.colcon_core.environment:checking '/home/nvidia/ros2_usb2can_motor_controller/install/can_usb_driver' for CMake module files
[0.245s] Level 1:colcon.colcon_core.environment:checking '/home/nvidia/ros2_usb2can_motor_controller/install/can_usb_driver' for CMake config files
[0.245s] Level 1:colcon.colcon_core.shell:create_environment_hook('can_usb_driver', 'cmake_prefix_path')
[0.246s] INFO:colcon.colcon_core.shell:Creating environment hook '/home/nvidia/ros2_usb2can_motor_controller/install/can_usb_driver/share/can_usb_driver/hook/cmake_prefix_path.ps1'
[0.246s] INFO:colcon.colcon_core.shell:Creating environment descriptor '/home/nvidia/ros2_usb2can_motor_controller/install/can_usb_driver/share/can_usb_driver/hook/cmake_prefix_path.dsv'
[0.246s] INFO:colcon.colcon_core.shell:Creating environment hook '/home/nvidia/ros2_usb2can_motor_controller/install/can_usb_driver/share/can_usb_driver/hook/cmake_prefix_path.sh'
[0.247s] Level 1:colcon.colcon_core.environment:checking '/home/nvidia/ros2_usb2can_motor_controller/install/can_usb_driver/lib'
[0.247s] Level 1:colcon.colcon_core.environment:checking '/home/nvidia/ros2_usb2can_motor_controller/install/can_usb_driver/bin'
[0.247s] Level 1:colcon.colcon_core.environment:checking '/home/nvidia/ros2_usb2can_motor_controller/install/can_usb_driver/lib/pkgconfig/can_usb_driver.pc'
[0.247s] Level 1:colcon.colcon_core.environment:checking '/home/nvidia/ros2_usb2can_motor_controller/install/can_usb_driver/lib/python3.10/site-packages'
[0.247s] Level 1:colcon.colcon_core.environment:checking '/home/nvidia/ros2_usb2can_motor_controller/install/can_usb_driver/bin'
[0.247s] INFO:colcon.colcon_core.shell:Creating package script '/home/nvidia/ros2_usb2can_motor_controller/install/can_usb_driver/share/can_usb_driver/package.ps1'
[0.248s] INFO:colcon.colcon_core.shell:Creating package descriptor '/home/nvidia/ros2_usb2can_motor_controller/install/can_usb_driver/share/can_usb_driver/package.dsv'
[0.248s] INFO:colcon.colcon_core.shell:Creating package script '/home/nvidia/ros2_usb2can_motor_controller/install/can_usb_driver/share/can_usb_driver/package.sh'
[0.249s] INFO:colcon.colcon_core.shell:Creating package script '/home/nvidia/ros2_usb2can_motor_controller/install/can_usb_driver/share/can_usb_driver/package.bash'
[0.249s] INFO:colcon.colcon_core.shell:Creating package script '/home/nvidia/ros2_usb2can_motor_controller/install/can_usb_driver/share/can_usb_driver/package.zsh'
[0.249s] Level 1:colcon.colcon_core.environment:create_file_with_runtime_dependencies(/home/nvidia/ros2_usb2can_motor_controller/install/can_usb_driver/share/colcon-core/packages/can_usb_driver)
[0.250s] Level 1:colcon.colcon_core.environment:create_environment_scripts_only(can_usb_driver)
[0.250s] Level 1:colcon.colcon_core.environment:checking '/home/nvidia/ros2_usb2can_motor_controller/install/can_usb_driver' for CMake module files
[0.250s] Level 1:colcon.colcon_core.environment:checking '/home/nvidia/ros2_usb2can_motor_controller/install/can_usb_driver' for CMake config files
[0.250s] Level 1:colcon.colcon_core.shell:create_environment_hook('can_usb_driver', 'cmake_prefix_path')
[0.250s] INFO:colcon.colcon_core.shell:Creating environment hook '/home/nvidia/ros2_usb2can_motor_controller/install/can_usb_driver/share/can_usb_driver/hook/cmake_prefix_path.ps1'
[0.250s] INFO:colcon.colcon_core.shell:Creating environment descriptor '/home/nvidia/ros2_usb2can_motor_controller/install/can_usb_driver/share/can_usb_driver/hook/cmake_prefix_path.dsv'
[0.251s] INFO:colcon.colcon_core.shell:Creating environment hook '/home/nvidia/ros2_usb2can_motor_controller/install/can_usb_driver/share/can_usb_driver/hook/cmake_prefix_path.sh'
[0.251s] Level 1:colcon.colcon_core.environment:checking '/home/nvidia/ros2_usb2can_motor_controller/install/can_usb_driver/lib'
[0.251s] Level 1:colcon.colcon_core.environment:checking '/home/nvidia/ros2_usb2can_motor_controller/install/can_usb_driver/bin'
[0.251s] Level 1:colcon.colcon_core.environment:checking '/home/nvidia/ros2_usb2can_motor_controller/install/can_usb_driver/lib/pkgconfig/can_usb_driver.pc'
[0.251s] Level 1:colcon.colcon_core.environment:checking '/home/nvidia/ros2_usb2can_motor_controller/install/can_usb_driver/lib/python3.10/site-packages'
[0.251s] Level 1:colcon.colcon_core.environment:checking '/home/nvidia/ros2_usb2can_motor_controller/install/can_usb_driver/bin'
[0.251s] INFO:colcon.colcon_core.shell:Creating package script '/home/nvidia/ros2_usb2can_motor_controller/install/can_usb_driver/share/can_usb_driver/package.ps1'
[0.252s] INFO:colcon.colcon_core.shell:Creating package descriptor '/home/nvidia/ros2_usb2can_motor_controller/install/can_usb_driver/share/can_usb_driver/package.dsv'
[0.252s] INFO:colcon.colcon_core.shell:Creating package script '/home/nvidia/ros2_usb2can_motor_controller/install/can_usb_driver/share/can_usb_driver/package.sh'
[0.252s] INFO:colcon.colcon_core.shell:Creating package script '/home/nvidia/ros2_usb2can_motor_controller/install/can_usb_driver/share/can_usb_driver/package.bash'
[0.252s] INFO:colcon.colcon_core.shell:Creating package script '/home/nvidia/ros2_usb2can_motor_controller/install/can_usb_driver/share/can_usb_driver/package.zsh'
[0.252s] Level 1:colcon.colcon_core.environment:create_file_with_runtime_dependencies(/home/nvidia/ros2_usb2can_motor_controller/install/can_usb_driver/share/colcon-core/packages/can_usb_driver)
[0.384s] DEBUG:colcon.colcon_core.event_handler.log_command:Invoked command in '/home/nvidia/ros2_usb2can_motor_controller/build/motor_interfaces' returned '0': CMAKE_PREFIX_PATH=/opt/ros/humble /usr/bin/cmake --build /home/nvidia/ros2_usb2can_motor_controller/build/motor_interfaces -- -j16 -l16
[0.384s] DEBUG:colcon.colcon_core.event_handler.log_command:Invoking command in '/home/nvidia/ros2_usb2can_motor_controller/build/motor_interfaces': CMAKE_PREFIX_PATH=/opt/ros/humble /usr/bin/cmake --install /home/nvidia/ros2_usb2can_motor_controller/build/motor_interfaces
[0.417s] Level 1:colcon.colcon_core.environment:create_environment_scripts_only(motor_interfaces)
[0.417s] Level 1:colcon.colcon_core.environment:checking '/home/nvidia/ros2_usb2can_motor_controller/install/motor_interfaces' for CMake module files
[0.417s] DEBUG:colcon.colcon_core.event_handler.log_command:Invoked command in '/home/nvidia/ros2_usb2can_motor_controller/build/motor_interfaces' returned '0': CMAKE_PREFIX_PATH=/opt/ros/humble /usr/bin/cmake --install /home/nvidia/ros2_usb2can_motor_controller/build/motor_interfaces
[0.418s] Level 1:colcon.colcon_core.environment:checking '/home/nvidia/ros2_usb2can_motor_controller/install/motor_interfaces' for CMake config files
[0.418s] Level 1:colcon.colcon_core.shell:create_environment_hook('motor_interfaces', 'cmake_prefix_path')
[0.419s] INFO:colcon.colcon_core.shell:Creating environment hook '/home/nvidia/ros2_usb2can_motor_controller/install/motor_interfaces/share/motor_interfaces/hook/cmake_prefix_path.ps1'
[0.419s] INFO:colcon.colcon_core.shell:Creating environment descriptor '/home/nvidia/ros2_usb2can_motor_controller/install/motor_interfaces/share/motor_interfaces/hook/cmake_prefix_path.dsv'
[0.419s] INFO:colcon.colcon_core.shell:Creating environment hook '/home/nvidia/ros2_usb2can_motor_controller/install/motor_interfaces/share/motor_interfaces/hook/cmake_prefix_path.sh'
[0.420s] Level 1:colcon.colcon_core.environment:checking '/home/nvidia/ros2_usb2can_motor_controller/install/motor_interfaces/lib'
[0.420s] Level 1:colcon.colcon_core.shell:create_environment_hook('motor_interfaces', 'ld_library_path_lib')
[0.420s] INFO:colcon.colcon_core.shell:Creating environment hook '/home/nvidia/ros2_usb2can_motor_controller/install/motor_interfaces/share/motor_interfaces/hook/ld_library_path_lib.ps1'
[0.420s] INFO:colcon.colcon_core.shell:Creating environment descriptor '/home/nvidia/ros2_usb2can_motor_controller/install/motor_interfaces/share/motor_interfaces/hook/ld_library_path_lib.dsv'
[0.420s] INFO:colcon.colcon_core.shell:Creating environment hook '/home/nvidia/ros2_usb2can_motor_controller/install/motor_interfaces/share/motor_interfaces/hook/ld_library_path_lib.sh'
[0.421s] Level 1:colcon.colcon_core.environment:checking '/home/nvidia/ros2_usb2can_motor_controller/install/motor_interfaces/bin'
[0.421s] Level 1:colcon.colcon_core.environment:checking '/home/nvidia/ros2_usb2can_motor_controller/install/motor_interfaces/lib/pkgconfig/motor_interfaces.pc'
[0.421s] Level 1:colcon.colcon_core.environment:checking '/home/nvidia/ros2_usb2can_motor_controller/install/motor_interfaces/lib/python3.10/site-packages'
[0.421s] Level 1:colcon.colcon_core.environment:checking '/home/nvidia/ros2_usb2can_motor_controller/install/motor_interfaces/bin'
[0.421s] INFO:colcon.colcon_core.shell:Creating package script '/home/nvidia/ros2_usb2can_motor_controller/install/motor_interfaces/share/motor_interfaces/package.ps1'
[0.421s] INFO:colcon.colcon_core.shell:Creating package descriptor '/home/nvidia/ros2_usb2can_motor_controller/install/motor_interfaces/share/motor_interfaces/package.dsv'
[0.422s] INFO:colcon.colcon_core.shell:Creating package script '/home/nvidia/ros2_usb2can_motor_controller/install/motor_interfaces/share/motor_interfaces/package.sh'
[0.422s] INFO:colcon.colcon_core.shell:Creating package script '/home/nvidia/ros2_usb2can_motor_controller/install/motor_interfaces/share/motor_interfaces/package.bash'
[0.422s] INFO:colcon.colcon_core.shell:Creating package script '/home/nvidia/ros2_usb2can_motor_controller/install/motor_interfaces/share/motor_interfaces/package.zsh'
[0.422s] Level 1:colcon.colcon_core.environment:create_file_with_runtime_dependencies(/home/nvidia/ros2_usb2can_motor_controller/install/motor_interfaces/share/colcon-core/packages/motor_interfaces)
[0.422s] Level 1:colcon.colcon_core.environment:create_environment_scripts_only(motor_interfaces)
[0.423s] Level 1:colcon.colcon_core.environment:checking '/home/nvidia/ros2_usb2can_motor_controller/install/motor_interfaces' for CMake module files
[0.423s] Level 1:colcon.colcon_core.environment:checking '/home/nvidia/ros2_usb2can_motor_controller/install/motor_interfaces' for CMake config files
[0.423s] Level 1:colcon.colcon_core.shell:create_environment_hook('motor_interfaces', 'cmake_prefix_path')
[0.423s] INFO:colcon.colcon_core.shell:Creating environment hook '/home/nvidia/ros2_usb2can_motor_controller/install/motor_interfaces/share/motor_interfaces/hook/cmake_prefix_path.ps1'
[0.423s] INFO:colcon.colcon_core.shell:Creating environment descriptor '/home/nvidia/ros2_usb2can_motor_controller/install/motor_interfaces/share/motor_interfaces/hook/cmake_prefix_path.dsv'
[0.423s] INFO:colcon.colcon_core.shell:Creating environment hook '/home/nvidia/ros2_usb2can_motor_controller/install/motor_interfaces/share/motor_interfaces/hook/cmake_prefix_path.sh'
[0.424s] Level 1:colcon.colcon_core.environment:checking '/home/nvidia/ros2_usb2can_motor_controller/install/motor_interfaces/lib'
[0.424s] Level 1:colcon.colcon_core.shell:create_environment_hook('motor_interfaces', 'ld_library_path_lib')
[0.424s] INFO:colcon.colcon_core.shell:Creating environment hook '/home/nvidia/ros2_usb2can_motor_controller/install/motor_interfaces/share/motor_interfaces/hook/ld_library_path_lib.ps1'
[0.424s] INFO:colcon.colcon_core.shell:Creating environment descriptor '/home/nvidia/ros2_usb2can_motor_controller/install/motor_interfaces/share/motor_interfaces/hook/ld_library_path_lib.dsv'
[0.424s] INFO:colcon.colcon_core.shell:Creating environment hook '/home/nvidia/ros2_usb2can_motor_controller/install/motor_interfaces/share/motor_interfaces/hook/ld_library_path_lib.sh'
[0.424s] Level 1:colcon.colcon_core.environment:checking '/home/nvidia/ros2_usb2can_motor_controller/install/motor_interfaces/bin'
[0.424s] Level 1:colcon.colcon_core.environment:checking '/home/nvidia/ros2_usb2can_motor_controller/install/motor_interfaces/lib/pkgconfig/motor_interfaces.pc'
[0.425s] Level 1:colcon.colcon_core.environment:checking '/home/nvidia/ros2_usb2can_motor_controller/install/motor_interfaces/lib/python3.10/site-packages'
[0.425s] Level 1:colcon.colcon_core.environment:checking '/home/nvidia/ros2_usb2can_motor_controller/install/motor_interfaces/bin'
[0.425s] INFO:colcon.colcon_core.shell:Creating package script '/home/nvidia/ros2_usb2can_motor_controller/install/motor_interfaces/share/motor_interfaces/package.ps1'
[0.425s] INFO:colcon.colcon_core.shell:Creating package descriptor '/home/nvidia/ros2_usb2can_motor_controller/install/motor_interfaces/share/motor_interfaces/package.dsv'
[0.425s] INFO:colcon.colcon_core.shell:Creating package script '/home/nvidia/ros2_usb2can_motor_controller/install/motor_interfaces/share/motor_interfaces/package.sh'
[0.426s] INFO:colcon.colcon_core.shell:Creating package script '/home/nvidia/ros2_usb2can_motor_controller/install/motor_interfaces/share/motor_interfaces/package.bash'
[0.426s] INFO:colcon.colcon_core.shell:Creating package script '/home/nvidia/ros2_usb2can_motor_controller/install/motor_interfaces/share/motor_interfaces/package.zsh'
[0.426s] Level 1:colcon.colcon_core.environment:create_file_with_runtime_dependencies(/home/nvidia/ros2_usb2can_motor_controller/install/motor_interfaces/share/colcon-core/packages/motor_interfaces)
[0.427s] INFO:colcon.colcon_ros.task.ament_cmake.build:Building ROS package in '/home/nvidia/ros2_usb2can_motor_controller/src/motor_controller' with build type 'ament_cmake'
[0.427s] INFO:colcon.colcon_cmake.task.cmake.build:Building CMake package in '/home/nvidia/ros2_usb2can_motor_controller/src/motor_controller'
[0.427s] INFO:colcon.colcon_core.shell:Skip shell extension 'powershell' for command environment: Not usable outside of PowerShell
[0.427s] DEBUG:colcon.colcon_core.shell:Skip shell extension 'dsv' for command environment
[0.434s] DEBUG:colcon.colcon_core.event_handler.log_command:Invoking command in '/home/nvidia/ros2_usb2can_motor_controller/build/motor_controller': AMENT_PREFIX_PATH=/home/nvidia/ros2_usb2can_motor_controller/install/motor_interfaces:/home/nvidia/ros2_usb2can_motor_controller/install/can_usb_driver:${AMENT_PREFIX_PATH} CMAKE_PREFIX_PATH=/home/nvidia/ros2_usb2can_motor_controller/install/motor_interfaces:/home/nvidia/ros2_usb2can_motor_controller/install/can_usb_driver:/opt/ros/humble LD_LIBRARY_PATH=/home/nvidia/ros2_usb2can_motor_controller/install/motor_interfaces/lib:${LD_LIBRARY_PATH} PYTHONPATH=/home/nvidia/ros2_usb2can_motor_controller/install/motor_interfaces/local/lib/python3.10/dist-packages:${PYTHONPATH} /usr/bin/cmake --build /home/nvidia/ros2_usb2can_motor_controller/build/motor_controller -- -j16 -l16
[3.606s] Level 1:colcon.colcon_core.environment:create_environment_scripts_only(motor_controller)
[3.607s] Level 1:colcon.colcon_core.environment:checking '/home/nvidia/ros2_usb2can_motor_controller/install/motor_controller' for CMake module files
[3.607s] DEBUG:colcon.colcon_core.event_handler.log_command:Invoked command in '/home/nvidia/ros2_usb2can_motor_controller/build/motor_controller' returned '2': AMENT_PREFIX_PATH=/home/nvidia/ros2_usb2can_motor_controller/install/motor_interfaces:/home/nvidia/ros2_usb2can_motor_controller/install/can_usb_driver:${AMENT_PREFIX_PATH} CMAKE_PREFIX_PATH=/home/nvidia/ros2_usb2can_motor_controller/install/motor_interfaces:/home/nvidia/ros2_usb2can_motor_controller/install/can_usb_driver:/opt/ros/humble LD_LIBRARY_PATH=/home/nvidia/ros2_usb2can_motor_controller/install/motor_interfaces/lib:${LD_LIBRARY_PATH} PYTHONPATH=/home/nvidia/ros2_usb2can_motor_controller/install/motor_interfaces/local/lib/python3.10/dist-packages:${PYTHONPATH} /usr/bin/cmake --build /home/nvidia/ros2_usb2can_motor_controller/build/motor_controller -- -j16 -l16
[3.607s] Level 1:colcon.colcon_core.environment:checking '/home/nvidia/ros2_usb2can_motor_controller/install/motor_controller' for CMake config files
[3.607s] Level 1:colcon.colcon_core.environment:checking '/home/nvidia/ros2_usb2can_motor_controller/install/motor_controller/bin'
[3.607s] Level 1:colcon.colcon_core.environment:checking '/home/nvidia/ros2_usb2can_motor_controller/install/motor_controller/lib/pkgconfig/motor_controller.pc'
[3.608s] Level 1:colcon.colcon_core.environment:checking '/home/nvidia/ros2_usb2can_motor_controller/install/motor_controller/lib/python3.10/site-packages'
[3.608s] Level 1:colcon.colcon_core.environment:checking '/home/nvidia/ros2_usb2can_motor_controller/install/motor_controller/bin'
[3.608s] INFO:colcon.colcon_core.shell:Creating package script '/home/nvidia/ros2_usb2can_motor_controller/install/motor_controller/share/motor_controller/package.ps1'
[3.608s] INFO:colcon.colcon_core.shell:Creating package descriptor '/home/nvidia/ros2_usb2can_motor_controller/install/motor_controller/share/motor_controller/package.dsv'
[3.609s] INFO:colcon.colcon_core.shell:Creating package script '/home/nvidia/ros2_usb2can_motor_controller/install/motor_controller/share/motor_controller/package.sh'
[3.609s] INFO:colcon.colcon_core.shell:Creating package script '/home/nvidia/ros2_usb2can_motor_controller/install/motor_controller/share/motor_controller/package.bash'
[3.609s] INFO:colcon.colcon_core.shell:Creating package script '/home/nvidia/ros2_usb2can_motor_controller/install/motor_controller/share/motor_controller/package.zsh'
[3.609s] Level 1:colcon.colcon_core.environment:create_file_with_runtime_dependencies(/home/nvidia/ros2_usb2can_motor_controller/install/motor_controller/share/colcon-core/packages/motor_controller)
[3.620s] DEBUG:colcon.colcon_parallel_executor.executor.parallel:closing loop
[3.620s] DEBUG:colcon.colcon_parallel_executor.executor.parallel:loop closed
[3.620s] DEBUG:colcon.colcon_parallel_executor.executor.parallel:run_until_complete finished with '2'
[3.620s] DEBUG:colcon.colcon_core.event_reactor:joining thread
[3.624s] INFO:colcon.colcon_core.plugin_system:Skipping extension 'colcon_notification.desktop_notification.terminal_notifier': Not used on non-Darwin systems
[3.624s] INFO:colcon.colcon_core.plugin_system:Skipping extension 'colcon_notification.desktop_notification.win32': Not used on non-Windows systems
[3.624s] INFO:colcon.colcon_notification.desktop_notification:Sending desktop notification using 'notify2'
[3.635s] DEBUG:colcon.colcon_core.event_reactor:joined thread
[3.635s] INFO:colcon.colcon_core.shell:Creating prefix script '/home/nvidia/ros2_usb2can_motor_controller/install/local_setup.ps1'
[3.636s] INFO:colcon.colcon_core.shell:Creating prefix util module '/home/nvidia/ros2_usb2can_motor_controller/install/_local_setup_util_ps1.py'
[3.637s] INFO:colcon.colcon_core.shell:Creating prefix chain script '/home/nvidia/ros2_usb2can_motor_controller/install/setup.ps1'
[3.637s] INFO:colcon.colcon_core.shell:Creating prefix script '/home/nvidia/ros2_usb2can_motor_controller/install/local_setup.sh'
[3.638s] INFO:colcon.colcon_core.shell:Creating prefix util module '/home/nvidia/ros2_usb2can_motor_controller/install/_local_setup_util_sh.py'
[3.638s] INFO:colcon.colcon_core.shell:Creating prefix chain script '/home/nvidia/ros2_usb2can_motor_controller/install/setup.sh'
[3.638s] INFO:colcon.colcon_core.shell:Creating prefix script '/home/nvidia/ros2_usb2can_motor_controller/install/local_setup.bash'
[3.639s] INFO:colcon.colcon_core.shell:Creating prefix chain script '/home/nvidia/ros2_usb2can_motor_controller/install/setup.bash'
[3.639s] INFO:colcon.colcon_core.shell:Creating prefix script '/home/nvidia/ros2_usb2can_motor_controller/install/local_setup.zsh'
[3.639s] INFO:colcon.colcon_core.shell:Creating prefix chain script '/home/nvidia/ros2_usb2can_motor_controller/install/setup.zsh'
