[35m[1mScanning dependencies of target can_usb_driver[0m
[ 50%] [32mBuilding CXX object CMakeFiles/can_usb_driver.dir/src/can_usb_device.cpp.o[0m
[100%] [32m[1mLinking CXX static library libcan_usb_driver.a[0m
[100%] Built target can_usb_driver
-- Install configuration: ""
-- Installing: /home/nvidia/ros2_usb2can_motor_controller/install/can_usb_driver/lib/libcan_usb_driver.a
-- Installing: /home/nvidia/ros2_usb2can_motor_controller/install/can_usb_driver/include
-- Installing: /home/nvidia/ros2_usb2can_motor_controller/install/can_usb_driver/include/can_usb_driver
-- Installing: /home/nvidia/ros2_usb2can_motor_controller/install/can_usb_driver/include/can_usb_driver/can_usb_device.hpp
-- Installing: /home/nvidia/ros2_usb2can_motor_controller/install/can_usb_driver/share/ament_index/resource_index/package_run_dependencies/can_usb_driver
-- Installing: /home/nvidia/ros2_usb2can_motor_controller/install/can_usb_driver/share/ament_index/resource_index/parent_prefix_path/can_usb_driver
-- Installing: /home/nvidia/ros2_usb2can_motor_controller/install/can_usb_driver/share/can_usb_driver/environment/ament_prefix_path.sh
-- Installing: /home/nvidia/ros2_usb2can_motor_controller/install/can_usb_driver/share/can_usb_driver/environment/ament_prefix_path.dsv
-- Installing: /home/nvidia/ros2_usb2can_motor_controller/install/can_usb_driver/share/can_usb_driver/environment/path.sh
-- Installing: /home/nvidia/ros2_usb2can_motor_controller/install/can_usb_driver/share/can_usb_driver/environment/path.dsv
-- Installing: /home/nvidia/ros2_usb2can_motor_controller/install/can_usb_driver/share/can_usb_driver/local_setup.bash
-- Installing: /home/nvidia/ros2_usb2can_motor_controller/install/can_usb_driver/share/can_usb_driver/local_setup.sh
-- Installing: /home/nvidia/ros2_usb2can_motor_controller/install/can_usb_driver/share/can_usb_driver/local_setup.zsh
-- Installing: /home/nvidia/ros2_usb2can_motor_controller/install/can_usb_driver/share/can_usb_driver/local_setup.dsv
-- Installing: /home/nvidia/ros2_usb2can_motor_controller/install/can_usb_driver/share/can_usb_driver/package.dsv
-- Installing: /home/nvidia/ros2_usb2can_motor_controller/install/can_usb_driver/share/ament_index/resource_index/packages/can_usb_driver
-- Installing: /home/nvidia/ros2_usb2can_motor_controller/install/can_usb_driver/share/can_usb_driver/cmake/export_can_usb_driverExport.cmake
-- Installing: /home/nvidia/ros2_usb2can_motor_controller/install/can_usb_driver/share/can_usb_driver/cmake/export_can_usb_driverExport-noconfig.cmake
-- Installing: /home/nvidia/ros2_usb2can_motor_controller/install/can_usb_driver/share/can_usb_driver/cmake/ament_cmake_export_include_directories-extras.cmake
-- Installing: /home/nvidia/ros2_usb2can_motor_controller/install/can_usb_driver/share/can_usb_driver/cmake/ament_cmake_export_targets-extras.cmake
-- Installing: /home/nvidia/ros2_usb2can_motor_controller/install/can_usb_driver/share/can_usb_driver/cmake/can_usb_driverConfig.cmake
-- Installing: /home/nvidia/ros2_usb2can_motor_controller/install/can_usb_driver/share/can_usb_driver/cmake/can_usb_driverConfig-version.cmake
-- Installing: /home/nvidia/ros2_usb2can_motor_controller/install/can_usb_driver/share/can_usb_driver/package.xml
