[0.005s] Invoking command in '/home/nvidia/ros2_usb2can_motor_controller/build/motor_controller': AMENT_PREFIX_PATH=/home/nvidia/ros2_usb2can_motor_controller/install/motor_interfaces:/home/nvidia/ros2_usb2can_motor_controller/install/can_usb_driver:${AMENT_PREFIX_PATH} CMAKE_PREFIX_PATH=/home/nvidia/ros2_usb2can_motor_controller/install/motor_interfaces:/home/nvidia/ros2_usb2can_motor_controller/install/can_usb_driver:/opt/ros/humble LD_LIBRARY_PATH=/home/nvidia/ros2_usb2can_motor_controller/install/motor_interfaces/lib:${LD_LIBRARY_PATH} PYTHONPATH=/home/nvidia/ros2_usb2can_motor_controller/install/motor_interfaces/local/lib/python3.10/dist-packages:${PYTHONPATH} /usr/bin/cmake /home/nvidia/ros2_usb2can_motor_controller/src/motor_controller -DCMAKE_INSTALL_PREFIX=/home/nvidia/ros2_usb2can_motor_controller/install/motor_controller
[0.046s] -- The C compiler identification is GNU 11.4.0
[0.083s] -- The CXX compiler identification is GNU 11.4.0
[0.088s] -- Detecting C compiler ABI info
[0.135s] -- Detecting C compiler ABI info - done
[0.140s] -- Check for working C compiler: /usr/bin/cc - skipped
[0.140s] -- Detecting C compile features
[0.140s] -- Detecting C compile features - done
[0.142s] -- Detecting CXX compiler ABI info
[0.197s] -- Detecting CXX compiler ABI info - done
[0.201s] -- Check for working CXX compiler: /usr/bin/c++ - skipped
[0.201s] -- Detecting CXX compile features
[0.202s] -- Detecting CXX compile features - done
[0.203s] -- Found ament_cmake: 1.3.11 (/opt/ros/humble/share/ament_cmake/cmake)
[0.303s] -- Found Python3: /usr/bin/python3 (found version "3.10.12") found components: Interpreter 
[0.351s] -- Found rclcpp: 16.0.12 (/opt/ros/humble/share/rclcpp/cmake)
[0.372s] -- Found rosidl_generator_c: 3.1.6 (/opt/ros/humble/share/rosidl_generator_c/cmake)
[0.374s] -- Found rosidl_adapter: 3.1.6 (/opt/ros/humble/share/rosidl_adapter/cmake)
[0.378s] -- Found rosidl_generator_cpp: 3.1.6 (/opt/ros/humble/share/rosidl_generator_cpp/cmake)
[0.384s] -- Using all available rosidl_typesupport_c: rosidl_typesupport_fastrtps_c;rosidl_typesupport_introspection_c
[0.391s] -- Using all available rosidl_typesupport_cpp: rosidl_typesupport_fastrtps_cpp;rosidl_typesupport_introspection_cpp
[0.412s] -- Found rmw_implementation_cmake: 6.1.2 (/opt/ros/humble/share/rmw_implementation_cmake/cmake)
[0.414s] -- Found rmw_fastrtps_cpp: 6.2.7 (/opt/ros/humble/share/rmw_fastrtps_cpp/cmake)
[0.469s] -- Found OpenSSL: /usr/lib/x86_64-linux-gnu/libcrypto.so (found version "3.0.2")  
[0.483s] -- Found FastRTPS: /opt/ros/humble/include  
[0.505s] -- Using RMW implementation 'rmw_fastrtps_cpp' as default
[0.509s] -- Looking for pthread.h
[0.558s] -- Looking for pthread.h - found
[0.558s] -- Performing Test CMAKE_HAVE_LIBC_PTHREAD
[0.609s] -- Performing Test CMAKE_HAVE_LIBC_PTHREAD - Success
[0.610s] -- Found Threads: TRUE  
[0.636s] -- Found rclcpp_components: 16.0.12 (/opt/ros/humble/share/rclcpp_components/cmake)
[0.650s] -- Found motor_interfaces: 0.1.0 (/home/nvidia/ros2_usb2can_motor_controller/install/motor_interfaces/share/motor_interfaces/cmake)
[0.654s] -- Found can_usb_driver: 0.1.0 (/home/nvidia/ros2_usb2can_motor_controller/install/can_usb_driver/share/can_usb_driver/cmake)
[0.697s] -- Configuring done
[0.702s] -- Generating done
[0.704s] -- Build files have been written to: /home/nvidia/ros2_usb2can_motor_controller/build/motor_controller
[0.710s] Invoked command in '/home/nvidia/ros2_usb2can_motor_controller/build/motor_controller' returned '0': AMENT_PREFIX_PATH=/home/nvidia/ros2_usb2can_motor_controller/install/motor_interfaces:/home/nvidia/ros2_usb2can_motor_controller/install/can_usb_driver:${AMENT_PREFIX_PATH} CMAKE_PREFIX_PATH=/home/nvidia/ros2_usb2can_motor_controller/install/motor_interfaces:/home/nvidia/ros2_usb2can_motor_controller/install/can_usb_driver:/opt/ros/humble LD_LIBRARY_PATH=/home/nvidia/ros2_usb2can_motor_controller/install/motor_interfaces/lib:${LD_LIBRARY_PATH} PYTHONPATH=/home/nvidia/ros2_usb2can_motor_controller/install/motor_interfaces/local/lib/python3.10/dist-packages:${PYTHONPATH} /usr/bin/cmake /home/nvidia/ros2_usb2can_motor_controller/src/motor_controller -DCMAKE_INSTALL_PREFIX=/home/nvidia/ros2_usb2can_motor_controller/install/motor_controller
[0.712s] Invoking command in '/home/nvidia/ros2_usb2can_motor_controller/build/motor_controller': AMENT_PREFIX_PATH=/home/nvidia/ros2_usb2can_motor_controller/install/motor_interfaces:/home/nvidia/ros2_usb2can_motor_controller/install/can_usb_driver:${AMENT_PREFIX_PATH} CMAKE_PREFIX_PATH=/home/nvidia/ros2_usb2can_motor_controller/install/motor_interfaces:/home/nvidia/ros2_usb2can_motor_controller/install/can_usb_driver:/opt/ros/humble LD_LIBRARY_PATH=/home/nvidia/ros2_usb2can_motor_controller/install/motor_interfaces/lib:${LD_LIBRARY_PATH} PYTHONPATH=/home/nvidia/ros2_usb2can_motor_controller/install/motor_interfaces/local/lib/python3.10/dist-packages:${PYTHONPATH} /usr/bin/cmake --build /home/nvidia/ros2_usb2can_motor_controller/build/motor_controller -- -j16 -l16
[0.746s] [ 25%] [32mBuilding CXX object CMakeFiles/motor_node.dir/src/motor_node.cpp.o[0m
[0.747s] [ 50%] [32mBuilding CXX object CMakeFiles/motor_node.dir/src/rs03_motor_parser.cpp.o[0m
[0.747s] [ 75%] [32mBuilding CXX object CMakeFiles/motor_node.dir/src/math_ops.cpp.o[0m
[1.038s] In file included from [01m[K/home/nvidia/ros2_usb2can_motor_controller/src/motor_controller/src/rs03_motor_parser.cpp:1[m[K:
[1.038s] [01m[K/home/nvidia/ros2_usb2can_motor_controller/src/motor_controller/include/motor_controller/rs03_motor_parser.hpp:16:10:[m[K [01;31m[Kerror: [m[K‘[01m[Kbool RS03Parser::match_feedback(const can_usb_driver::CanMessage&)[m[K’ marked ‘[01m[Koverride[m[K’, but does not override
[1.038s]    16 |     bool [01;31m[Kmatch_feedback[m[K(const can_usb_driver::CanMessage &msg) override;
[1.038s]       |          [01;31m[K^~~~~~~~~~~~~~[m[K
[1.038s] [01m[K/home/nvidia/ros2_usb2can_motor_controller/src/motor_controller/include/motor_controller/rs03_motor_parser.hpp:17:13:[m[K [01;31m[Kerror: [m[K‘[01m[Kuint8_t RS03Parser::extract_motor_id(const can_usb_driver::CanMessage&)[m[K’ marked ‘[01m[Koverride[m[K’, but does not override
[1.038s]    17 |     uint8_t [01;31m[Kextract_motor_id[m[K(const can_usb_driver::CanMessage &msg) override;
[1.038s]       |             [01;31m[K^~~~~~~~~~~~~~~~[m[K
[1.058s] [01m[K/home/nvidia/ros2_usb2can_motor_controller/src/motor_controller/src/rs03_motor_parser.cpp:93:39:[m[K [01;31m[Kerror: [m[K‘[01m[KCanMessage[m[K’ does not name a type
[1.058s]    93 | bool RS03Parser::match_feedback(const [01;31m[KCanMessage[m[K& msg) const
[1.058s]       |                                       [01;31m[K^~~~~~~~~~[m[K
[1.058s] [01m[K/home/nvidia/ros2_usb2can_motor_controller/src/motor_controller/src/rs03_motor_parser.cpp:93:6:[m[K [01;31m[Kerror: [m[Kno declaration matches ‘[01m[Kbool RS03Parser::match_feedback(const int&) const[m[K’
[1.058s]    93 | bool [01;31m[KRS03Parser[m[K::match_feedback(const CanMessage& msg) const
[1.058s]       |      [01;31m[K^~~~~~~~~~[m[K
[1.058s] In file included from [01m[K/home/nvidia/ros2_usb2can_motor_controller/src/motor_controller/src/rs03_motor_parser.cpp:1[m[K:
[1.058s] [01m[K/home/nvidia/ros2_usb2can_motor_controller/src/motor_controller/include/motor_controller/rs03_motor_parser.hpp:16:10:[m[K [01;36m[Knote: [m[Kcandidate is: ‘[01m[Kbool RS03Parser::match_feedback(const can_usb_driver::CanMessage&)[m[K’
[1.058s]    16 |     bool [01;36m[Kmatch_feedback[m[K(const can_usb_driver::CanMessage &msg) override;
[1.058s]       |          [01;36m[K^~~~~~~~~~~~~~[m[K
[1.058s] [01m[K/home/nvidia/ros2_usb2can_motor_controller/src/motor_controller/include/motor_controller/rs03_motor_parser.hpp:6:7:[m[K [01;36m[Knote: [m[K‘[01m[Kclass RS03Parser[m[K’ defined here
[1.058s]     6 | class [01;36m[KRS03Parser[m[K : public MotorParserBase
[1.058s]       |       [01;36m[K^~~~~~~~~~[m[K
[1.059s] [01m[K/home/nvidia/ros2_usb2can_motor_controller/src/motor_controller/src/rs03_motor_parser.cpp:106:44:[m[K [01;31m[Kerror: [m[K‘[01m[KCanMessage[m[K’ does not name a type
[1.059s]   106 | uint8_t RS03Parser::extract_motor_id(const [01;31m[KCanMessage[m[K& msg) const
[1.059s]       |                                            [01;31m[K^~~~~~~~~~[m[K
[1.059s] [01m[K/home/nvidia/ros2_usb2can_motor_controller/src/motor_controller/src/rs03_motor_parser.cpp:106:9:[m[K [01;31m[Kerror: [m[Kno declaration matches ‘[01m[Kuint8_t RS03Parser::extract_motor_id(const int&) const[m[K’
[1.059s]   106 | uint8_t [01;31m[KRS03Parser[m[K::extract_motor_id(const CanMessage& msg) const
[1.059s]       |         [01;31m[K^~~~~~~~~~[m[K
[1.059s] In file included from [01m[K/home/nvidia/ros2_usb2can_motor_controller/src/motor_controller/src/rs03_motor_parser.cpp:1[m[K:
[1.059s] [01m[K/home/nvidia/ros2_usb2can_motor_controller/src/motor_controller/include/motor_controller/rs03_motor_parser.hpp:17:13:[m[K [01;36m[Knote: [m[Kcandidate is: ‘[01m[Kuint8_t RS03Parser::extract_motor_id(const can_usb_driver::CanMessage&)[m[K’
[1.059s]    17 |     uint8_t [01;36m[Kextract_motor_id[m[K(const can_usb_driver::CanMessage &msg) override;
[1.059s]       |             [01;36m[K^~~~~~~~~~~~~~~~[m[K
[1.059s] [01m[K/home/nvidia/ros2_usb2can_motor_controller/src/motor_controller/include/motor_controller/rs03_motor_parser.hpp:6:7:[m[K [01;36m[Knote: [m[K‘[01m[Kclass RS03Parser[m[K’ defined here
[1.059s]     6 | class [01;36m[KRS03Parser[m[K : public MotorParserBase
[1.059s]       |       [01;36m[K^~~~~~~~~~[m[K
[1.114s] gmake[2]: *** [CMakeFiles/motor_node.dir/build.make:104：CMakeFiles/motor_node.dir/src/rs03_motor_parser.cpp.o] 错误 1
[1.114s] gmake[2]: *** 正在等待未完成的任务....
[1.993s] In file included from [01m[K/home/nvidia/ros2_usb2can_motor_controller/src/motor_controller/src/motor_node.cpp:18[m[K:
[1.994s] [01m[K/home/nvidia/ros2_usb2can_motor_controller/src/motor_controller/include/motor_controller/rs03_motor_parser.hpp:16:10:[m[K [01;31m[Kerror: [m[K‘[01m[Kbool RS03Parser::match_feedback(const can_usb_driver::CanMessage&)[m[K’ marked ‘[01m[Koverride[m[K’, but does not override
[1.994s]    16 |     bool [01;31m[Kmatch_feedback[m[K(const can_usb_driver::CanMessage &msg) override;
[1.994s]       |          [01;31m[K^~~~~~~~~~~~~~[m[K
[1.994s] [01m[K/home/nvidia/ros2_usb2can_motor_controller/src/motor_controller/include/motor_controller/rs03_motor_parser.hpp:17:13:[m[K [01;31m[Kerror: [m[K‘[01m[Kuint8_t RS03Parser::extract_motor_id(const can_usb_driver::CanMessage&)[m[K’ marked ‘[01m[Koverride[m[K’, but does not override
[1.994s]    17 |     uint8_t [01;31m[Kextract_motor_id[m[K(const can_usb_driver::CanMessage &msg) override;
[1.994s]       |             [01;31m[K^~~~~~~~~~~~~~~~[m[K
[2.065s] [01m[K/home/nvidia/ros2_usb2can_motor_controller/src/motor_controller/src/motor_node.cpp:[m[K In member function ‘[01m[Kvoid MotorNode::handle_can_feedback(const string&, const can_usb_driver::CanMessage&)[m[K’:
[2.065s] [01m[K/home/nvidia/ros2_usb2can_motor_controller/src/motor_controller/src/motor_node.cpp:262:57:[m[K [01;31m[Kerror: [m[K‘[01m[Kconst struct can_usb_driver::CanMessage[m[K’ has no member named ‘[01m[Kchannel[m[K’
[2.065s]   262 |                 std::string key = get_key(dev_name, msg.[01;31m[Kchannel[m[K, motor_id);
[2.065s]       |                                                         [01;31m[K^~~~~~~[m[K
[2.069s] [01m[K/home/nvidia/ros2_usb2can_motor_controller/src/motor_controller/src/motor_node.cpp:264:60:[m[K [01;31m[Kerror: [m[K‘[01m[Kmotor_mutex_[m[K’ was not declared in this scope; did you mean ‘[01m[Kmotor_map_[m[K’?
[2.069s]   264 |                     std::lock_guard<std::mutex> motor_lock([01;31m[Kmotor_mutex_[m[K);
[2.069s]       |                                                            [01;31m[K^~~~~~~~~~~~[m[K
[2.070s]       |                                                            [32m[Kmotor_map_[m[K
[2.642s] In file included from [01m[K/usr/include/x86_64-linux-gnu/c++/11/bits/c++allocator.h:33[m[K,
[2.642s]                  from [01m[K/usr/include/c++/11/bits/allocator.h:46[m[K,
[2.642s]                  from [01m[K/usr/include/c++/11/string:41[m[K,
[2.642s]                  from [01m[K/usr/include/c++/11/bits/locale_classes.h:40[m[K,
[2.642s]                  from [01m[K/usr/include/c++/11/bits/ios_base.h:41[m[K,
[2.642s]                  from [01m[K/usr/include/c++/11/ios:42[m[K,
[2.642s]                  from [01m[K/usr/include/yaml-cpp/parser.h:10[m[K,
[2.643s]                  from [01m[K/usr/include/yaml-cpp/yaml.h:10[m[K,
[2.643s]                  from [01m[K/home/nvidia/ros2_usb2can_motor_controller/src/motor_controller/src/motor_node.cpp:4[m[K:
[2.643s] /usr/include/c++/11/ext/new_allocator.h: In instantiation of ‘[01m[Kvoid __gnu_cxx::new_allocator<_Tp>::construct(_Up*, _Args&& ...) [with _Up = RS03Parser; _Args = {std::shared_ptr<can_usb_driver::CanUsbDevice>&, unsigned char&, unsigned char&}; _Tp = RS03Parser][m[K’:
[2.643s] [01m[K/usr/include/c++/11/bits/alloc_traits.h:516:17:[m[K   required from ‘[01m[Kstatic void std::allocator_traits<std::allocator<_CharT> >::construct(std::allocator_traits<std::allocator<_CharT> >::allocator_type&, _Up*, _Args&& ...) [with _Up = RS03Parser; _Args = {std::shared_ptr<can_usb_driver::CanUsbDevice>&, unsigned char&, unsigned char&}; _Tp = RS03Parser; std::allocator_traits<std::allocator<_CharT> >::allocator_type = std::allocator<RS03Parser>][m[K’
[2.643s] [01m[K/usr/include/c++/11/bits/shared_ptr_base.h:519:39:[m[K   required from ‘[01m[Kstd::_Sp_counted_ptr_inplace<_Tp, _Alloc, _Lp>::_Sp_counted_ptr_inplace(_Alloc, _Args&& ...) [with _Args = {std::shared_ptr<can_usb_driver::CanUsbDevice>&, unsigned char&, unsigned char&}; _Tp = RS03Parser; _Alloc = std::allocator<RS03Parser>; __gnu_cxx::_Lock_policy _Lp = __gnu_cxx::_S_atomic][m[K’
[2.643s] [01m[K/usr/include/c++/11/bits/shared_ptr_base.h:650:16:[m[K   required from ‘[01m[Kstd::__shared_count<_Lp>::__shared_count(_Tp*&, std::_Sp_alloc_shared_tag<_Alloc>, _Args&& ...) [with _Tp = RS03Parser; _Alloc = std::allocator<RS03Parser>; _Args = {std::shared_ptr<can_usb_driver::CanUsbDevice>&, unsigned char&, unsigned char&}; __gnu_cxx::_Lock_policy _Lp = __gnu_cxx::_S_atomic][m[K’
[2.643s] [01m[K/usr/include/c++/11/bits/shared_ptr_base.h:1342:14:[m[K   required from ‘[01m[Kstd::__shared_ptr<_Tp, _Lp>::__shared_ptr(std::_Sp_alloc_shared_tag<_Tp>, _Args&& ...) [with _Alloc = std::allocator<RS03Parser>; _Args = {std::shared_ptr<can_usb_driver::CanUsbDevice>&, unsigned char&, unsigned char&}; _Tp = RS03Parser; __gnu_cxx::_Lock_policy _Lp = __gnu_cxx::_S_atomic][m[K’
[2.643s] [01m[K/usr/include/c++/11/bits/shared_ptr.h:409:59:[m[K   required from ‘[01m[Kstd::shared_ptr<_Tp>::shared_ptr(std::_Sp_alloc_shared_tag<_Tp>, _Args&& ...) [with _Alloc = std::allocator<RS03Parser>; _Args = {std::shared_ptr<can_usb_driver::CanUsbDevice>&, unsigned char&, unsigned char&}; _Tp = RS03Parser][m[K’
[2.643s] [01m[K/usr/include/c++/11/bits/shared_ptr.h:862:14:[m[K   required from ‘[01m[Kstd::shared_ptr<_Tp> std::allocate_shared(const _Alloc&, _Args&& ...) [with _Tp = RS03Parser; _Alloc = std::allocator<RS03Parser>; _Args = {std::shared_ptr<can_usb_driver::CanUsbDevice>&, unsigned char&, unsigned char&}][m[K’
[2.643s] [01m[K/usr/include/c++/11/bits/shared_ptr.h:878:39:[m[K   required from ‘[01m[Kstd::shared_ptr<_Tp> std::make_shared(_Args&& ...) [with _Tp = RS03Parser; _Args = {std::shared_ptr<can_usb_driver::CanUsbDevice>&, unsigned char&, unsigned char&}][m[K’
[2.643s] [01m[K/home/nvidia/ros2_usb2can_motor_controller/src/motor_controller/src/motor_node.cpp:220:78:[m[K   required from here
[2.643s] [01m[K/usr/include/c++/11/ext/new_allocator.h:162:11:[m[K [01;31m[Kerror: [m[Kinvalid new-expression of abstract class type ‘[01m[KRS03Parser[m[K’
[2.643s]   162 |         { [01;31m[K::new((void *)__p) _Up(std::forward<_Args>(__args)...)[m[K; }
[2.643s]       |           [01;31m[K^~~~~~~~~~~~~~~~~~~~~~~~~~~~~~~~~~~~~~~~~~~~~~~~~~~~~~[m[K
[2.643s] In file included from [01m[K/home/nvidia/ros2_usb2can_motor_controller/src/motor_controller/src/motor_node.cpp:18[m[K:
[2.643s] [01m[K/home/nvidia/ros2_usb2can_motor_controller/src/motor_controller/include/motor_controller/rs03_motor_parser.hpp:6:7:[m[K [01;36m[Knote: [m[K  because the following virtual functions are pure within ‘[01m[KRS03Parser[m[K’:
[2.643s]     6 | class [01;36m[KRS03Parser[m[K : public MotorParserBase
[2.643s]       |       [01;36m[K^~~~~~~~~~[m[K
[2.643s] In file included from [01m[K/home/nvidia/ros2_usb2can_motor_controller/src/motor_controller/src/motor_node.cpp:17[m[K:
[2.644s] [01m[K/home/nvidia/ros2_usb2can_motor_controller/src/motor_controller/include/motor_controller/motor_parser_base.hpp:22:18:[m[K [01;36m[Knote: [m[K    ‘[01m[Kvirtual bool MotorParserBase::match_feedback(const can_usb_driver::CanMessage&) const[m[K’
[2.644s]    22 |     virtual bool [01;36m[Kmatch_feedback[m[K(const can_usb_driver::CanMessage &msg) const = 0;
[2.644s]       |                  [01;36m[K^~~~~~~~~~~~~~[m[K
[2.644s] [01m[K/home/nvidia/ros2_usb2can_motor_controller/src/motor_controller/include/motor_controller/motor_parser_base.hpp:23:21:[m[K [01;36m[Knote: [m[K    ‘[01m[Kvirtual uint8_t MotorParserBase::extract_motor_id(const can_usb_driver::CanMessage&) const[m[K’
[2.644s]    23 |     virtual uint8_t [01;36m[Kextract_motor_id[m[K(const can_usb_driver::CanMessage &msg) const = 0;
[2.644s]       |                     [01;36m[K^~~~~~~~~~~~~~~~[m[K
[3.868s] gmake[2]: *** [CMakeFiles/motor_node.dir/build.make:76：CMakeFiles/motor_node.dir/src/motor_node.cpp.o] 错误 1
[3.868s] gmake[1]: *** [CMakeFiles/Makefile2:137：CMakeFiles/motor_node.dir/all] 错误 2
[3.868s] gmake: *** [Makefile:146：all] 错误 2
[3.871s] Invoked command in '/home/nvidia/ros2_usb2can_motor_controller/build/motor_controller' returned '2': AMENT_PREFIX_PATH=/home/nvidia/ros2_usb2can_motor_controller/install/motor_interfaces:/home/nvidia/ros2_usb2can_motor_controller/install/can_usb_driver:${AMENT_PREFIX_PATH} CMAKE_PREFIX_PATH=/home/nvidia/ros2_usb2can_motor_controller/install/motor_interfaces:/home/nvidia/ros2_usb2can_motor_controller/install/can_usb_driver:/opt/ros/humble LD_LIBRARY_PATH=/home/nvidia/ros2_usb2can_motor_controller/install/motor_interfaces/lib:${LD_LIBRARY_PATH} PYTHONPATH=/home/nvidia/ros2_usb2can_motor_controller/install/motor_interfaces/local/lib/python3.10/dist-packages:${PYTHONPATH} /usr/bin/cmake --build /home/nvidia/ros2_usb2can_motor_controller/build/motor_controller -- -j16 -l16
